#
# There is insufficient memory for the Java Runtime Environment to continue.
# Native memory allocation (mmap) failed to map 422576128 bytes for G1 virtual space
# Possible reasons:
#   The system is out of physical RAM or swap space
#   The process is running with CompressedOops enabled, and the Java Heap may be blocking the growth of the native heap
# Possible solutions:
#   Reduce memory load on the system
#   Increase physical memory or swap space
#   Check if swap backing store is full
#   Decrease Java heap size (-Xmx/-Xms)
#   Decrease number of Java threads
#   Decrease Java thread stack sizes (-Xss)
#   Set larger code cache with -XX:ReservedCodeCacheSize=
#   JVM is running with Unscaled Compressed Oops mode in which the Java heap is
#     placed in the first 4GB address space. The Java Heap base address is the
#     maximum limit for the native heap growth. Please use -XX:HeapBaseMinAddress
#     to set the Java Heap base and to place the Java Heap above 4GB virtual address.
# This output file may be truncated or incomplete.
#
#  Out of Memory Error (os_windows.cpp:3769), pid=9328, tid=9808
#
# JRE version: OpenJDK Runtime Environment (17.0.6) (build 17.0.6+0-b2043.56-10027231)
# Java VM: OpenJDK 64-Bit Server VM (17.0.6+0-b2043.56-10027231, mixed mode, tiered, compressed oops, compressed class ptrs, g1 gc, windows-amd64)
# No core dump will be written. Minidumps are not enabled by default on client versions of Windows
#

---------------  S U M M A R Y ------------

Command Line: --add-opens=java.base/java.util=ALL-UNNAMED --add-opens=java.base/java.lang=ALL-UNNAMED --add-opens=java.base/java.lang.invoke=ALL-UNNAMED --add-opens=java.prefs/java.util.prefs=ALL-UNNAMED --add-opens=java.base/java.nio.charset=ALL-UNNAMED --add-opens=java.base/java.net=ALL-UNNAMED --add-opens=java.base/java.util.concurrent.atomic=ALL-UNNAMED -Xmx2048m -Dfile.encoding=UTF-8 -Duser.country=BR -Duser.language=pt -Duser.variant org.gradle.launcher.daemon.bootstrap.GradleDaemon 8.0

Host: Intel(R) Core(TM) i5-7500 CPU @ 3.40GHz, 4 cores, 7G,  Windows 10 , 64 bit Build 19041 (10.0.19041.3155)
Time: Wed Sep 13 09:51:42 2023 Hora oficial do Brasil elapsed time: 26.184159 seconds (0d 0h 0m 26s)

---------------  T H R E A D  ---------------

Current thread (0x000002aa64bceca0):  VMThread "VM Thread" [stack: 0x000000b299000000,0x000000b299100000] [id=9808]

Stack: [0x000000b299000000,0x000000b299100000]
Native frames: (J=compiled Java code, j=interpreted, Vv=VM code, C=native code)
V  [jvm.dll+0x683c9a]
V  [jvm.dll+0x8427a4]
V  [jvm.dll+0x843f9e]
V  [jvm.dll+0x844603]
V  [jvm.dll+0x249b75]
V  [jvm.dll+0x680b69]
V  [jvm.dll+0x67505a]
V  [jvm.dll+0x309acb]
V  [jvm.dll+0x310f86]
V  [jvm.dll+0x3608ee]
V  [jvm.dll+0x360b1f]
V  [jvm.dll+0x2dfbf8]
V  [jvm.dll+0x2ddec4]
V  [jvm.dll+0x2dd4cc]
V  [jvm.dll+0x321f3b]
V  [jvm.dll+0x848ccb]
V  [jvm.dll+0x849a04]
V  [jvm.dll+0x849f1d]
V  [jvm.dll+0x84a2f4]
V  [jvm.dll+0x84a3c0]
V  [jvm.dll+0x7f274a]
V  [jvm.dll+0x682ad5]
C  [ucrtbase.dll+0x21bb2]
C  [KERNEL32.DLL+0x17614]
C  [ntdll.dll+0x526b1]

VM_Operation (0x000000b29f5fe610): G1CollectForAllocation, mode: safepoint, requested by thread 0x000002aa685d54c0


---------------  P R O C E S S  ---------------

Threads class SMR info:
_java_thread_list=0x000002aa68432400, length=98, elements={
0x000002aa4ae80b40, 0x000002aa64bd3f50, 0x000002aa64c08150, 0x000002aa64c13f90,
0x000002aa64c14a50, 0x000002aa64c16420, 0x000002aa6581a000, 0x000002aa6581abf0,
0x000002aa658291f0, 0x000002aa6584bac0, 0x000002aa65997b60, 0x000002aa659ae740,
0x000002aa66e88290, 0x000002aa669d5fc0, 0x000002aa68273100, 0x000002aa66df84d0,
0x000002aa67e451d0, 0x000002aa68188ff0, 0x000002aa66a13a60, 0x000002aa6674d080,
0x000002aa6674def0, 0x000002aa6674fbd0, 0x000002aa6674f700, 0x000002aa6674e3c0,
0x000002aa66750570, 0x000002aa6674e890, 0x000002aa6674da20, 0x000002aa6674ed60,
0x000002aa6674d550, 0x000002aa6674f230, 0x000002aa667500a0, 0x000002aa66750a40,
0x000002aa69a36a10, 0x000002aa69a30ea0, 0x000002aa69a373b0, 0x000002aa69a36ee0,
0x000002aa69a31370, 0x000002aa69a37d50, 0x000002aa69a38220, 0x000002aa69a309d0,
0x000002aa69a321e0, 0x000002aa69a326b0, 0x000002aa69a33050, 0x000002aa69a33520,
0x000002aa69a339f0, 0x000002aa69a33ec0, 0x000002aa69a34390, 0x000002aa69a34d30,
0x000002aa69a36070, 0x000002aa69a34860, 0x000002aa69a35200, 0x000002aa69a36540,
0x000002aa69a356d0, 0x000002aa69362060, 0x000002aa69364bb0, 0x000002aa69364210,
0x000002aa693663c0, 0x000002aa69362530, 0x000002aa69368f10, 0x000002aa69362a00,
0x000002aa693693e0, 0x000002aa69365ef0, 0x000002aa693646e0, 0x000002aa69367700,
0x000002aa693633a0, 0x000002aa693680a0, 0x000002aa693698b0, 0x000002aa69362ed0,
0x000002aa69368a40, 0x000002aa69363870, 0x000002aa69365080, 0x000002aa69366890,
0x000002aa69367230, 0x000002aa69365550, 0x000002aa69367bd0, 0x000002aa69366d60,
0x000002aa69363d40, 0x000002aa69368570, 0x000002aa69365a20, 0x000002aa69b9a6c0,
0x000002aa69b9d6e0, 0x000002aa69b9d210, 0x000002aa69b9ab90, 0x000002aa69b9dbb0,
0x000002aa69b9f890, 0x000002aa69ba10a0, 0x000002aa69b99850, 0x000002aa68112870,
0x000002aa6deaaff0, 0x000002aa69b9eef0, 0x000002aa69b9f3c0, 0x000002aa69ba0230,
0x000002aa6deaa650, 0x000002aa6deaab20, 0x000002aa685d54c0, 0x000002aa68111060,
0x000002aa68111530, 0x000002aa68111a00
}

Java Threads: ( => current thread )
  0x000002aa4ae80b40 JavaThread "main" [_thread_blocked, id=1904, stack(0x000000b298a00000,0x000000b298b00000)]
  0x000002aa64bd3f50 JavaThread "Reference Handler" daemon [_thread_blocked, id=11036, stack(0x000000b299100000,0x000000b299200000)]
  0x000002aa64c08150 JavaThread "Finalizer" daemon [_thread_blocked, id=11244, stack(0x000000b299200000,0x000000b299300000)]
  0x000002aa64c13f90 JavaThread "Signal Dispatcher" daemon [_thread_blocked, id=2624, stack(0x000000b299300000,0x000000b299400000)]
  0x000002aa64c14a50 JavaThread "Attach Listener" daemon [_thread_blocked, id=452, stack(0x000000b299400000,0x000000b299500000)]
  0x000002aa64c16420 JavaThread "Service Thread" daemon [_thread_blocked, id=5072, stack(0x000000b299500000,0x000000b299600000)]
  0x000002aa6581a000 JavaThread "Monitor Deflation Thread" daemon [_thread_blocked, id=7776, stack(0x000000b299600000,0x000000b299700000)]
  0x000002aa6581abf0 JavaThread "C2 CompilerThread0" daemon [_thread_in_native, id=9540, stack(0x000000b299700000,0x000000b299800000)]
  0x000002aa658291f0 JavaThread "C1 CompilerThread0" daemon [_thread_blocked, id=5516, stack(0x000000b299800000,0x000000b299900000)]
  0x000002aa6584bac0 JavaThread "Sweeper thread" daemon [_thread_blocked, id=10872, stack(0x000000b299900000,0x000000b299a00000)]
  0x000002aa65997b60 JavaThread "Common-Cleaner" daemon [_thread_blocked, id=5720, stack(0x000000b299a00000,0x000000b299b00000)]
  0x000002aa659ae740 JavaThread "Notification Thread" daemon [_thread_blocked, id=4708, stack(0x000000b299b00000,0x000000b299c00000)]
  0x000002aa66e88290 JavaThread "Daemon health stats" [_thread_blocked, id=8676, stack(0x000000b29a100000,0x000000b29a200000)]
  0x000002aa669d5fc0 JavaThread "Incoming local TCP Connector on port 51307" [_thread_in_native, id=720, stack(0x000000b29a200000,0x000000b29a300000)]
  0x000002aa68273100 JavaThread "Daemon periodic checks" [_thread_blocked, id=9512, stack(0x000000b29a300000,0x000000b29a400000)]
  0x000002aa66df84d0 JavaThread "Daemon" [_thread_blocked, id=616, stack(0x000000b29a400000,0x000000b29a500000)]
  0x000002aa67e451d0 JavaThread "Handler for socket connection from /127.0.0.1:51307 to /127.0.0.1:51308" [_thread_in_native, id=5524, stack(0x000000b29a500000,0x000000b29a600000)]
  0x000002aa68188ff0 JavaThread "Cancel handler" [_thread_blocked, id=8352, stack(0x000000b29a600000,0x000000b29a700000)]
  0x000002aa66a13a60 JavaThread "Daemon worker" [_thread_blocked, id=9324, stack(0x000000b29a700000,0x000000b29a800000)]
  0x000002aa6674d080 JavaThread "Asynchronous log dispatcher for DefaultDaemonConnection: socket connection from /127.0.0.1:51307 to /127.0.0.1:51308" [_thread_blocked, id=8264, stack(0x000000b29a800000,0x000000b29a900000)]
  0x000002aa6674def0 JavaThread "Stdin handler" [_thread_blocked, id=1188, stack(0x000000b29a900000,0x000000b29aa00000)]
  0x000002aa6674fbd0 JavaThread "Daemon client event forwarder" [_thread_blocked, id=1224, stack(0x000000b29aa00000,0x000000b29ab00000)]
  0x000002aa6674f700 JavaThread "Cache worker for journal cache (C:\Users\profsl\.gradle\caches\journal-1)" [_thread_blocked, id=4784, stack(0x000000b29ab00000,0x000000b29ac00000)]
  0x000002aa6674e3c0 JavaThread "File lock request listener" [_thread_in_native, id=1324, stack(0x000000b29ac00000,0x000000b29ad00000)]
  0x000002aa66750570 JavaThread "Cache worker for file hash cache (C:\Users\profsl\.gradle\caches\8.0\fileHashes)" [_thread_blocked, id=8468, stack(0x000000b29ad00000,0x000000b29ae00000)]
  0x000002aa6674e890 JavaThread "File watcher server" daemon [_thread_blocked, id=10784, stack(0x000000b29ae00000,0x000000b29af00000)]
  0x000002aa6674da20 JavaThread "File watcher consumer" daemon [_thread_blocked, id=2960, stack(0x000000b29af00000,0x000000b29b000000)]
  0x000002aa6674ed60 JavaThread "Cache worker for checksums cache (C:\Users\profsl\AndroidStudioProjects\Exemplo\.gradle\8.0\checksums)" [_thread_blocked, id=5584, stack(0x000000b29b000000,0x000000b29b100000)]
  0x000002aa6674d550 JavaThread "Cache worker for cache directory md-rule (C:\Users\profsl\.gradle\caches\8.0\md-rule)" [_thread_blocked, id=3076, stack(0x000000b29b100000,0x000000b29b200000)]
  0x000002aa6674f230 JavaThread "Cache worker for file content cache (C:\Users\profsl\.gradle\caches\8.0\fileContent)" [_thread_blocked, id=5864, stack(0x000000b29b200000,0x000000b29b300000)]
  0x000002aa667500a0 JavaThread "Cache worker for file hash cache (C:\Users\profsl\AndroidStudioProjects\Exemplo\.gradle\8.0\fileHashes)" [_thread_blocked, id=5128, stack(0x000000b29b300000,0x000000b29b400000)]
  0x000002aa66750a40 JavaThread "Cache worker for cache directory md-supplier (C:\Users\profsl\.gradle\caches\8.0\md-supplier)" [_thread_blocked, id=6040, stack(0x000000b29b400000,0x000000b29b500000)]
  0x000002aa69a36a10 JavaThread "Cache worker for execution history cache (C:\Users\profsl\.gradle\caches\8.0\executionHistory)" [_thread_blocked, id=11088, stack(0x000000b29b500000,0x000000b29b600000)]
  0x000002aa69a30ea0 JavaThread "jar transforms" [_thread_blocked, id=8888, stack(0x000000b29b600000,0x000000b29b700000)]
  0x000002aa69a373b0 JavaThread "jar transforms Thread 2" [_thread_blocked, id=8176, stack(0x000000b29b700000,0x000000b29b800000)]
  0x000002aa69a36ee0 JavaThread "Cache worker for kotlin-dsl (C:\Users\profsl\.gradle\caches\8.0\kotlin-dsl)" [_thread_blocked, id=8728, stack(0x000000b29b800000,0x000000b29b900000)]
  0x000002aa69a31370 JavaThread "jar transforms Thread 3" [_thread_blocked, id=8432, stack(0x000000b29b900000,0x000000b29ba00000)]
  0x000002aa69a37d50 JavaThread "jar transforms Thread 4" [_thread_blocked, id=3100, stack(0x000000b29ba00000,0x000000b29bb00000)]
  0x000002aa69a38220 JavaThread "Cache worker for dependencies-accessors (C:\Users\profsl\AndroidStudioProjects\Exemplo\.gradle\8.0\dependencies-accessors)" [_thread_blocked, id=584, stack(0x000000b29bb00000,0x000000b29bc00000)]
  0x000002aa69a309d0 JavaThread "Cache worker for Build Output Cleanup Cache (C:\Users\profsl\AndroidStudioProjects\Exemplo\.gradle\buildOutputCleanup)" [_thread_blocked, id=5556, stack(0x000000b29bc00000,0x000000b29bd00000)]
  0x000002aa69a321e0 JavaThread "Unconstrained build operations" [_thread_blocked, id=8216, stack(0x000000b29bd00000,0x000000b29be00000)]
  0x000002aa69a326b0 JavaThread "Unconstrained build operations Thread 2" [_thread_blocked, id=8244, stack(0x000000b29be00000,0x000000b29bf00000)]
  0x000002aa69a33050 JavaThread "Unconstrained build operations Thread 3" [_thread_blocked, id=892, stack(0x000000b29bf00000,0x000000b29c000000)]
  0x000002aa69a33520 JavaThread "Unconstrained build operations Thread 4" [_thread_blocked, id=8240, stack(0x000000b29c000000,0x000000b29c100000)]
  0x000002aa69a339f0 JavaThread "Unconstrained build operations Thread 5" [_thread_blocked, id=5376, stack(0x000000b29c100000,0x000000b29c200000)]
  0x000002aa69a33ec0 JavaThread "Unconstrained build operations Thread 6" [_thread_blocked, id=708, stack(0x000000b29c200000,0x000000b29c300000)]
  0x000002aa69a34390 JavaThread "Unconstrained build operations Thread 7" [_thread_blocked, id=1716, stack(0x000000b29c300000,0x000000b29c400000)]
  0x000002aa69a34d30 JavaThread "Unconstrained build operations Thread 8" [_thread_blocked, id=5488, stack(0x000000b29c400000,0x000000b29c500000)]
  0x000002aa69a36070 JavaThread "Unconstrained build operations Thread 9" [_thread_blocked, id=5248, stack(0x000000b29c500000,0x000000b29c600000)]
  0x000002aa69a34860 JavaThread "Unconstrained build operations Thread 10" [_thread_blocked, id=6360, stack(0x000000b29c600000,0x000000b29c700000)]
  0x000002aa69a35200 JavaThread "Unconstrained build operations Thread 11" [_thread_blocked, id=6096, stack(0x000000b29c700000,0x000000b29c800000)]
  0x000002aa69a36540 JavaThread "Unconstrained build operations Thread 12" [_thread_blocked, id=10512, stack(0x000000b29c800000,0x000000b29c900000)]
  0x000002aa69a356d0 JavaThread "Unconstrained build operations Thread 13" [_thread_blocked, id=7252, stack(0x000000b29c900000,0x000000b29ca00000)]
  0x000002aa69362060 JavaThread "Unconstrained build operations Thread 14" [_thread_blocked, id=10104, stack(0x000000b29ca00000,0x000000b29cb00000)]
  0x000002aa69364bb0 JavaThread "Unconstrained build operations Thread 15" [_thread_blocked, id=6776, stack(0x000000b29cb00000,0x000000b29cc00000)]
  0x000002aa69364210 JavaThread "Unconstrained build operations Thread 16" [_thread_blocked, id=3408, stack(0x000000b29cc00000,0x000000b29cd00000)]
  0x000002aa693663c0 JavaThread "Unconstrained build operations Thread 17" [_thread_blocked, id=9060, stack(0x000000b29cd00000,0x000000b29ce00000)]
  0x000002aa69362530 JavaThread "Unconstrained build operations Thread 18" [_thread_blocked, id=3848, stack(0x000000b29ce00000,0x000000b29cf00000)]
  0x000002aa69368f10 JavaThread "Unconstrained build operations Thread 19" [_thread_blocked, id=7800, stack(0x000000b29cf00000,0x000000b29d000000)]
  0x000002aa69362a00 JavaThread "Unconstrained build operations Thread 20" [_thread_blocked, id=4152, stack(0x000000b29d000000,0x000000b29d100000)]
  0x000002aa693693e0 JavaThread "Unconstrained build operations Thread 21" [_thread_blocked, id=4364, stack(0x000000b29d100000,0x000000b29d200000)]
  0x000002aa69365ef0 JavaThread "Unconstrained build operations Thread 22" [_thread_blocked, id=9520, stack(0x000000b29d200000,0x000000b29d300000)]
  0x000002aa693646e0 JavaThread "Unconstrained build operations Thread 23" [_thread_blocked, id=9892, stack(0x000000b29d300000,0x000000b29d400000)]
  0x000002aa69367700 JavaThread "Unconstrained build operations Thread 24" [_thread_blocked, id=2956, stack(0x000000b29d400000,0x000000b29d500000)]
  0x000002aa693633a0 JavaThread "Unconstrained build operations Thread 25" [_thread_blocked, id=9720, stack(0x000000b29d500000,0x000000b29d600000)]
  0x000002aa693680a0 JavaThread "Unconstrained build operations Thread 26" [_thread_blocked, id=6044, stack(0x000000b29d600000,0x000000b29d700000)]
  0x000002aa693698b0 JavaThread "Unconstrained build operations Thread 27" [_thread_blocked, id=10896, stack(0x000000b29d700000,0x000000b29d800000)]
  0x000002aa69362ed0 JavaThread "Unconstrained build operations Thread 28" [_thread_blocked, id=2696, stack(0x000000b29d800000,0x000000b29d900000)]
  0x000002aa69368a40 JavaThread "Unconstrained build operations Thread 29" [_thread_blocked, id=5172, stack(0x000000b29d900000,0x000000b29da00000)]
  0x000002aa69363870 JavaThread "Unconstrained build operations Thread 30" [_thread_blocked, id=7412, stack(0x000000b29da00000,0x000000b29db00000)]
  0x000002aa69365080 JavaThread "Unconstrained build operations Thread 31" [_thread_blocked, id=3868, stack(0x000000b29db00000,0x000000b29dc00000)]
  0x000002aa69366890 JavaThread "Unconstrained build operations Thread 32" [_thread_blocked, id=4252, stack(0x000000b29dc00000,0x000000b29dd00000)]
  0x000002aa69367230 JavaThread "Unconstrained build operations Thread 33" [_thread_blocked, id=5416, stack(0x000000b29dd00000,0x000000b29de00000)]
  0x000002aa69365550 JavaThread "Unconstrained build operations Thread 34" [_thread_blocked, id=6864, stack(0x000000b29de00000,0x000000b29df00000)]
  0x000002aa69367bd0 JavaThread "Unconstrained build operations Thread 35" [_thread_blocked, id=2028, stack(0x000000b29df00000,0x000000b29e000000)]
  0x000002aa69366d60 JavaThread "Unconstrained build operations Thread 36" [_thread_blocked, id=4240, stack(0x000000b29e000000,0x000000b29e100000)]
  0x000002aa69363d40 JavaThread "Unconstrained build operations Thread 37" [_thread_blocked, id=8760, stack(0x000000b29e100000,0x000000b29e200000)]
  0x000002aa69368570 JavaThread "Unconstrained build operations Thread 38" [_thread_blocked, id=7264, stack(0x000000b29e200000,0x000000b29e300000)]
  0x000002aa69365a20 JavaThread "Unconstrained build operations Thread 39" [_thread_blocked, id=6228, stack(0x000000b29e300000,0x000000b29e400000)]
  0x000002aa69b9a6c0 JavaThread "Unconstrained build operations Thread 40" [_thread_blocked, id=10256, stack(0x000000b29e400000,0x000000b29e500000)]
  0x000002aa69b9d6e0 JavaThread "build event listener" [_thread_blocked, id=1616, stack(0x000000b299d00000,0x000000b299e00000)]
  0x000002aa69b9d210 JavaThread "Memory manager" [_thread_blocked, id=9044, stack(0x000000b29e500000,0x000000b29e600000)]
  0x000002aa69b9ab90 JavaThread "included builds" [_thread_blocked, id=8220, stack(0x000000b29e600000,0x000000b29e700000)]
  0x000002aa69b9dbb0 JavaThread "Execution worker" [_thread_blocked, id=7480, stack(0x000000b29e700000,0x000000b29e800000)]
  0x000002aa69b9f890 JavaThread "Execution worker Thread 2" [_thread_blocked, id=5140, stack(0x000000b29e800000,0x000000b29e900000)]
  0x000002aa69ba10a0 JavaThread "Execution worker Thread 3" [_thread_blocked, id=3240, stack(0x000000b29e900000,0x000000b29ea00000)]
  0x000002aa69b99850 JavaThread "Cache worker for execution history cache (C:\Users\profsl\AndroidStudioProjects\Exemplo\.gradle\8.0\executionHistory)" [_thread_blocked, id=2676, stack(0x000000b29ea00000,0x000000b29eb00000)]
  0x000002aa68112870 JavaThread "WorkerExecutor Queue" [_thread_blocked, id=7176, stack(0x000000b29eb00000,0x000000b29ec00000)]
  0x000002aa6deaaff0 JavaThread "pool-3-thread-1" [_thread_blocked, id=1028, stack(0x000000b29ec00000,0x000000b29ed00000)]
  0x000002aa69b9eef0 JavaThread "WorkerExecutor Queue Thread 2" [_thread_blocked, id=3140, stack(0x000000b29ed00000,0x000000b29ee00000)]
  0x000002aa69b9f3c0 JavaThread "stderr" [_thread_in_native, id=10532, stack(0x000000b29ee00000,0x000000b29ef00000)]
  0x000002aa69ba0230 JavaThread "stdout" [_thread_in_native, id=7632, stack(0x000000b29ef00000,0x000000b29f000000)]
  0x000002aa6deaa650 JavaThread "WorkerExecutor Queue Thread 3" [_thread_blocked, id=9580, stack(0x000000b29f000000,0x000000b29f100000)]
  0x000002aa6deaab20 JavaThread "WorkerExecutor Queue Thread 4" [_thread_blocked, id=3312, stack(0x000000b29f100000,0x000000b29f200000)]
  0x000002aa685d54c0 JavaThread "ForkJoinPool-1-worker-1" daemon [_thread_blocked, id=7148, stack(0x000000b29f500000,0x000000b29f600000)]
  0x000002aa68111060 JavaThread "ForkJoinPool-1-worker-2" daemon [_thread_blocked, id=7156, stack(0x000000b29f600000,0x000000b29f700000)]
  0x000002aa68111530 JavaThread "ForkJoinPool-1-worker-3" daemon [_thread_blocked, id=312, stack(0x000000b29f700000,0x000000b29f800000)]
  0x000002aa68111a00 JavaThread "ForkJoinPool-1-worker-4" daemon [_thread_blocked, id=7372, stack(0x000000b29f800000,0x000000b29f900000)]

Other Threads:
=>0x000002aa64bceca0 VMThread "VM Thread" [stack: 0x000000b299000000,0x000000b299100000] [id=9808]
  0x000002aa65927960 WatcherThread [stack: 0x000000b299c00000,0x000000b299d00000] [id=7872]
  0x000002aa4aedb130 GCTaskThread "GC Thread#0" [stack: 0x000000b298b00000,0x000000b298c00000] [id=3516]
  0x000002aa65e8a640 GCTaskThread "GC Thread#1" [stack: 0x000000b299e00000,0x000000b299f00000] [id=10656]
  0x000002aa65bf6670 GCTaskThread "GC Thread#2" [stack: 0x000000b299f00000,0x000000b29a000000] [id=8856]
  0x000002aa65bf6e80 GCTaskThread "GC Thread#3" [stack: 0x000000b29a000000,0x000000b29a100000] [id=10356]
  0x000002aa4aeebf80 ConcurrentGCThread "G1 Main Marker" [stack: 0x000000b298c00000,0x000000b298d00000] [id=11108]
  0x000002aa4aeed040 ConcurrentGCThread "G1 Conc#0" [stack: 0x000000b298d00000,0x000000b298e00000] [id=5380]
  0x000002aa4af4ec10 ConcurrentGCThread "G1 Refine#0" [stack: 0x000000b298e00000,0x000000b298f00000] [id=2320]
  0x000002aa682b61a0 ConcurrentGCThread "G1 Refine#1" [stack: 0x000000b29f200000,0x000000b29f300000] [id=9056]
  0x000002aa682b5900 ConcurrentGCThread "G1 Refine#2" [stack: 0x000000b29f300000,0x000000b29f400000] [id=3336]
  0x000002aa682b7000 ConcurrentGCThread "G1 Refine#3" [stack: 0x000000b29f400000,0x000000b29f500000] [id=6188]
  0x000002aa64a35b10 ConcurrentGCThread "G1 Service" [stack: 0x000000b298f00000,0x000000b299000000] [id=8288]

Threads with active compile tasks:
C2 CompilerThread0    26701 12528       4       com.android.tools.r8.dex.code.O::a (3284 bytes)

VM state: at safepoint (normal execution)

VM Mutex/Monitor currently owned by a thread:  ([mutex/lock_event])
[0x000002aa4ae7c700] Threads_lock - owner thread: 0x000002aa64bceca0
[0x000002aa4ae7b740] Heap_lock - owner thread: 0x000002aa685d54c0

Heap address: 0x0000000080000000, size: 2048 MB, Compressed Oops mode: 32-bit

CDS archive(s) not mapped
Compressed class space mapped at: 0x0000000100000000-0x0000000140000000, reserved size: 1073741824
Narrow klass base: 0x0000000000000000, Narrow klass shift: 3, Narrow klass range: 0x140000000

GC Precious Log:
 CPUs: 4 total, 4 available
 Memory: 8087M
 Large Page Support: Disabled
 NUMA Support: Disabled
 Compressed Oops: Enabled (32-bit)
 Heap Region Size: 1M
 Heap Min Capacity: 8M
 Heap Initial Capacity: 128M
 Heap Max Capacity: 2G
 Pre-touch: Disabled
 Parallel Workers: 4
 Concurrent Workers: 1
 Concurrent Refinement Workers: 4
 Periodic GC: Disabled

Heap:
 garbage-first heap   total 237568K, used 144092K [0x0000000080000000, 0x0000000100000000)
  region size 1024K, 2 young (2048K), 2 survivors (2048K)
 Metaspace       used 102104K, committed 102848K, reserved 1138688K
  class space    used 13914K, committed 14272K, reserved 1048576K

Heap Regions: E=young(eden), S=young(survivor), O=old, HS=humongous(starts), HC=humongous(continues), CS=collection set, F=free, OA=open archive, CA=closed archive, TAMS=top-at-mark-start (previous, next)
|   0|0x0000000080000000, 0x0000000080100000, 0x0000000080100000|100%| O|  |TAMS 0x0000000080100000, 0x0000000080000000| Untracked 
|   1|0x0000000080100000, 0x0000000080200000, 0x0000000080200000|100%| O|  |TAMS 0x0000000080200000, 0x0000000080100000| Untracked 
|   2|0x0000000080200000, 0x0000000080300000, 0x0000000080300000|100%|HS|  |TAMS 0x0000000080300000, 0x0000000080200000| Complete 
|   3|0x0000000080300000, 0x0000000080400000, 0x0000000080400000|100%|HC|  |TAMS 0x0000000080400000, 0x0000000080300000| Complete 
|   4|0x0000000080400000, 0x0000000080500000, 0x0000000080500000|100%|HC|  |TAMS 0x0000000080500000, 0x0000000080400000| Complete 
|   5|0x0000000080500000, 0x0000000080600000, 0x0000000080600000|100%|HC|  |TAMS 0x0000000080600000, 0x0000000080500000| Complete 
|   6|0x0000000080600000, 0x0000000080700000, 0x0000000080700000|100%| O|  |TAMS 0x0000000080700000, 0x0000000080600000| Untracked 
|   7|0x0000000080700000, 0x0000000080800000, 0x0000000080800000|100%| O|  |TAMS 0x0000000080800000, 0x0000000080700000| Untracked 
|   8|0x0000000080800000, 0x0000000080900000, 0x0000000080900000|100%| O|  |TAMS 0x0000000080900000, 0x0000000080800000| Untracked 
|   9|0x0000000080900000, 0x0000000080a00000, 0x0000000080a00000|100%| O|  |TAMS 0x0000000080a00000, 0x0000000080900000| Untracked 
|  10|0x0000000080a00000, 0x0000000080b00000, 0x0000000080b00000|100%| O|  |TAMS 0x0000000080b00000, 0x0000000080a00000| Untracked 
|  11|0x0000000080b00000, 0x0000000080c00000, 0x0000000080c00000|100%| O|  |TAMS 0x0000000080c00000, 0x0000000080b00000| Untracked 
|  12|0x0000000080c00000, 0x0000000080d00000, 0x0000000080d00000|100%| O|  |TAMS 0x0000000080d00000, 0x0000000080c00000| Untracked 
|  13|0x0000000080d00000, 0x0000000080e00000, 0x0000000080e00000|100%| O|  |TAMS 0x0000000080e00000, 0x0000000080d00000| Untracked 
|  14|0x0000000080e00000, 0x0000000080f00000, 0x0000000080f00000|100%| O|  |TAMS 0x0000000080f00000, 0x0000000080e00000| Untracked 
|  15|0x0000000080f00000, 0x0000000081000000, 0x0000000081000000|100%| O|  |TAMS 0x0000000081000000, 0x0000000080f00000| Untracked 
|  16|0x0000000081000000, 0x0000000081100000, 0x0000000081100000|100%| O|  |TAMS 0x0000000081100000, 0x0000000081000000| Untracked 
|  17|0x0000000081100000, 0x0000000081200000, 0x0000000081200000|100%| O|  |TAMS 0x0000000081200000, 0x0000000081100000| Untracked 
|  18|0x0000000081200000, 0x0000000081300000, 0x0000000081300000|100%| O|  |TAMS 0x0000000081300000, 0x0000000081200000| Untracked 
|  19|0x0000000081300000, 0x0000000081400000, 0x0000000081400000|100%| O|  |TAMS 0x0000000081400000, 0x0000000081300000| Untracked 
|  20|0x0000000081400000, 0x0000000081500000, 0x0000000081500000|100%| O|  |TAMS 0x0000000081500000, 0x0000000081400000| Untracked 
|  21|0x0000000081500000, 0x0000000081600000, 0x0000000081600000|100%| O|  |TAMS 0x0000000081600000, 0x0000000081500000| Untracked 
|  22|0x0000000081600000, 0x0000000081700000, 0x0000000081700000|100%| O|  |TAMS 0x0000000081700000, 0x0000000081600000| Untracked 
|  23|0x0000000081700000, 0x0000000081800000, 0x0000000081800000|100%| O|  |TAMS 0x0000000081800000, 0x0000000081700000| Untracked 
|  24|0x0000000081800000, 0x0000000081900000, 0x0000000081900000|100%| O|  |TAMS 0x0000000081900000, 0x0000000081800000| Untracked 
|  25|0x0000000081900000, 0x0000000081a00000, 0x0000000081a00000|100%| O|  |TAMS 0x0000000081a00000, 0x0000000081900000| Untracked 
|  26|0x0000000081a00000, 0x0000000081b00000, 0x0000000081b00000|100%|HS|  |TAMS 0x0000000081b00000, 0x0000000081a00000| Complete 
|  27|0x0000000081b00000, 0x0000000081c00000, 0x0000000081c00000|100%| O|  |TAMS 0x0000000081c00000, 0x0000000081b00000| Untracked 
|  28|0x0000000081c00000, 0x0000000081d00000, 0x0000000081d00000|100%| O|  |TAMS 0x0000000081d00000, 0x0000000081c00000| Untracked 
|  29|0x0000000081d00000, 0x0000000081e00000, 0x0000000081e00000|100%| O|  |TAMS 0x0000000081e00000, 0x0000000081d00000| Untracked 
|  30|0x0000000081e00000, 0x0000000081f00000, 0x0000000081f00000|100%|HS|  |TAMS 0x0000000081f00000, 0x0000000081e00000| Complete 
|  31|0x0000000081f00000, 0x0000000082000000, 0x0000000082000000|100%|HS|  |TAMS 0x0000000082000000, 0x0000000081f00000| Complete 
|  32|0x0000000082000000, 0x0000000082100000, 0x0000000082100000|100%| O|  |TAMS 0x0000000082100000, 0x0000000082000000| Untracked 
|  33|0x0000000082100000, 0x0000000082200000, 0x0000000082200000|100%| O|  |TAMS 0x0000000082200000, 0x0000000082100000| Untracked 
|  34|0x0000000082200000, 0x0000000082300000, 0x0000000082300000|100%| O|  |TAMS 0x0000000082300000, 0x0000000082200000| Untracked 
|  35|0x0000000082300000, 0x0000000082400000, 0x0000000082400000|100%| O|  |TAMS 0x0000000082400000, 0x0000000082300000| Untracked 
|  36|0x0000000082400000, 0x0000000082500000, 0x0000000082500000|100%| O|  |TAMS 0x0000000082500000, 0x0000000082400000| Untracked 
|  37|0x0000000082500000, 0x0000000082600000, 0x0000000082600000|100%|HS|  |TAMS 0x0000000082500000, 0x0000000082500000| Complete 
|  38|0x0000000082600000, 0x0000000082700000, 0x0000000082700000|100%| O|  |TAMS 0x0000000082700000, 0x0000000082600000| Untracked 
|  39|0x0000000082700000, 0x0000000082800000, 0x0000000082800000|100%| O|  |TAMS 0x0000000082800000, 0x0000000082700000| Untracked 
|  40|0x0000000082800000, 0x0000000082900000, 0x0000000082900000|100%| O|  |TAMS 0x0000000082900000, 0x0000000082800000| Untracked 
|  41|0x0000000082900000, 0x0000000082a00000, 0x0000000082a00000|100%| O|  |TAMS 0x0000000082a00000, 0x0000000082900000| Untracked 
|  42|0x0000000082a00000, 0x0000000082b00000, 0x0000000082b00000|100%| O|  |TAMS 0x0000000082b00000, 0x0000000082a00000| Untracked 
|  43|0x0000000082b00000, 0x0000000082c00000, 0x0000000082c00000|100%| O|  |TAMS 0x0000000082c00000, 0x0000000082b00000| Untracked 
|  44|0x0000000082c00000, 0x0000000082d00000, 0x0000000082d00000|100%| O|  |TAMS 0x0000000082d00000, 0x0000000082c00000| Untracked 
|  45|0x0000000082d00000, 0x0000000082e00000, 0x0000000082e00000|100%| O|  |TAMS 0x0000000082e00000, 0x0000000082d00000| Untracked 
|  46|0x0000000082e00000, 0x0000000082f00000, 0x0000000082f00000|100%| O|  |TAMS 0x0000000082f00000, 0x0000000082e00000| Untracked 
|  47|0x0000000082f00000, 0x0000000083000000, 0x0000000083000000|100%| O|  |TAMS 0x0000000083000000, 0x0000000082f00000| Untracked 
|  48|0x0000000083000000, 0x0000000083100000, 0x0000000083100000|100%| O|  |TAMS 0x0000000083100000, 0x0000000083000000| Untracked 
|  49|0x0000000083100000, 0x0000000083200000, 0x0000000083200000|100%| O|  |TAMS 0x0000000083200000, 0x0000000083100000| Untracked 
|  50|0x0000000083200000, 0x0000000083300000, 0x0000000083300000|100%| O|  |TAMS 0x0000000083300000, 0x0000000083200000| Untracked 
|  51|0x0000000083300000, 0x0000000083400000, 0x0000000083400000|100%| O|  |TAMS 0x0000000083400000, 0x0000000083300000| Untracked 
|  52|0x0000000083400000, 0x0000000083500000, 0x0000000083500000|100%| O|  |TAMS 0x0000000083500000, 0x0000000083400000| Untracked 
|  53|0x0000000083500000, 0x0000000083600000, 0x0000000083600000|100%| O|  |TAMS 0x0000000083600000, 0x0000000083500000| Untracked 
|  54|0x0000000083600000, 0x0000000083700000, 0x0000000083700000|100%| O|  |TAMS 0x0000000083700000, 0x0000000083600000| Untracked 
|  55|0x0000000083700000, 0x0000000083800000, 0x0000000083800000|100%| O|  |TAMS 0x0000000083800000, 0x0000000083700000| Untracked 
|  56|0x0000000083800000, 0x0000000083900000, 0x0000000083900000|100%| O|  |TAMS 0x0000000083900000, 0x0000000083800000| Untracked 
|  57|0x0000000083900000, 0x0000000083a00000, 0x0000000083a00000|100%| O|  |TAMS 0x0000000083a00000, 0x0000000083900000| Untracked 
|  58|0x0000000083a00000, 0x0000000083b00000, 0x0000000083b00000|100%| O|  |TAMS 0x0000000083b00000, 0x0000000083a00000| Untracked 
|  59|0x0000000083b00000, 0x0000000083c00000, 0x0000000083c00000|100%| O|  |TAMS 0x0000000083c00000, 0x0000000083b00000| Untracked 
|  60|0x0000000083c00000, 0x0000000083d00000, 0x0000000083d00000|100%| O|  |TAMS 0x0000000083d00000, 0x0000000083c00000| Untracked 
|  61|0x0000000083d00000, 0x0000000083e00000, 0x0000000083e00000|100%| O|  |TAMS 0x0000000083e00000, 0x0000000083d00000| Untracked 
|  62|0x0000000083e00000, 0x0000000083f00000, 0x0000000083f00000|100%| O|  |TAMS 0x0000000083f00000, 0x0000000083e00000| Untracked 
|  63|0x0000000083f00000, 0x0000000084000000, 0x0000000084000000|100%| O|  |TAMS 0x0000000084000000, 0x0000000083f00000| Untracked 
|  64|0x0000000084000000, 0x0000000084100000, 0x0000000084100000|100%| O|  |TAMS 0x0000000084100000, 0x0000000084000000| Untracked 
|  65|0x0000000084100000, 0x0000000084200000, 0x0000000084200000|100%| O|  |TAMS 0x0000000084200000, 0x0000000084100000| Untracked 
|  66|0x0000000084200000, 0x0000000084300000, 0x0000000084300000|100%| O|  |TAMS 0x0000000084300000, 0x0000000084200000| Untracked 
|  67|0x0000000084300000, 0x0000000084400000, 0x0000000084400000|100%| O|  |TAMS 0x0000000084400000, 0x0000000084300000| Untracked 
|  68|0x0000000084400000, 0x0000000084500000, 0x0000000084500000|100%| O|  |TAMS 0x0000000084500000, 0x0000000084400000| Untracked 
|  69|0x0000000084500000, 0x0000000084600000, 0x0000000084600000|100%| O|  |TAMS 0x0000000084600000, 0x0000000084500000| Untracked 
|  70|0x0000000084600000, 0x0000000084700000, 0x0000000084700000|100%| O|  |TAMS 0x0000000084700000, 0x0000000084600000| Untracked 
|  71|0x0000000084700000, 0x0000000084800000, 0x0000000084800000|100%| O|  |TAMS 0x0000000084800000, 0x0000000084700000| Untracked 
|  72|0x0000000084800000, 0x0000000084900000, 0x0000000084900000|100%|HS|  |TAMS 0x0000000084900000, 0x0000000084800000| Complete 
|  73|0x0000000084900000, 0x0000000084a00000, 0x0000000084a00000|100%| O|  |TAMS 0x0000000084a00000, 0x0000000084900000| Untracked 
|  74|0x0000000084a00000, 0x0000000084b00000, 0x0000000084b00000|100%| O|  |TAMS 0x0000000084b00000, 0x0000000084a00000| Untracked 
|  75|0x0000000084b00000, 0x0000000084c00000, 0x0000000084c00000|100%| O|  |TAMS 0x0000000084c00000, 0x0000000084b00000| Untracked 
|  76|0x0000000084c00000, 0x0000000084d00000, 0x0000000084d00000|100%| O|  |TAMS 0x0000000084d00000, 0x0000000084c00000| Untracked 
|  77|0x0000000084d00000, 0x0000000084e00000, 0x0000000084e00000|100%| O|  |TAMS 0x0000000084e00000, 0x0000000084d00000| Untracked 
|  78|0x0000000084e00000, 0x0000000084f00000, 0x0000000084f00000|100%| O|  |TAMS 0x0000000084f00000, 0x0000000084e00000| Untracked 
|  79|0x0000000084f00000, 0x0000000085000000, 0x0000000085000000|100%|HS|  |TAMS 0x0000000085000000, 0x0000000084f00000| Complete 
|  80|0x0000000085000000, 0x0000000085100000, 0x0000000085100000|100%|HC|  |TAMS 0x0000000085100000, 0x0000000085000000| Complete 
|  81|0x0000000085100000, 0x0000000085200000, 0x0000000085200000|100%|HS|  |TAMS 0x0000000085200000, 0x0000000085100000| Complete 
|  82|0x0000000085200000, 0x0000000085300000, 0x0000000085300000|100%|HS|  |TAMS 0x0000000085300000, 0x0000000085200000| Complete 
|  83|0x0000000085300000, 0x0000000085400000, 0x0000000085400000|100%|HC|  |TAMS 0x0000000085400000, 0x0000000085300000| Complete 
|  84|0x0000000085400000, 0x0000000085500000, 0x0000000085500000|100%|HS|  |TAMS 0x0000000085500000, 0x0000000085400000| Complete 
|  85|0x0000000085500000, 0x0000000085600000, 0x0000000085600000|100%|HC|  |TAMS 0x0000000085600000, 0x0000000085500000| Complete 
|  86|0x0000000085600000, 0x0000000085700000, 0x0000000085700000|100%|HS|  |TAMS 0x0000000085700000, 0x0000000085600000| Complete 
|  87|0x0000000085700000, 0x0000000085800000, 0x0000000085800000|100%|HC|  |TAMS 0x0000000085800000, 0x0000000085700000| Complete 
|  88|0x0000000085800000, 0x0000000085900000, 0x0000000085900000|100%|HC|  |TAMS 0x0000000085900000, 0x0000000085800000| Complete 
|  89|0x0000000085900000, 0x0000000085a00000, 0x0000000085a00000|100%| O|  |TAMS 0x0000000085a00000, 0x0000000085900000| Untracked 
|  90|0x0000000085a00000, 0x0000000085b00000, 0x0000000085b00000|100%| O|  |TAMS 0x0000000085b00000, 0x0000000085a00000| Untracked 
|  91|0x0000000085b00000, 0x0000000085c00000, 0x0000000085c00000|100%| O|  |TAMS 0x0000000085c00000, 0x0000000085b00000| Untracked 
|  92|0x0000000085c00000, 0x0000000085d00000, 0x0000000085d00000|100%|HS|  |TAMS 0x0000000085d00000, 0x0000000085c00000| Complete 
|  93|0x0000000085d00000, 0x0000000085e00000, 0x0000000085e00000|100%|HC|  |TAMS 0x0000000085e00000, 0x0000000085d00000| Complete 
|  94|0x0000000085e00000, 0x0000000085f00000, 0x0000000085f00000|100%|HS|  |TAMS 0x0000000085f00000, 0x0000000085e00000| Complete 
|  95|0x0000000085f00000, 0x0000000086000000, 0x0000000086000000|100%|HC|  |TAMS 0x0000000086000000, 0x0000000085f00000| Complete 
|  96|0x0000000086000000, 0x0000000086100000, 0x0000000086100000|100%| O|  |TAMS 0x0000000086100000, 0x0000000086000000| Untracked 
|  97|0x0000000086100000, 0x0000000086200000, 0x0000000086200000|100%| O|  |TAMS 0x0000000086200000, 0x0000000086100000| Untracked 
|  98|0x0000000086200000, 0x0000000086300000, 0x0000000086300000|100%| O|  |TAMS 0x0000000086300000, 0x0000000086200000| Untracked 
|  99|0x0000000086300000, 0x0000000086400000, 0x0000000086400000|100%|HS|  |TAMS 0x0000000086400000, 0x0000000086300000| Complete 
| 100|0x0000000086400000, 0x0000000086500000, 0x0000000086500000|100%| O|  |TAMS 0x0000000086500000, 0x0000000086400000| Untracked 
| 101|0x0000000086500000, 0x0000000086600000, 0x0000000086600000|100%|HS|  |TAMS 0x0000000086600000, 0x0000000086500000| Complete 
| 102|0x0000000086600000, 0x0000000086700000, 0x0000000086700000|100%| O|  |TAMS 0x0000000086700000, 0x0000000086600000| Untracked 
| 103|0x0000000086700000, 0x0000000086800000, 0x0000000086800000|100%| O|  |TAMS 0x0000000086800000, 0x0000000086700000| Untracked 
| 104|0x0000000086800000, 0x0000000086900000, 0x0000000086900000|100%| O|  |TAMS 0x0000000086900000, 0x0000000086800000| Untracked 
| 105|0x0000000086900000, 0x0000000086a00000, 0x0000000086a00000|100%|HS|  |TAMS 0x0000000086a00000, 0x0000000086900000| Complete 
| 106|0x0000000086a00000, 0x0000000086b00000, 0x0000000086b00000|100%|HC|  |TAMS 0x0000000086b00000, 0x0000000086a00000| Complete 
| 107|0x0000000086b00000, 0x0000000086c00000, 0x0000000086c00000|100%| O|  |TAMS 0x0000000086c00000, 0x0000000086b00000| Untracked 
| 108|0x0000000086c00000, 0x0000000086d00000, 0x0000000086d00000|100%| O|  |TAMS 0x0000000086d00000, 0x0000000086c00000| Untracked 
| 109|0x0000000086d00000, 0x0000000086e00000, 0x0000000086e00000|100%| O|  |TAMS 0x0000000086e00000, 0x0000000086d00000| Untracked 
| 110|0x0000000086e00000, 0x0000000086f00000, 0x0000000086f00000|100%| O|  |TAMS 0x0000000086e97600, 0x0000000086e00000| Untracked 
| 111|0x0000000086f00000, 0x0000000087000000, 0x0000000087000000|100%|HS|  |TAMS 0x0000000086f00000, 0x0000000086f00000| Complete 
| 112|0x0000000087000000, 0x0000000087100000, 0x0000000087100000|100%|HS|  |TAMS 0x0000000087100000, 0x0000000087000000| Complete 
| 113|0x0000000087100000, 0x0000000087200000, 0x0000000087200000|100%|HC|  |TAMS 0x0000000087200000, 0x0000000087100000| Complete 
| 114|0x0000000087200000, 0x0000000087300000, 0x0000000087300000|100%|HC|  |TAMS 0x0000000087300000, 0x0000000087200000| Complete 
| 115|0x0000000087300000, 0x0000000087400000, 0x0000000087400000|100%| O|  |TAMS 0x0000000087400000, 0x0000000087300000| Untracked 
| 116|0x0000000087400000, 0x0000000087400000, 0x0000000087500000|  0%| F|  |TAMS 0x0000000087400000, 0x0000000087400000| Untracked 
| 117|0x0000000087500000, 0x0000000087600000, 0x0000000087600000|100%| O|  |TAMS 0x0000000087600000, 0x0000000087500000| Untracked 
| 118|0x0000000087600000, 0x0000000087700000, 0x0000000087700000|100%| O|  |TAMS 0x0000000087700000, 0x0000000087600000| Untracked 
| 119|0x0000000087700000, 0x0000000087800000, 0x0000000087800000|100%| O|  |TAMS 0x0000000087800000, 0x0000000087700000| Untracked 
| 120|0x0000000087800000, 0x0000000087900000, 0x0000000087900000|100%| O|  |TAMS 0x0000000087900000, 0x0000000087800000| Untracked 
| 121|0x0000000087900000, 0x0000000087a00000, 0x0000000087a00000|100%| O|  |TAMS 0x0000000087900000, 0x0000000087900000| Untracked 
| 122|0x0000000087a00000, 0x0000000087b00000, 0x0000000087b00000|100%| O|  |TAMS 0x0000000087a00000, 0x0000000087a00000| Untracked 
| 123|0x0000000087b00000, 0x0000000087c00000, 0x0000000087c00000|100%| O|  |TAMS 0x0000000087b00000, 0x0000000087b00000| Untracked 
| 124|0x0000000087c00000, 0x0000000087d00000, 0x0000000087d00000|100%| O|  |TAMS 0x0000000087c00000, 0x0000000087c00000| Untracked 
| 125|0x0000000087d00000, 0x0000000087e00000, 0x0000000087e00000|100%| O|  |TAMS 0x0000000087d00000, 0x0000000087d00000| Untracked 
| 126|0x0000000087e00000, 0x0000000087f00000, 0x0000000087f00000|100%| O|  |TAMS 0x0000000087e00000, 0x0000000087e00000| Untracked 
| 127|0x0000000087f00000, 0x0000000088000000, 0x0000000088000000|100%| O|  |TAMS 0x0000000087f00000, 0x0000000087f00000| Untracked 
| 128|0x0000000088000000, 0x0000000088100000, 0x0000000088100000|100%| O|  |TAMS 0x0000000088000000, 0x0000000088000000| Untracked 
| 129|0x0000000088100000, 0x0000000088200000, 0x0000000088200000|100%| O|  |TAMS 0x0000000088100000, 0x0000000088100000| Untracked 
| 130|0x0000000088200000, 0x0000000088300000, 0x0000000088300000|100%| O|  |TAMS 0x0000000088200000, 0x0000000088200000| Untracked 
| 131|0x0000000088300000, 0x0000000088400000, 0x0000000088400000|100%| O|  |TAMS 0x0000000088300000, 0x0000000088300000| Untracked 
| 132|0x0000000088400000, 0x0000000088500000, 0x0000000088500000|100%| O|  |TAMS 0x0000000088400000, 0x0000000088400000| Untracked 
| 133|0x0000000088500000, 0x0000000088600000, 0x0000000088600000|100%| O|  |TAMS 0x0000000088500000, 0x0000000088500000| Untracked 
| 134|0x0000000088600000, 0x0000000088700000, 0x0000000088700000|100%| O|  |TAMS 0x0000000088600000, 0x0000000088600000| Untracked 
| 135|0x0000000088700000, 0x0000000088800000, 0x0000000088800000|100%| O|  |TAMS 0x0000000088700000, 0x0000000088700000| Untracked 
| 136|0x0000000088800000, 0x0000000088900000, 0x0000000088900000|100%| O|  |TAMS 0x0000000088800000, 0x0000000088800000| Untracked 
| 137|0x0000000088900000, 0x00000000889b7200, 0x0000000088a00000| 71%| O|  |TAMS 0x0000000088900000, 0x0000000088900000| Untracked 
| 138|0x0000000088a00000, 0x0000000088a00000, 0x0000000088b00000|  0%| F|  |TAMS 0x0000000088a00000, 0x0000000088a00000| Untracked 
| 139|0x0000000088b00000, 0x0000000088b00000, 0x0000000088c00000|  0%| F|  |TAMS 0x0000000088b00000, 0x0000000088b00000| Untracked 
| 140|0x0000000088c00000, 0x0000000088c00000, 0x0000000088d00000|  0%| F|  |TAMS 0x0000000088c00000, 0x0000000088c00000| Untracked 
| 141|0x0000000088d00000, 0x0000000088d00000, 0x0000000088e00000|  0%| F|  |TAMS 0x0000000088d00000, 0x0000000088d00000| Untracked 
| 142|0x0000000088e00000, 0x0000000088e00000, 0x0000000088f00000|  0%| F|  |TAMS 0x0000000088e00000, 0x0000000088e00000| Untracked 
| 143|0x0000000088f00000, 0x0000000088f00000, 0x0000000089000000|  0%| F|  |TAMS 0x0000000088f00000, 0x0000000088f00000| Untracked 
| 144|0x0000000089000000, 0x0000000089000000, 0x0000000089100000|  0%| F|  |TAMS 0x0000000089000000, 0x0000000089000000| Untracked 
| 145|0x0000000089100000, 0x0000000089100000, 0x0000000089200000|  0%| F|  |TAMS 0x0000000089100000, 0x0000000089100000| Untracked 
| 146|0x0000000089200000, 0x0000000089200000, 0x0000000089300000|  0%| F|  |TAMS 0x0000000089200000, 0x0000000089200000| Untracked 
| 147|0x0000000089300000, 0x0000000089300000, 0x0000000089400000|  0%| F|  |TAMS 0x0000000089300000, 0x0000000089300000| Untracked 
| 148|0x0000000089400000, 0x0000000089400000, 0x0000000089500000|  0%| F|  |TAMS 0x0000000089400000, 0x0000000089400000| Untracked 
| 149|0x0000000089500000, 0x0000000089500000, 0x0000000089600000|  0%| F|  |TAMS 0x0000000089500000, 0x0000000089500000| Untracked 
| 150|0x0000000089600000, 0x0000000089600000, 0x0000000089700000|  0%| F|  |TAMS 0x0000000089600000, 0x0000000089600000| Untracked 
| 151|0x0000000089700000, 0x0000000089700000, 0x0000000089800000|  0%| F|  |TAMS 0x0000000089700000, 0x0000000089700000| Untracked 
| 152|0x0000000089800000, 0x0000000089800000, 0x0000000089900000|  0%| F|  |TAMS 0x0000000089800000, 0x0000000089800000| Untracked 
| 153|0x0000000089900000, 0x0000000089900000, 0x0000000089a00000|  0%| F|  |TAMS 0x0000000089900000, 0x0000000089900000| Untracked 
| 154|0x0000000089a00000, 0x0000000089a00000, 0x0000000089b00000|  0%| F|  |TAMS 0x0000000089a00000, 0x0000000089a00000| Untracked 
| 155|0x0000000089b00000, 0x0000000089b00000, 0x0000000089c00000|  0%| F|  |TAMS 0x0000000089b00000, 0x0000000089b00000| Untracked 
| 156|0x0000000089c00000, 0x0000000089c00000, 0x0000000089d00000|  0%| F|  |TAMS 0x0000000089c00000, 0x0000000089c00000| Untracked 
| 157|0x0000000089d00000, 0x0000000089d00000, 0x0000000089e00000|  0%| F|  |TAMS 0x0000000089d00000, 0x0000000089d00000| Untracked 
| 158|0x0000000089e00000, 0x0000000089e00000, 0x0000000089f00000|  0%| F|  |TAMS 0x0000000089e00000, 0x0000000089e00000| Untracked 
| 159|0x0000000089f00000, 0x0000000089f00000, 0x000000008a000000|  0%| F|  |TAMS 0x0000000089f00000, 0x0000000089f00000| Untracked 
| 160|0x000000008a000000, 0x000000008a000000, 0x000000008a100000|  0%| F|  |TAMS 0x000000008a000000, 0x000000008a000000| Untracked 
| 161|0x000000008a100000, 0x000000008a100000, 0x000000008a200000|  0%| F|  |TAMS 0x000000008a100000, 0x000000008a100000| Untracked 
| 162|0x000000008a200000, 0x000000008a200000, 0x000000008a300000|  0%| F|  |TAMS 0x000000008a200000, 0x000000008a200000| Untracked 
| 163|0x000000008a300000, 0x000000008a300000, 0x000000008a400000|  0%| F|  |TAMS 0x000000008a300000, 0x000000008a300000| Untracked 
| 164|0x000000008a400000, 0x000000008a400000, 0x000000008a500000|  0%| F|  |TAMS 0x000000008a400000, 0x000000008a400000| Untracked 
| 165|0x000000008a500000, 0x000000008a500000, 0x000000008a600000|  0%| F|  |TAMS 0x000000008a500000, 0x000000008a500000| Untracked 
| 166|0x000000008a600000, 0x000000008a600000, 0x000000008a700000|  0%| F|  |TAMS 0x000000008a600000, 0x000000008a600000| Untracked 
| 167|0x000000008a700000, 0x000000008a700000, 0x000000008a800000|  0%| F|  |TAMS 0x000000008a700000, 0x000000008a700000| Untracked 
| 168|0x000000008a800000, 0x000000008a800000, 0x000000008a900000|  0%| F|  |TAMS 0x000000008a800000, 0x000000008a800000| Untracked 
| 169|0x000000008a900000, 0x000000008a900000, 0x000000008aa00000|  0%| F|  |TAMS 0x000000008a900000, 0x000000008a900000| Untracked 
| 170|0x000000008aa00000, 0x000000008aa00000, 0x000000008ab00000|  0%| F|  |TAMS 0x000000008aa00000, 0x000000008aa00000| Untracked 
| 171|0x000000008ab00000, 0x000000008ab00000, 0x000000008ac00000|  0%| F|  |TAMS 0x000000008ab00000, 0x000000008ab00000| Untracked 
| 172|0x000000008ac00000, 0x000000008ac00000, 0x000000008ad00000|  0%| F|  |TAMS 0x000000008ac00000, 0x000000008ac00000| Untracked 
| 173|0x000000008ad00000, 0x000000008ad00000, 0x000000008ae00000|  0%| F|  |TAMS 0x000000008ad00000, 0x000000008ad00000| Untracked 
| 174|0x000000008ae00000, 0x000000008ae00000, 0x000000008af00000|  0%| F|  |TAMS 0x000000008ae00000, 0x000000008ae00000| Untracked 
| 175|0x000000008af00000, 0x000000008af00000, 0x000000008b000000|  0%| F|  |TAMS 0x000000008af00000, 0x000000008af00000| Untracked 
| 176|0x000000008b000000, 0x000000008b000000, 0x000000008b100000|  0%| F|  |TAMS 0x000000008b000000, 0x000000008b000000| Untracked 
| 177|0x000000008b100000, 0x000000008b100000, 0x000000008b200000|  0%| F|  |TAMS 0x000000008b100000, 0x000000008b100000| Untracked 
| 178|0x000000008b200000, 0x000000008b200000, 0x000000008b300000|  0%| F|  |TAMS 0x000000008b200000, 0x000000008b200000| Untracked 
| 179|0x000000008b300000, 0x000000008b300000, 0x000000008b400000|  0%| F|  |TAMS 0x000000008b300000, 0x000000008b300000| Untracked 
| 180|0x000000008b400000, 0x000000008b400000, 0x000000008b500000|  0%| F|  |TAMS 0x000000008b400000, 0x000000008b400000| Untracked 
| 181|0x000000008b500000, 0x000000008b500000, 0x000000008b600000|  0%| F|  |TAMS 0x000000008b500000, 0x000000008b500000| Untracked 
| 182|0x000000008b600000, 0x000000008b600000, 0x000000008b700000|  0%| F|  |TAMS 0x000000008b600000, 0x000000008b600000| Untracked 
| 183|0x000000008b700000, 0x000000008b700000, 0x000000008b800000|  0%| F|  |TAMS 0x000000008b700000, 0x000000008b700000| Untracked 
| 184|0x000000008b800000, 0x000000008b800000, 0x000000008b900000|  0%| F|  |TAMS 0x000000008b800000, 0x000000008b800000| Untracked 
| 185|0x000000008b900000, 0x000000008b900000, 0x000000008ba00000|  0%| F|  |TAMS 0x000000008b900000, 0x000000008b900000| Untracked 
| 186|0x000000008ba00000, 0x000000008ba00000, 0x000000008bb00000|  0%| F|  |TAMS 0x000000008ba00000, 0x000000008ba00000| Untracked 
| 187|0x000000008bb00000, 0x000000008bb00000, 0x000000008bc00000|  0%| F|  |TAMS 0x000000008bb00000, 0x000000008bb00000| Untracked 
| 188|0x000000008bc00000, 0x000000008bc00000, 0x000000008bd00000|  0%| F|  |TAMS 0x000000008bc00000, 0x000000008bc00000| Untracked 
| 189|0x000000008bd00000, 0x000000008bd00000, 0x000000008be00000|  0%| F|  |TAMS 0x000000008bd00000, 0x000000008bd00000| Untracked 
| 190|0x000000008be00000, 0x000000008be00000, 0x000000008bf00000|  0%| F|  |TAMS 0x000000008be00000, 0x000000008be00000| Untracked 
| 191|0x000000008bf00000, 0x000000008bf00000, 0x000000008c000000|  0%| F|  |TAMS 0x000000008bf00000, 0x000000008bf00000| Untracked 
| 192|0x000000008c000000, 0x000000008c000000, 0x000000008c100000|  0%| F|  |TAMS 0x000000008c000000, 0x000000008c000000| Untracked 
| 193|0x000000008c100000, 0x000000008c100000, 0x000000008c200000|  0%| F|  |TAMS 0x000000008c100000, 0x000000008c100000| Untracked 
| 194|0x000000008c200000, 0x000000008c200000, 0x000000008c300000|  0%| F|  |TAMS 0x000000008c200000, 0x000000008c200000| Untracked 
| 195|0x000000008c300000, 0x000000008c300000, 0x000000008c400000|  0%| F|  |TAMS 0x000000008c300000, 0x000000008c300000| Untracked 
| 196|0x000000008c400000, 0x000000008c400000, 0x000000008c500000|  0%| F|  |TAMS 0x000000008c400000, 0x000000008c400000| Untracked 
| 197|0x000000008c500000, 0x000000008c500000, 0x000000008c600000|  0%| F|  |TAMS 0x000000008c500000, 0x000000008c500000| Untracked 
| 198|0x000000008c600000, 0x000000008c600000, 0x000000008c700000|  0%| F|  |TAMS 0x000000008c600000, 0x000000008c600000| Untracked 
| 199|0x000000008c700000, 0x000000008c700000, 0x000000008c800000|  0%| F|  |TAMS 0x000000008c700000, 0x000000008c700000| Untracked 
| 200|0x000000008c800000, 0x000000008c800000, 0x000000008c900000|  0%| F|  |TAMS 0x000000008c800000, 0x000000008c800000| Untracked 
| 201|0x000000008c900000, 0x000000008c900000, 0x000000008ca00000|  0%| F|  |TAMS 0x000000008c900000, 0x000000008c900000| Untracked 
| 202|0x000000008ca00000, 0x000000008ca00000, 0x000000008cb00000|  0%| F|  |TAMS 0x000000008ca00000, 0x000000008ca00000| Untracked 
| 203|0x000000008cb00000, 0x000000008cb00000, 0x000000008cc00000|  0%| F|  |TAMS 0x000000008cb00000, 0x000000008cb00000| Untracked 
| 204|0x000000008cc00000, 0x000000008cc00000, 0x000000008cd00000|  0%| F|  |TAMS 0x000000008cc00000, 0x000000008cc00000| Untracked 
| 205|0x000000008cd00000, 0x000000008cd00000, 0x000000008ce00000|  0%| F|  |TAMS 0x000000008cd00000, 0x000000008cd00000| Untracked 
| 206|0x000000008ce00000, 0x000000008ce00000, 0x000000008cf00000|  0%| F|  |TAMS 0x000000008ce00000, 0x000000008ce00000| Untracked 
| 207|0x000000008cf00000, 0x000000008cf00000, 0x000000008d000000|  0%| F|  |TAMS 0x000000008cf00000, 0x000000008cf00000| Untracked 
| 208|0x000000008d000000, 0x000000008d000000, 0x000000008d100000|  0%| F|  |TAMS 0x000000008d000000, 0x000000008d000000| Untracked 
| 209|0x000000008d100000, 0x000000008d100000, 0x000000008d200000|  0%| F|  |TAMS 0x000000008d100000, 0x000000008d100000| Untracked 
| 210|0x000000008d200000, 0x000000008d200000, 0x000000008d300000|  0%| F|  |TAMS 0x000000008d200000, 0x000000008d200000| Untracked 
| 211|0x000000008d300000, 0x000000008d300000, 0x000000008d400000|  0%| F|  |TAMS 0x000000008d300000, 0x000000008d300000| Untracked 
| 212|0x000000008d400000, 0x000000008d400000, 0x000000008d500000|  0%| F|  |TAMS 0x000000008d400000, 0x000000008d400000| Untracked 
| 213|0x000000008d500000, 0x000000008d500000, 0x000000008d600000|  0%| F|  |TAMS 0x000000008d500000, 0x000000008d500000| Untracked 
| 214|0x000000008d600000, 0x000000008d600000, 0x000000008d700000|  0%| F|  |TAMS 0x000000008d600000, 0x000000008d600000| Untracked 
| 215|0x000000008d700000, 0x000000008d700000, 0x000000008d800000|  0%| F|  |TAMS 0x000000008d700000, 0x000000008d700000| Untracked 
| 216|0x000000008d800000, 0x000000008d800000, 0x000000008d900000|  0%| F|  |TAMS 0x000000008d800000, 0x000000008d800000| Untracked 
| 217|0x000000008d900000, 0x000000008d900000, 0x000000008da00000|  0%| F|  |TAMS 0x000000008d900000, 0x000000008d900000| Untracked 
| 218|0x000000008da00000, 0x000000008da00000, 0x000000008db00000|  0%| F|  |TAMS 0x000000008da00000, 0x000000008da00000| Untracked 
| 219|0x000000008db00000, 0x000000008db00000, 0x000000008dc00000|  0%| F|  |TAMS 0x000000008db00000, 0x000000008db00000| Untracked 
| 220|0x000000008dc00000, 0x000000008dc00000, 0x000000008dd00000|  0%| F|  |TAMS 0x000000008dc00000, 0x000000008dc00000| Untracked 
| 221|0x000000008dd00000, 0x000000008dd00000, 0x000000008de00000|  0%| F|  |TAMS 0x000000008dd00000, 0x000000008dd00000| Untracked 
| 222|0x000000008de00000, 0x000000008df00000, 0x000000008df00000|100%| S|CS|TAMS 0x000000008de00000, 0x000000008de00000| Complete 
| 223|0x000000008df00000, 0x000000008e000000, 0x000000008e000000|100%| S|CS|TAMS 0x000000008df00000, 0x000000008df00000| Complete 
| 224|0x000000008e000000, 0x000000008e000000, 0x000000008e100000|  0%| F|  |TAMS 0x000000008e000000, 0x000000008e000000| Untracked 
| 225|0x000000008e100000, 0x000000008e100000, 0x000000008e200000|  0%| F|  |TAMS 0x000000008e100000, 0x000000008e100000| Untracked 
| 226|0x000000008e200000, 0x000000008e200000, 0x000000008e300000|  0%| F|  |TAMS 0x000000008e200000, 0x000000008e200000| Untracked 
| 227|0x000000008e300000, 0x000000008e300000, 0x000000008e400000|  0%| F|  |TAMS 0x000000008e300000, 0x000000008e300000| Untracked 
| 228|0x000000008e400000, 0x000000008e400000, 0x000000008e500000|  0%| F|  |TAMS 0x000000008e400000, 0x000000008e400000| Untracked 
| 229|0x000000008e500000, 0x000000008e500000, 0x000000008e600000|  0%| F|  |TAMS 0x000000008e500000, 0x000000008e500000| Untracked 
|2046|0x00000000ffe00000, 0x00000000fff00000, 0x00000000fff00000|100%| O|  |TAMS 0x00000000fff00000, 0x00000000ffe00000| Untracked 
|2047|0x00000000fff00000, 0x0000000100000000, 0x0000000100000000|100%| O|  |TAMS 0x0000000100000000, 0x00000000fff00000| Untracked 

Card table byte_map: [0x000002aa5dde0000,0x000002aa5e1e0000] _byte_map_base: 0x000002aa5d9e0000

Marking Bits (Prev, Next): (CMBitMap*) 0x000002aa4aedb650, (CMBitMap*) 0x000002aa4aedb690
 Prev Bits: [0x000002aa5e5e0000, 0x000002aa605e0000)
 Next Bits: [0x000002aa605e0000, 0x000002aa625e0000)

Polling page: 0x000002aa49630000

Metaspace:

Usage:
  Non-class:     86.12 MB used.
      Class:     13.59 MB used.
       Both:     99.71 MB used.

Virtual space:
  Non-class space:       88.00 MB reserved,      86.50 MB ( 98%) committed,  11 nodes.
      Class space:        1.00 GB reserved,      13.94 MB (  1%) committed,  1 nodes.
             Both:        1.09 GB reserved,     100.44 MB (  9%) committed. 

Chunk freelists:
   Non-Class:  1.33 MB
       Class:  2.11 MB
        Both:  3.44 MB

MaxMetaspaceSize: unlimited
CompressedClassSpaceSize: 1.00 GB
Initial GC threshold: 21.00 MB
Current GC threshold: 163.12 MB
CDS: off
MetaspaceReclaimPolicy: balanced
 - commit_granule_bytes: 65536.
 - commit_granule_words: 8192.
 - virtual_space_node_default_size: 1048576.
 - enlarge_chunks_in_place: 1.
 - new_chunks_are_fully_committed: 0.
 - uncommit_free_chunks: 1.
 - use_allocation_guard: 0.
 - handle_deallocations: 1.


Internal statistics:

num_allocs_failed_limit: 9.
num_arena_births: 1066.
num_arena_deaths: 6.
num_vsnodes_births: 12.
num_vsnodes_deaths: 0.
num_space_committed: 1605.
num_space_uncommitted: 0.
num_chunks_returned_to_freelist: 17.
num_chunks_taken_from_freelist: 4822.
num_chunk_merges: 11.
num_chunk_splits: 3218.
num_chunks_enlarged: 2184.
num_purges: 2.
num_inconsistent_stats: 0.

CodeHeap 'non-profiled nmethods': size=120000Kb used=5903Kb max_used=5903Kb free=114097Kb
 bounds [0x000002aa55e90000, 0x000002aa56460000, 0x000002aa5d3c0000]
CodeHeap 'profiled nmethods': size=120000Kb used=22305Kb max_used=22305Kb free=97694Kb
 bounds [0x000002aa4e3c0000, 0x000002aa4f990000, 0x000002aa558f0000]
CodeHeap 'non-nmethods': size=5760Kb used=2411Kb max_used=2477Kb free=3348Kb
 bounds [0x000002aa558f0000, 0x000002aa55b80000, 0x000002aa55e90000]
 total_blobs=12242 nmethods=11296 adapters=858
 compilation: enabled
              stopped_count=0, restarted_count=0
 full_count=0

Compilation events (20 events):
Event: 25.852 Thread 0x000002aa658291f0 12862       2       com.android.tools.r8.internal.Z8$$Lambda$1302/0x0000000100d67748::applyAsInt (8 bytes)
Event: 25.852 Thread 0x000002aa658291f0 nmethod 12862 0x000002aa4f985710 code [0x000002aa4f9858a0, 0x000002aa4f9859f8]
Event: 25.852 Thread 0x000002aa658291f0 12863       2       com.android.tools.r8.internal.Z8::b (8 bytes)
Event: 25.852 Thread 0x000002aa658291f0 nmethod 12863 0x000002aa4f985b10 code [0x000002aa4f985ca0, 0x000002aa4f985db8]
Event: 25.853 Thread 0x000002aa658291f0 12864       2       com.android.tools.r8.graph.B2$j::K0 (2 bytes)
Event: 25.853 Thread 0x000002aa658291f0 nmethod 12864 0x000002aa4f985e90 code [0x000002aa4f986020, 0x000002aa4f986138]
Event: 25.854 Thread 0x000002aa658291f0 12865       2       com.android.tools.r8.graph.J3::a (16 bytes)
Event: 25.854 Thread 0x000002aa658291f0 nmethod 12865 0x000002aa4f986210 code [0x000002aa4f9863a0, 0x000002aa4f986528]
Event: 25.855 Thread 0x000002aa658291f0 12867       2       com.android.tools.r8.dex.code.e4::<init> (7 bytes)
Event: 25.855 Thread 0x000002aa658291f0 nmethod 12867 0x000002aa4f986610 code [0x000002aa4f9867a0, 0x000002aa4f9868f8]
Event: 25.856 Thread 0x000002aa658291f0 12869       2       com.android.tools.r8.internal.to::b (178 bytes)
Event: 25.856 Thread 0x000002aa658291f0 nmethod 12869 0x000002aa4f986a10 code [0x000002aa4f986be0, 0x000002aa4f9871b8]
Event: 25.856 Thread 0x000002aa658291f0 12871       2       java.util.AbstractList$SubList$1::<init> (41 bytes)
Event: 25.856 Thread 0x000002aa658291f0 nmethod 12871 0x000002aa4f987510 code [0x000002aa4f9876c0, 0x000002aa4f9878c8]
Event: 25.856 Thread 0x000002aa658291f0 12870       2       com.android.tools.r8.internal.Z8::U (2 bytes)
Event: 25.856 Thread 0x000002aa658291f0 nmethod 12870 0x000002aa4f987990 code [0x000002aa4f987b20, 0x000002aa4f987c38]
Event: 25.857 Thread 0x000002aa658291f0 12872       2       com.android.tools.r8.graph.u2::a (111 bytes)
Event: 25.857 Thread 0x000002aa658291f0 nmethod 12872 0x000002aa4f987d10 code [0x000002aa4f987ec0, 0x000002aa4f988158]
Event: 25.858 Thread 0x000002aa658291f0 12873       2       com.android.tools.r8.graph.w0$b$a::hashCode (16 bytes)
Event: 25.858 Thread 0x000002aa658291f0 nmethod 12873 0x000002aa4f988310 code [0x000002aa4f9884a0, 0x000002aa4f9885e8]

GC Heap History (20 events):
Event: 21.523 GC heap after
{Heap after GC invocations=43 (full 0):
 garbage-first heap   total 138240K, used 79855K [0x0000000080000000, 0x0000000100000000)
  region size 1024K, 3 young (3072K), 3 survivors (3072K)
 Metaspace       used 94934K, committed 95680K, reserved 1138688K
  class space    used 12776K, committed 13120K, reserved 1048576K
}
Event: 21.541 GC heap before
{Heap before GC invocations=43 (full 0):
 garbage-first heap   total 138240K, used 82927K [0x0000000080000000, 0x0000000100000000)
  region size 1024K, 6 young (6144K), 3 survivors (3072K)
 Metaspace       used 94993K, committed 95680K, reserved 1138688K
  class space    used 12782K, committed 13120K, reserved 1048576K
}
Event: 21.545 GC heap after
{Heap after GC invocations=44 (full 0):
 garbage-first heap   total 138240K, used 79976K [0x0000000080000000, 0x0000000100000000)
  region size 1024K, 1 young (1024K), 1 survivors (1024K)
 Metaspace       used 94993K, committed 95680K, reserved 1138688K
  class space    used 12782K, committed 13120K, reserved 1048576K
}
Event: 21.905 GC heap before
{Heap before GC invocations=44 (full 0):
 garbage-first heap   total 138240K, used 114792K [0x0000000080000000, 0x0000000100000000)
  region size 1024K, 36 young (36864K), 1 survivors (1024K)
 Metaspace       used 95652K, committed 96384K, reserved 1138688K
  class space    used 12851K, committed 13184K, reserved 1048576K
}
Event: 21.910 GC heap after
{Heap after GC invocations=45 (full 0):
 garbage-first heap   total 165888K, used 83031K [0x0000000080000000, 0x0000000100000000)
  region size 1024K, 4 young (4096K), 4 survivors (4096K)
 Metaspace       used 95652K, committed 96384K, reserved 1138688K
  class space    used 12851K, committed 13184K, reserved 1048576K
}
Event: 24.091 GC heap before
{Heap before GC invocations=46 (full 0):
 garbage-first heap   total 165888K, used 153687K [0x0000000080000000, 0x0000000100000000)
  region size 1024K, 50 young (51200K), 4 survivors (4096K)
 Metaspace       used 99224K, committed 99968K, reserved 1138688K
  class space    used 13351K, committed 13696K, reserved 1048576K
}
Event: 24.097 GC heap after
{Heap after GC invocations=47 (full 0):
 garbage-first heap   total 167936K, used 107804K [0x0000000080000000, 0x0000000100000000)
  region size 1024K, 7 young (7168K), 7 survivors (7168K)
 Metaspace       used 99224K, committed 99968K, reserved 1138688K
  class space    used 13351K, committed 13696K, reserved 1048576K
}
Event: 24.098 GC heap before
{Heap before GC invocations=47 (full 0):
 garbage-first heap   total 167936K, used 112924K [0x0000000080000000, 0x0000000100000000)
  region size 1024K, 8 young (8192K), 7 survivors (7168K)
 Metaspace       used 99225K, committed 99968K, reserved 1138688K
  class space    used 13351K, committed 13696K, reserved 1048576K
}
Event: 24.102 GC heap after
{Heap after GC invocations=48 (full 0):
 garbage-first heap   total 167936K, used 109836K [0x0000000080000000, 0x0000000100000000)
  region size 1024K, 1 young (1024K), 1 survivors (1024K)
 Metaspace       used 99225K, committed 99968K, reserved 1138688K
  class space    used 13351K, committed 13696K, reserved 1048576K
}
Event: 24.102 GC heap before
{Heap before GC invocations=48 (full 0):
 garbage-first heap   total 167936K, used 109836K [0x0000000080000000, 0x0000000100000000)
  region size 1024K, 2 young (2048K), 1 survivors (1024K)
 Metaspace       used 99225K, committed 99968K, reserved 1138688K
  class space    used 13351K, committed 13696K, reserved 1048576K
}
Event: 24.103 GC heap after
{Heap after GC invocations=49 (full 0):
 garbage-first heap   total 167936K, used 110304K [0x0000000080000000, 0x0000000100000000)
  region size 1024K, 1 young (1024K), 1 survivors (1024K)
 Metaspace       used 99225K, committed 99968K, reserved 1138688K
  class space    used 13351K, committed 13696K, reserved 1048576K
}
Event: 24.539 GC heap before
{Heap before GC invocations=50 (full 0):
 garbage-first heap   total 209920K, used 142048K [0x0000000080000000, 0x0000000100000000)
  region size 1024K, 24 young (24576K), 1 survivors (1024K)
 Metaspace       used 99516K, committed 100224K, reserved 1138688K
  class space    used 13399K, committed 13760K, reserved 1048576K
}
Event: 24.555 GC heap after
{Heap after GC invocations=51 (full 0):
 garbage-first heap   total 209920K, used 122555K [0x0000000080000000, 0x0000000100000000)
  region size 1024K, 3 young (3072K), 3 survivors (3072K)
 Metaspace       used 99516K, committed 100224K, reserved 1138688K
  class space    used 13399K, committed 13760K, reserved 1048576K
}
Event: 24.598 GC heap before
{Heap before GC invocations=51 (full 0):
 garbage-first heap   total 209920K, used 129723K [0x0000000080000000, 0x0000000100000000)
  region size 1024K, 10 young (10240K), 3 survivors (3072K)
 Metaspace       used 99517K, committed 100224K, reserved 1138688K
  class space    used 13399K, committed 13760K, reserved 1048576K
}
Event: 24.605 GC heap after
{Heap after GC invocations=52 (full 0):
 garbage-first heap   total 209920K, used 125533K [0x0000000080000000, 0x0000000100000000)
  region size 1024K, 2 young (2048K), 2 survivors (2048K)
 Metaspace       used 99517K, committed 100224K, reserved 1138688K
  class space    used 13399K, committed 13760K, reserved 1048576K
}
Event: 24.627 GC heap before
{Heap before GC invocations=52 (full 0):
 garbage-first heap   total 209920K, used 128605K [0x0000000080000000, 0x0000000100000000)
  region size 1024K, 6 young (6144K), 2 survivors (2048K)
 Metaspace       used 99517K, committed 100224K, reserved 1138688K
  class space    used 13399K, committed 13760K, reserved 1048576K
}
Event: 24.632 GC heap after
{Heap after GC invocations=53 (full 0):
 garbage-first heap   total 209920K, used 126914K [0x0000000080000000, 0x0000000100000000)
  region size 1024K, 4 young (4096K), 4 survivors (4096K)
 Metaspace       used 99517K, committed 100224K, reserved 1138688K
  class space    used 13399K, committed 13760K, reserved 1048576K
}
Event: 25.808 GC heap before
{Heap before GC invocations=54 (full 0):
 garbage-first heap   total 237568K, used 159682K [0x0000000080000000, 0x0000000100000000)
  region size 1024K, 35 young (35840K), 4 survivors (4096K)
 Metaspace       used 102072K, committed 102848K, reserved 1138688K
  class space    used 13914K, committed 14272K, reserved 1048576K
}
Event: 25.827 GC heap after
{Heap after GC invocations=55 (full 0):
 garbage-first heap   total 237568K, used 140664K [0x0000000080000000, 0x0000000100000000)
  region size 1024K, 5 young (5120K), 5 survivors (5120K)
 Metaspace       used 102072K, committed 102848K, reserved 1138688K
  class space    used 13914K, committed 14272K, reserved 1048576K
}
Event: 25.859 GC heap before
{Heap before GC invocations=55 (full 0):
 garbage-first heap   total 237568K, used 146808K [0x0000000080000000, 0x0000000100000000)
  region size 1024K, 11 young (11264K), 5 survivors (5120K)
 Metaspace       used 102104K, committed 102848K, reserved 1138688K
  class space    used 13914K, committed 14272K, reserved 1048576K
}

Dll operation events (2 events):
Event: 0.011 Loaded shared library C:\Program Files\Android\Android Studio\jbr\bin\java.dll
Event: 0.369 Loaded shared library C:\Program Files\Android\Android Studio\jbr\bin\verify.dll

Deoptimization events (20 events):
Event: 24.427 Thread 0x000002aa6deaa650 DEOPT PACKING pc=0x000002aa4f871886 sp=0x000000b29f0fd5c0
Event: 24.427 Thread 0x000002aa6deaa650 DEOPT UNPACKING pc=0x000002aa55947143 sp=0x000000b29f0fca38 mode 0
Event: 24.435 Thread 0x000002aa6deaa650 Uncommon trap: trap_request=0xffffff45 fr.pc=0x000002aa563fd14c relative=0x00000000000014ac
Event: 24.435 Thread 0x000002aa6deaa650 Uncommon trap: reason=unstable_if action=reinterpret pc=0x000002aa563fd14c method=com.android.tools.r8.dex.U.a([B)Z @ 11 c2
Event: 24.435 Thread 0x000002aa6deaa650 DEOPT PACKING pc=0x000002aa563fd14c sp=0x000000b29f0fd9a0
Event: 24.435 Thread 0x000002aa6deaa650 DEOPT UNPACKING pc=0x000002aa559469a3 sp=0x000000b29f0fd8f8 mode 2
Event: 24.436 Thread 0x000002aa6deaa650 DEOPT PACKING pc=0x000002aa4f871886 sp=0x000000b29f0fd7f0
Event: 24.436 Thread 0x000002aa6deaa650 DEOPT UNPACKING pc=0x000002aa55947143 sp=0x000000b29f0fcc68 mode 0
Event: 24.438 Thread 0x000002aa6deaa650 DEOPT PACKING pc=0x000002aa4f871886 sp=0x000000b29f0fd7b0
Event: 24.438 Thread 0x000002aa6deaa650 DEOPT UNPACKING pc=0x000002aa55947143 sp=0x000000b29f0fcc28 mode 0
Event: 24.439 Thread 0x000002aa6deaa650 DEOPT PACKING pc=0x000002aa4f871886 sp=0x000000b29f0fd7b0
Event: 24.439 Thread 0x000002aa6deaa650 DEOPT UNPACKING pc=0x000002aa55947143 sp=0x000000b29f0fcc28 mode 0
Event: 24.439 Thread 0x000002aa6deaa650 DEOPT PACKING pc=0x000002aa4f871886 sp=0x000000b29f0fd7b0
Event: 24.439 Thread 0x000002aa6deaa650 DEOPT UNPACKING pc=0x000002aa55947143 sp=0x000000b29f0fcc28 mode 0
Event: 24.440 Thread 0x000002aa6deaa650 DEOPT PACKING pc=0x000002aa4f871886 sp=0x000000b29f0fd7b0
Event: 24.440 Thread 0x000002aa6deaa650 DEOPT UNPACKING pc=0x000002aa55947143 sp=0x000000b29f0fcc28 mode 0
Event: 24.440 Thread 0x000002aa6deaa650 DEOPT PACKING pc=0x000002aa4f871886 sp=0x000000b29f0fd7b0
Event: 24.440 Thread 0x000002aa6deaa650 DEOPT UNPACKING pc=0x000002aa55947143 sp=0x000000b29f0fcc28 mode 0
Event: 25.798 Thread 0x000002aa68111530 DEOPT PACKING pc=0x000002aa4f9424a9 sp=0x000000b29f7fe830
Event: 25.798 Thread 0x000002aa68111530 DEOPT UNPACKING pc=0x000002aa55947143 sp=0x000000b29f7fdd78 mode 0

Classes unloaded (3 events):
Event: 19.568 Thread 0x000002aa64bceca0 Unloading class 0x0000000100c68c00 'java/lang/invoke/LambdaForm$DMH+0x0000000100c68c00'
Event: 19.568 Thread 0x000002aa64bceca0 Unloading class 0x0000000100c68800 'java/lang/invoke/LambdaForm$DMH+0x0000000100c68800'
Event: 19.568 Thread 0x000002aa64bceca0 Unloading class 0x0000000100c68000 'java/lang/invoke/LambdaForm$DMH+0x0000000100c68000'

Classes redefined (0 events):
No events

Internal exceptions (20 events):
Event: 21.468 Thread 0x000002aa69b9ab90 Exception <a 'java/lang/NoSuchMethodError'{0x0000000086650208}: static Lcom/android/build/api/variant/impl/SerializableApplicationMultiOutputHandler;.<clinit>()V> (0x0000000086650208) 
thrown [s\src\hotspot\share\prims\jni.cpp, line 1108]
Event: 21.469 Thread 0x000002aa69b9ab90 Exception <a 'java/lang/NoSuchMethodError'{0x00000000866677c8}: static Lcom/android/build/api/variant/impl/VariantOutputImpl$SerializedForm;.<clinit>()V> (0x00000000866677c8) 
thrown [s\src\hotspot\share\prims\jni.cpp, line 1108]
Event: 21.469 Thread 0x000002aa69b9ab90 Exception <a 'java/lang/NoSuchMethodError'{0x000000008667d5a0}: static Lcom/android/build/api/variant/impl/VariantOutputConfigurationImpl;.<clinit>()V> (0x000000008667d5a0) 
thrown [s\src\hotspot\share\prims\jni.cpp, line 1108]
Event: 21.488 Thread 0x000002aa69b9f890 Exception <a 'sun/nio/fs/WindowsException'{0x00000000864258c8}> (0x00000000864258c8) 
thrown [s\src\hotspot\share\prims\jni.cpp, line 517]
Event: 21.496 Thread 0x000002aa69b9f890 Exception <a 'java/lang/NoSuchMethodError'{0x00000000864d9578}: 'int java.lang.invoke.DirectMethodHandle$Holder.invokeSpecial(java.lang.Object, java.lang.Object, java.lang.Object, java.lang.Object, java.lang.Object)'> (0x00000000864d9578) 
thrown [s\src\hotspot\share\interpreter\linkResolver.cpp, line 771]
Event: 21.633 Thread 0x000002aa69b9f890 Exception <a 'sun/nio/fs/WindowsException'{0x0000000087bd53a0}> (0x0000000087bd53a0) 
thrown [s\src\hotspot\share\prims\jni.cpp, line 517]
Event: 22.073 Thread 0x000002aa69ba10a0 Exception <a 'sun/nio/fs/WindowsException'{0x0000000089456900}> (0x0000000089456900) 
thrown [s\src\hotspot\share\prims\jni.cpp, line 517]
Event: 22.111 Thread 0x000002aa68112870 Exception <a 'java/lang/NoSuchMethodError'{0x0000000089278260}: 'void java.lang.invoke.DirectMethodHandle$Holder.invokeStatic(java.lang.Object, long)'> (0x0000000089278260) 
thrown [s\src\hotspot\share\interpreter\linkResolver.cpp, line 771]
Event: 22.112 Thread 0x000002aa68112870 Exception <a 'java/lang/NoSuchMethodError'{0x000000008927db60}: 'java.lang.Object java.lang.invoke.DirectMethodHandle$Holder.newInvokeSpecial(java.lang.Object, long)'> (0x000000008927db60) 
thrown [s\src\hotspot\share\interpreter\linkResolver.cpp, line 771]
Event: 22.113 Thread 0x000002aa68112870 Exception <a 'java/lang/NoSuchMethodError'{0x00000000892848f8}: 'java.lang.Object java.lang.invoke.DirectMethodHandle$Holder.invokeStatic(java.lang.Object, java.lang.Object, long, java.lang.Object)'> (0x00000000892848f8) 
thrown [s\src\hotspot\share\interpreter\linkResolver.cpp, line 771]
Event: 22.113 Thread 0x000002aa68112870 Exception <a 'java/lang/NoSuchMethodError'{0x0000000089288378}: 'java.lang.Object java.lang.invoke.DirectMethodHandle$Holder.invokeStaticInit(java.lang.Object, java.lang.Object, long, java.lang.Object)'> (0x0000000089288378) 
thrown [s\src\hotspot\share\interpreter\linkResolver.cpp, line 771]
Event: 22.223 Thread 0x000002aa69ba10a0 Exception <a 'sun/nio/fs/WindowsException'{0x0000000088a790a8}> (0x0000000088a790a8) 
thrown [s\src\hotspot\share\prims\jni.cpp, line 517]
Event: 22.435 Thread 0x000002aa68112870 Exception <a 'java/lang/NoSuchMethodError'{0x000000008878d498}: 'int java.lang.invoke.DirectMethodHandle$Holder.invokeSpecialIFC(java.lang.Object, java.lang.Object, java.lang.Object)'> (0x000000008878d498) 
thrown [s\src\hotspot\share\interpreter\linkResolver.cpp, line 771]
Event: 23.082 Thread 0x000002aa6deaa650 Exception <a 'sun/nio/fs/WindowsException'{0x00000000884829b8}> (0x00000000884829b8) 
thrown [s\src\hotspot\share\prims\jni.cpp, line 517]
Event: 24.082 Thread 0x000002aa6deaa650 Exception <a 'java/lang/NoSuchMethodError'{0x0000000087b95168}: 'java.lang.Object java.lang.invoke.DirectMethodHandle$Holder.invokeStaticInit(java.lang.Object, java.lang.Object, java.lang.Object, java.lang.Object, java.lang.Object, java.lang.Object, java.lang.Object, java.lang.Object, java.lang.Object, java.lang.Object, java.lang.Object, java.lang.Object, java.lang.Object, java.lang.Object, java.lang.Object, java.lang.Object, java.lang.Object, java.lang.Object, java.lang.Object, java.lang.Object, int, java
Event: 24.819 Thread 0x000002aa685d54c0 Exception <a 'java/lang/IncompatibleClassChangeError'{0x000000008e412958}: Found class java.lang.Object, but interface was expected> (0x000000008e412958) 
thrown [s\src\hotspot\share\interpreter\linkResolver.cpp, line 838]
Event: 25.451 Thread 0x000002aa68111a00 Exception <a 'java/lang/NoSuchMethodError'{0x000000008e37da78}: 'long java.lang.invoke.DirectMethodHandle$Holder.invokeStatic(java.lang.Object, java.lang.Object, java.lang.Object)'> (0x000000008e37da78) 
thrown [s\src\hotspot\share\interpreter\linkResolver.cpp, line 771]
Event: 25.451 Thread 0x000002aa685d54c0 Exception <a 'java/lang/NoSuchMethodError'{0x000000008e3e8620}: 'long java.lang.invoke.DirectMethodHandle$Holder.invokeStatic(java.lang.Object, java.lang.Object, java.lang.Object)'> (0x000000008e3e8620) 
thrown [s\src\hotspot\share\interpreter\linkResolver.cpp, line 771]
Event: 25.529 Thread 0x000002aa685d54c0 Exception <a 'java/lang/IncompatibleClassChangeError'{0x000000008e277b20}: Found class java.lang.Object, but interface was expected> (0x000000008e277b20) 
thrown [s\src\hotspot\share\interpreter\linkResolver.cpp, line 838]
Event: 25.539 Thread 0x000002aa685d54c0 Exception <a 'java/lang/IncompatibleClassChangeError'{0x000000008e27ecc8}: Found class java.lang.Object, but interface was expected> (0x000000008e27ecc8) 
thrown [s\src\hotspot\share\interpreter\linkResolver.cpp, line 838]

VM Operations (20 events):
Event: 24.103 Executing VM operation: G1TryInitiateConcMark done
Event: 24.214 Executing VM operation: G1Concurrent
Event: 24.218 Executing VM operation: G1Concurrent done
Event: 24.266 Executing VM operation: G1Concurrent
Event: 24.266 Executing VM operation: G1Concurrent done
Event: 24.539 Executing VM operation: G1CollectForAllocation
Event: 24.555 Executing VM operation: G1CollectForAllocation done
Event: 24.598 Executing VM operation: G1CollectForAllocation
Event: 24.605 Executing VM operation: G1CollectForAllocation done
Event: 24.627 Executing VM operation: G1TryInitiateConcMark
Event: 24.632 Executing VM operation: G1TryInitiateConcMark done
Event: 24.760 Executing VM operation: G1Concurrent
Event: 24.770 Executing VM operation: G1Concurrent done
Event: 24.836 Executing VM operation: G1Concurrent
Event: 24.836 Executing VM operation: G1Concurrent done
Event: 24.969 Executing VM operation: HandshakeAllThreads
Event: 24.969 Executing VM operation: HandshakeAllThreads done
Event: 25.808 Executing VM operation: G1CollectForAllocation
Event: 25.837 Executing VM operation: G1CollectForAllocation done
Event: 25.858 Executing VM operation: G1CollectForAllocation

Events (20 events):
Event: 24.791 loading class java/util/concurrent/ForkJoinTask$Aux done
Event: 24.791 loading class java/util/concurrent/ForkJoinPool$DefaultForkJoinWorkerThreadFactory$1
Event: 24.806 loading class java/util/concurrent/ForkJoinPool$DefaultForkJoinWorkerThreadFactory$1 done
Event: 24.806 Thread 0x000002aa685d54c0 Thread added: 0x000002aa685d54c0
Event: 24.818 Thread 0x000002aa68111060 Thread added: 0x000002aa68111060
Event: 24.832 Thread 0x000002aa68111530 Thread added: 0x000002aa68111530
Event: 24.833 Thread 0x000002aa68111a00 Thread added: 0x000002aa68111a00
Event: 24.888 loading class java/lang/reflect/GenericSignatureFormatError
Event: 24.923 loading class java/lang/reflect/GenericSignatureFormatError done
Event: 24.979 Thread 0x000002aa6584bac0 flushing nmethod 0x000002aa4f656090
Event: 25.218 loading class java/util/AbstractList$RandomAccessSubList
Event: 25.218 loading class java/util/AbstractList$SubList
Event: 25.416 loading class java/util/AbstractList$SubList done
Event: 25.416 loading class java/util/AbstractList$RandomAccessSubList done
Event: 25.416 loading class java/util/AbstractList$SubList$1
Event: 25.416 loading class java/util/AbstractList$SubList$1 done
Event: 25.620 loading class java/nio/ShortBuffer
Event: 25.645 loading class java/nio/ShortBuffer done
Event: 25.645 loading class java/nio/HeapShortBuffer
Event: 25.654 loading class java/nio/HeapShortBuffer done


Dynamic libraries:
0x00007ff77b6d0000 - 0x00007ff77b6da000 	C:\Program Files\Android\Android Studio\jbr\bin\java.exe
0x00007ffed3450000 - 0x00007ffed3648000 	C:\Windows\SYSTEM32\ntdll.dll
0x00007ffed3270000 - 0x00007ffed332f000 	C:\Windows\System32\KERNEL32.DLL
0x00007ffed0c60000 - 0x00007ffed0f56000 	C:\Windows\System32\KERNELBASE.dll
0x00007ffed1300000 - 0x00007ffed1400000 	C:\Windows\System32\ucrtbase.dll
0x00007ffeb2410000 - 0x00007ffeb2427000 	C:\Program Files\Android\Android Studio\jbr\bin\jli.dll
0x00007ffeba8e0000 - 0x00007ffeba8fb000 	C:\Program Files\Android\Android Studio\jbr\bin\VCRUNTIME140.dll
0x00007ffed1ba0000 - 0x00007ffed1d3d000 	C:\Windows\System32\USER32.dll
0x00007ffebf670000 - 0x00007ffebf90a000 	C:\Windows\WinSxS\amd64_microsoft.windows.common-controls_6595b64144ccf1df_6.0.19041.1110_none_60b5254171f9507e\COMCTL32.dll
0x00007ffed1080000 - 0x00007ffed10a2000 	C:\Windows\System32\win32u.dll
0x00007ffed2a10000 - 0x00007ffed2aae000 	C:\Windows\System32\msvcrt.dll
0x00007ffed2930000 - 0x00007ffed295c000 	C:\Windows\System32\GDI32.dll
0x00007ffed0f60000 - 0x00007ffed1075000 	C:\Windows\System32\gdi32full.dll
0x00007ffed1260000 - 0x00007ffed12fd000 	C:\Windows\System32\msvcp_win.dll
0x00007ffed1ab0000 - 0x00007ffed1ae0000 	C:\Windows\System32\IMM32.DLL
0x000002aa49650000 - 0x000002aa49664000 	C:\Windows\System32\umppc17010.dll
0x00007ffecc6c0000 - 0x00007ffecc6cc000 	C:\Program Files\Android\Android Studio\jbr\bin\vcruntime140_1.dll
0x00007ffe7a270000 - 0x00007ffe7a2fd000 	C:\Program Files\Android\Android Studio\jbr\bin\msvcp140.dll
0x00007ffe6d7d0000 - 0x00007ffe6e43e000 	C:\Program Files\Android\Android Studio\jbr\bin\server\jvm.dll
0x00007ffed1af0000 - 0x00007ffed1b9f000 	C:\Windows\System32\ADVAPI32.dll
0x00007ffed1a00000 - 0x00007ffed1a9c000 	C:\Windows\System32\sechost.dll
0x00007ffed1f80000 - 0x00007ffed20a6000 	C:\Windows\System32\RPCRT4.dll
0x00007ffecdc30000 - 0x00007ffecdc39000 	C:\Windows\SYSTEM32\WSOCK32.dll
0x00007ffed2d10000 - 0x00007ffed2d7b000 	C:\Windows\System32\WS2_32.dll
0x00007ffebd330000 - 0x00007ffebd357000 	C:\Windows\SYSTEM32\WINMM.dll
0x00007ffecad20000 - 0x00007ffecad2a000 	C:\Windows\SYSTEM32\VERSION.dll
0x00007ffece7b0000 - 0x00007ffece7c2000 	C:\Windows\SYSTEM32\kernel.appcore.dll
0x00007ffecdc20000 - 0x00007ffecdc2a000 	C:\Program Files\Android\Android Studio\jbr\bin\jimage.dll
0x00007ffeb78b0000 - 0x00007ffeb7a94000 	C:\Windows\SYSTEM32\DBGHELP.DLL
0x00007ffeb7870000 - 0x00007ffeb78a4000 	C:\Windows\SYSTEM32\dbgcore.DLL
0x00007ffed0ba0000 - 0x00007ffed0c22000 	C:\Windows\System32\bcryptPrimitives.dll
0x00007ffecca40000 - 0x00007ffecca65000 	C:\Program Files\Android\Android Studio\jbr\bin\java.dll
0x00007ffecc570000 - 0x00007ffecc588000 	C:\Program Files\Android\Android Studio\jbr\bin\zip.dll
0x00007ffed20b0000 - 0x00007ffed27f4000 	C:\Windows\System32\SHELL32.dll
0x00007ffece9b0000 - 0x00007ffecf143000 	C:\Windows\SYSTEM32\windows.storage.dll
0x00007ffed2e40000 - 0x00007ffed3194000 	C:\Windows\System32\combase.dll
0x00007ffed0570000 - 0x00007ffed059e000 	C:\Windows\SYSTEM32\Wldp.dll
0x00007ffed2960000 - 0x00007ffed2a0d000 	C:\Windows\System32\SHCORE.dll
0x00007ffed1e90000 - 0x00007ffed1ee5000 	C:\Windows\System32\shlwapi.dll
0x00007ffed0a60000 - 0x00007ffed0a85000 	C:\Windows\SYSTEM32\profapi.dll
0x00007ffecad30000 - 0x00007ffecad49000 	C:\Program Files\Android\Android Studio\jbr\bin\net.dll
0x00007ffec4130000 - 0x00007ffec423a000 	C:\Windows\SYSTEM32\WINHTTP.dll
0x00007ffed02d0000 - 0x00007ffed033a000 	C:\Windows\system32\mswsock.dll
0x00007ffeba940000 - 0x00007ffeba956000 	C:\Program Files\Android\Android Studio\jbr\bin\nio.dll
0x00007ffecc6b0000 - 0x00007ffecc6c0000 	C:\Program Files\Android\Android Studio\jbr\bin\verify.dll
0x00007ffeb8b30000 - 0x00007ffeb8b57000 	C:\Users\profsl\.gradle\native\68d5fa5c4cc2d200863cafc0d521ce42e7d3e7ee720ec0a83991735586a16f82\windows-amd64\native-platform.dll
0x00007ffe794c0000 - 0x00007ffe79604000 	C:\Users\profsl\.gradle\native\e376f236ea51e6404a007f0833ffe2c6e607c4080706a723a18a27aeea778392\windows-amd64\native-platform-file-events.dll
0x00007ffebca60000 - 0x00007ffebca69000 	C:\Program Files\Android\Android Studio\jbr\bin\management.dll
0x00007ffebc220000 - 0x00007ffebc22b000 	C:\Program Files\Android\Android Studio\jbr\bin\management_ext.dll
0x00007ffed1ae0000 - 0x00007ffed1ae8000 	C:\Windows\System32\PSAPI.DLL
0x00007ffed04d0000 - 0x00007ffed04e8000 	C:\Windows\SYSTEM32\CRYPTSP.dll
0x00007ffecfb70000 - 0x00007ffecfba4000 	C:\Windows\system32\rsaenh.dll
0x00007ffed0c30000 - 0x00007ffed0c57000 	C:\Windows\System32\bcrypt.dll
0x00007ffed09e0000 - 0x00007ffed0a0e000 	C:\Windows\SYSTEM32\USERENV.dll
0x00007ffed04c0000 - 0x00007ffed04cc000 	C:\Windows\SYSTEM32\CRYPTBASE.dll
0x00007ffecff50000 - 0x00007ffecff8b000 	C:\Windows\SYSTEM32\IPHLPAPI.DLL
0x00007ffed1aa0000 - 0x00007ffed1aa8000 	C:\Windows\System32\NSI.dll
0x00007ffec9c60000 - 0x00007ffec9c77000 	C:\Windows\SYSTEM32\dhcpcsvc6.DLL
0x00007ffec9c40000 - 0x00007ffec9c5d000 	C:\Windows\SYSTEM32\dhcpcsvc.DLL
0x00007ffecff90000 - 0x00007ffed005a000 	C:\Windows\SYSTEM32\DNSAPI.dll
0x00007ffeba8d0000 - 0x00007ffeba8d7000 	C:\Windows\system32\wshunix.dll

dbghelp: loaded successfully - version: 4.0.5 - missing functions: none
symbol engine: initialized successfully - sym options: 0x614 - pdb path: .;C:\Program Files\Android\Android Studio\jbr\bin;C:\Windows\SYSTEM32;C:\Windows\WinSxS\amd64_microsoft.windows.common-controls_6595b64144ccf1df_6.0.19041.1110_none_60b5254171f9507e;C:\Program Files\Android\Android Studio\jbr\bin\server;C:\Users\profsl\.gradle\native\68d5fa5c4cc2d200863cafc0d521ce42e7d3e7ee720ec0a83991735586a16f82\windows-amd64;C:\Users\profsl\.gradle\native\e376f236ea51e6404a007f0833ffe2c6e607c4080706a723a18a27aeea778392\windows-amd64

VM Arguments:
jvm_args: --add-opens=java.base/java.util=ALL-UNNAMED --add-opens=java.base/java.lang=ALL-UNNAMED --add-opens=java.base/java.lang.invoke=ALL-UNNAMED --add-opens=java.prefs/java.util.prefs=ALL-UNNAMED --add-opens=java.base/java.nio.charset=ALL-UNNAMED --add-opens=java.base/java.net=ALL-UNNAMED --add-opens=java.base/java.util.concurrent.atomic=ALL-UNNAMED -Xmx2048m -Dfile.encoding=UTF-8 -Duser.country=BR -Duser.language=pt -Duser.variant 
java_command: org.gradle.launcher.daemon.bootstrap.GradleDaemon 8.0
java_class_path (initial): C:\Users\profsl\.gradle\wrapper\dists\gradle-8.0-bin\ca5e32bp14vu59qr306oxotwh\gradle-8.0\lib\gradle-launcher-8.0.jar
Launcher Type: SUN_STANDARD

[Global flags]
     intx CICompilerCount                          = 3                                         {product} {ergonomic}
     uint ConcGCThreads                            = 1                                         {product} {ergonomic}
     uint G1ConcRefinementThreads                  = 4                                         {product} {ergonomic}
   size_t G1HeapRegionSize                         = 1048576                                   {product} {ergonomic}
    uintx GCDrainStackTargetSize                   = 64                                        {product} {ergonomic}
   size_t InitialHeapSize                          = 134217728                                 {product} {ergonomic}
   size_t MarkStackSize                            = 4194304                                   {product} {ergonomic}
   size_t MaxHeapSize                              = 2147483648                                {product} {command line}
   size_t MaxNewSize                               = 1287651328                                {product} {ergonomic}
   size_t MinHeapDeltaBytes                        = 1048576                                   {product} {ergonomic}
   size_t MinHeapSize                              = 8388608                                   {product} {ergonomic}
    uintx NonNMethodCodeHeapSize                   = 5832780                                {pd product} {ergonomic}
    uintx NonProfiledCodeHeapSize                  = 122912730                              {pd product} {ergonomic}
    uintx ProfiledCodeHeapSize                     = 122912730                              {pd product} {ergonomic}
    uintx ReservedCodeCacheSize                    = 251658240                              {pd product} {ergonomic}
     bool SegmentedCodeCache                       = true                                      {product} {ergonomic}
   size_t SoftMaxHeapSize                          = 2147483648                             {manageable} {ergonomic}
     bool UseCompressedClassPointers               = true                           {product lp64_product} {ergonomic}
     bool UseCompressedOops                        = true                           {product lp64_product} {ergonomic}
     bool UseG1GC                                  = true                                      {product} {ergonomic}
     bool UseLargePagesIndividualAllocation        = false                                  {pd product} {ergonomic}

Logging:
Log output configuration:
 #0: stdout all=warning uptime,level,tags
 #1: stderr all=off uptime,level,tags

Environment Variables:
PATH=C:\Program Files (x86)\Common Files\Oracle\Java\javapath;C:\Windows\system32;C:\Windows;C:\Windows\System32\Wbem;C:\Windows\System32\WindowsPowerShell\v1.0\;C:\Windows\System32\OpenSSH\;C:\Program Files (x86)\Microsoft SQL Server\160\Tools\Binn\;C:\Program Files\Microsoft SQL Server\160\Tools\Binn\;C:\Program Files\Microsoft SQL Server\Client SDK\ODBC\170\Tools\Binn\;C:\Program Files\Microsoft SQL Server\160\DTS\Binn\;C:\Program Files (x86)\Microsoft SQL Server\160\DTS\Binn\;C:\Program Files\Azure Data Studio\bin;C:\Users\profsl\AppData\Local\Microsoft\WindowsApps;
USERNAME=profsl
OS=Windows_NT
PROCESSOR_IDENTIFIER=Intel64 Family 6 Model 158 Stepping 9, GenuineIntel
TMP=C:\Users\profsl\AppData\Local\Temp
TEMP=C:\Users\profsl\AppData\Local\Temp


JNI global refs:
JNI global refs: 25, weak refs: 29

JNI global refs memory usage: 843, weak refs: 841


---------------  S Y S T E M  ---------------

OS:
 Windows 10 , 64 bit Build 19041 (10.0.19041.3155)
OS uptime: 0 days 0:58 hours

CPU: total 4 (initial active 4) (4 cores per cpu, 1 threads per core) family 6 model 158 stepping 9 microcode 0xb4, cx8, cmov, fxsr, mmx, 3dnowpref, sse, sse2, sse3, ssse3, sse4.1, sse4.2, popcnt, lzcnt, tsc, tscinvbit, avx, avx2, aes, erms, clmul, bmi1, bmi2, rtm, adx, fma, vzeroupper, clflush, clflushopt

Memory: 4k page, system-wide physical 8087M (322M free)
TotalPageFile size 8087M (AvailPageFile size 5M)
current process WorkingSet (physical memory assigned to process): 402M, peak: 403M
current process commit charge ("private bytes"): 530M, peak: 928M

vm_info: OpenJDK 64-Bit Server VM (17.0.6+0-b2043.56-10027231) for windows-amd64 JRE (17.0.6+0-b2043.56-10027231), built on Apr 28 2023 00:43:19 by "androidbuild" with MS VC++ 16.10 / 16.11 (VS2019)

END.
