#
# There is insufficient memory for the Java Runtime Environment to continue.
# Native memory allocation (mmap) failed to map 9437184 bytes for G1 virtual space
# Possible reasons:
#   The system is out of physical RAM or swap space
#   The process is running with CompressedOops enabled, and the Java Heap may be blocking the growth of the native heap
# Possible solutions:
#   Reduce memory load on the system
#   Increase physical memory or swap space
#   Check if swap backing store is full
#   Decrease Java heap size (-Xmx/-Xms)
#   Decrease number of Java threads
#   Decrease Java thread stack sizes (-Xss)
#   Set larger code cache with -XX:ReservedCodeCacheSize=
#   JVM is running with Unscaled Compressed Oops mode in which the Java heap is
#     placed in the first 4GB address space. The Java Heap base address is the
#     maximum limit for the native heap growth. Please use -XX:HeapBaseMinAddress
#     to set the Java Heap base and to place the Java Heap above 4GB virtual address.
# This output file may be truncated or incomplete.
#
#  Out of Memory Error (os_windows.cpp:3769), pid=3112, tid=4288
#
# JRE version: OpenJDK Runtime Environment (17.0.6) (build 17.0.6+0-b2043.56-10027231)
# Java VM: OpenJDK 64-Bit Server VM (17.0.6+0-b2043.56-10027231, mixed mode, tiered, compressed oops, compressed class ptrs, g1 gc, windows-amd64)
# No core dump will be written. Minidumps are not enabled by default on client versions of Windows
#

---------------  S U M M A R Y ------------

Command Line: --add-opens=java.base/java.util=ALL-UNNAMED --add-opens=java.base/java.lang=ALL-UNNAMED --add-opens=java.base/java.lang.invoke=ALL-UNNAMED --add-opens=java.prefs/java.util.prefs=ALL-UNNAMED --add-opens=java.base/java.nio.charset=ALL-UNNAMED --add-opens=java.base/java.net=ALL-UNNAMED --add-opens=java.base/java.util.concurrent.atomic=ALL-UNNAMED -Xmx2048m -Dfile.encoding=UTF-8 -Duser.country=BR -Duser.language=pt -Duser.variant org.gradle.launcher.daemon.bootstrap.GradleDaemon 8.0

Host: Intel(R) Core(TM) i5-7500 CPU @ 3.40GHz, 4 cores, 7G,  Windows 10 , 64 bit Build 19041 (10.0.19041.3155)
Time: Wed Sep 20 09:56:02 2023 Hora oficial do Brasil elapsed time: 6.807904 seconds (0d 0h 0m 6s)

---------------  T H R E A D  ---------------

Current thread (0x00000153c8acb890):  VMThread "VM Thread" [stack: 0x00000023e3400000,0x00000023e3500000] [id=4288]

Stack: [0x00000023e3400000,0x00000023e3500000]
Native frames: (J=compiled Java code, j=interpreted, Vv=VM code, C=native code)
V  [jvm.dll+0x683c9a]
V  [jvm.dll+0x8427a4]
V  [jvm.dll+0x843f9e]
V  [jvm.dll+0x844603]
V  [jvm.dll+0x249b75]
V  [jvm.dll+0x680b69]
V  [jvm.dll+0x67505a]
V  [jvm.dll+0x309acb]
V  [jvm.dll+0x310f86]
V  [jvm.dll+0x3608ee]
V  [jvm.dll+0x360b1f]
V  [jvm.dll+0x2dfbf8]
V  [jvm.dll+0x2ddec4]
V  [jvm.dll+0x2dd4cc]
V  [jvm.dll+0x321f3b]
V  [jvm.dll+0x848ccb]
V  [jvm.dll+0x849a04]
V  [jvm.dll+0x849f1d]
V  [jvm.dll+0x84a2f4]
V  [jvm.dll+0x84a3c0]
V  [jvm.dll+0x7f274a]
V  [jvm.dll+0x682ad5]
C  [ucrtbase.dll+0x21bb2]
C  [KERNEL32.DLL+0x17614]
C  [ntdll.dll+0x526b1]

VM_Operation (0x00000023e4ffde90): G1CollectForAllocation, mode: safepoint, requested by thread 0x00000153ca4a53d0


---------------  P R O C E S S  ---------------

Threads class SMR info:
_java_thread_list=0x00000153cf26bbb0, length=81, elements={
0x00000153aed5fcd0, 0x00000153c8acf7d0, 0x00000153c8ad1d00, 0x00000153c8adc9e0,
0x00000153c8b0e880, 0x00000153c9519470, 0x00000153c951c080, 0x00000153c9520910,
0x00000153c95219b0, 0x00000153c95242c0, 0x00000153c96a52c0, 0x00000153c96aa5d0,
0x00000153c977d330, 0x00000153cab1c240, 0x00000153cac21470, 0x00000153cbf22460,
0x00000153cc28b070, 0x00000153cc59e830, 0x00000153cbdf5dd0, 0x00000153cc118500,
0x00000153ca4a4a30, 0x00000153ca4a5d70, 0x00000153ca4a3bc0, 0x00000153ca4a53d0,
0x00000153ca4a6240, 0x00000153ca4a6710, 0x00000153ca4a2d50, 0x00000153ca4a4090,
0x00000153ca4a3220, 0x00000153ca4a36f0, 0x00000153ca4a58a0, 0x00000153ca4a4560,
0x00000153ca4a4f00, 0x00000153cd825050, 0x00000153cd821690, 0x00000153cd825520,
0x00000153cd8259f0, 0x00000153cd820820, 0x00000153cd8241e0, 0x00000153cd823370,
0x00000153cd820cf0, 0x00000153cd81f9b0, 0x00000153cd81fe80, 0x00000153cd822500,
0x00000153cd820350, 0x00000153cd822030, 0x00000153cd8229d0, 0x00000153cd826390,
0x00000153cd824b80, 0x00000153cd826860, 0x00000153cd826d30, 0x00000153cd827200,
0x00000153cf853050, 0x00000153cf854d30, 0x00000153cf853520, 0x00000153cf8539f0,
0x00000153cf852b80, 0x00000153cf853ec0, 0x00000153cf855200, 0x00000153cf850500,
0x00000153cf854390, 0x00000153cf8509d0, 0x00000153cf856a10, 0x00000153cf851370,
0x00000153cf856540, 0x00000153cf854860, 0x00000153cf8556d0, 0x00000153cf855ba0,
0x00000153cf850ea0, 0x00000153cf851d10, 0x00000153cf851840, 0x00000153cf856070,
0x00000153cf8521e0, 0x00000153cf8526b0, 0x00000153cf856ee0, 0x00000153cf84f690,
0x00000153cf84fb60, 0x00000153cf850030, 0x00000153cbe2abd0, 0x00000153cbe2dbf0,
0x00000153cbe2bf10
}

Java Threads: ( => current thread )
  0x00000153aed5fcd0 JavaThread "main" [_thread_blocked, id=10896, stack(0x00000023e2e00000,0x00000023e2f00000)]
  0x00000153c8acf7d0 JavaThread "Reference Handler" daemon [_thread_blocked, id=7328, stack(0x00000023e3500000,0x00000023e3600000)]
  0x00000153c8ad1d00 JavaThread "Finalizer" daemon [_thread_blocked, id=9156, stack(0x00000023e3600000,0x00000023e3700000)]
  0x00000153c8adc9e0 JavaThread "Signal Dispatcher" daemon [_thread_blocked, id=5504, stack(0x00000023e3700000,0x00000023e3800000)]
  0x00000153c8b0e880 JavaThread "Attach Listener" daemon [_thread_blocked, id=5820, stack(0x00000023e3800000,0x00000023e3900000)]
  0x00000153c9519470 JavaThread "Service Thread" daemon [_thread_blocked, id=9820, stack(0x00000023e3900000,0x00000023e3a00000)]
  0x00000153c951c080 JavaThread "Monitor Deflation Thread" daemon [_thread_blocked, id=5480, stack(0x00000023e3a00000,0x00000023e3b00000)]
  0x00000153c9520910 JavaThread "C2 CompilerThread0" daemon [_thread_blocked, id=4732, stack(0x00000023e3b00000,0x00000023e3c00000)]
  0x00000153c95219b0 JavaThread "C1 CompilerThread0" daemon [_thread_blocked, id=10364, stack(0x00000023e3c00000,0x00000023e3d00000)]
  0x00000153c95242c0 JavaThread "Sweeper thread" daemon [_thread_blocked, id=10864, stack(0x00000023e3d00000,0x00000023e3e00000)]
  0x00000153c96a52c0 JavaThread "Common-Cleaner" daemon [_thread_blocked, id=9144, stack(0x00000023e3e00000,0x00000023e3f00000)]
  0x00000153c96aa5d0 JavaThread "Notification Thread" daemon [_thread_blocked, id=10408, stack(0x00000023e3f00000,0x00000023e4000000)]
  0x00000153c977d330 JavaThread "C2 CompilerThread1" daemon [_thread_blocked, id=7624, stack(0x00000023e4100000,0x00000023e4200000)]
  0x00000153cab1c240 JavaThread "Daemon health stats" [_thread_blocked, id=7640, stack(0x00000023e4500000,0x00000023e4600000)]
  0x00000153cac21470 JavaThread "Incoming local TCP Connector on port 51344" [_thread_in_native, id=9616, stack(0x00000023e4600000,0x00000023e4700000)]
  0x00000153cbf22460 JavaThread "Daemon periodic checks" [_thread_blocked, id=1200, stack(0x00000023e4700000,0x00000023e4800000)]
  0x00000153cc28b070 JavaThread "Daemon" [_thread_blocked, id=8432, stack(0x00000023e4800000,0x00000023e4900000)]
  0x00000153cc59e830 JavaThread "Handler for socket connection from /127.0.0.1:51344 to /127.0.0.1:51345" [_thread_in_native, id=9608, stack(0x00000023e4900000,0x00000023e4a00000)]
  0x00000153cbdf5dd0 JavaThread "Cancel handler" [_thread_blocked, id=7436, stack(0x00000023e4a00000,0x00000023e4b00000)]
  0x00000153cc118500 JavaThread "Daemon worker" [_thread_blocked, id=10892, stack(0x00000023e4b00000,0x00000023e4c00000)]
  0x00000153ca4a4a30 JavaThread "Asynchronous log dispatcher for DefaultDaemonConnection: socket connection from /127.0.0.1:51344 to /127.0.0.1:51345" [_thread_blocked, id=10072, stack(0x00000023e4c00000,0x00000023e4d00000)]
  0x00000153ca4a5d70 JavaThread "Stdin handler" [_thread_blocked, id=10084, stack(0x00000023e4d00000,0x00000023e4e00000)]
  0x00000153ca4a3bc0 JavaThread "Daemon client event forwarder" [_thread_blocked, id=10104, stack(0x00000023e4e00000,0x00000023e4f00000)]
  0x00000153ca4a53d0 JavaThread "Cache worker for journal cache (C:\Users\profsl\.gradle\caches\journal-1)" [_thread_blocked, id=8596, stack(0x00000023e4f00000,0x00000023e5000000)]
  0x00000153ca4a6240 JavaThread "File lock request listener" [_thread_in_native, id=2328, stack(0x00000023e5000000,0x00000023e5100000)]
  0x00000153ca4a6710 JavaThread "Cache worker for file hash cache (C:\Users\profsl\.gradle\caches\8.0\fileHashes)" [_thread_blocked, id=10368, stack(0x00000023e5100000,0x00000023e5200000)]
  0x00000153ca4a2d50 JavaThread "File watcher server" daemon [_thread_in_native, id=7848, stack(0x00000023e5200000,0x00000023e5300000)]
  0x00000153ca4a4090 JavaThread "File watcher consumer" daemon [_thread_blocked, id=8080, stack(0x00000023e5300000,0x00000023e5400000)]
  0x00000153ca4a3220 JavaThread "jar transforms" [_thread_blocked, id=10336, stack(0x00000023e5400000,0x00000023e5500000)]
  0x00000153ca4a36f0 JavaThread "jar transforms Thread 2" [_thread_blocked, id=7880, stack(0x00000023e5500000,0x00000023e5600000)]
  0x00000153ca4a58a0 JavaThread "jar transforms Thread 3" [_thread_blocked, id=8204, stack(0x00000023e5600000,0x00000023e5700000)]
  0x00000153ca4a4560 JavaThread "jar transforms Thread 4" [_thread_blocked, id=9016, stack(0x00000023e5700000,0x00000023e5800000)]
  0x00000153ca4a4f00 JavaThread "Cache worker for checksums cache (C:\Users\profsl\AndroidStudioProjects\FMU2023_2_4aM\.gradle\8.0\checksums)" [_thread_blocked, id=10392, stack(0x00000023e5800000,0x00000023e5900000)]
  0x00000153cd825050 JavaThread "Cache worker for cache directory md-rule (C:\Users\profsl\.gradle\caches\8.0\md-rule)" [_thread_blocked, id=5860, stack(0x00000023e5900000,0x00000023e5a00000)]
  0x00000153cd821690 JavaThread "Cache worker for file content cache (C:\Users\profsl\.gradle\caches\8.0\fileContent)" [_thread_blocked, id=9372, stack(0x00000023e5a00000,0x00000023e5b00000)]
  0x00000153cd825520 JavaThread "Cache worker for file hash cache (C:\Users\profsl\AndroidStudioProjects\FMU2023_2_4aM\.gradle\8.0\fileHashes)" [_thread_blocked, id=9744, stack(0x00000023e5b00000,0x00000023e5c00000)]
  0x00000153cd8259f0 JavaThread "Cache worker for cache directory md-supplier (C:\Users\profsl\.gradle\caches\8.0\md-supplier)" [_thread_blocked, id=7592, stack(0x00000023e5c00000,0x00000023e5d00000)]
  0x00000153cd820820 JavaThread "Cache worker for execution history cache (C:\Users\profsl\.gradle\caches\8.0\executionHistory)" [_thread_blocked, id=7560, stack(0x00000023e5d00000,0x00000023e5e00000)]
  0x00000153cd8241e0 JavaThread "Cache worker for kotlin-dsl (C:\Users\profsl\.gradle\caches\8.0\kotlin-dsl)" [_thread_blocked, id=2644, stack(0x00000023e5e00000,0x00000023e5f00000)]
  0x00000153cd823370 JavaThread "Cache worker for dependencies-accessors (C:\Users\profsl\AndroidStudioProjects\FMU2023_2_4aM\.gradle\8.0\dependencies-accessors)" [_thread_blocked, id=9752, stack(0x00000023e5f00000,0x00000023e6000000)]
  0x00000153cd820cf0 JavaThread "Cache worker for Build Output Cleanup Cache (C:\Users\profsl\AndroidStudioProjects\FMU2023_2_4aM\.gradle\buildOutputCleanup)" [_thread_blocked, id=10764, stack(0x00000023e6000000,0x00000023e6100000)]
  0x00000153cd81f9b0 JavaThread "Unconstrained build operations" [_thread_blocked, id=8324, stack(0x00000023e6100000,0x00000023e6200000)]
  0x00000153cd81fe80 JavaThread "Unconstrained build operations Thread 2" [_thread_blocked, id=4564, stack(0x00000023e6200000,0x00000023e6300000)]
  0x00000153cd822500 JavaThread "Unconstrained build operations Thread 3" [_thread_blocked, id=6460, stack(0x00000023e6300000,0x00000023e6400000)]
  0x00000153cd820350 JavaThread "Unconstrained build operations Thread 4" [_thread_blocked, id=7240, stack(0x00000023e6400000,0x00000023e6500000)]
  0x00000153cd822030 JavaThread "Unconstrained build operations Thread 5" [_thread_blocked, id=320, stack(0x00000023e6500000,0x00000023e6600000)]
  0x00000153cd8229d0 JavaThread "Unconstrained build operations Thread 6" [_thread_blocked, id=8404, stack(0x00000023e6600000,0x00000023e6700000)]
  0x00000153cd826390 JavaThread "Unconstrained build operations Thread 7" [_thread_blocked, id=8584, stack(0x00000023e6700000,0x00000023e6800000)]
  0x00000153cd824b80 JavaThread "Unconstrained build operations Thread 8" [_thread_blocked, id=5500, stack(0x00000023e6800000,0x00000023e6900000)]
  0x00000153cd826860 JavaThread "Unconstrained build operations Thread 9" [_thread_blocked, id=8916, stack(0x00000023e6900000,0x00000023e6a00000)]
  0x00000153cd826d30 JavaThread "Unconstrained build operations Thread 10" [_thread_blocked, id=8376, stack(0x00000023e6a00000,0x00000023e6b00000)]
  0x00000153cd827200 JavaThread "Unconstrained build operations Thread 11" [_thread_blocked, id=4900, stack(0x00000023e6b00000,0x00000023e6c00000)]
  0x00000153cf853050 JavaThread "Unconstrained build operations Thread 12" [_thread_blocked, id=3060, stack(0x00000023e6c00000,0x00000023e6d00000)]
  0x00000153cf854d30 JavaThread "Unconstrained build operations Thread 13" [_thread_blocked, id=9760, stack(0x00000023e6d00000,0x00000023e6e00000)]
  0x00000153cf853520 JavaThread "Unconstrained build operations Thread 14" [_thread_blocked, id=3156, stack(0x00000023e6e00000,0x00000023e6f00000)]
  0x00000153cf8539f0 JavaThread "Unconstrained build operations Thread 15" [_thread_blocked, id=10268, stack(0x00000023e6f00000,0x00000023e7000000)]
  0x00000153cf852b80 JavaThread "Unconstrained build operations Thread 16" [_thread_blocked, id=8580, stack(0x00000023e7000000,0x00000023e7100000)]
  0x00000153cf853ec0 JavaThread "Unconstrained build operations Thread 17" [_thread_blocked, id=11044, stack(0x00000023e7100000,0x00000023e7200000)]
  0x00000153cf855200 JavaThread "Unconstrained build operations Thread 18" [_thread_blocked, id=8040, stack(0x00000023e7200000,0x00000023e7300000)]
  0x00000153cf850500 JavaThread "Unconstrained build operations Thread 19" [_thread_blocked, id=1764, stack(0x00000023e7300000,0x00000023e7400000)]
  0x00000153cf854390 JavaThread "Unconstrained build operations Thread 20" [_thread_blocked, id=8440, stack(0x00000023e7400000,0x00000023e7500000)]
  0x00000153cf8509d0 JavaThread "Unconstrained build operations Thread 21" [_thread_blocked, id=1108, stack(0x00000023e7500000,0x00000023e7600000)]
  0x00000153cf856a10 JavaThread "Unconstrained build operations Thread 22" [_thread_blocked, id=9404, stack(0x00000023e7600000,0x00000023e7700000)]
  0x00000153cf851370 JavaThread "Unconstrained build operations Thread 23" [_thread_blocked, id=11096, stack(0x00000023e7700000,0x00000023e7800000)]
  0x00000153cf856540 JavaThread "Unconstrained build operations Thread 24" [_thread_blocked, id=812, stack(0x00000023e7800000,0x00000023e7900000)]
  0x00000153cf854860 JavaThread "Unconstrained build operations Thread 25" [_thread_blocked, id=6876, stack(0x00000023e7900000,0x00000023e7a00000)]
  0x00000153cf8556d0 JavaThread "Unconstrained build operations Thread 26" [_thread_blocked, id=6276, stack(0x00000023e7a00000,0x00000023e7b00000)]
  0x00000153cf855ba0 JavaThread "Unconstrained build operations Thread 27" [_thread_blocked, id=10448, stack(0x00000023e7b00000,0x00000023e7c00000)]
  0x00000153cf850ea0 JavaThread "Unconstrained build operations Thread 28" [_thread_blocked, id=5060, stack(0x00000023e7c00000,0x00000023e7d00000)]
  0x00000153cf851d10 JavaThread "Unconstrained build operations Thread 29" [_thread_blocked, id=4000, stack(0x00000023e7d00000,0x00000023e7e00000)]
  0x00000153cf851840 JavaThread "Unconstrained build operations Thread 30" [_thread_blocked, id=4680, stack(0x00000023e7e00000,0x00000023e7f00000)]
  0x00000153cf856070 JavaThread "Unconstrained build operations Thread 31" [_thread_blocked, id=10588, stack(0x00000023e7f00000,0x00000023e8000000)]
  0x00000153cf8521e0 JavaThread "Unconstrained build operations Thread 32" [_thread_blocked, id=1220, stack(0x00000023e8000000,0x00000023e8100000)]
  0x00000153cf8526b0 JavaThread "Unconstrained build operations Thread 33" [_thread_blocked, id=1248, stack(0x00000023e8100000,0x00000023e8200000)]
  0x00000153cf856ee0 JavaThread "Unconstrained build operations Thread 34" [_thread_blocked, id=8836, stack(0x00000023e8200000,0x00000023e8300000)]
  0x00000153cf84f690 JavaThread "Unconstrained build operations Thread 35" [_thread_blocked, id=2188, stack(0x00000023e8300000,0x00000023e8400000)]
  0x00000153cf84fb60 JavaThread "Unconstrained build operations Thread 36" [_thread_blocked, id=11216, stack(0x00000023e8400000,0x00000023e8500000)]
  0x00000153cf850030 JavaThread "Unconstrained build operations Thread 37" [_thread_blocked, id=7744, stack(0x00000023e8500000,0x00000023e8600000)]
  0x00000153cbe2abd0 JavaThread "Unconstrained build operations Thread 38" [_thread_blocked, id=536, stack(0x00000023e8600000,0x00000023e8700000)]
  0x00000153cbe2dbf0 JavaThread "Unconstrained build operations Thread 39" [_thread_blocked, id=10972, stack(0x00000023e8700000,0x00000023e8800000)]
  0x00000153cbe2bf10 JavaThread "Unconstrained build operations Thread 40" [_thread_blocked, id=1744, stack(0x00000023e8800000,0x00000023e8900000)]

Other Threads:
=>0x00000153c8acb890 VMThread "VM Thread" [stack: 0x00000023e3400000,0x00000023e3500000] [id=4288]
  0x00000153c96aaaa0 WatcherThread [stack: 0x00000023e4000000,0x00000023e4100000] [id=3964]
  0x00000153aedbc2d0 GCTaskThread "GC Thread#0" [stack: 0x00000023e2f00000,0x00000023e3000000] [id=10720]
  0x00000153c9826fd0 GCTaskThread "GC Thread#1" [stack: 0x00000023e4200000,0x00000023e4300000] [id=9688]
  0x00000153c9826a70 GCTaskThread "GC Thread#2" [stack: 0x00000023e4300000,0x00000023e4400000] [id=6096]
  0x00000153c9827530 GCTaskThread "GC Thread#3" [stack: 0x00000023e4400000,0x00000023e4500000] [id=4340]
  0x00000153aedcd190 ConcurrentGCThread "G1 Main Marker" [stack: 0x00000023e3000000,0x00000023e3100000] [id=5560]
  0x00000153aedce250 ConcurrentGCThread "G1 Conc#0" [stack: 0x00000023e3100000,0x00000023e3200000] [id=9448]
  0x00000153aee24640 ConcurrentGCThread "G1 Refine#0" [stack: 0x00000023e3200000,0x00000023e3300000] [id=10544]
  0x00000153c89314b0 ConcurrentGCThread "G1 Service" [stack: 0x00000023e3300000,0x00000023e3400000] [id=1776]

Threads with active compile tasks:
C2 CompilerThread0     6854 5862       4       java.io.ByteArrayOutputStream::ensureCapacity (32 bytes)

VM state: at safepoint (normal execution)

VM Mutex/Monitor currently owned by a thread:  ([mutex/lock_event])
[0x00000153aed5aba0] Threads_lock - owner thread: 0x00000153c8acb890
[0x00000153aed5ba40] Heap_lock - owner thread: 0x00000153ca4a53d0

Heap address: 0x0000000080000000, size: 2048 MB, Compressed Oops mode: 32-bit

CDS archive(s) not mapped
Compressed class space mapped at: 0x0000000100000000-0x0000000140000000, reserved size: 1073741824
Narrow klass base: 0x0000000000000000, Narrow klass shift: 3, Narrow klass range: 0x140000000

GC Precious Log:
 CPUs: 4 total, 4 available
 Memory: 8087M
 Large Page Support: Disabled
 NUMA Support: Disabled
 Compressed Oops: Enabled (32-bit)
 Heap Region Size: 1M
 Heap Min Capacity: 8M
 Heap Initial Capacity: 128M
 Heap Max Capacity: 2G
 Pre-touch: Disabled
 Parallel Workers: 4
 Concurrent Workers: 1
 Concurrent Refinement Workers: 4
 Periodic GC: Disabled

Heap:
 garbage-first heap   total 121856K, used 73725K [0x0000000080000000, 0x0000000100000000)
  region size 1024K, 4 young (4096K), 4 survivors (4096K)
 Metaspace       used 56048K, committed 56640K, reserved 1097728K
  class space    used 7538K, committed 7808K, reserved 1048576K

Heap Regions: E=young(eden), S=young(survivor), O=old, HS=humongous(starts), HC=humongous(continues), CS=collection set, F=free, OA=open archive, CA=closed archive, TAMS=top-at-mark-start (previous, next)
|   0|0x0000000080000000, 0x0000000080100000, 0x0000000080100000|100%| O|  |TAMS 0x0000000080100000, 0x0000000080100000| Untracked 
|   1|0x0000000080100000, 0x0000000080200000, 0x0000000080200000|100%| O|  |TAMS 0x0000000080200000, 0x0000000080200000| Untracked 
|   2|0x0000000080200000, 0x0000000080300000, 0x0000000080300000|100%|HS|  |TAMS 0x0000000080300000, 0x0000000080300000| Complete 
|   3|0x0000000080300000, 0x0000000080400000, 0x0000000080400000|100%|HC|  |TAMS 0x0000000080400000, 0x0000000080400000| Complete 
|   4|0x0000000080400000, 0x0000000080500000, 0x0000000080500000|100%|HC|  |TAMS 0x0000000080500000, 0x0000000080500000| Complete 
|   5|0x0000000080500000, 0x0000000080600000, 0x0000000080600000|100%|HC|  |TAMS 0x0000000080600000, 0x0000000080600000| Complete 
|   6|0x0000000080600000, 0x0000000080700000, 0x0000000080700000|100%| O|  |TAMS 0x0000000080700000, 0x0000000080700000| Untracked 
|   7|0x0000000080700000, 0x0000000080800000, 0x0000000080800000|100%| O|  |TAMS 0x0000000080800000, 0x0000000080800000| Untracked 
|   8|0x0000000080800000, 0x0000000080900000, 0x0000000080900000|100%| O|  |TAMS 0x0000000080900000, 0x0000000080900000| Untracked 
|   9|0x0000000080900000, 0x0000000080a00000, 0x0000000080a00000|100%| O|  |TAMS 0x0000000080a00000, 0x0000000080a00000| Untracked 
|  10|0x0000000080a00000, 0x0000000080b00000, 0x0000000080b00000|100%| O|  |TAMS 0x0000000080b00000, 0x0000000080b00000| Untracked 
|  11|0x0000000080b00000, 0x0000000080c00000, 0x0000000080c00000|100%| O|  |TAMS 0x0000000080c00000, 0x0000000080c00000| Untracked 
|  12|0x0000000080c00000, 0x0000000080d00000, 0x0000000080d00000|100%| O|  |TAMS 0x0000000080d00000, 0x0000000080d00000| Untracked 
|  13|0x0000000080d00000, 0x0000000080e00000, 0x0000000080e00000|100%| O|  |TAMS 0x0000000080e00000, 0x0000000080e00000| Untracked 
|  14|0x0000000080e00000, 0x0000000080f00000, 0x0000000080f00000|100%| O|  |TAMS 0x0000000080f00000, 0x0000000080f00000| Untracked 
|  15|0x0000000080f00000, 0x0000000081000000, 0x0000000081000000|100%| O|  |TAMS 0x0000000081000000, 0x0000000081000000| Untracked 
|  16|0x0000000081000000, 0x0000000081100000, 0x0000000081100000|100%| O|  |TAMS 0x0000000081100000, 0x0000000081100000| Untracked 
|  17|0x0000000081100000, 0x0000000081200000, 0x0000000081200000|100%| O|  |TAMS 0x0000000081200000, 0x0000000081200000| Untracked 
|  18|0x0000000081200000, 0x0000000081300000, 0x0000000081300000|100%| O|  |TAMS 0x0000000081300000, 0x0000000081300000| Untracked 
|  19|0x0000000081300000, 0x0000000081400000, 0x0000000081400000|100%| O|  |TAMS 0x0000000081400000, 0x0000000081400000| Untracked 
|  20|0x0000000081400000, 0x0000000081500000, 0x0000000081500000|100%| O|  |TAMS 0x0000000081500000, 0x0000000081500000| Untracked 
|  21|0x0000000081500000, 0x0000000081600000, 0x0000000081600000|100%|HS|  |TAMS 0x0000000081600000, 0x0000000081600000| Complete 
|  22|0x0000000081600000, 0x0000000081700000, 0x0000000081700000|100%|HC|  |TAMS 0x0000000081700000, 0x0000000081700000| Complete 
|  23|0x0000000081700000, 0x0000000081800000, 0x0000000081800000|100%|HS|  |TAMS 0x0000000081800000, 0x0000000081800000| Complete 
|  24|0x0000000081800000, 0x0000000081900000, 0x0000000081900000|100%|HC|  |TAMS 0x0000000081900000, 0x0000000081900000| Complete 
|  25|0x0000000081900000, 0x0000000081a00000, 0x0000000081a00000|100%|HC|  |TAMS 0x0000000081a00000, 0x0000000081a00000| Complete 
|  26|0x0000000081a00000, 0x0000000081b00000, 0x0000000081b00000|100%|HS|  |TAMS 0x0000000081b00000, 0x0000000081b00000| Complete 
|  27|0x0000000081b00000, 0x0000000081c00000, 0x0000000081c00000|100%|HC|  |TAMS 0x0000000081c00000, 0x0000000081c00000| Complete 
|  28|0x0000000081c00000, 0x0000000081d00000, 0x0000000081d00000|100%|HC|  |TAMS 0x0000000081d00000, 0x0000000081d00000| Complete 
|  29|0x0000000081d00000, 0x0000000081e00000, 0x0000000081e00000|100%|HS|  |TAMS 0x0000000081e00000, 0x0000000081e00000| Complete 
|  30|0x0000000081e00000, 0x0000000081f00000, 0x0000000081f00000|100%|HC|  |TAMS 0x0000000081f00000, 0x0000000081f00000| Complete 
|  31|0x0000000081f00000, 0x0000000082000000, 0x0000000082000000|100%|HC|  |TAMS 0x0000000082000000, 0x0000000082000000| Complete 
|  32|0x0000000082000000, 0x0000000082100000, 0x0000000082100000|100%|HC|  |TAMS 0x0000000082100000, 0x0000000082100000| Complete 
|  33|0x0000000082100000, 0x0000000082200000, 0x0000000082200000|100%|HC|  |TAMS 0x0000000082200000, 0x0000000082200000| Complete 
|  34|0x0000000082200000, 0x0000000082300000, 0x0000000082300000|100%|HC|  |TAMS 0x0000000082300000, 0x0000000082300000| Complete 
|  35|0x0000000082300000, 0x0000000082400000, 0x0000000082400000|100%|HC|  |TAMS 0x0000000082400000, 0x0000000082400000| Complete 
|  36|0x0000000082400000, 0x0000000082500000, 0x0000000082500000|100%|HC|  |TAMS 0x0000000082500000, 0x0000000082500000| Complete 
|  37|0x0000000082500000, 0x0000000082600000, 0x0000000082600000|100%|HC|  |TAMS 0x0000000082600000, 0x0000000082600000| Complete 
|  38|0x0000000082600000, 0x0000000082700000, 0x0000000082700000|100%|HC|  |TAMS 0x0000000082700000, 0x0000000082700000| Complete 
|  39|0x0000000082700000, 0x0000000082800000, 0x0000000082800000|100%|HC|  |TAMS 0x0000000082800000, 0x0000000082800000| Complete 
|  40|0x0000000082800000, 0x0000000082900000, 0x0000000082900000|100%|HC|  |TAMS 0x0000000082900000, 0x0000000082900000| Complete 
|  41|0x0000000082900000, 0x0000000082a00000, 0x0000000082a00000|100%| O|  |TAMS 0x0000000082a00000, 0x0000000082a00000| Untracked 
|  42|0x0000000082a00000, 0x0000000082b00000, 0x0000000082b00000|100%| O|  |TAMS 0x0000000082b00000, 0x0000000082b00000| Untracked 
|  43|0x0000000082b00000, 0x0000000082c00000, 0x0000000082c00000|100%| O|  |TAMS 0x0000000082c00000, 0x0000000082c00000| Untracked 
|  44|0x0000000082c00000, 0x0000000082d00000, 0x0000000082d00000|100%| O|  |TAMS 0x0000000082d00000, 0x0000000082d00000| Untracked 
|  45|0x0000000082d00000, 0x0000000082e00000, 0x0000000082e00000|100%| O|  |TAMS 0x0000000082e00000, 0x0000000082e00000| Untracked 
|  46|0x0000000082e00000, 0x0000000082f00000, 0x0000000082f00000|100%|HS|  |TAMS 0x0000000082f00000, 0x0000000082f00000| Complete 
|  47|0x0000000082f00000, 0x0000000083000000, 0x0000000083000000|100%|HC|  |TAMS 0x0000000083000000, 0x0000000083000000| Complete 
|  48|0x0000000083000000, 0x0000000083100000, 0x0000000083100000|100%| O|  |TAMS 0x0000000083100000, 0x0000000083100000| Untracked 
|  49|0x0000000083100000, 0x0000000083200000, 0x0000000083200000|100%| O|  |TAMS 0x0000000083200000, 0x0000000083200000| Untracked 
|  50|0x0000000083200000, 0x0000000083300000, 0x0000000083300000|100%| O|  |TAMS 0x0000000083300000, 0x0000000083300000| Untracked 
|  51|0x0000000083300000, 0x0000000083400000, 0x0000000083400000|100%| O|  |TAMS 0x0000000083400000, 0x0000000083400000| Untracked 
|  52|0x0000000083400000, 0x0000000083500000, 0x0000000083500000|100%| O|  |TAMS 0x0000000083500000, 0x0000000083500000| Untracked 
|  53|0x0000000083500000, 0x0000000083600000, 0x0000000083600000|100%| O|  |TAMS 0x0000000083600000, 0x0000000083600000| Untracked 
|  54|0x0000000083600000, 0x0000000083700000, 0x0000000083700000|100%| O|  |TAMS 0x0000000083700000, 0x0000000083700000| Untracked 
|  55|0x0000000083700000, 0x0000000083800000, 0x0000000083800000|100%|HS|  |TAMS 0x0000000083800000, 0x0000000083800000| Complete 
|  56|0x0000000083800000, 0x0000000083900000, 0x0000000083900000|100%|HC|  |TAMS 0x0000000083900000, 0x0000000083900000| Complete 
|  57|0x0000000083900000, 0x0000000083a00000, 0x0000000083a00000|100%|HC|  |TAMS 0x0000000083a00000, 0x0000000083a00000| Complete 
|  58|0x0000000083a00000, 0x0000000083b00000, 0x0000000083b00000|100%|HS|  |TAMS 0x0000000083b00000, 0x0000000083b00000| Complete 
|  59|0x0000000083b00000, 0x0000000083c00000, 0x0000000083c00000|100%|HC|  |TAMS 0x0000000083c00000, 0x0000000083c00000| Complete 
|  60|0x0000000083c00000, 0x0000000083d00000, 0x0000000083d00000|100%|HC|  |TAMS 0x0000000083d00000, 0x0000000083d00000| Complete 
|  61|0x0000000083d00000, 0x0000000083e00000, 0x0000000083e00000|100%| O|  |TAMS 0x0000000083e00000, 0x0000000083e00000| Untracked 
|  62|0x0000000083e00000, 0x0000000083f00000, 0x0000000083f00000|100%| O|  |TAMS 0x0000000083f00000, 0x0000000083f00000| Untracked 
|  63|0x0000000083f00000, 0x0000000084000000, 0x0000000084000000|100%| O|  |TAMS 0x0000000083f00000, 0x0000000083fdb800| Untracked 
|  64|0x0000000084000000, 0x0000000084100000, 0x0000000084100000|100%| O|  |TAMS 0x0000000084100000, 0x0000000084100000| Untracked 
|  65|0x0000000084100000, 0x0000000084200000, 0x0000000084200000|100%| O|  |TAMS 0x0000000084200000, 0x0000000084200000| Untracked 
|  66|0x0000000084200000, 0x0000000084300000, 0x0000000084300000|100%| O|  |TAMS 0x000000008424ac00, 0x0000000084300000| Untracked 
|  67|0x0000000084300000, 0x00000000843ff600, 0x0000000084400000| 99%| O|  |TAMS 0x0000000084300000, 0x0000000084300000| Untracked 
|  68|0x0000000084400000, 0x0000000084400000, 0x0000000084500000|  0%| F|  |TAMS 0x0000000084400000, 0x0000000084400000| Untracked 
|  69|0x0000000084500000, 0x0000000084500000, 0x0000000084600000|  0%| F|  |TAMS 0x0000000084500000, 0x0000000084500000| Untracked 
|  70|0x0000000084600000, 0x0000000084600000, 0x0000000084700000|  0%| F|  |TAMS 0x0000000084600000, 0x0000000084600000| Untracked 
|  71|0x0000000084700000, 0x0000000084700000, 0x0000000084800000|  0%| F|  |TAMS 0x0000000084700000, 0x0000000084700000| Untracked 
|  72|0x0000000084800000, 0x0000000084800000, 0x0000000084900000|  0%| F|  |TAMS 0x0000000084800000, 0x0000000084800000| Untracked 
|  73|0x0000000084900000, 0x0000000084900000, 0x0000000084a00000|  0%| F|  |TAMS 0x0000000084900000, 0x0000000084900000| Untracked 
|  74|0x0000000084a00000, 0x0000000084a00000, 0x0000000084b00000|  0%| F|  |TAMS 0x0000000084a00000, 0x0000000084a00000| Untracked 
|  75|0x0000000084b00000, 0x0000000084b00000, 0x0000000084c00000|  0%| F|  |TAMS 0x0000000084b00000, 0x0000000084b00000| Untracked 
|  76|0x0000000084c00000, 0x0000000084c00000, 0x0000000084d00000|  0%| F|  |TAMS 0x0000000084c00000, 0x0000000084c00000| Untracked 
|  77|0x0000000084d00000, 0x0000000084d00000, 0x0000000084e00000|  0%| F|  |TAMS 0x0000000084d00000, 0x0000000084d00000| Untracked 
|  78|0x0000000084e00000, 0x0000000084e00000, 0x0000000084f00000|  0%| F|  |TAMS 0x0000000084e00000, 0x0000000084e00000| Untracked 
|  79|0x0000000084f00000, 0x0000000084f00000, 0x0000000085000000|  0%| F|  |TAMS 0x0000000084f00000, 0x0000000084f00000| Untracked 
|  80|0x0000000085000000, 0x0000000085000000, 0x0000000085100000|  0%| F|  |TAMS 0x0000000085000000, 0x0000000085000000| Untracked 
|  81|0x0000000085100000, 0x0000000085100000, 0x0000000085200000|  0%| F|  |TAMS 0x0000000085100000, 0x0000000085100000| Untracked 
|  82|0x0000000085200000, 0x0000000085200000, 0x0000000085300000|  0%| F|  |TAMS 0x0000000085200000, 0x0000000085200000| Untracked 
|  83|0x0000000085300000, 0x0000000085300000, 0x0000000085400000|  0%| F|  |TAMS 0x0000000085300000, 0x0000000085300000| Untracked 
|  84|0x0000000085400000, 0x0000000085400000, 0x0000000085500000|  0%| F|  |TAMS 0x0000000085400000, 0x0000000085400000| Untracked 
|  85|0x0000000085500000, 0x0000000085500000, 0x0000000085600000|  0%| F|  |TAMS 0x0000000085500000, 0x0000000085500000| Untracked 
|  86|0x0000000085600000, 0x0000000085600000, 0x0000000085700000|  0%| F|  |TAMS 0x0000000085600000, 0x0000000085600000| Untracked 
|  87|0x0000000085700000, 0x0000000085800000, 0x0000000085800000|100%| S|CS|TAMS 0x0000000085700000, 0x0000000085700000| Complete 
|  88|0x0000000085800000, 0x0000000085900000, 0x0000000085900000|100%| S|CS|TAMS 0x0000000085800000, 0x0000000085800000| Complete 
|  89|0x0000000085900000, 0x0000000085a00000, 0x0000000085a00000|100%| S|CS|TAMS 0x0000000085900000, 0x0000000085900000| Complete 
|  90|0x0000000085a00000, 0x0000000085b00000, 0x0000000085b00000|100%| S|CS|TAMS 0x0000000085a00000, 0x0000000085a00000| Complete 
|  91|0x0000000085b00000, 0x0000000085b00000, 0x0000000085c00000|  0%| F|  |TAMS 0x0000000085b00000, 0x0000000085b00000| Untracked 
|  92|0x0000000085c00000, 0x0000000085c00000, 0x0000000085d00000|  0%| F|  |TAMS 0x0000000085c00000, 0x0000000085c00000| Untracked 
|  93|0x0000000085d00000, 0x0000000085d00000, 0x0000000085e00000|  0%| F|  |TAMS 0x0000000085d00000, 0x0000000085d00000| Untracked 
|  94|0x0000000085e00000, 0x0000000085e00000, 0x0000000085f00000|  0%| F|  |TAMS 0x0000000085e00000, 0x0000000085e00000| Untracked 
|  95|0x0000000085f00000, 0x0000000085f00000, 0x0000000086000000|  0%| F|  |TAMS 0x0000000085f00000, 0x0000000085f00000| Untracked 
|  96|0x0000000086000000, 0x0000000086000000, 0x0000000086100000|  0%| F|  |TAMS 0x0000000086000000, 0x0000000086000000| Untracked 
|  97|0x0000000086100000, 0x0000000086100000, 0x0000000086200000|  0%| F|  |TAMS 0x0000000086100000, 0x0000000086100000| Untracked 
|  98|0x0000000086200000, 0x0000000086200000, 0x0000000086300000|  0%| F|  |TAMS 0x0000000086200000, 0x0000000086200000| Untracked 
|  99|0x0000000086300000, 0x0000000086300000, 0x0000000086400000|  0%| F|  |TAMS 0x0000000086300000, 0x0000000086300000| Untracked 
| 100|0x0000000086400000, 0x0000000086400000, 0x0000000086500000|  0%| F|  |TAMS 0x0000000086400000, 0x0000000086400000| Untracked 
| 101|0x0000000086500000, 0x0000000086500000, 0x0000000086600000|  0%| F|  |TAMS 0x0000000086500000, 0x0000000086500000| Untracked 
| 102|0x0000000086600000, 0x0000000086600000, 0x0000000086700000|  0%| F|  |TAMS 0x0000000086600000, 0x0000000086600000| Untracked 
| 103|0x0000000086700000, 0x0000000086700000, 0x0000000086800000|  0%| F|  |TAMS 0x0000000086700000, 0x0000000086700000| Untracked 
| 104|0x0000000086800000, 0x0000000086800000, 0x0000000086900000|  0%| F|  |TAMS 0x0000000086800000, 0x0000000086800000| Untracked 
| 105|0x0000000086900000, 0x0000000086900000, 0x0000000086a00000|  0%| F|  |TAMS 0x0000000086900000, 0x0000000086900000| Untracked 
| 106|0x0000000086a00000, 0x0000000086a00000, 0x0000000086b00000|  0%| F|  |TAMS 0x0000000086a00000, 0x0000000086a00000| Untracked 
| 107|0x0000000086b00000, 0x0000000086b00000, 0x0000000086c00000|  0%| F|  |TAMS 0x0000000086b00000, 0x0000000086b00000| Untracked 
| 108|0x0000000086c00000, 0x0000000086c00000, 0x0000000086d00000|  0%| F|  |TAMS 0x0000000086c00000, 0x0000000086c00000| Untracked 
| 109|0x0000000086d00000, 0x0000000086d00000, 0x0000000086e00000|  0%| F|  |TAMS 0x0000000086d00000, 0x0000000086d00000| Untracked 
| 110|0x0000000086e00000, 0x0000000086e00000, 0x0000000086f00000|  0%| F|  |TAMS 0x0000000086e00000, 0x0000000086e00000| Untracked 
| 111|0x0000000086f00000, 0x0000000086f00000, 0x0000000087000000|  0%| F|  |TAMS 0x0000000086f00000, 0x0000000086f00000| Untracked 
| 112|0x0000000087000000, 0x0000000087000000, 0x0000000087100000|  0%| F|  |TAMS 0x0000000087000000, 0x0000000087000000| Untracked 
| 113|0x0000000087100000, 0x0000000087100000, 0x0000000087200000|  0%| F|  |TAMS 0x0000000087100000, 0x0000000087100000| Untracked 
| 114|0x0000000087200000, 0x0000000087200000, 0x0000000087300000|  0%| F|  |TAMS 0x0000000087200000, 0x0000000087200000| Untracked 
| 115|0x0000000087300000, 0x0000000087300000, 0x0000000087400000|  0%| F|  |TAMS 0x0000000087300000, 0x0000000087300000| Untracked 
| 116|0x0000000087400000, 0x0000000087400000, 0x0000000087500000|  0%| F|  |TAMS 0x0000000087400000, 0x0000000087400000| Untracked 
| 117|0x0000000087500000, 0x0000000087500000, 0x0000000087600000|  0%| F|  |TAMS 0x0000000087500000, 0x0000000087500000| Untracked 
| 127|0x0000000087f00000, 0x0000000087f00000, 0x0000000088000000|  0%| F|  |TAMS 0x0000000087f00000, 0x0000000087f00000| Untracked 

Card table byte_map: [0x00000153c1c80000,0x00000153c2080000] _byte_map_base: 0x00000153c1880000

Marking Bits (Prev, Next): (CMBitMap*) 0x00000153aedbc7f0, (CMBitMap*) 0x00000153aedbc830
 Prev Bits: [0x00000153c2480000, 0x00000153c4480000)
 Next Bits: [0x00000153c4480000, 0x00000153c6480000)

Polling page: 0x00000153ad540000

Metaspace:

Usage:
  Non-class:     47.37 MB used.
      Class:      7.36 MB used.
       Both:     54.74 MB used.

Virtual space:
  Non-class space:       48.00 MB reserved,      47.69 MB (>99%) committed,  6 nodes.
      Class space:        1.00 GB reserved,       7.62 MB ( <1%) committed,  1 nodes.
             Both:        1.05 GB reserved,      55.31 MB (  5%) committed. 

Chunk freelists:
   Non-Class:  96.00 KB
       Class:  256.00 KB
        Both:  352.00 KB

MaxMetaspaceSize: unlimited
CompressedClassSpaceSize: 1.00 GB
Initial GC threshold: 21.00 MB
Current GC threshold: 85.25 MB
CDS: off
MetaspaceReclaimPolicy: balanced
 - commit_granule_bytes: 65536.
 - commit_granule_words: 8192.
 - virtual_space_node_default_size: 1048576.
 - enlarge_chunks_in_place: 1.
 - new_chunks_are_fully_committed: 0.
 - uncommit_free_chunks: 1.
 - use_allocation_guard: 0.
 - handle_deallocations: 1.


Internal statistics:

num_allocs_failed_limit: 6.
num_arena_births: 678.
num_arena_deaths: 0.
num_vsnodes_births: 7.
num_vsnodes_deaths: 0.
num_space_committed: 885.
num_space_uncommitted: 0.
num_chunks_returned_to_freelist: 6.
num_chunks_taken_from_freelist: 2569.
num_chunk_merges: 6.
num_chunk_splits: 1686.
num_chunks_enlarged: 1105.
num_purges: 0.
num_inconsistent_stats: 0.

CodeHeap 'non-profiled nmethods': size=120000Kb used=3403Kb max_used=3403Kb free=116596Kb
 bounds [0x00000153b9d30000, 0x00000153ba090000, 0x00000153c1260000]
CodeHeap 'profiled nmethods': size=120000Kb used=11627Kb max_used=11627Kb free=108372Kb
 bounds [0x00000153b2260000, 0x00000153b2dc0000, 0x00000153b9790000]
CodeHeap 'non-nmethods': size=5760Kb used=2321Kb max_used=2390Kb free=3438Kb
 bounds [0x00000153b9790000, 0x00000153b9a00000, 0x00000153b9d30000]
 total_blobs=6690 nmethods=5846 adapters=755
 compilation: enabled
              stopped_count=0, restarted_count=0
 full_count=0

Compilation events (20 events):
Event: 6.799 Thread 0x00000153c95219b0 nmethod 5857 0x00000153b2db7190 code [0x00000153b2db7340, 0x00000153b2db7608]
Event: 6.799 Thread 0x00000153c95219b0 5856       3       java.util.concurrent.ThreadPoolExecutor::execute (132 bytes)
Event: 6.799 Thread 0x00000153c95219b0 nmethod 5856 0x00000153b2db7710 code [0x00000153b2db79c0, 0x00000153b2db8648]
Event: 6.799 Thread 0x00000153c95219b0 5858       3       java.util.concurrent.atomic.AtomicInteger::getAndIncrement (12 bytes)
Event: 6.799 Thread 0x00000153c95219b0 nmethod 5858 0x00000153b2db8a90 code [0x00000153b2db8c20, 0x00000153b2db8d38]
Event: 6.799 Thread 0x00000153c95219b0 5859       3       org.gradle.internal.hash.Hashing$MessageDigestHashFunction::newHasher (12 bytes)
Event: 6.799 Thread 0x00000153c9520910 5862       4       java.io.ByteArrayOutputStream::ensureCapacity (32 bytes)
Event: 6.800 Thread 0x00000153c95219b0 nmethod 5859 0x00000153b2db8e10 code [0x00000153b2db9040, 0x00000153b2db98d8]
Event: 6.800 Thread 0x00000153c95219b0 5860       1       com.google.common.cache.LocalCache$StrongAccessEntry::getAccessTime (5 bytes)
Event: 6.800 Thread 0x00000153c95219b0 nmethod 5860 0x00000153ba082710 code [0x00000153ba0828a0, 0x00000153ba082978]
Event: 6.800 Thread 0x00000153c95219b0 5861       1       com.google.common.cache.LocalCache$StrongAccessEntry::setAccessTime (6 bytes)
Event: 6.800 Thread 0x00000153c95219b0 nmethod 5861 0x00000153ba082a10 code [0x00000153ba082ba0, 0x00000153ba082c78]
Event: 6.800 Thread 0x00000153c95219b0 5863       3       org.gradle.internal.hash.HashCode::access$100 (7 bytes)
Event: 6.800 Thread 0x00000153c95219b0 nmethod 5863 0x00000153b2db9c10 code [0x00000153b2db9da0, 0x00000153b2db9ea8]
Event: 6.800 Thread 0x00000153c95219b0 5864       3       org.gradle.internal.hash.HashCode::longToBytes (118 bytes)
Event: 6.800 Thread 0x00000153c95219b0 nmethod 5864 0x00000153b2db9f90 code [0x00000153b2dba140, 0x00000153b2dba3d8]
Event: 6.800 Thread 0x00000153c95219b0 5865       3       java.util.concurrent.ThreadPoolExecutor$Worker::unlock (7 bytes)
Event: 6.800 Thread 0x00000153c95219b0 nmethod 5865 0x00000153b2dba590 code [0x00000153b2dba740, 0x00000153b2dba9a8]
Event: 6.800 Thread 0x00000153c95219b0 5866       3       java.util.concurrent.ThreadPoolExecutor$Worker::tryRelease (12 bytes)
Event: 6.800 Thread 0x00000153c95219b0 nmethod 5866 0x00000153b2dbaa90 code [0x00000153b2dbac20, 0x00000153b2dbad98]

GC Heap History (20 events):
Event: 3.645 GC heap after
{Heap after GC invocations=9 (full 0):
 garbage-first heap   total 107520K, used 50275K [0x0000000080000000, 0x0000000100000000)
  region size 1024K, 4 young (4096K), 4 survivors (4096K)
 Metaspace       used 35190K, committed 35520K, reserved 1081344K
  class space    used 4889K, committed 5056K, reserved 1048576K
}
Event: 3.688 GC heap before
{Heap before GC invocations=9 (full 0):
 garbage-first heap   total 107520K, used 52323K [0x0000000080000000, 0x0000000100000000)
  region size 1024K, 7 young (7168K), 4 survivors (4096K)
 Metaspace       used 35606K, committed 35968K, reserved 1081344K
  class space    used 4960K, committed 5120K, reserved 1048576K
}
Event: 3.690 GC heap after
{Heap after GC invocations=10 (full 0):
 garbage-first heap   total 107520K, used 50087K [0x0000000080000000, 0x0000000100000000)
  region size 1024K, 1 young (1024K), 1 survivors (1024K)
 Metaspace       used 35606K, committed 35968K, reserved 1081344K
  class space    used 4960K, committed 5120K, reserved 1048576K
}
Event: 4.149 GC heap before
{Heap before GC invocations=11 (full 0):
 garbage-first heap   total 107520K, used 84903K [0x0000000080000000, 0x0000000100000000)
  region size 1024K, 35 young (35840K), 1 survivors (1024K)
 Metaspace       used 41674K, committed 42112K, reserved 1089536K
  class space    used 5573K, committed 5760K, reserved 1048576K
}
Event: 4.153 GC heap after
{Heap after GC invocations=12 (full 0):
 garbage-first heap   total 107520K, used 55768K [0x0000000080000000, 0x0000000100000000)
  region size 1024K, 5 young (5120K), 5 survivors (5120K)
 Metaspace       used 41674K, committed 42112K, reserved 1089536K
  class space    used 5573K, committed 5760K, reserved 1048576K
}
Event: 4.229 GC heap before
{Heap before GC invocations=12 (full 0):
 garbage-first heap   total 107520K, used 63960K [0x0000000080000000, 0x0000000100000000)
  region size 1024K, 14 young (14336K), 5 survivors (5120K)
 Metaspace       used 42150K, committed 42560K, reserved 1089536K
  class space    used 5619K, committed 5824K, reserved 1048576K
}
Event: 4.233 GC heap after
{Heap after GC invocations=13 (full 0):
 garbage-first heap   total 107520K, used 56491K [0x0000000080000000, 0x0000000100000000)
  region size 1024K, 2 young (2048K), 2 survivors (2048K)
 Metaspace       used 42150K, committed 42560K, reserved 1089536K
  class space    used 5619K, committed 5824K, reserved 1048576K
}
Event: 4.745 GC heap before
{Heap before GC invocations=14 (full 0):
 garbage-first heap   total 107520K, used 86187K [0x0000000080000000, 0x0000000100000000)
  region size 1024K, 29 young (29696K), 2 survivors (2048K)
 Metaspace       used 46464K, committed 46848K, reserved 1089536K
  class space    used 6176K, committed 6336K, reserved 1048576K
}
Event: 4.748 GC heap after
{Heap after GC invocations=15 (full 0):
 garbage-first heap   total 107520K, used 57583K [0x0000000080000000, 0x0000000100000000)
  region size 1024K, 3 young (3072K), 3 survivors (3072K)
 Metaspace       used 46464K, committed 46848K, reserved 1089536K
  class space    used 6176K, committed 6336K, reserved 1048576K
}
Event: 4.849 GC heap before
{Heap before GC invocations=15 (full 0):
 garbage-first heap   total 107520K, used 60655K [0x0000000080000000, 0x0000000100000000)
  region size 1024K, 7 young (7168K), 3 survivors (3072K)
 Metaspace       used 46598K, committed 47040K, reserved 1089536K
  class space    used 6189K, committed 6400K, reserved 1048576K
}
Event: 4.853 GC heap after
{Heap after GC invocations=16 (full 0):
 garbage-first heap   total 107520K, used 58982K [0x0000000080000000, 0x0000000100000000)
  region size 1024K, 4 young (4096K), 4 survivors (4096K)
 Metaspace       used 46598K, committed 47040K, reserved 1089536K
  class space    used 6189K, committed 6400K, reserved 1048576K
}
Event: 5.063 GC heap before
{Heap before GC invocations=17 (full 0):
 garbage-first heap   total 112640K, used 74342K [0x0000000080000000, 0x0000000100000000)
  region size 1024K, 15 young (15360K), 4 survivors (4096K)
 Metaspace       used 47313K, committed 47744K, reserved 1097728K
  class space    used 6272K, committed 6464K, reserved 1048576K
}
Event: 5.068 GC heap after
{Heap after GC invocations=18 (full 0):
 garbage-first heap   total 112640K, used 67386K [0x0000000080000000, 0x0000000100000000)
  region size 1024K, 4 young (4096K), 4 survivors (4096K)
 Metaspace       used 47313K, committed 47744K, reserved 1097728K
  class space    used 6272K, committed 6464K, reserved 1048576K
}
Event: 5.388 GC heap before
{Heap before GC invocations=19 (full 0):
 garbage-first heap   total 119808K, used 86842K [0x0000000080000000, 0x0000000100000000)
  region size 1024K, 22 young (22528K), 4 survivors (4096K)
 Metaspace       used 49592K, committed 50048K, reserved 1097728K
  class space    used 6505K, committed 6720K, reserved 1048576K
}
Event: 5.392 GC heap after
{Heap after GC invocations=20 (full 0):
 garbage-first heap   total 119808K, used 68693K [0x0000000080000000, 0x0000000100000000)
  region size 1024K, 2 young (2048K), 2 survivors (2048K)
 Metaspace       used 49592K, committed 50048K, reserved 1097728K
  class space    used 6505K, committed 6720K, reserved 1048576K
}
Event: 5.705 GC heap before
{Heap before GC invocations=20 (full 0):
 garbage-first heap   total 119808K, used 92245K [0x0000000080000000, 0x0000000100000000)
  region size 1024K, 25 young (25600K), 2 survivors (2048K)
 Metaspace       used 51730K, committed 52288K, reserved 1097728K
  class space    used 6882K, committed 7168K, reserved 1048576K
}
Event: 5.709 GC heap after
{Heap after GC invocations=21 (full 0):
 garbage-first heap   total 119808K, used 69686K [0x0000000080000000, 0x0000000100000000)
  region size 1024K, 3 young (3072K), 3 survivors (3072K)
 Metaspace       used 51730K, committed 52288K, reserved 1097728K
  class space    used 6882K, committed 7168K, reserved 1048576K
}
Event: 6.152 GC heap before
{Heap before GC invocations=22 (full 0):
 garbage-first heap   total 121856K, used 93238K [0x0000000080000000, 0x0000000100000000)
  region size 1024K, 26 young (26624K), 3 survivors (3072K)
 Metaspace       used 54379K, committed 54976K, reserved 1097728K
  class space    used 7333K, committed 7616K, reserved 1048576K
}
Event: 6.156 GC heap after
{Heap after GC invocations=23 (full 0):
 garbage-first heap   total 121856K, used 71255K [0x0000000080000000, 0x0000000100000000)
  region size 1024K, 3 young (3072K), 3 survivors (3072K)
 Metaspace       used 54379K, committed 54976K, reserved 1097728K
  class space    used 7333K, committed 7616K, reserved 1048576K
}
Event: 6.801 GC heap before
{Heap before GC invocations=23 (full 0):
 garbage-first heap   total 121856K, used 95831K [0x0000000080000000, 0x0000000100000000)
  region size 1024K, 28 young (28672K), 3 survivors (3072K)
 Metaspace       used 56048K, committed 56640K, reserved 1097728K
  class space    used 7538K, committed 7808K, reserved 1048576K
}

Dll operation events (2 events):
Event: 0.012 Loaded shared library C:\Program Files\Android\Android Studio\jbr\bin\java.dll
Event: 0.401 Loaded shared library C:\Program Files\Android\Android Studio\jbr\bin\verify.dll

Deoptimization events (20 events):
Event: 6.672 Thread 0x00000153cd822500 DEOPT UNPACKING pc=0x00000153b97e69a3 sp=0x00000023e63fe368 mode 2
Event: 6.672 Thread 0x00000153cd820350 DEOPT PACKING pc=0x00000153b9eb953c sp=0x00000023e64fddd0
Event: 6.672 Thread 0x00000153cd81fe80 DEOPT UNPACKING pc=0x00000153b97e69a3 sp=0x00000023e62fdce8 mode 2
Event: 6.672 Thread 0x00000153cd820350 DEOPT UNPACKING pc=0x00000153b97e69a3 sp=0x00000023e64fdd68 mode 2
Event: 6.672 Thread 0x00000153cd822500 Uncommon trap: trap_request=0xffffff54 fr.pc=0x00000153b9eb953c relative=0x000000000000105c
Event: 6.672 Thread 0x00000153cd822500 Uncommon trap: reason=speculate_null_assert action=make_not_entrant pc=0x00000153b9eb953c method=java.lang.invoke.MethodType$ConcurrentWeakInternSet.add(Ljava/lang/Object;)Ljava/lang/Object; @ 47 c2
Event: 6.672 Thread 0x00000153cd822500 DEOPT PACKING pc=0x00000153b9eb953c sp=0x00000023e63fe490
Event: 6.672 Thread 0x00000153cd822500 DEOPT UNPACKING pc=0x00000153b97e69a3 sp=0x00000023e63fe428 mode 2
Event: 6.683 Thread 0x00000153cc118500 DEOPT PACKING pc=0x00000153b264c654 sp=0x00000023e4bf6cb0
Event: 6.683 Thread 0x00000153cc118500 DEOPT UNPACKING pc=0x00000153b97e7143 sp=0x00000023e4bf6208 mode 0
Event: 6.689 Thread 0x00000153cf8509d0 DEOPT PACKING pc=0x00000153b264c654 sp=0x00000023e75fd880
Event: 6.689 Thread 0x00000153cf8509d0 DEOPT UNPACKING pc=0x00000153b97e7143 sp=0x00000023e75fcdd8 mode 0
Event: 6.705 Thread 0x00000153cf850ea0 DEOPT PACKING pc=0x00000153b264c654 sp=0x00000023e7cfcd90
Event: 6.705 Thread 0x00000153cf850ea0 DEOPT UNPACKING pc=0x00000153b97e7143 sp=0x00000023e7cfc2e8 mode 0
Event: 6.719 Thread 0x00000153cf855200 DEOPT PACKING pc=0x00000153b264c654 sp=0x00000023e72fceb0
Event: 6.719 Thread 0x00000153cf855200 DEOPT UNPACKING pc=0x00000153b97e7143 sp=0x00000023e72fc408 mode 0
Event: 6.730 Thread 0x00000153cc118500 Uncommon trap: trap_request=0xffffff45 fr.pc=0x00000153b9fc0ec4 relative=0x0000000000000304
Event: 6.730 Thread 0x00000153cc118500 Uncommon trap: reason=unstable_if action=reinterpret pc=0x00000153b9fc0ec4 method=org.gradle.internal.snapshot.PathUtil.equalChars(CCLorg/gradle/internal/snapshot/CaseSensitivity;)Z @ 11 c2
Event: 6.730 Thread 0x00000153cc118500 DEOPT PACKING pc=0x00000153b9fc0ec4 sp=0x00000023e4bf6920
Event: 6.730 Thread 0x00000153cc118500 DEOPT UNPACKING pc=0x00000153b97e69a3 sp=0x00000023e4bf68b8 mode 2

Classes unloaded (0 events):
No events

Classes redefined (0 events):
No events

Internal exceptions (20 events):
Event: 5.363 Thread 0x00000153cc118500 Exception <a 'java/lang/NoSuchMethodError'{0x0000000086690948}: 'java.lang.Object java.lang.invoke.DirectMethodHandle$Holder.invokeStatic(java.lang.Object, java.lang.Object, java.lang.Object, java.lang.Object, java.lang.Object, java.lang.Object, java.lang.Object, java.lang.Object, java.lang.Object, java.lang.Object, java.lang.Object, java.lang.Object, java.lang.Object, java.lang.Object, java.lang.Object, java.lang.Object, java.lang.Object, java.lang.Object, java.lang.Object, java.lang.Object, java.lang.Obj
Event: 5.443 Thread 0x00000153cc118500 Exception <a 'java/lang/IncompatibleClassChangeError'{0x0000000086dfa618}: Found class java.lang.Object, but interface was expected> (0x0000000086dfa618) 
thrown [s\src\hotspot\share\interpreter\linkResolver.cpp, line 838]
Event: 5.487 Thread 0x00000153cc118500 Exception <a 'java/lang/IncompatibleClassChangeError'{0x0000000086a31730}: Found class java.lang.Object, but interface was expected> (0x0000000086a31730) 
thrown [s\src\hotspot\share\interpreter\linkResolver.cpp, line 838]
Event: 5.514 Thread 0x00000153cc118500 Exception <a 'java/lang/NoSuchMethodError'{0x00000000869a94e8}: 'int java.lang.invoke.DirectMethodHandle$Holder.invokeStaticInit(java.lang.Object, java.lang.Object, java.lang.Object, java.lang.Object, java.lang.Object)'> (0x00000000869a94e8) 
thrown [s\src\hotspot\share\interpreter\linkResolver.cpp, line 771]
Event: 5.593 Thread 0x00000153cc118500 Exception <a 'java/lang/NoSuchMethodError'{0x00000000863fc858}: 'void java.lang.invoke.DirectMethodHandle$Holder.invokeInterface(java.lang.Object, java.lang.Object)'> (0x00000000863fc858) 
thrown [s\src\hotspot\share\interpreter\linkResolver.cpp, line 771]
Event: 5.593 Thread 0x00000153cc118500 Exception <a 'java/lang/IncompatibleClassChangeError'{0x0000000086008290}: Found class java.lang.Object, but interface was expected> (0x0000000086008290) 
thrown [s\src\hotspot\share\interpreter\linkResolver.cpp, line 838]
Event: 5.668 Thread 0x00000153cc118500 Exception <a 'java/lang/ClassNotFoundException'{0x0000000085d91d60}: org/jetbrains/plugins/gradle/model/web/WebConfigurationBeanInfo> (0x0000000085d91d60) 
thrown [s\src\hotspot\share\classfile\systemDictionary.cpp, line 256]
Event: 5.668 Thread 0x00000153cc118500 Exception <a 'java/lang/ClassNotFoundException'{0x0000000085d9a0a0}: org/jetbrains/plugins/gradle/model/web/WebConfigurationCustomizer> (0x0000000085d9a0a0) 
thrown [s\src\hotspot\share\classfile\systemDictionary.cpp, line 256]
Event: 5.670 Thread 0x00000153cc118500 Exception <a 'java/lang/ClassNotFoundException'{0x0000000085db8ce0}: org/jetbrains/plugins/gradle/model/scala/ScalaModelBeanInfo> (0x0000000085db8ce0) 
thrown [s\src\hotspot\share\classfile\systemDictionary.cpp, line 256]
Event: 5.671 Thread 0x00000153cc118500 Exception <a 'java/lang/ClassNotFoundException'{0x0000000085dc0fa0}: org/jetbrains/plugins/gradle/model/scala/ScalaModelCustomizer> (0x0000000085dc0fa0) 
thrown [s\src\hotspot\share\classfile\systemDictionary.cpp, line 256]
Event: 5.676 Thread 0x00000153cc118500 Exception <a 'java/lang/ClassNotFoundException'{0x0000000085df2140}: org/jetbrains/plugins/gradle/model/DependencyAccessorsModelBeanInfo> (0x0000000085df2140) 
thrown [s\src\hotspot\share\classfile\systemDictionary.cpp, line 256]
Event: 5.677 Thread 0x00000153cc118500 Exception <a 'java/lang/ClassNotFoundException'{0x0000000085dfa4a8}: org/jetbrains/plugins/gradle/model/DependencyAccessorsModelCustomizer> (0x0000000085dfa4a8) 
thrown [s\src\hotspot\share\classfile\systemDictionary.cpp, line 256]
Event: 5.828 Thread 0x00000153cc118500 Exception <a 'java/lang/ClassNotFoundException'{0x0000000087030248}: org/gradle/api/internal/project/DefaultProject_DecoratedBeanInfo> (0x0000000087030248) 
thrown [s\src\hotspot\share\classfile\systemDictionary.cpp, line 256]
Event: 5.829 Thread 0x00000153cc118500 Exception <a 'java/lang/ClassNotFoundException'{0x000000008703cd40}: org/gradle/api/internal/project/DefaultProjectBeanInfo> (0x000000008703cd40) 
thrown [s\src\hotspot\share\classfile\systemDictionary.cpp, line 256]
Event: 5.830 Thread 0x00000153cc118500 Exception <a 'java/lang/ClassNotFoundException'{0x0000000087049840}: org/gradle/api/internal/project/DefaultProjectCustomizer> (0x0000000087049840) 
thrown [s\src\hotspot\share\classfile\systemDictionary.cpp, line 256]
Event: 5.835 Thread 0x00000153cc118500 Exception <a 'java/lang/ClassNotFoundException'{0x00000000870f6730}: org/gradle/api/internal/project/DefaultProject_DecoratedCustomizer> (0x00000000870f6730) 
thrown [s\src\hotspot\share\classfile\systemDictionary.cpp, line 256]
Event: 6.364 Thread 0x00000153cc118500 Exception <a 'java/lang/NoSuchMethodError'{0x00000000870a0ac0}: 'java.lang.Object java.lang.invoke.DirectMethodHandle$Holder.newInvokeSpecial(java.lang.Object, java.lang.Object, java.lang.Object, java.lang.Object, java.lang.Object, int)'> (0x00000000870a0ac0) 
thrown [s\src\hotspot\share\interpreter\linkResolver.cpp, line 771]
Event: 6.364 Thread 0x00000153cc118500 Exception <a 'java/lang/NoSuchMethodError'{0x00000000870a6118}: 'java.lang.Object java.lang.invoke.DirectMethodHandle$Holder.invokeSpecial(java.lang.Object, java.lang.Object, java.lang.Object, java.lang.Object, java.lang.Object, java.lang.Object, int)'> (0x00000000870a6118) 
thrown [s\src\hotspot\share\interpreter\linkResolver.cpp, line 771]
Event: 6.406 Thread 0x00000153cc118500 Exception <a 'java/lang/NoSuchMethodError'{0x0000000086f45e78}: 'void java.lang.invoke.DirectMethodHandle$Holder.invokeStatic(java.lang.Object, java.lang.Object, java.lang.Object, int, java.lang.Object)'> (0x0000000086f45e78) 
thrown [s\src\hotspot\share\interpreter\linkResolver.cpp, line 771]
Event: 6.665 Thread 0x00000153cc118500 Implicit null exception at 0x00000153ba057d6f to 0x00000153ba057fcc

VM Operations (20 events):
Event: 5.445 Executing VM operation: HandshakeAllThreads done
Event: 5.705 Executing VM operation: G1CollectForAllocation
Event: 5.710 Executing VM operation: G1CollectForAllocation done
Event: 5.752 Executing VM operation: G1Concurrent
Event: 5.755 Executing VM operation: G1Concurrent done
Event: 5.771 Executing VM operation: G1Concurrent
Event: 5.772 Executing VM operation: G1Concurrent done
Event: 5.773 Executing VM operation: HandshakeAllThreads
Event: 5.773 Executing VM operation: HandshakeAllThreads done
Event: 5.918 Executing VM operation: HandshakeAllThreads
Event: 5.918 Executing VM operation: HandshakeAllThreads done
Event: 6.152 Executing VM operation: G1CollectForAllocation
Event: 6.156 Executing VM operation: G1CollectForAllocation done
Event: 6.230 Executing VM operation: HandshakeAllThreads
Event: 6.230 Executing VM operation: HandshakeAllThreads done
Event: 6.628 Executing VM operation: HandshakeAllThreads
Event: 6.628 Executing VM operation: HandshakeAllThreads done
Event: 6.641 Executing VM operation: ICBufferFull
Event: 6.641 Executing VM operation: ICBufferFull done
Event: 6.801 Executing VM operation: G1CollectForAllocation

Events (20 events):
Event: 6.675 Thread 0x00000153cf8509d0 Thread added: 0x00000153cf8509d0
Event: 6.675 Thread 0x00000153cf856a10 Thread added: 0x00000153cf856a10
Event: 6.675 Thread 0x00000153cf851370 Thread added: 0x00000153cf851370
Event: 6.676 Thread 0x00000153cf856540 Thread added: 0x00000153cf856540
Event: 6.676 Thread 0x00000153cf854860 Thread added: 0x00000153cf854860
Event: 6.676 Thread 0x00000153cf8556d0 Thread added: 0x00000153cf8556d0
Event: 6.676 Thread 0x00000153cf855ba0 Thread added: 0x00000153cf855ba0
Event: 6.677 Thread 0x00000153cf850ea0 Thread added: 0x00000153cf850ea0
Event: 6.677 Thread 0x00000153cf851d10 Thread added: 0x00000153cf851d10
Event: 6.678 Thread 0x00000153cf851840 Thread added: 0x00000153cf851840
Event: 6.678 Thread 0x00000153cf856070 Thread added: 0x00000153cf856070
Event: 6.678 Thread 0x00000153cf8521e0 Thread added: 0x00000153cf8521e0
Event: 6.679 Thread 0x00000153cf8526b0 Thread added: 0x00000153cf8526b0
Event: 6.679 Thread 0x00000153cf856ee0 Thread added: 0x00000153cf856ee0
Event: 6.680 Thread 0x00000153cf84f690 Thread added: 0x00000153cf84f690
Event: 6.680 Thread 0x00000153cf84fb60 Thread added: 0x00000153cf84fb60
Event: 6.680 Thread 0x00000153cf850030 Thread added: 0x00000153cf850030
Event: 6.681 Thread 0x00000153cbe2abd0 Thread added: 0x00000153cbe2abd0
Event: 6.681 Thread 0x00000153cbe2dbf0 Thread added: 0x00000153cbe2dbf0
Event: 6.682 Thread 0x00000153cbe2bf10 Thread added: 0x00000153cbe2bf10


Dynamic libraries:
0x00007ff7fdd90000 - 0x00007ff7fdd9a000 	C:\Program Files\Android\Android Studio\jbr\bin\java.exe
0x00007ffcbb0f0000 - 0x00007ffcbb2e8000 	C:\Windows\SYSTEM32\ntdll.dll
0x00007ffcba1e0000 - 0x00007ffcba29f000 	C:\Windows\System32\KERNEL32.DLL
0x00007ffcb89e0000 - 0x00007ffcb8cd6000 	C:\Windows\System32\KERNELBASE.dll
0x00007ffcb8fb0000 - 0x00007ffcb90b0000 	C:\Windows\System32\ucrtbase.dll
0x00007ffc9ad90000 - 0x00007ffc9ada7000 	C:\Program Files\Android\Android Studio\jbr\bin\jli.dll
0x00007ffc9e770000 - 0x00007ffc9e78b000 	C:\Program Files\Android\Android Studio\jbr\bin\VCRUNTIME140.dll
0x00007ffcbab90000 - 0x00007ffcbad2d000 	C:\Windows\System32\USER32.dll
0x00007ffcb8e00000 - 0x00007ffcb8e22000 	C:\Windows\System32\win32u.dll
0x00007ffca1390000 - 0x00007ffca162a000 	C:\Windows\WinSxS\amd64_microsoft.windows.common-controls_6595b64144ccf1df_6.0.19041.1110_none_60b5254171f9507e\COMCTL32.dll
0x00007ffcb9920000 - 0x00007ffcb994c000 	C:\Windows\System32\GDI32.dll
0x00007ffcbae70000 - 0x00007ffcbaf0e000 	C:\Windows\System32\msvcrt.dll
0x00007ffcb8ce0000 - 0x00007ffcb8df5000 	C:\Windows\System32\gdi32full.dll
0x00007ffcb90b0000 - 0x00007ffcb914d000 	C:\Windows\System32\msvcp_win.dll
0x00007ffcb9950000 - 0x00007ffcb9980000 	C:\Windows\System32\IMM32.DLL
0x00000153ad560000 - 0x00000153ad574000 	C:\Windows\System32\umppc17010.dll
0x00007ffcb42f0000 - 0x00007ffcb42fc000 	C:\Program Files\Android\Android Studio\jbr\bin\vcruntime140_1.dll
0x00007ffc959b0000 - 0x00007ffc95a3d000 	C:\Program Files\Android\Android Studio\jbr\bin\msvcp140.dll
0x00007ffc43090000 - 0x00007ffc43cfe000 	C:\Program Files\Android\Android Studio\jbr\bin\server\jvm.dll
0x00007ffcbb000000 - 0x00007ffcbb0af000 	C:\Windows\System32\ADVAPI32.dll
0x00007ffcb9ac0000 - 0x00007ffcb9b5c000 	C:\Windows\System32\sechost.dll
0x00007ffcb9b70000 - 0x00007ffcb9c96000 	C:\Windows\System32\RPCRT4.dll
0x00007ffcb4310000 - 0x00007ffcb4319000 	C:\Windows\SYSTEM32\WSOCK32.dll
0x00007ffcba320000 - 0x00007ffcba38b000 	C:\Windows\System32\WS2_32.dll
0x00007ffc9e940000 - 0x00007ffc9e967000 	C:\Windows\SYSTEM32\WINMM.dll
0x00007ffcb2200000 - 0x00007ffcb220a000 	C:\Windows\SYSTEM32\VERSION.dll
0x00007ffcb6450000 - 0x00007ffcb6462000 	C:\Windows\SYSTEM32\kernel.appcore.dll
0x00007ffcb4300000 - 0x00007ffcb430a000 	C:\Program Files\Android\Android Studio\jbr\bin\jimage.dll
0x00007ffca4a40000 - 0x00007ffca4c24000 	C:\Windows\SYSTEM32\DBGHELP.DLL
0x00007ffca1760000 - 0x00007ffca1794000 	C:\Windows\SYSTEM32\dbgcore.DLL
0x00007ffcb8ef0000 - 0x00007ffcb8f72000 	C:\Windows\System32\bcryptPrimitives.dll
0x00007ffcb4290000 - 0x00007ffcb42b5000 	C:\Program Files\Android\Android Studio\jbr\bin\java.dll
0x00007ffcb4270000 - 0x00007ffcb4288000 	C:\Program Files\Android\Android Studio\jbr\bin\zip.dll
0x00007ffcba390000 - 0x00007ffcbaad4000 	C:\Windows\System32\SHELL32.dll
0x00007ffcb6650000 - 0x00007ffcb6de3000 	C:\Windows\SYSTEM32\windows.storage.dll
0x00007ffcb95c0000 - 0x00007ffcb9914000 	C:\Windows\System32\combase.dll
0x00007ffcb8210000 - 0x00007ffcb823e000 	C:\Windows\SYSTEM32\Wldp.dll
0x00007ffcbaae0000 - 0x00007ffcbab8d000 	C:\Windows\System32\SHCORE.dll
0x00007ffcbaf10000 - 0x00007ffcbaf65000 	C:\Windows\System32\shlwapi.dll
0x00007ffcb8700000 - 0x00007ffcb8725000 	C:\Windows\SYSTEM32\profapi.dll
0x00007ffcb4250000 - 0x00007ffcb4269000 	C:\Program Files\Android\Android Studio\jbr\bin\net.dll
0x00007ffcb07f0000 - 0x00007ffcb08fa000 	C:\Windows\SYSTEM32\WINHTTP.dll
0x00007ffcb7f00000 - 0x00007ffcb7f6a000 	C:\Windows\system32\mswsock.dll
0x00007ffcb3550000 - 0x00007ffcb3566000 	C:\Program Files\Android\Android Studio\jbr\bin\nio.dll
0x00007ffcb4240000 - 0x00007ffcb4250000 	C:\Program Files\Android\Android Studio\jbr\bin\verify.dll
0x00007ffc9e680000 - 0x00007ffc9e6a7000 	C:\Users\profsl\.gradle\native\68d5fa5c4cc2d200863cafc0d521ce42e7d3e7ee720ec0a83991735586a16f82\windows-amd64\native-platform.dll
0x00007ffc8b5e0000 - 0x00007ffc8b724000 	C:\Users\profsl\.gradle\native\e376f236ea51e6404a007f0833ffe2c6e607c4080706a723a18a27aeea778392\windows-amd64\native-platform-file-events.dll
0x00007ffcb3540000 - 0x00007ffcb3549000 	C:\Program Files\Android\Android Studio\jbr\bin\management.dll
0x00007ffca8910000 - 0x00007ffca891b000 	C:\Program Files\Android\Android Studio\jbr\bin\management_ext.dll
0x00007ffcb9fe0000 - 0x00007ffcb9fe8000 	C:\Windows\System32\PSAPI.DLL
0x00007ffcb80f0000 - 0x00007ffcb8108000 	C:\Windows\SYSTEM32\CRYPTSP.dll
0x00007ffcb7810000 - 0x00007ffcb7844000 	C:\Windows\system32\rsaenh.dll
0x00007ffcb8f80000 - 0x00007ffcb8fa7000 	C:\Windows\System32\bcrypt.dll
0x00007ffcb8680000 - 0x00007ffcb86ae000 	C:\Windows\SYSTEM32\USERENV.dll
0x00007ffcb8110000 - 0x00007ffcb811c000 	C:\Windows\SYSTEM32\CRYPTBASE.dll
0x00007ffcb7bf0000 - 0x00007ffcb7c2b000 	C:\Windows\SYSTEM32\IPHLPAPI.DLL
0x00007ffcbae00000 - 0x00007ffcbae08000 	C:\Windows\System32\NSI.dll
0x00007ffcb1fe0000 - 0x00007ffcb1ff7000 	C:\Windows\SYSTEM32\dhcpcsvc6.DLL
0x00007ffcb1f70000 - 0x00007ffcb1f8d000 	C:\Windows\SYSTEM32\dhcpcsvc.DLL
0x00007ffcb7c30000 - 0x00007ffcb7cfa000 	C:\Windows\SYSTEM32\DNSAPI.dll
0x00007ffca8900000 - 0x00007ffca8907000 	C:\Windows\system32\wshunix.dll

dbghelp: loaded successfully - version: 4.0.5 - missing functions: none
symbol engine: initialized successfully - sym options: 0x614 - pdb path: .;C:\Program Files\Android\Android Studio\jbr\bin;C:\Windows\SYSTEM32;C:\Windows\WinSxS\amd64_microsoft.windows.common-controls_6595b64144ccf1df_6.0.19041.1110_none_60b5254171f9507e;C:\Program Files\Android\Android Studio\jbr\bin\server;C:\Users\profsl\.gradle\native\68d5fa5c4cc2d200863cafc0d521ce42e7d3e7ee720ec0a83991735586a16f82\windows-amd64;C:\Users\profsl\.gradle\native\e376f236ea51e6404a007f0833ffe2c6e607c4080706a723a18a27aeea778392\windows-amd64

VM Arguments:
jvm_args: --add-opens=java.base/java.util=ALL-UNNAMED --add-opens=java.base/java.lang=ALL-UNNAMED --add-opens=java.base/java.lang.invoke=ALL-UNNAMED --add-opens=java.prefs/java.util.prefs=ALL-UNNAMED --add-opens=java.base/java.nio.charset=ALL-UNNAMED --add-opens=java.base/java.net=ALL-UNNAMED --add-opens=java.base/java.util.concurrent.atomic=ALL-UNNAMED -Xmx2048m -Dfile.encoding=UTF-8 -Duser.country=BR -Duser.language=pt -Duser.variant 
java_command: org.gradle.launcher.daemon.bootstrap.GradleDaemon 8.0
java_class_path (initial): C:\Users\profsl\.gradle\wrapper\dists\gradle-8.0-bin\ca5e32bp14vu59qr306oxotwh\gradle-8.0\lib\gradle-launcher-8.0.jar
Launcher Type: SUN_STANDARD

[Global flags]
     intx CICompilerCount                          = 3                                         {product} {ergonomic}
     uint ConcGCThreads                            = 1                                         {product} {ergonomic}
     uint G1ConcRefinementThreads                  = 4                                         {product} {ergonomic}
   size_t G1HeapRegionSize                         = 1048576                                   {product} {ergonomic}
    uintx GCDrainStackTargetSize                   = 64                                        {product} {ergonomic}
   size_t InitialHeapSize                          = 134217728                                 {product} {ergonomic}
   size_t MarkStackSize                            = 4194304                                   {product} {ergonomic}
   size_t MaxHeapSize                              = 2147483648                                {product} {command line}
   size_t MaxNewSize                               = 1287651328                                {product} {ergonomic}
   size_t MinHeapDeltaBytes                        = 1048576                                   {product} {ergonomic}
   size_t MinHeapSize                              = 8388608                                   {product} {ergonomic}
    uintx NonNMethodCodeHeapSize                   = 5832780                                {pd product} {ergonomic}
    uintx NonProfiledCodeHeapSize                  = 122912730                              {pd product} {ergonomic}
    uintx ProfiledCodeHeapSize                     = 122912730                              {pd product} {ergonomic}
    uintx ReservedCodeCacheSize                    = 251658240                              {pd product} {ergonomic}
     bool SegmentedCodeCache                       = true                                      {product} {ergonomic}
   size_t SoftMaxHeapSize                          = 2147483648                             {manageable} {ergonomic}
     bool UseCompressedClassPointers               = true                           {product lp64_product} {ergonomic}
     bool UseCompressedOops                        = true                           {product lp64_product} {ergonomic}
     bool UseG1GC                                  = true                                      {product} {ergonomic}
     bool UseLargePagesIndividualAllocation        = false                                  {pd product} {ergonomic}

Logging:
Log output configuration:
 #0: stdout all=warning uptime,level,tags
 #1: stderr all=off uptime,level,tags

Environment Variables:
PATH=C:\Program Files (x86)\Common Files\Oracle\Java\javapath;C:\Windows\system32;C:\Windows;C:\Windows\System32\Wbem;C:\Windows\System32\WindowsPowerShell\v1.0\;C:\Windows\System32\OpenSSH\;C:\Program Files (x86)\Microsoft SQL Server\160\Tools\Binn\;C:\Program Files\Microsoft SQL Server\160\Tools\Binn\;C:\Program Files\Microsoft SQL Server\Client SDK\ODBC\170\Tools\Binn\;C:\Program Files\Microsoft SQL Server\160\DTS\Binn\;C:\Program Files (x86)\Microsoft SQL Server\160\DTS\Binn\;C:\Program Files\Azure Data Studio\bin;C:\Users\profsl\AppData\Local\Microsoft\WindowsApps;C:\Users\profsl\AppData\Local\Programs\Git\cmd
USERNAME=profsl
OS=Windows_NT
PROCESSOR_IDENTIFIER=Intel64 Family 6 Model 158 Stepping 9, GenuineIntel
TMP=C:\Users\profsl\AppData\Local\Temp
TEMP=C:\Users\profsl\AppData\Local\Temp


JNI global refs:
JNI global refs: 23, weak refs: 0

JNI global refs memory usage: 843, weak refs: 841


---------------  S Y S T E M  ---------------

OS:
 Windows 10 , 64 bit Build 19041 (10.0.19041.3155)
OS uptime: 0 days 1:04 hours

CPU: total 4 (initial active 4) (4 cores per cpu, 1 threads per core) family 6 model 158 stepping 9 microcode 0xb4, cx8, cmov, fxsr, mmx, 3dnowpref, sse, sse2, sse3, ssse3, sse4.1, sse4.2, popcnt, lzcnt, tsc, tscinvbit, avx, avx2, aes, erms, clmul, bmi1, bmi2, rtm, adx, fma, vzeroupper, clflush, clflushopt

Memory: 4k page, system-wide physical 8087M (513M free)
TotalPageFile size 8087M (AvailPageFile size 5M)
current process WorkingSet (physical memory assigned to process): 296M, peak: 297M
current process commit charge ("private bytes"): 323M, peak: 332M

vm_info: OpenJDK 64-Bit Server VM (17.0.6+0-b2043.56-10027231) for windows-amd64 JRE (17.0.6+0-b2043.56-10027231), built on Apr 28 2023 00:43:19 by "androidbuild" with MS VC++ 16.10 / 16.11 (VS2019)

END.
