#
# There is insufficient memory for the Java Runtime Environment to continue.
# Native memory allocation (mmap) failed to map 273678336 bytes for G1 virtual space
# Possible reasons:
#   The system is out of physical RAM or swap space
#   The process is running with CompressedOops enabled, and the Java Heap may be blocking the growth of the native heap
# Possible solutions:
#   Reduce memory load on the system
#   Increase physical memory or swap space
#   Check if swap backing store is full
#   Decrease Java heap size (-Xmx/-Xms)
#   Decrease number of Java threads
#   Decrease Java thread stack sizes (-Xss)
#   Set larger code cache with -XX:ReservedCodeCacheSize=
#   JVM is running with Unscaled Compressed Oops mode in which the Java heap is
#     placed in the first 4GB address space. The Java Heap base address is the
#     maximum limit for the native heap growth. Please use -XX:HeapBaseMinAddress
#     to set the Java Heap base and to place the Java Heap above 4GB virtual address.
# This output file may be truncated or incomplete.
#
#  Out of Memory Error (os_windows.cpp:3769), pid=8248, tid=2188
#
# JRE version: OpenJDK Runtime Environment (17.0.6) (build 17.0.6+0-b2043.56-10027231)
# Java VM: OpenJDK 64-Bit Server VM (17.0.6+0-b2043.56-10027231, mixed mode, tiered, compressed oops, compressed class ptrs, g1 gc, windows-amd64)
# No core dump will be written. Minidumps are not enabled by default on client versions of Windows
#

---------------  S U M M A R Y ------------

Command Line: --add-opens=java.base/java.util=ALL-UNNAMED --add-opens=java.base/java.lang=ALL-UNNAMED --add-opens=java.base/java.lang.invoke=ALL-UNNAMED --add-opens=java.prefs/java.util.prefs=ALL-UNNAMED --add-opens=java.base/java.nio.charset=ALL-UNNAMED --add-opens=java.base/java.net=ALL-UNNAMED --add-opens=java.base/java.util.concurrent.atomic=ALL-UNNAMED -Xmx2048m -Dfile.encoding=UTF-8 -Duser.country=BR -Duser.language=pt -Duser.variant org.gradle.launcher.daemon.bootstrap.GradleDaemon 8.0

Host: Intel(R) Core(TM) i5-7500 CPU @ 3.40GHz, 4 cores, 7G,  Windows 10 , 64 bit Build 19041 (10.0.19041.3155)
Time: Wed Sep 20 10:10:59 2023 Hora oficial do Brasil elapsed time: 11.320045 seconds (0d 0h 0m 11s)

---------------  T H R E A D  ---------------

Current thread (0x000001a83d2f2650):  VMThread "VM Thread" [stack: 0x0000005a37200000,0x0000005a37300000] [id=2188]

Stack: [0x0000005a37200000,0x0000005a37300000]
Native frames: (J=compiled Java code, j=interpreted, Vv=VM code, C=native code)
V  [jvm.dll+0x683c9a]
V  [jvm.dll+0x8427a4]
V  [jvm.dll+0x843f9e]
V  [jvm.dll+0x844603]
V  [jvm.dll+0x249b75]
V  [jvm.dll+0x680b69]
V  [jvm.dll+0x67505a]
V  [jvm.dll+0x309acb]
V  [jvm.dll+0x310f86]
V  [jvm.dll+0x3608ee]
V  [jvm.dll+0x360b1f]
V  [jvm.dll+0x2dfbf8]
V  [jvm.dll+0x2ddec4]
V  [jvm.dll+0x2dd4cc]
V  [jvm.dll+0x321f3b]
V  [jvm.dll+0x848ccb]
V  [jvm.dll+0x849a04]
V  [jvm.dll+0x849f1d]
V  [jvm.dll+0x84a2f4]
V  [jvm.dll+0x84a3c0]
V  [jvm.dll+0x7f274a]
V  [jvm.dll+0x682ad5]
C  [ucrtbase.dll+0x21bb2]
C  [KERNEL32.DLL+0x17614]
C  [ntdll.dll+0x526b1]

VM_Operation (0x0000005a3dbfe480): G1CollectForAllocation, mode: safepoint, requested by thread 0x000001a848fff1a0


---------------  P R O C E S S  ---------------

Threads class SMR info:
_java_thread_list=0x000001a8489dbc70, length=99, elements={
0x000001a823570430, 0x000001a83d317610, 0x000001a83d3194e0, 0x000001a83d303460,
0x000001a83dd2a000, 0x000001a83dd2ccd0, 0x000001a83dd31aa0, 0x000001a83dd32690,
0x000001a83dd3afa0, 0x000001a83dd3dca0, 0x000001a83dec64d0, 0x000001a83dec6db0,
0x000001a83df98b70, 0x000001a840ae3500, 0x000001a83efd7590, 0x000001a83f132940,
0x000001a83f4b7750, 0x000001a83f4b7c20, 0x000001a840acb7b0, 0x000001a83eae6c20,
0x000001a8414d0990, 0x000001a8414d2b40, 0x000001a8414d0e60, 0x000001a8414d34e0,
0x000001a8414d21a0, 0x000001a8414d39b0, 0x000001a8414d04c0, 0x000001a8414d3010,
0x000001a8414d3e80, 0x000001a8414d1800, 0x000001a8414d2670, 0x000001a840b413f0,
0x000001a840b3f240, 0x000001a840b3aee0, 0x000001a840b3a070, 0x000001a840b40a50,
0x000001a840b3f710, 0x000001a840b3aa10, 0x000001a840b40f20, 0x000001a840b418c0,
0x000001a840b3bd50, 0x000001a840b3c6f0, 0x000001a840b3cbc0, 0x000001a840b3d090,
0x000001a840b3d560, 0x000001a840b3da30, 0x000001a840b3df00, 0x000001a843e01b50,
0x000001a843e011b0, 0x000001a843e03360, 0x000001a843e046a0, 0x000001a843e00ce0,
0x000001a843dffe70, 0x000001a843dfe660, 0x000001a843e03d00, 0x000001a843e01680,
0x000001a843e02020, 0x000001a843e024f0, 0x000001a843e00340, 0x000001a843dfeb30,
0x000001a843dfdcc0, 0x000001a843dff000, 0x000001a843dff4d0, 0x000001a843dff9a0,
0x000001a843e00810, 0x000001a843dfe190, 0x000001a843e029c0, 0x000001a843e03830,
0x000001a843e02e90, 0x000001a843e041d0, 0x000001a843e04b70, 0x000001a843e05040,
0x000001a843dfd7f0, 0x000001a843ab3230, 0x000001a843aae530, 0x000001a843ab3bd0,
0x000001a843ab58b0, 0x000001a843aaea00, 0x000001a843aaeed0, 0x000001a843aaf3a0,
0x000001a843ab3700, 0x000001a843aaf870, 0x000001a843ab2d60, 0x000001a843ab0bb0,
0x000001a843ab1080, 0x000001a843ab4570, 0x000001a843ab1a20, 0x000001a843ab1ef0,
0x000001a849000010, 0x000001a849004840, 0x000001a849001cf0, 0x000001a849006050,
0x000001a8490021c0, 0x000001a849001820, 0x000001a849002b60, 0x000001a848ffe800,
0x000001a849002690, 0x000001a849000e80, 0x000001a848fff1a0
}

Java Threads: ( => current thread )
  0x000001a823570430 JavaThread "main" [_thread_blocked, id=5260, stack(0x0000005a36c00000,0x0000005a36d00000)]
  0x000001a83d317610 JavaThread "Reference Handler" daemon [_thread_blocked, id=1248, stack(0x0000005a37300000,0x0000005a37400000)]
  0x000001a83d3194e0 JavaThread "Finalizer" daemon [_thread_blocked, id=972, stack(0x0000005a37400000,0x0000005a37500000)]
  0x000001a83d303460 JavaThread "Signal Dispatcher" daemon [_thread_blocked, id=2152, stack(0x0000005a37500000,0x0000005a37600000)]
  0x000001a83dd2a000 JavaThread "Attach Listener" daemon [_thread_blocked, id=10088, stack(0x0000005a37600000,0x0000005a37700000)]
  0x000001a83dd2ccd0 JavaThread "Service Thread" daemon [_thread_blocked, id=3000, stack(0x0000005a37700000,0x0000005a37800000)]
  0x000001a83dd31aa0 JavaThread "Monitor Deflation Thread" daemon [_thread_blocked, id=5592, stack(0x0000005a37800000,0x0000005a37900000)]
  0x000001a83dd32690 JavaThread "C2 CompilerThread0" daemon [_thread_in_native, id=772, stack(0x0000005a37900000,0x0000005a37a00000)]
  0x000001a83dd3afa0 JavaThread "C1 CompilerThread0" daemon [_thread_blocked, id=6784, stack(0x0000005a37a00000,0x0000005a37b00000)]
  0x000001a83dd3dca0 JavaThread "Sweeper thread" daemon [_thread_blocked, id=1788, stack(0x0000005a37b00000,0x0000005a37c00000)]
  0x000001a83dec64d0 JavaThread "Common-Cleaner" daemon [_thread_blocked, id=4820, stack(0x0000005a37c00000,0x0000005a37d00000)]
  0x000001a83dec6db0 JavaThread "Notification Thread" daemon [_thread_blocked, id=2836, stack(0x0000005a37d00000,0x0000005a37e00000)]
  0x000001a83df98b70 JavaThread "C2 CompilerThread1" daemon [_thread_blocked, id=10492, stack(0x0000005a37f00000,0x0000005a38000000)]
  0x000001a840ae3500 JavaThread "Daemon health stats" [_thread_blocked, id=7092, stack(0x0000005a38300000,0x0000005a38400000)]
  0x000001a83efd7590 JavaThread "Incoming local TCP Connector on port 51515" [_thread_in_native, id=6872, stack(0x0000005a38400000,0x0000005a38500000)]
  0x000001a83f132940 JavaThread "Daemon periodic checks" [_thread_blocked, id=11160, stack(0x0000005a38500000,0x0000005a38600000)]
  0x000001a83f4b7750 JavaThread "Daemon" [_thread_blocked, id=1364, stack(0x0000005a38600000,0x0000005a38700000)]
  0x000001a83f4b7c20 JavaThread "Handler for socket connection from /127.0.0.1:51515 to /127.0.0.1:51516" [_thread_in_native, id=3728, stack(0x0000005a38700000,0x0000005a38800000)]
  0x000001a840acb7b0 JavaThread "Cancel handler" [_thread_blocked, id=9788, stack(0x0000005a38800000,0x0000005a38900000)]
  0x000001a83eae6c20 JavaThread "Daemon worker" [_thread_blocked, id=10188, stack(0x0000005a38900000,0x0000005a38a00000)]
  0x000001a8414d0990 JavaThread "Asynchronous log dispatcher for DefaultDaemonConnection: socket connection from /127.0.0.1:51515 to /127.0.0.1:51516" [_thread_blocked, id=11212, stack(0x0000005a38a00000,0x0000005a38b00000)]
  0x000001a8414d2b40 JavaThread "Stdin handler" [_thread_blocked, id=10048, stack(0x0000005a38b00000,0x0000005a38c00000)]
  0x000001a8414d0e60 JavaThread "Daemon client event forwarder" [_thread_blocked, id=7180, stack(0x0000005a38c00000,0x0000005a38d00000)]
  0x000001a8414d34e0 JavaThread "Cache worker for journal cache (C:\Users\profsl\.gradle\caches\journal-1)" [_thread_blocked, id=1916, stack(0x0000005a38d00000,0x0000005a38e00000)]
  0x000001a8414d21a0 JavaThread "File lock request listener" [_thread_in_native, id=11244, stack(0x0000005a38e00000,0x0000005a38f00000)]
  0x000001a8414d39b0 JavaThread "Cache worker for file hash cache (C:\Users\profsl\.gradle\caches\8.0\fileHashes)" [_thread_blocked, id=3788, stack(0x0000005a38f00000,0x0000005a39000000)]
  0x000001a8414d04c0 JavaThread "File watcher server" daemon [_thread_blocked, id=9212, stack(0x0000005a39000000,0x0000005a39100000)]
  0x000001a8414d3010 JavaThread "File watcher consumer" daemon [_thread_blocked, id=5988, stack(0x0000005a39100000,0x0000005a39200000)]
  0x000001a8414d3e80 JavaThread "Cache worker for checksums cache (C:\Users\profsl\AndroidStudioProjects\FMU2023_2_4aM\.gradle\8.0\checksums)" [_thread_blocked, id=4000, stack(0x0000005a39200000,0x0000005a39300000)]
  0x000001a8414d1800 JavaThread "Cache worker for cache directory md-rule (C:\Users\profsl\.gradle\caches\8.0\md-rule)" [_thread_blocked, id=224, stack(0x0000005a39300000,0x0000005a39400000)]
  0x000001a8414d2670 JavaThread "Cache worker for file content cache (C:\Users\profsl\.gradle\caches\8.0\fileContent)" [_thread_blocked, id=1556, stack(0x0000005a39400000,0x0000005a39500000)]
  0x000001a840b413f0 JavaThread "Cache worker for file hash cache (C:\Users\profsl\AndroidStudioProjects\FMU2023_2_4aM\.gradle\8.0\fileHashes)" [_thread_blocked, id=1172, stack(0x0000005a39500000,0x0000005a39600000)]
  0x000001a840b3f240 JavaThread "Cache worker for cache directory md-supplier (C:\Users\profsl\.gradle\caches\8.0\md-supplier)" [_thread_blocked, id=7112, stack(0x0000005a39600000,0x0000005a39700000)]
  0x000001a840b3aee0 JavaThread "Cache worker for execution history cache (C:\Users\profsl\.gradle\caches\8.0\executionHistory)" [_thread_blocked, id=4612, stack(0x0000005a39700000,0x0000005a39800000)]
  0x000001a840b3a070 JavaThread "jar transforms" [_thread_blocked, id=1844, stack(0x0000005a39800000,0x0000005a39900000)]
  0x000001a840b40a50 JavaThread "jar transforms Thread 2" [_thread_blocked, id=4528, stack(0x0000005a39900000,0x0000005a39a00000)]
  0x000001a840b3f710 JavaThread "Cache worker for kotlin-dsl (C:\Users\profsl\.gradle\caches\8.0\kotlin-dsl)" [_thread_blocked, id=1268, stack(0x0000005a39b00000,0x0000005a39c00000)]
  0x000001a840b3aa10 JavaThread "jar transforms Thread 3" [_thread_blocked, id=8344, stack(0x0000005a39c00000,0x0000005a39d00000)]
  0x000001a840b40f20 JavaThread "jar transforms Thread 4" [_thread_blocked, id=5128, stack(0x0000005a39d00000,0x0000005a39e00000)]
  0x000001a840b418c0 JavaThread "Cache worker for dependencies-accessors (C:\Users\profsl\AndroidStudioProjects\FMU2023_2_4aM\.gradle\8.0\dependencies-accessors)" [_thread_blocked, id=9780, stack(0x0000005a39e00000,0x0000005a39f00000)]
  0x000001a840b3bd50 JavaThread "Cache worker for Build Output Cleanup Cache (C:\Users\profsl\AndroidStudioProjects\FMU2023_2_4aM\.gradle\buildOutputCleanup)" [_thread_blocked, id=5528, stack(0x0000005a39f00000,0x0000005a3a000000)]
  0x000001a840b3c6f0 JavaThread "Unconstrained build operations" [_thread_blocked, id=8536, stack(0x0000005a3a000000,0x0000005a3a100000)]
  0x000001a840b3cbc0 JavaThread "Unconstrained build operations Thread 2" [_thread_blocked, id=10916, stack(0x0000005a3a100000,0x0000005a3a200000)]
  0x000001a840b3d090 JavaThread "Unconstrained build operations Thread 3" [_thread_blocked, id=3836, stack(0x0000005a3a200000,0x0000005a3a300000)]
  0x000001a840b3d560 JavaThread "Unconstrained build operations Thread 4" [_thread_blocked, id=5476, stack(0x0000005a3a300000,0x0000005a3a400000)]
  0x000001a840b3da30 JavaThread "Unconstrained build operations Thread 5" [_thread_blocked, id=7600, stack(0x0000005a3a400000,0x0000005a3a500000)]
  0x000001a840b3df00 JavaThread "Unconstrained build operations Thread 6" [_thread_blocked, id=8868, stack(0x0000005a3a500000,0x0000005a3a600000)]
  0x000001a843e01b50 JavaThread "Unconstrained build operations Thread 7" [_thread_blocked, id=8388, stack(0x0000005a3a600000,0x0000005a3a700000)]
  0x000001a843e011b0 JavaThread "Unconstrained build operations Thread 8" [_thread_blocked, id=9464, stack(0x0000005a3a700000,0x0000005a3a800000)]
  0x000001a843e03360 JavaThread "Unconstrained build operations Thread 9" [_thread_blocked, id=10728, stack(0x0000005a3a800000,0x0000005a3a900000)]
  0x000001a843e046a0 JavaThread "Unconstrained build operations Thread 10" [_thread_blocked, id=2788, stack(0x0000005a3a900000,0x0000005a3aa00000)]
  0x000001a843e00ce0 JavaThread "Unconstrained build operations Thread 11" [_thread_blocked, id=8516, stack(0x0000005a3aa00000,0x0000005a3ab00000)]
  0x000001a843dffe70 JavaThread "Unconstrained build operations Thread 12" [_thread_blocked, id=3860, stack(0x0000005a3ab00000,0x0000005a3ac00000)]
  0x000001a843dfe660 JavaThread "Unconstrained build operations Thread 13" [_thread_blocked, id=8352, stack(0x0000005a3ac00000,0x0000005a3ad00000)]
  0x000001a843e03d00 JavaThread "Unconstrained build operations Thread 14" [_thread_blocked, id=3720, stack(0x0000005a3ad00000,0x0000005a3ae00000)]
  0x000001a843e01680 JavaThread "Unconstrained build operations Thread 15" [_thread_blocked, id=3632, stack(0x0000005a3ae00000,0x0000005a3af00000)]
  0x000001a843e02020 JavaThread "Unconstrained build operations Thread 16" [_thread_blocked, id=11240, stack(0x0000005a3af00000,0x0000005a3b000000)]
  0x000001a843e024f0 JavaThread "Unconstrained build operations Thread 17" [_thread_blocked, id=9116, stack(0x0000005a3b000000,0x0000005a3b100000)]
  0x000001a843e00340 JavaThread "Unconstrained build operations Thread 18" [_thread_blocked, id=4012, stack(0x0000005a3b100000,0x0000005a3b200000)]
  0x000001a843dfeb30 JavaThread "Unconstrained build operations Thread 19" [_thread_blocked, id=9488, stack(0x0000005a3b200000,0x0000005a3b300000)]
  0x000001a843dfdcc0 JavaThread "Unconstrained build operations Thread 20" [_thread_blocked, id=5536, stack(0x0000005a3b300000,0x0000005a3b400000)]
  0x000001a843dff000 JavaThread "Unconstrained build operations Thread 21" [_thread_blocked, id=10500, stack(0x0000005a3b400000,0x0000005a3b500000)]
  0x000001a843dff4d0 JavaThread "Unconstrained build operations Thread 22" [_thread_blocked, id=8836, stack(0x0000005a3b500000,0x0000005a3b600000)]
  0x000001a843dff9a0 JavaThread "Unconstrained build operations Thread 23" [_thread_blocked, id=10280, stack(0x0000005a3b600000,0x0000005a3b700000)]
  0x000001a843e00810 JavaThread "Unconstrained build operations Thread 24" [_thread_blocked, id=9568, stack(0x0000005a3b700000,0x0000005a3b800000)]
  0x000001a843dfe190 JavaThread "Unconstrained build operations Thread 25" [_thread_blocked, id=7304, stack(0x0000005a3b800000,0x0000005a3b900000)]
  0x000001a843e029c0 JavaThread "Unconstrained build operations Thread 26" [_thread_blocked, id=2896, stack(0x0000005a3b900000,0x0000005a3ba00000)]
  0x000001a843e03830 JavaThread "Unconstrained build operations Thread 27" [_thread_blocked, id=6968, stack(0x0000005a3ba00000,0x0000005a3bb00000)]
  0x000001a843e02e90 JavaThread "Unconstrained build operations Thread 28" [_thread_blocked, id=6876, stack(0x0000005a3bb00000,0x0000005a3bc00000)]
  0x000001a843e041d0 JavaThread "Unconstrained build operations Thread 29" [_thread_blocked, id=11204, stack(0x0000005a3bc00000,0x0000005a3bd00000)]
  0x000001a843e04b70 JavaThread "Unconstrained build operations Thread 30" [_thread_blocked, id=1828, stack(0x0000005a3bd00000,0x0000005a3be00000)]
  0x000001a843e05040 JavaThread "Unconstrained build operations Thread 31" [_thread_blocked, id=10436, stack(0x0000005a3be00000,0x0000005a3bf00000)]
  0x000001a843dfd7f0 JavaThread "Unconstrained build operations Thread 32" [_thread_blocked, id=3316, stack(0x0000005a3bf00000,0x0000005a3c000000)]
  0x000001a843ab3230 JavaThread "Unconstrained build operations Thread 33" [_thread_blocked, id=10168, stack(0x0000005a3c000000,0x0000005a3c100000)]
  0x000001a843aae530 JavaThread "Unconstrained build operations Thread 34" [_thread_blocked, id=8452, stack(0x0000005a3c100000,0x0000005a3c200000)]
  0x000001a843ab3bd0 JavaThread "Unconstrained build operations Thread 35" [_thread_blocked, id=11032, stack(0x0000005a3c200000,0x0000005a3c300000)]
  0x000001a843ab58b0 JavaThread "Unconstrained build operations Thread 36" [_thread_blocked, id=1320, stack(0x0000005a3c300000,0x0000005a3c400000)]
  0x000001a843aaea00 JavaThread "Unconstrained build operations Thread 37" [_thread_blocked, id=10164, stack(0x0000005a3c400000,0x0000005a3c500000)]
  0x000001a843aaeed0 JavaThread "Unconstrained build operations Thread 38" [_thread_blocked, id=620, stack(0x0000005a3c500000,0x0000005a3c600000)]
  0x000001a843aaf3a0 JavaThread "Unconstrained build operations Thread 39" [_thread_blocked, id=6008, stack(0x0000005a3c600000,0x0000005a3c700000)]
  0x000001a843ab3700 JavaThread "Unconstrained build operations Thread 40" [_thread_blocked, id=3120, stack(0x0000005a3c700000,0x0000005a3c800000)]
  0x000001a843aaf870 JavaThread "build event listener" [_thread_blocked, id=1820, stack(0x0000005a3c800000,0x0000005a3c900000)]
  0x000001a843ab2d60 JavaThread "Memory manager" [_thread_blocked, id=10784, stack(0x0000005a3c900000,0x0000005a3ca00000)]
  0x000001a843ab0bb0 JavaThread "included builds" [_thread_blocked, id=9052, stack(0x0000005a3ca00000,0x0000005a3cb00000)]
  0x000001a843ab1080 JavaThread "Execution worker" [_thread_blocked, id=8672, stack(0x0000005a3cb00000,0x0000005a3cc00000)]
  0x000001a843ab4570 JavaThread "Execution worker Thread 2" [_thread_blocked, id=8844, stack(0x0000005a3cc00000,0x0000005a3cd00000)]
  0x000001a843ab1a20 JavaThread "Execution worker Thread 3" [_thread_blocked, id=10296, stack(0x0000005a3cd00000,0x0000005a3ce00000)]
  0x000001a843ab1ef0 JavaThread "Cache worker for execution history cache (C:\Users\profsl\AndroidStudioProjects\FMU2023_2_4aM\.gradle\8.0\executionHistory)" [_thread_blocked, id=5620, stack(0x0000005a3ce00000,0x0000005a3cf00000)]
  0x000001a849000010 JavaThread "WorkerExecutor Queue" [_thread_blocked, id=1348, stack(0x0000005a3d000000,0x0000005a3d100000)]
  0x000001a849004840 JavaThread "pool-3-thread-1" [_thread_blocked, id=2072, stack(0x0000005a3d100000,0x0000005a3d200000)]
  0x000001a849001cf0 JavaThread "stderr" [_thread_in_native, id=4604, stack(0x0000005a3d200000,0x0000005a3d300000)]
  0x000001a849006050 JavaThread "stdout" [_thread_in_native, id=2568, stack(0x0000005a3d300000,0x0000005a3d400000)]
  0x000001a8490021c0 JavaThread "WorkerExecutor Queue Thread 2" [_thread_blocked, id=10996, stack(0x0000005a3d400000,0x0000005a3d500000)]
  0x000001a849001820 JavaThread "WorkerExecutor Queue Thread 3" [_thread_blocked, id=9336, stack(0x0000005a3d500000,0x0000005a3d600000)]
  0x000001a849002b60 JavaThread "WorkerExecutor Queue Thread 4" [_thread_blocked, id=9536, stack(0x0000005a3d600000,0x0000005a3d700000)]
  0x000001a848ffe800 JavaThread "ForkJoinPool-1-worker-1" daemon [_thread_blocked, id=7432, stack(0x0000005a3d800000,0x0000005a3d900000)]
  0x000001a849002690 JavaThread "ForkJoinPool-1-worker-2" daemon [_thread_blocked, id=11024, stack(0x0000005a3d900000,0x0000005a3da00000)]
  0x000001a849000e80 JavaThread "ForkJoinPool-1-worker-3" daemon [_thread_blocked, id=1552, stack(0x0000005a3da00000,0x0000005a3db00000)]
  0x000001a848fff1a0 JavaThread "ForkJoinPool-1-worker-4" daemon [_thread_blocked, id=2784, stack(0x0000005a3db00000,0x0000005a3dc00000)]

Other Threads:
=>0x000001a83d2f2650 VMThread "VM Thread" [stack: 0x0000005a37200000,0x0000005a37300000] [id=2188]
  0x000001a83deb5520 WatcherThread [stack: 0x0000005a37e00000,0x0000005a37f00000] [id=2216]
  0x000001a8235cc980 GCTaskThread "GC Thread#0" [stack: 0x0000005a36d00000,0x0000005a36e00000] [id=4608]
  0x000001a83e7ca9c0 GCTaskThread "GC Thread#1" [stack: 0x0000005a38000000,0x0000005a38100000] [id=480]
  0x000001a83e515430 GCTaskThread "GC Thread#2" [stack: 0x0000005a38100000,0x0000005a38200000] [id=3800]
  0x000001a83ed1e080 GCTaskThread "GC Thread#3" [stack: 0x0000005a38200000,0x0000005a38300000] [id=3160]
  0x000001a8235dd7d0 ConcurrentGCThread "G1 Main Marker" [stack: 0x0000005a36e00000,0x0000005a36f00000] [id=3624]
  0x000001a8235de890 ConcurrentGCThread "G1 Conc#0" [stack: 0x0000005a36f00000,0x0000005a37000000] [id=10688]
  0x000001a8236356f0 ConcurrentGCThread "G1 Refine#0" [stack: 0x0000005a37000000,0x0000005a37100000] [id=8648]
  0x000001a83ed3a410 ConcurrentGCThread "G1 Refine#1" [stack: 0x0000005a39a00000,0x0000005a39b00000] [id=10428]
  0x000001a83f6376a0 ConcurrentGCThread "G1 Refine#2" [stack: 0x0000005a3cf00000,0x0000005a3d000000] [id=10328]
  0x000001a84650b640 ConcurrentGCThread "G1 Refine#3" [stack: 0x0000005a3d700000,0x0000005a3d800000] [id=1764]
  0x000001a83d151210 ConcurrentGCThread "G1 Service" [stack: 0x0000005a37100000,0x0000005a37200000] [id=11196]

Threads with active compile tasks:
C2 CompilerThread0    11364 11910       4       com.android.tools.r8.dex.code.O::a (3284 bytes)
C1 CompilerThread0    11364 12173       2       com.android.tools.r8.graph.r2::c (62 bytes)
C2 CompilerThread1    11365 12134       4       com.android.tools.r8.dex.code.D1::a (76 bytes)

VM state: at safepoint (normal execution)

VM Mutex/Monitor currently owned by a thread:  ([mutex/lock_event])
[0x000001a82356bc90] Threads_lock - owner thread: 0x000001a83d2f2650
[0x000001a82356ac40] Heap_lock - owner thread: 0x000001a848fff1a0

Heap address: 0x0000000080000000, size: 2048 MB, Compressed Oops mode: 32-bit

CDS archive(s) not mapped
Compressed class space mapped at: 0x0000000100000000-0x0000000140000000, reserved size: 1073741824
Narrow klass base: 0x0000000000000000, Narrow klass shift: 3, Narrow klass range: 0x140000000

GC Precious Log:
 CPUs: 4 total, 4 available
 Memory: 8087M
 Large Page Support: Disabled
 NUMA Support: Disabled
 Compressed Oops: Enabled (32-bit)
 Heap Region Size: 1M
 Heap Min Capacity: 8M
 Heap Initial Capacity: 128M
 Heap Max Capacity: 2G
 Pre-touch: Disabled
 Parallel Workers: 4
 Concurrent Workers: 1
 Concurrent Refinement Workers: 4
 Periodic GC: Disabled

Heap:
 garbage-first heap   total 242688K, used 142610K [0x0000000080000000, 0x0000000100000000)
  region size 1024K, 2 young (2048K), 2 survivors (2048K)
 Metaspace       used 99315K, committed 99968K, reserved 1138688K
  class space    used 13650K, committed 13952K, reserved 1048576K

Heap Regions: E=young(eden), S=young(survivor), O=old, HS=humongous(starts), HC=humongous(continues), CS=collection set, F=free, OA=open archive, CA=closed archive, TAMS=top-at-mark-start (previous, next)
|   0|0x0000000080000000, 0x0000000080100000, 0x0000000080100000|100%| O|  |TAMS 0x0000000080100000, 0x0000000080000000| Untracked 
|   1|0x0000000080100000, 0x0000000080200000, 0x0000000080200000|100%| O|  |TAMS 0x0000000080200000, 0x0000000080100000| Untracked 
|   2|0x0000000080200000, 0x0000000080300000, 0x0000000080300000|100%|HS|  |TAMS 0x0000000080300000, 0x0000000080200000| Complete 
|   3|0x0000000080300000, 0x0000000080400000, 0x0000000080400000|100%|HC|  |TAMS 0x0000000080400000, 0x0000000080300000| Complete 
|   4|0x0000000080400000, 0x0000000080500000, 0x0000000080500000|100%|HC|  |TAMS 0x0000000080500000, 0x0000000080400000| Complete 
|   5|0x0000000080500000, 0x0000000080600000, 0x0000000080600000|100%|HC|  |TAMS 0x0000000080600000, 0x0000000080500000| Complete 
|   6|0x0000000080600000, 0x0000000080700000, 0x0000000080700000|100%| O|  |TAMS 0x0000000080700000, 0x0000000080600000| Untracked 
|   7|0x0000000080700000, 0x0000000080800000, 0x0000000080800000|100%| O|  |TAMS 0x0000000080800000, 0x0000000080700000| Untracked 
|   8|0x0000000080800000, 0x0000000080900000, 0x0000000080900000|100%| O|  |TAMS 0x0000000080900000, 0x0000000080800000| Untracked 
|   9|0x0000000080900000, 0x0000000080a00000, 0x0000000080a00000|100%| O|  |TAMS 0x0000000080a00000, 0x0000000080900000| Untracked 
|  10|0x0000000080a00000, 0x0000000080b00000, 0x0000000080b00000|100%| O|  |TAMS 0x0000000080b00000, 0x0000000080a00000| Untracked 
|  11|0x0000000080b00000, 0x0000000080b49000, 0x0000000080c00000| 28%| O|  |TAMS 0x0000000080b49000, 0x0000000080b00000| Untracked 
|  12|0x0000000080c00000, 0x0000000080d00000, 0x0000000080d00000|100%| O|  |TAMS 0x0000000080d00000, 0x0000000080c00000| Untracked 
|  13|0x0000000080d00000, 0x0000000080e00000, 0x0000000080e00000|100%| O|  |TAMS 0x0000000080e00000, 0x0000000080d00000| Untracked 
|  14|0x0000000080e00000, 0x0000000080f00000, 0x0000000080f00000|100%| O|  |TAMS 0x0000000080f00000, 0x0000000080e00000| Untracked 
|  15|0x0000000080f00000, 0x0000000081000000, 0x0000000081000000|100%| O|  |TAMS 0x0000000081000000, 0x0000000080f00000| Untracked 
|  16|0x0000000081000000, 0x0000000081100000, 0x0000000081100000|100%| O|  |TAMS 0x0000000081100000, 0x0000000081000000| Untracked 
|  17|0x0000000081100000, 0x0000000081200000, 0x0000000081200000|100%| O|  |TAMS 0x0000000081200000, 0x0000000081100000| Untracked 
|  18|0x0000000081200000, 0x0000000081300000, 0x0000000081300000|100%| O|  |TAMS 0x0000000081300000, 0x0000000081200000| Untracked 
|  19|0x0000000081300000, 0x0000000081400000, 0x0000000081400000|100%| O|  |TAMS 0x0000000081400000, 0x0000000081300000| Untracked 
|  20|0x0000000081400000, 0x0000000081500000, 0x0000000081500000|100%| O|  |TAMS 0x0000000081500000, 0x0000000081400000| Untracked 
|  21|0x0000000081500000, 0x0000000081600000, 0x0000000081600000|100%| O|  |TAMS 0x0000000081600000, 0x0000000081500000| Untracked 
|  22|0x0000000081600000, 0x0000000081700000, 0x0000000081700000|100%| O|  |TAMS 0x0000000081700000, 0x0000000081600000| Untracked 
|  23|0x0000000081700000, 0x0000000081800000, 0x0000000081800000|100%| O|  |TAMS 0x0000000081800000, 0x0000000081700000| Untracked 
|  24|0x0000000081800000, 0x0000000081900000, 0x0000000081900000|100%| O|  |TAMS 0x0000000081900000, 0x0000000081800000| Untracked 
|  25|0x0000000081900000, 0x0000000081a00000, 0x0000000081a00000|100%|HS|  |TAMS 0x0000000081a00000, 0x0000000081900000| Complete 
|  26|0x0000000081a00000, 0x0000000081b00000, 0x0000000081b00000|100%|HS|  |TAMS 0x0000000081b00000, 0x0000000081a00000| Complete 
|  27|0x0000000081b00000, 0x0000000081c00000, 0x0000000081c00000|100%| O|  |TAMS 0x0000000081c00000, 0x0000000081b00000| Untracked 
|  28|0x0000000081c00000, 0x0000000081d00000, 0x0000000081d00000|100%| O|  |TAMS 0x0000000081d00000, 0x0000000081c00000| Untracked 
|  29|0x0000000081d00000, 0x0000000081e00000, 0x0000000081e00000|100%| O|  |TAMS 0x0000000081e00000, 0x0000000081d00000| Untracked 
|  30|0x0000000081e00000, 0x0000000081f00000, 0x0000000081f00000|100%| O|  |TAMS 0x0000000081f00000, 0x0000000081e00000| Untracked 
|  31|0x0000000081f00000, 0x0000000082000000, 0x0000000082000000|100%| O|  |TAMS 0x0000000082000000, 0x0000000081f00000| Untracked 
|  32|0x0000000082000000, 0x0000000082100000, 0x0000000082100000|100%|HS|  |TAMS 0x0000000082100000, 0x0000000082000000| Complete 
|  33|0x0000000082100000, 0x0000000082200000, 0x0000000082200000|100%| O|  |TAMS 0x0000000082200000, 0x0000000082100000| Untracked 
|  34|0x0000000082200000, 0x0000000082300000, 0x0000000082300000|100%| O|  |TAMS 0x0000000082300000, 0x0000000082200000| Untracked 
|  35|0x0000000082300000, 0x0000000082400000, 0x0000000082400000|100%| O|  |TAMS 0x0000000082400000, 0x0000000082300000| Untracked 
|  36|0x0000000082400000, 0x0000000082500000, 0x0000000082500000|100%| O|  |TAMS 0x0000000082500000, 0x0000000082400000| Untracked 
|  37|0x0000000082500000, 0x0000000082600000, 0x0000000082600000|100%| O|  |TAMS 0x0000000082600000, 0x0000000082500000| Untracked 
|  38|0x0000000082600000, 0x0000000082700000, 0x0000000082700000|100%| O|  |TAMS 0x0000000082700000, 0x0000000082600000| Untracked 
|  39|0x0000000082700000, 0x0000000082800000, 0x0000000082800000|100%| O|  |TAMS 0x0000000082800000, 0x0000000082700000| Untracked 
|  40|0x0000000082800000, 0x0000000082900000, 0x0000000082900000|100%| O|  |TAMS 0x0000000082900000, 0x0000000082800000| Untracked 
|  41|0x0000000082900000, 0x0000000082a00000, 0x0000000082a00000|100%| O|  |TAMS 0x0000000082a00000, 0x0000000082900000| Untracked 
|  42|0x0000000082a00000, 0x0000000082b00000, 0x0000000082b00000|100%| O|  |TAMS 0x0000000082b00000, 0x0000000082a00000| Untracked 
|  43|0x0000000082b00000, 0x0000000082c00000, 0x0000000082c00000|100%| O|  |TAMS 0x0000000082c00000, 0x0000000082b00000| Untracked 
|  44|0x0000000082c00000, 0x0000000082d00000, 0x0000000082d00000|100%| O|  |TAMS 0x0000000082d00000, 0x0000000082c00000| Untracked 
|  45|0x0000000082d00000, 0x0000000082e00000, 0x0000000082e00000|100%| O|  |TAMS 0x0000000082e00000, 0x0000000082d00000| Untracked 
|  46|0x0000000082e00000, 0x0000000082f00000, 0x0000000082f00000|100%| O|  |TAMS 0x0000000082f00000, 0x0000000082e00000| Untracked 
|  47|0x0000000082f00000, 0x0000000083000000, 0x0000000083000000|100%| O|  |TAMS 0x0000000083000000, 0x0000000082f00000| Untracked 
|  48|0x0000000083000000, 0x0000000083100000, 0x0000000083100000|100%| O|  |TAMS 0x0000000083100000, 0x0000000083000000| Untracked 
|  49|0x0000000083100000, 0x0000000083200000, 0x0000000083200000|100%| O|  |TAMS 0x0000000083200000, 0x0000000083100000| Untracked 
|  50|0x0000000083200000, 0x0000000083300000, 0x0000000083300000|100%| O|  |TAMS 0x0000000083300000, 0x0000000083200000| Untracked 
|  51|0x0000000083300000, 0x0000000083400000, 0x0000000083400000|100%| O|  |TAMS 0x0000000083400000, 0x0000000083300000| Untracked 
|  52|0x0000000083400000, 0x0000000083500000, 0x0000000083500000|100%| O|  |TAMS 0x0000000083500000, 0x0000000083400000| Untracked 
|  53|0x0000000083500000, 0x0000000083600000, 0x0000000083600000|100%| O|  |TAMS 0x0000000083600000, 0x0000000083500000| Untracked 
|  54|0x0000000083600000, 0x0000000083700000, 0x0000000083700000|100%|HS|  |TAMS 0x0000000083600000, 0x0000000083600000| Complete 
|  55|0x0000000083700000, 0x0000000083800000, 0x0000000083800000|100%| O|  |TAMS 0x0000000083800000, 0x0000000083700000| Untracked 
|  56|0x0000000083800000, 0x0000000083900000, 0x0000000083900000|100%| O|  |TAMS 0x0000000083900000, 0x0000000083800000| Untracked 
|  57|0x0000000083900000, 0x0000000083a00000, 0x0000000083a00000|100%| O|  |TAMS 0x0000000083a00000, 0x0000000083900000| Untracked 
|  58|0x0000000083a00000, 0x0000000083b00000, 0x0000000083b00000|100%| O|  |TAMS 0x0000000083b00000, 0x0000000083a00000| Untracked 
|  59|0x0000000083b00000, 0x0000000083c00000, 0x0000000083c00000|100%| O|  |TAMS 0x0000000083c00000, 0x0000000083b00000| Untracked 
|  60|0x0000000083c00000, 0x0000000083d00000, 0x0000000083d00000|100%| O|  |TAMS 0x0000000083d00000, 0x0000000083c00000| Untracked 
|  61|0x0000000083d00000, 0x0000000083e00000, 0x0000000083e00000|100%| O|  |TAMS 0x0000000083e00000, 0x0000000083d00000| Untracked 
|  62|0x0000000083e00000, 0x0000000083f00000, 0x0000000083f00000|100%| O|  |TAMS 0x0000000083f00000, 0x0000000083e00000| Untracked 
|  63|0x0000000083f00000, 0x0000000084000000, 0x0000000084000000|100%| O|  |TAMS 0x0000000084000000, 0x0000000083f00000| Untracked 
|  64|0x0000000084000000, 0x0000000084100000, 0x0000000084100000|100%| O|  |TAMS 0x0000000084100000, 0x0000000084000000| Untracked 
|  65|0x0000000084100000, 0x0000000084200000, 0x0000000084200000|100%| O|  |TAMS 0x0000000084200000, 0x0000000084100000| Untracked 
|  66|0x0000000084200000, 0x0000000084300000, 0x0000000084300000|100%| O|  |TAMS 0x0000000084300000, 0x0000000084200000| Untracked 
|  67|0x0000000084300000, 0x0000000084400000, 0x0000000084400000|100%| O|  |TAMS 0x0000000084400000, 0x0000000084300000| Untracked 
|  68|0x0000000084400000, 0x0000000084500000, 0x0000000084500000|100%| O|  |TAMS 0x0000000084500000, 0x0000000084400000| Untracked 
|  69|0x0000000084500000, 0x0000000084600000, 0x0000000084600000|100%| O|  |TAMS 0x0000000084600000, 0x0000000084500000| Untracked 
|  70|0x0000000084600000, 0x0000000084700000, 0x0000000084700000|100%| O|  |TAMS 0x0000000084700000, 0x0000000084600000| Untracked 
|  71|0x0000000084700000, 0x0000000084800000, 0x0000000084800000|100%|HS|  |TAMS 0x0000000084800000, 0x0000000084700000| Complete 
|  72|0x0000000084800000, 0x0000000084900000, 0x0000000084900000|100%| O|  |TAMS 0x0000000084900000, 0x0000000084800000| Untracked 
|  73|0x0000000084900000, 0x0000000084a00000, 0x0000000084a00000|100%| O|  |TAMS 0x0000000084a00000, 0x0000000084900000| Untracked 
|  74|0x0000000084a00000, 0x0000000084b00000, 0x0000000084b00000|100%| O|  |TAMS 0x0000000084b00000, 0x0000000084a00000| Untracked 
|  75|0x0000000084b00000, 0x0000000084c00000, 0x0000000084c00000|100%| O|  |TAMS 0x0000000084c00000, 0x0000000084b00000| Untracked 
|  76|0x0000000084c00000, 0x0000000084d00000, 0x0000000084d00000|100%| O|  |TAMS 0x0000000084d00000, 0x0000000084c00000| Untracked 
|  77|0x0000000084d00000, 0x0000000084d00000, 0x0000000084e00000|  0%| F|  |TAMS 0x0000000084d00000, 0x0000000084d00000| Untracked 
|  78|0x0000000084e00000, 0x0000000084f00000, 0x0000000084f00000|100%|HS|  |TAMS 0x0000000084f00000, 0x0000000084e00000| Complete 
|  79|0x0000000084f00000, 0x0000000085000000, 0x0000000085000000|100%|HC|  |TAMS 0x0000000085000000, 0x0000000084f00000| Complete 
|  80|0x0000000085000000, 0x0000000085100000, 0x0000000085100000|100%|HS|  |TAMS 0x0000000085100000, 0x0000000085000000| Complete 
|  81|0x0000000085100000, 0x0000000085200000, 0x0000000085200000|100%|HS|  |TAMS 0x0000000085200000, 0x0000000085100000| Complete 
|  82|0x0000000085200000, 0x0000000085300000, 0x0000000085300000|100%|HC|  |TAMS 0x0000000085300000, 0x0000000085200000| Complete 
|  83|0x0000000085300000, 0x0000000085400000, 0x0000000085400000|100%| O|  |TAMS 0x0000000085400000, 0x0000000085300000| Untracked 
|  84|0x0000000085400000, 0x0000000085500000, 0x0000000085500000|100%| O|  |TAMS 0x0000000085500000, 0x0000000085400000| Untracked 
|  85|0x0000000085500000, 0x0000000085600000, 0x0000000085600000|100%| O|  |TAMS 0x0000000085600000, 0x0000000085500000| Untracked 
|  86|0x0000000085600000, 0x0000000085700000, 0x0000000085700000|100%| O|  |TAMS 0x0000000085700000, 0x0000000085600000| Untracked 
|  87|0x0000000085700000, 0x0000000085800000, 0x0000000085800000|100%| O|  |TAMS 0x0000000085800000, 0x0000000085700000| Untracked 
|  88|0x0000000085800000, 0x0000000085900000, 0x0000000085900000|100%| O|  |TAMS 0x0000000085900000, 0x0000000085800000| Untracked 
|  89|0x0000000085900000, 0x0000000085a00000, 0x0000000085a00000|100%|HS|  |TAMS 0x0000000085a00000, 0x0000000085900000| Complete 
|  90|0x0000000085a00000, 0x0000000085b00000, 0x0000000085b00000|100%|HC|  |TAMS 0x0000000085b00000, 0x0000000085a00000| Complete 
|  91|0x0000000085b00000, 0x0000000085c00000, 0x0000000085c00000|100%|HS|  |TAMS 0x0000000085c00000, 0x0000000085b00000| Complete 
|  92|0x0000000085c00000, 0x0000000085d00000, 0x0000000085d00000|100%|HC|  |TAMS 0x0000000085d00000, 0x0000000085c00000| Complete 
|  93|0x0000000085d00000, 0x0000000085e00000, 0x0000000085e00000|100%|HC|  |TAMS 0x0000000085e00000, 0x0000000085d00000| Complete 
|  94|0x0000000085e00000, 0x0000000085f00000, 0x0000000085f00000|100%| O|  |TAMS 0x0000000085f00000, 0x0000000085e00000| Untracked 
|  95|0x0000000085f00000, 0x0000000086000000, 0x0000000086000000|100%| O|  |TAMS 0x0000000086000000, 0x0000000085f00000| Untracked 
|  96|0x0000000086000000, 0x0000000086100000, 0x0000000086100000|100%| O|  |TAMS 0x0000000086100000, 0x0000000086000000| Untracked 
|  97|0x0000000086100000, 0x0000000086200000, 0x0000000086200000|100%|HS|  |TAMS 0x0000000086200000, 0x0000000086100000| Complete 
|  98|0x0000000086200000, 0x0000000086300000, 0x0000000086300000|100%|HC|  |TAMS 0x0000000086300000, 0x0000000086200000| Complete 
|  99|0x0000000086300000, 0x0000000086400000, 0x0000000086400000|100%| O|  |TAMS 0x0000000086400000, 0x0000000086300000| Untracked 
| 100|0x0000000086400000, 0x0000000086500000, 0x0000000086500000|100%|HS|  |TAMS 0x0000000086500000, 0x0000000086400000| Complete 
| 101|0x0000000086500000, 0x0000000086600000, 0x0000000086600000|100%| O|  |TAMS 0x0000000086600000, 0x0000000086500000| Untracked 
| 102|0x0000000086600000, 0x0000000086700000, 0x0000000086700000|100%|HS|  |TAMS 0x0000000086700000, 0x0000000086600000| Complete 
| 103|0x0000000086700000, 0x0000000086800000, 0x0000000086800000|100%| O|  |TAMS 0x0000000086800000, 0x0000000086700000| Untracked 
| 104|0x0000000086800000, 0x0000000086900000, 0x0000000086900000|100%| O|  |TAMS 0x0000000086900000, 0x0000000086800000| Untracked 
| 105|0x0000000086900000, 0x0000000086a00000, 0x0000000086a00000|100%| O|  |TAMS 0x0000000086a00000, 0x0000000086900000| Untracked 
| 106|0x0000000086a00000, 0x0000000086b00000, 0x0000000086b00000|100%|HS|  |TAMS 0x0000000086b00000, 0x0000000086a00000| Complete 
| 107|0x0000000086b00000, 0x0000000086c00000, 0x0000000086c00000|100%|HC|  |TAMS 0x0000000086c00000, 0x0000000086b00000| Complete 
| 108|0x0000000086c00000, 0x0000000086d00000, 0x0000000086d00000|100%|HS|  |TAMS 0x0000000086c00000, 0x0000000086c00000| Complete 
| 109|0x0000000086d00000, 0x0000000086e00000, 0x0000000086e00000|100%| O|  |TAMS 0x0000000086d00000, 0x0000000086d00000| Untracked 
| 110|0x0000000086e00000, 0x0000000086f00000, 0x0000000086f00000|100%| O|  |TAMS 0x0000000086e00000, 0x0000000086e00000| Untracked 
| 111|0x0000000086f00000, 0x0000000087000000, 0x0000000087000000|100%|HS|  |TAMS 0x0000000087000000, 0x0000000086f00000| Complete 
| 112|0x0000000087000000, 0x0000000087100000, 0x0000000087100000|100%|HC|  |TAMS 0x0000000087100000, 0x0000000087000000| Complete 
| 113|0x0000000087100000, 0x0000000087200000, 0x0000000087200000|100%| O|  |TAMS 0x0000000087100000, 0x0000000087100000| Untracked 
| 114|0x0000000087200000, 0x0000000087300000, 0x0000000087300000|100%| O|  |TAMS 0x0000000087200000, 0x0000000087200000| Untracked 
| 115|0x0000000087300000, 0x0000000087400000, 0x0000000087400000|100%| O|  |TAMS 0x0000000087300000, 0x0000000087300000| Untracked 
| 116|0x0000000087400000, 0x0000000087500000, 0x0000000087500000|100%| O|  |TAMS 0x0000000087400000, 0x0000000087400000| Untracked 
| 117|0x0000000087500000, 0x0000000087600000, 0x0000000087600000|100%| O|  |TAMS 0x0000000087500000, 0x0000000087500000| Untracked 
| 118|0x0000000087600000, 0x0000000087700000, 0x0000000087700000|100%| O|  |TAMS 0x0000000087600000, 0x0000000087600000| Untracked 
| 119|0x0000000087700000, 0x0000000087800000, 0x0000000087800000|100%|HS|  |TAMS 0x0000000087800000, 0x0000000087700000| Complete 
| 120|0x0000000087800000, 0x0000000087900000, 0x0000000087900000|100%|HC|  |TAMS 0x0000000087900000, 0x0000000087800000| Complete 
| 121|0x0000000087900000, 0x0000000087a00000, 0x0000000087a00000|100%|HC|  |TAMS 0x0000000087a00000, 0x0000000087900000| Complete 
| 122|0x0000000087a00000, 0x0000000087b00000, 0x0000000087b00000|100%| O|  |TAMS 0x0000000087b00000, 0x0000000087a00000| Untracked 
| 123|0x0000000087b00000, 0x0000000087c00000, 0x0000000087c00000|100%| O|  |TAMS 0x0000000087c00000, 0x0000000087b00000| Untracked 
| 124|0x0000000087c00000, 0x0000000087d00000, 0x0000000087d00000|100%| O|  |TAMS 0x0000000087d00000, 0x0000000087c00000| Untracked 
| 125|0x0000000087d00000, 0x0000000087e00000, 0x0000000087e00000|100%| O|  |TAMS 0x0000000087e00000, 0x0000000087d00000| Untracked 
| 126|0x0000000087e00000, 0x0000000087f00000, 0x0000000087f00000|100%| O|  |TAMS 0x0000000087e00000, 0x0000000087e00000| Untracked 
| 127|0x0000000087f00000, 0x0000000088000000, 0x0000000088000000|100%| O|  |TAMS 0x0000000087f00000, 0x0000000087f00000| Untracked 
| 128|0x0000000088000000, 0x0000000088100000, 0x0000000088100000|100%| O|  |TAMS 0x0000000088000000, 0x0000000088000000| Untracked 
| 129|0x0000000088100000, 0x0000000088200000, 0x0000000088200000|100%| O|  |TAMS 0x0000000088100000, 0x0000000088100000| Untracked 
| 130|0x0000000088200000, 0x0000000088300000, 0x0000000088300000|100%| O|  |TAMS 0x0000000088200000, 0x0000000088200000| Untracked 
| 131|0x0000000088300000, 0x0000000088400000, 0x0000000088400000|100%| O|  |TAMS 0x0000000088300000, 0x0000000088300000| Untracked 
| 132|0x0000000088400000, 0x00000000884fb800, 0x0000000088500000| 98%| O|  |TAMS 0x0000000088400000, 0x0000000088400000| Untracked 
| 133|0x0000000088500000, 0x0000000088500000, 0x0000000088600000|  0%| F|  |TAMS 0x0000000088500000, 0x0000000088500000| Untracked 
| 134|0x0000000088600000, 0x0000000088600000, 0x0000000088700000|  0%| F|  |TAMS 0x0000000088600000, 0x0000000088600000| Untracked 
| 135|0x0000000088700000, 0x0000000088700000, 0x0000000088800000|  0%| F|  |TAMS 0x0000000088700000, 0x0000000088700000| Untracked 
| 136|0x0000000088800000, 0x0000000088800000, 0x0000000088900000|  0%| F|  |TAMS 0x0000000088800000, 0x0000000088800000| Untracked 
| 137|0x0000000088900000, 0x0000000088900000, 0x0000000088a00000|  0%| F|  |TAMS 0x0000000088900000, 0x0000000088900000| Untracked 
| 138|0x0000000088a00000, 0x0000000088a00000, 0x0000000088b00000|  0%| F|  |TAMS 0x0000000088a00000, 0x0000000088a00000| Untracked 
| 139|0x0000000088b00000, 0x0000000088b00000, 0x0000000088c00000|  0%| F|  |TAMS 0x0000000088b00000, 0x0000000088b00000| Untracked 
| 140|0x0000000088c00000, 0x0000000088c00000, 0x0000000088d00000|  0%| F|  |TAMS 0x0000000088c00000, 0x0000000088c00000| Untracked 
| 141|0x0000000088d00000, 0x0000000088d00000, 0x0000000088e00000|  0%| F|  |TAMS 0x0000000088d00000, 0x0000000088d00000| Untracked 
| 142|0x0000000088e00000, 0x0000000088e00000, 0x0000000088f00000|  0%| F|  |TAMS 0x0000000088e00000, 0x0000000088e00000| Untracked 
| 143|0x0000000088f00000, 0x0000000088f00000, 0x0000000089000000|  0%| F|  |TAMS 0x0000000088f00000, 0x0000000088f00000| Untracked 
| 144|0x0000000089000000, 0x0000000089000000, 0x0000000089100000|  0%| F|  |TAMS 0x0000000089000000, 0x0000000089000000| Untracked 
| 145|0x0000000089100000, 0x0000000089100000, 0x0000000089200000|  0%| F|  |TAMS 0x0000000089100000, 0x0000000089100000| Untracked 
| 146|0x0000000089200000, 0x0000000089200000, 0x0000000089300000|  0%| F|  |TAMS 0x0000000089200000, 0x0000000089200000| Untracked 
| 147|0x0000000089300000, 0x0000000089300000, 0x0000000089400000|  0%| F|  |TAMS 0x0000000089300000, 0x0000000089300000| Untracked 
| 148|0x0000000089400000, 0x0000000089400000, 0x0000000089500000|  0%| F|  |TAMS 0x0000000089400000, 0x0000000089400000| Untracked 
| 149|0x0000000089500000, 0x0000000089500000, 0x0000000089600000|  0%| F|  |TAMS 0x0000000089500000, 0x0000000089500000| Untracked 
| 150|0x0000000089600000, 0x0000000089600000, 0x0000000089700000|  0%| F|  |TAMS 0x0000000089600000, 0x0000000089600000| Untracked 
| 151|0x0000000089700000, 0x0000000089700000, 0x0000000089800000|  0%| F|  |TAMS 0x0000000089700000, 0x0000000089700000| Untracked 
| 152|0x0000000089800000, 0x0000000089800000, 0x0000000089900000|  0%| F|  |TAMS 0x0000000089800000, 0x0000000089800000| Untracked 
| 153|0x0000000089900000, 0x0000000089900000, 0x0000000089a00000|  0%| F|  |TAMS 0x0000000089900000, 0x0000000089900000| Untracked 
| 154|0x0000000089a00000, 0x0000000089a00000, 0x0000000089b00000|  0%| F|  |TAMS 0x0000000089a00000, 0x0000000089a00000| Untracked 
| 155|0x0000000089b00000, 0x0000000089b00000, 0x0000000089c00000|  0%| F|  |TAMS 0x0000000089b00000, 0x0000000089b00000| Untracked 
| 156|0x0000000089c00000, 0x0000000089c00000, 0x0000000089d00000|  0%| F|  |TAMS 0x0000000089c00000, 0x0000000089c00000| Untracked 
| 157|0x0000000089d00000, 0x0000000089d00000, 0x0000000089e00000|  0%| F|  |TAMS 0x0000000089d00000, 0x0000000089d00000| Untracked 
| 158|0x0000000089e00000, 0x0000000089e00000, 0x0000000089f00000|  0%| F|  |TAMS 0x0000000089e00000, 0x0000000089e00000| Untracked 
| 159|0x0000000089f00000, 0x0000000089f00000, 0x000000008a000000|  0%| F|  |TAMS 0x0000000089f00000, 0x0000000089f00000| Untracked 
| 160|0x000000008a000000, 0x000000008a000000, 0x000000008a100000|  0%| F|  |TAMS 0x000000008a000000, 0x000000008a000000| Untracked 
| 161|0x000000008a100000, 0x000000008a100000, 0x000000008a200000|  0%| F|  |TAMS 0x000000008a100000, 0x000000008a100000| Untracked 
| 162|0x000000008a200000, 0x000000008a200000, 0x000000008a300000|  0%| F|  |TAMS 0x000000008a200000, 0x000000008a200000| Untracked 
| 163|0x000000008a300000, 0x000000008a300000, 0x000000008a400000|  0%| F|  |TAMS 0x000000008a300000, 0x000000008a300000| Untracked 
| 164|0x000000008a400000, 0x000000008a400000, 0x000000008a500000|  0%| F|  |TAMS 0x000000008a400000, 0x000000008a400000| Untracked 
| 165|0x000000008a500000, 0x000000008a500000, 0x000000008a600000|  0%| F|  |TAMS 0x000000008a500000, 0x000000008a500000| Untracked 
| 166|0x000000008a600000, 0x000000008a600000, 0x000000008a700000|  0%| F|  |TAMS 0x000000008a600000, 0x000000008a600000| Untracked 
| 167|0x000000008a700000, 0x000000008a700000, 0x000000008a800000|  0%| F|  |TAMS 0x000000008a700000, 0x000000008a700000| Untracked 
| 168|0x000000008a800000, 0x000000008a800000, 0x000000008a900000|  0%| F|  |TAMS 0x000000008a800000, 0x000000008a800000| Untracked 
| 169|0x000000008a900000, 0x000000008a900000, 0x000000008aa00000|  0%| F|  |TAMS 0x000000008a900000, 0x000000008a900000| Untracked 
| 170|0x000000008aa00000, 0x000000008aa00000, 0x000000008ab00000|  0%| F|  |TAMS 0x000000008aa00000, 0x000000008aa00000| Untracked 
| 171|0x000000008ab00000, 0x000000008ab00000, 0x000000008ac00000|  0%| F|  |TAMS 0x000000008ab00000, 0x000000008ab00000| Untracked 
| 172|0x000000008ac00000, 0x000000008ac00000, 0x000000008ad00000|  0%| F|  |TAMS 0x000000008ac00000, 0x000000008ac00000| Untracked 
| 173|0x000000008ad00000, 0x000000008ad00000, 0x000000008ae00000|  0%| F|  |TAMS 0x000000008ad00000, 0x000000008ad00000| Untracked 
| 174|0x000000008ae00000, 0x000000008ae00000, 0x000000008af00000|  0%| F|  |TAMS 0x000000008ae00000, 0x000000008ae00000| Untracked 
| 175|0x000000008af00000, 0x000000008af00000, 0x000000008b000000|  0%| F|  |TAMS 0x000000008af00000, 0x000000008af00000| Untracked 
| 176|0x000000008b000000, 0x000000008b000000, 0x000000008b100000|  0%| F|  |TAMS 0x000000008b000000, 0x000000008b000000| Untracked 
| 177|0x000000008b100000, 0x000000008b100000, 0x000000008b200000|  0%| F|  |TAMS 0x000000008b100000, 0x000000008b100000| Untracked 
| 178|0x000000008b200000, 0x000000008b200000, 0x000000008b300000|  0%| F|  |TAMS 0x000000008b200000, 0x000000008b200000| Untracked 
| 179|0x000000008b300000, 0x000000008b300000, 0x000000008b400000|  0%| F|  |TAMS 0x000000008b300000, 0x000000008b300000| Untracked 
| 180|0x000000008b400000, 0x000000008b400000, 0x000000008b500000|  0%| F|  |TAMS 0x000000008b400000, 0x000000008b400000| Untracked 
| 181|0x000000008b500000, 0x000000008b500000, 0x000000008b600000|  0%| F|  |TAMS 0x000000008b500000, 0x000000008b500000| Untracked 
| 182|0x000000008b600000, 0x000000008b600000, 0x000000008b700000|  0%| F|  |TAMS 0x000000008b600000, 0x000000008b600000| Untracked 
| 183|0x000000008b700000, 0x000000008b700000, 0x000000008b800000|  0%| F|  |TAMS 0x000000008b700000, 0x000000008b700000| Untracked 
| 184|0x000000008b800000, 0x000000008b800000, 0x000000008b900000|  0%| F|  |TAMS 0x000000008b800000, 0x000000008b800000| Untracked 
| 185|0x000000008b900000, 0x000000008b900000, 0x000000008ba00000|  0%| F|  |TAMS 0x000000008b900000, 0x000000008b900000| Untracked 
| 186|0x000000008ba00000, 0x000000008ba00000, 0x000000008bb00000|  0%| F|  |TAMS 0x000000008ba00000, 0x000000008ba00000| Untracked 
| 187|0x000000008bb00000, 0x000000008bb00000, 0x000000008bc00000|  0%| F|  |TAMS 0x000000008bb00000, 0x000000008bb00000| Untracked 
| 188|0x000000008bc00000, 0x000000008bc00000, 0x000000008bd00000|  0%| F|  |TAMS 0x000000008bc00000, 0x000000008bc00000| Untracked 
| 189|0x000000008bd00000, 0x000000008bd00000, 0x000000008be00000|  0%| F|  |TAMS 0x000000008bd00000, 0x000000008bd00000| Untracked 
| 190|0x000000008be00000, 0x000000008be00000, 0x000000008bf00000|  0%| F|  |TAMS 0x000000008be00000, 0x000000008be00000| Untracked 
| 191|0x000000008bf00000, 0x000000008bf00000, 0x000000008c000000|  0%| F|  |TAMS 0x000000008bf00000, 0x000000008bf00000| Untracked 
| 192|0x000000008c000000, 0x000000008c000000, 0x000000008c100000|  0%| F|  |TAMS 0x000000008c000000, 0x000000008c000000| Untracked 
| 193|0x000000008c100000, 0x000000008c100000, 0x000000008c200000|  0%| F|  |TAMS 0x000000008c100000, 0x000000008c100000| Untracked 
| 194|0x000000008c200000, 0x000000008c200000, 0x000000008c300000|  0%| F|  |TAMS 0x000000008c200000, 0x000000008c200000| Untracked 
| 195|0x000000008c300000, 0x000000008c300000, 0x000000008c400000|  0%| F|  |TAMS 0x000000008c300000, 0x000000008c300000| Untracked 
| 196|0x000000008c400000, 0x000000008c400000, 0x000000008c500000|  0%| F|  |TAMS 0x000000008c400000, 0x000000008c400000| Untracked 
| 197|0x000000008c500000, 0x000000008c500000, 0x000000008c600000|  0%| F|  |TAMS 0x000000008c500000, 0x000000008c500000| Untracked 
| 198|0x000000008c600000, 0x000000008c600000, 0x000000008c700000|  0%| F|  |TAMS 0x000000008c600000, 0x000000008c600000| Untracked 
| 199|0x000000008c700000, 0x000000008c700000, 0x000000008c800000|  0%| F|  |TAMS 0x000000008c700000, 0x000000008c700000| Untracked 
| 200|0x000000008c800000, 0x000000008c800000, 0x000000008c900000|  0%| F|  |TAMS 0x000000008c800000, 0x000000008c800000| Untracked 
| 201|0x000000008c900000, 0x000000008c900000, 0x000000008ca00000|  0%| F|  |TAMS 0x000000008c900000, 0x000000008c900000| Untracked 
| 202|0x000000008ca00000, 0x000000008ca00000, 0x000000008cb00000|  0%| F|  |TAMS 0x000000008ca00000, 0x000000008ca00000| Untracked 
| 203|0x000000008cb00000, 0x000000008cb00000, 0x000000008cc00000|  0%| F|  |TAMS 0x000000008cb00000, 0x000000008cb00000| Untracked 
| 204|0x000000008cc00000, 0x000000008cc00000, 0x000000008cd00000|  0%| F|  |TAMS 0x000000008cc00000, 0x000000008cc00000| Untracked 
| 205|0x000000008cd00000, 0x000000008cd00000, 0x000000008ce00000|  0%| F|  |TAMS 0x000000008cd00000, 0x000000008cd00000| Untracked 
| 206|0x000000008ce00000, 0x000000008ce00000, 0x000000008cf00000|  0%| F|  |TAMS 0x000000008ce00000, 0x000000008ce00000| Untracked 
| 207|0x000000008cf00000, 0x000000008cf00000, 0x000000008d000000|  0%| F|  |TAMS 0x000000008cf00000, 0x000000008cf00000| Untracked 
| 208|0x000000008d000000, 0x000000008d000000, 0x000000008d100000|  0%| F|  |TAMS 0x000000008d000000, 0x000000008d000000| Untracked 
| 209|0x000000008d100000, 0x000000008d100000, 0x000000008d200000|  0%| F|  |TAMS 0x000000008d100000, 0x000000008d100000| Untracked 
| 210|0x000000008d200000, 0x000000008d200000, 0x000000008d300000|  0%| F|  |TAMS 0x000000008d200000, 0x000000008d200000| Untracked 
| 211|0x000000008d300000, 0x000000008d300000, 0x000000008d400000|  0%| F|  |TAMS 0x000000008d300000, 0x000000008d300000| Untracked 
| 212|0x000000008d400000, 0x000000008d400000, 0x000000008d500000|  0%| F|  |TAMS 0x000000008d400000, 0x000000008d400000| Untracked 
| 213|0x000000008d500000, 0x000000008d500000, 0x000000008d600000|  0%| F|  |TAMS 0x000000008d500000, 0x000000008d500000| Untracked 
| 214|0x000000008d600000, 0x000000008d600000, 0x000000008d700000|  0%| F|  |TAMS 0x000000008d600000, 0x000000008d600000| Untracked 
| 215|0x000000008d700000, 0x000000008d700000, 0x000000008d800000|  0%| F|  |TAMS 0x000000008d700000, 0x000000008d700000| Untracked 
| 216|0x000000008d800000, 0x000000008d800000, 0x000000008d900000|  0%| F|  |TAMS 0x000000008d800000, 0x000000008d800000| Untracked 
| 217|0x000000008d900000, 0x000000008d900000, 0x000000008da00000|  0%| F|  |TAMS 0x000000008d900000, 0x000000008d900000| Untracked 
| 218|0x000000008da00000, 0x000000008da00000, 0x000000008db00000|  0%| F|  |TAMS 0x000000008da00000, 0x000000008da00000| Untracked 
| 219|0x000000008db00000, 0x000000008db00000, 0x000000008dc00000|  0%| F|  |TAMS 0x000000008db00000, 0x000000008db00000| Untracked 
| 220|0x000000008dc00000, 0x000000008dc00000, 0x000000008dd00000|  0%| F|  |TAMS 0x000000008dc00000, 0x000000008dc00000| Untracked 
| 221|0x000000008dd00000, 0x000000008dd00000, 0x000000008de00000|  0%| F|  |TAMS 0x000000008dd00000, 0x000000008dd00000| Untracked 
| 222|0x000000008de00000, 0x000000008df00000, 0x000000008df00000|100%| S|CS|TAMS 0x000000008de00000, 0x000000008de00000| Complete 
| 223|0x000000008df00000, 0x000000008e000000, 0x000000008e000000|100%| S|CS|TAMS 0x000000008df00000, 0x000000008df00000| Complete 
| 224|0x000000008e000000, 0x000000008e000000, 0x000000008e100000|  0%| F|  |TAMS 0x000000008e000000, 0x000000008e000000| Untracked 
| 225|0x000000008e100000, 0x000000008e100000, 0x000000008e200000|  0%| F|  |TAMS 0x000000008e100000, 0x000000008e100000| Untracked 
| 226|0x000000008e200000, 0x000000008e200000, 0x000000008e300000|  0%| F|  |TAMS 0x000000008e200000, 0x000000008e200000| Untracked 
| 227|0x000000008e300000, 0x000000008e300000, 0x000000008e400000|  0%| F|  |TAMS 0x000000008e300000, 0x000000008e300000| Untracked 
| 228|0x000000008e400000, 0x000000008e400000, 0x000000008e500000|  0%| F|  |TAMS 0x000000008e400000, 0x000000008e400000| Untracked 
| 229|0x000000008e500000, 0x000000008e500000, 0x000000008e600000|  0%| F|  |TAMS 0x000000008e500000, 0x000000008e500000| Untracked 
| 230|0x000000008e600000, 0x000000008e600000, 0x000000008e700000|  0%| F|  |TAMS 0x000000008e600000, 0x000000008e600000| Untracked 
|2042|0x00000000ffa00000, 0x00000000ffb00000, 0x00000000ffb00000|100%| O|  |TAMS 0x00000000ffb00000, 0x00000000ffa00000| Untracked 
|2043|0x00000000ffb00000, 0x00000000ffc00000, 0x00000000ffc00000|100%| O|  |TAMS 0x00000000ffc00000, 0x00000000ffb00000| Untracked 
|2044|0x00000000ffc00000, 0x00000000ffd00000, 0x00000000ffd00000|100%| O|  |TAMS 0x00000000ffd00000, 0x00000000ffc00000| Untracked 
|2045|0x00000000ffd00000, 0x00000000ffe00000, 0x00000000ffe00000|100%| O|  |TAMS 0x00000000ffe00000, 0x00000000ffd00000| Untracked 
|2046|0x00000000ffe00000, 0x00000000fff00000, 0x00000000fff00000|100%| O|  |TAMS 0x00000000fff00000, 0x00000000ffe00000| Untracked 
|2047|0x00000000fff00000, 0x0000000100000000, 0x0000000100000000|100%| O|  |TAMS 0x0000000100000000, 0x00000000fff00000| Untracked 

Card table byte_map: [0x000001a8364a0000,0x000001a8368a0000] _byte_map_base: 0x000001a8360a0000

Marking Bits (Prev, Next): (CMBitMap*) 0x000001a8235ccee0, (CMBitMap*) 0x000001a8235ccea0
 Prev Bits: [0x000001a838ca0000, 0x000001a83aca0000)
 Next Bits: [0x000001a836ca0000, 0x000001a838ca0000)

Polling page: 0x000001a821c20000

Metaspace:

Usage:
  Non-class:     83.66 MB used.
      Class:     13.33 MB used.
       Both:     96.99 MB used.

Virtual space:
  Non-class space:       88.00 MB reserved,      84.00 MB ( 95%) committed,  11 nodes.
      Class space:        1.00 GB reserved,      13.62 MB (  1%) committed,  1 nodes.
             Both:        1.09 GB reserved,      97.62 MB (  9%) committed. 

Chunk freelists:
   Non-Class:  3.28 MB
       Class:  2.34 MB
        Both:  5.62 MB

MaxMetaspaceSize: unlimited
CompressedClassSpaceSize: 1.00 GB
Initial GC threshold: 21.00 MB
Current GC threshold: 159.06 MB
CDS: off
MetaspaceReclaimPolicy: balanced
 - commit_granule_bytes: 65536.
 - commit_granule_words: 8192.
 - virtual_space_node_default_size: 1048576.
 - enlarge_chunks_in_place: 1.
 - new_chunks_are_fully_committed: 0.
 - uncommit_free_chunks: 1.
 - use_allocation_guard: 0.
 - handle_deallocations: 1.


Internal statistics:

num_allocs_failed_limit: 12.
num_arena_births: 1060.
num_arena_deaths: 4.
num_vsnodes_births: 12.
num_vsnodes_deaths: 0.
num_space_committed: 1561.
num_space_uncommitted: 0.
num_chunks_returned_to_freelist: 17.
num_chunks_taken_from_freelist: 4738.
num_chunk_merges: 9.
num_chunk_splits: 3157.
num_chunks_enlarged: 2134.
num_purges: 2.
num_inconsistent_stats: 0.

CodeHeap 'non-profiled nmethods': size=120000Kb used=5675Kb max_used=5675Kb free=114324Kb
 bounds [0x000001a82e550000, 0x000001a82eae0000, 0x000001a835a80000]
CodeHeap 'profiled nmethods': size=120000Kb used=20137Kb max_used=20137Kb free=99862Kb
 bounds [0x000001a826a80000, 0x000001a827e30000, 0x000001a82dfb0000]
CodeHeap 'non-nmethods': size=5760Kb used=2401Kb max_used=2512Kb free=3358Kb
 bounds [0x000001a82dfb0000, 0x000001a82e240000, 0x000001a82e550000]
 total_blobs=11430 nmethods=10494 adapters=848
 compilation: enabled
              stopped_count=0, restarted_count=0
 full_count=0

Compilation events (20 events):
Event: 11.303 Thread 0x000001a83dd3afa0 nmethod 12163 0x000001a827e28390 code [0x000001a827e28520, 0x000001a827e28638]
Event: 11.303 Thread 0x000001a83df98b70 nmethod 12085 0x000001a82ead9190 code [0x000001a82ead93c0, 0x000001a82eada210]
Event: 11.303 Thread 0x000001a83df98b70 12134       4       com.android.tools.r8.dex.code.D1::a (76 bytes)
Event: 11.303 Thread 0x000001a83dd3afa0 12164       2       com.android.tools.r8.dex.code.R2::<init> (6 bytes)
Event: 11.304 Thread 0x000001a83dd3afa0 nmethod 12164 0x000001a827e28710 code [0x000001a827e288a0, 0x000001a827e289f8]
Event: 11.304 Thread 0x000001a83dd3afa0 12165       2       com.android.tools.r8.dex.B$$Lambda$1235/0x0000000100d3dd98::get (8 bytes)
Event: 11.304 Thread 0x000001a83dd3afa0 nmethod 12165 0x000001a827e28b10 code [0x000001a827e28ca0, 0x000001a827e28dc8]
Event: 11.304 Thread 0x000001a83dd3afa0 12166       2       com.android.tools.r8.graph.g5::a (49 bytes)
Event: 11.304 Thread 0x000001a83dd3afa0 nmethod 12166 0x000001a827e28e90 code [0x000001a827e29040, 0x000001a827e292a8]
Event: 11.304 Thread 0x000001a83dd3afa0 12167       2       com.android.tools.r8.dex.code.A1::<init> (13 bytes)
Event: 11.305 Thread 0x000001a83dd3afa0 nmethod 12167 0x000001a827e29410 code [0x000001a827e295a0, 0x000001a827e296c8]
Event: 11.305 Thread 0x000001a83dd3afa0 12168       2       com.android.tools.r8.dex.code.Z1::<init> (13 bytes)
Event: 11.305 Thread 0x000001a83dd3afa0 nmethod 12168 0x000001a827e29790 code [0x000001a827e29920, 0x000001a827e29a48]
Event: 11.305 Thread 0x000001a83dd3afa0 12170       2       java.util.AbstractList$SubList$1::hasNext (20 bytes)
Event: 11.305 Thread 0x000001a83dd3afa0 nmethod 12170 0x000001a827e29b90 code [0x000001a827e29d20, 0x000001a827e29e88]
Event: 11.305 Thread 0x000001a83dd3afa0 12171       2       java.util.AbstractList$SubList$1::nextIndex (18 bytes)
Event: 11.306 Thread 0x000001a83dd3afa0 nmethod 12171 0x000001a827e29f90 code [0x000001a827e2a120, 0x000001a827e2a268]
Event: 11.306 Thread 0x000001a83dd3afa0 12172       2       com.android.tools.r8.dex.code.f1::<init> (7 bytes)
Event: 11.306 Thread 0x000001a83dd3afa0 nmethod 12172 0x000001a827e2a310 code [0x000001a827e2a4a0, 0x000001a827e2a5c8]
Event: 11.306 Thread 0x000001a83dd3afa0 12173       2       com.android.tools.r8.graph.r2::c (62 bytes)

GC Heap History (20 events):
Event: 6.738 GC heap after
{Heap after GC invocations=27 (full 0):
 garbage-first heap   total 188416K, used 55431K [0x0000000080000000, 0x0000000100000000)
  region size 1024K, 7 young (7168K), 7 survivors (7168K)
 Metaspace       used 75839K, committed 76352K, reserved 1122304K
  class space    used 10166K, committed 10432K, reserved 1048576K
}
Event: 7.742 GC heap before
{Heap before GC invocations=27 (full 0):
 garbage-first heap   total 188416K, used 134279K [0x0000000080000000, 0x0000000100000000)
  region size 1024K, 84 young (86016K), 7 survivors (7168K)
 Metaspace       used 84735K, committed 85376K, reserved 1130496K
  class space    used 11599K, committed 11904K, reserved 1048576K
}
Event: 7.754 GC heap after
{Heap after GC invocations=28 (full 0):
 garbage-first heap   total 188416K, used 60911K [0x0000000080000000, 0x0000000100000000)
  region size 1024K, 11 young (11264K), 11 survivors (11264K)
 Metaspace       used 84735K, committed 85376K, reserved 1130496K
  class space    used 11599K, committed 11904K, reserved 1048576K
}
Event: 8.394 GC heap before
{Heap before GC invocations=28 (full 0):
 garbage-first heap   total 188416K, used 137711K [0x0000000080000000, 0x0000000100000000)
  region size 1024K, 86 young (88064K), 11 survivors (11264K)
 Metaspace       used 88975K, committed 89664K, reserved 1130496K
  class space    used 12200K, committed 12544K, reserved 1048576K
}
Event: 8.414 GC heap after
{Heap after GC invocations=29 (full 0):
 garbage-first heap   total 188416K, used 70690K [0x0000000080000000, 0x0000000100000000)
  region size 1024K, 11 young (11264K), 11 survivors (11264K)
 Metaspace       used 88975K, committed 89664K, reserved 1130496K
  class space    used 12200K, committed 12544K, reserved 1048576K
}
Event: 9.334 GC heap before
{Heap before GC invocations=29 (full 0):
 garbage-first heap   total 188416K, used 139298K [0x0000000080000000, 0x0000000100000000)
  region size 1024K, 79 young (80896K), 11 survivors (11264K)
 Metaspace       used 90458K, committed 91136K, reserved 1130496K
  class space    used 12375K, committed 12672K, reserved 1048576K
}
Event: 9.347 GC heap after
{Heap after GC invocations=30 (full 0):
 garbage-first heap   total 188416K, used 77689K [0x0000000080000000, 0x0000000100000000)
  region size 1024K, 7 young (7168K), 7 survivors (7168K)
 Metaspace       used 90458K, committed 91136K, reserved 1130496K
  class space    used 12375K, committed 12672K, reserved 1048576K
}
Event: 10.105 GC heap before
{Heap before GC invocations=30 (full 0):
 garbage-first heap   total 188416K, used 144249K [0x0000000080000000, 0x0000000100000000)
  region size 1024K, 72 young (73728K), 7 survivors (7168K)
 Metaspace       used 92698K, committed 93376K, reserved 1130496K
  class space    used 12569K, committed 12864K, reserved 1048576K
}
Event: 10.114 GC heap after
{Heap after GC invocations=31 (full 0):
 garbage-first heap   total 188416K, used 83639K [0x0000000080000000, 0x0000000100000000)
  region size 1024K, 7 young (7168K), 7 survivors (7168K)
 Metaspace       used 92698K, committed 93376K, reserved 1130496K
  class space    used 12569K, committed 12864K, reserved 1048576K
}
Event: 10.493 GC heap before
{Heap before GC invocations=31 (full 0):
 garbage-first heap   total 188416K, used 122551K [0x0000000080000000, 0x0000000100000000)
  region size 1024K, 41 young (41984K), 7 survivors (7168K)
 Metaspace       used 93294K, committed 93888K, reserved 1130496K
  class space    used 12643K, committed 12928K, reserved 1048576K
}
Event: 10.503 GC heap after
{Heap after GC invocations=32 (full 0):
 garbage-first heap   total 188416K, used 93496K [0x0000000080000000, 0x0000000100000000)
  region size 1024K, 4 young (4096K), 4 survivors (4096K)
 Metaspace       used 93294K, committed 93888K, reserved 1130496K
  class space    used 12643K, committed 12928K, reserved 1048576K
}
Event: 10.880 GC heap before
{Heap before GC invocations=33 (full 0):
 garbage-first heap   total 188416K, used 172344K [0x0000000080000000, 0x0000000100000000)
  region size 1024K, 50 young (51200K), 4 survivors (4096K)
 Metaspace       used 96803K, committed 97472K, reserved 1138688K
  class space    used 13151K, committed 13440K, reserved 1048576K
}
Event: 10.893 GC heap after
{Heap after GC invocations=34 (full 0):
 garbage-first heap   total 194560K, used 123849K [0x0000000080000000, 0x0000000100000000)
  region size 1024K, 8 young (8192K), 8 survivors (8192K)
 Metaspace       used 96803K, committed 97472K, reserved 1138688K
  class space    used 13151K, committed 13440K, reserved 1048576K
}
Event: 10.903 GC heap before
{Heap before GC invocations=34 (full 0):
 garbage-first heap   total 194560K, used 124873K [0x0000000080000000, 0x0000000100000000)
  region size 1024K, 9 young (9216K), 8 survivors (8192K)
 Metaspace       used 96803K, committed 97472K, reserved 1138688K
  class space    used 13151K, committed 13440K, reserved 1048576K
}
Event: 10.910 GC heap after
{Heap after GC invocations=35 (full 0):
 garbage-first heap   total 194560K, used 125083K [0x0000000080000000, 0x0000000100000000)
  region size 1024K, 1 young (1024K), 1 survivors (1024K)
 Metaspace       used 96803K, committed 97472K, reserved 1138688K
  class space    used 13151K, committed 13440K, reserved 1048576K
}
Event: 10.964 GC heap before
{Heap before GC invocations=35 (full 0):
 garbage-first heap   total 194560K, used 133275K [0x0000000080000000, 0x0000000100000000)
  region size 1024K, 11 young (11264K), 1 survivors (1024K)
 Metaspace       used 96805K, committed 97472K, reserved 1138688K
  class space    used 13151K, committed 13440K, reserved 1048576K
}
Event: 10.968 GC heap after
{Heap after GC invocations=36 (full 0):
 garbage-first heap   total 194560K, used 127962K [0x0000000080000000, 0x0000000100000000)
  region size 1024K, 4 young (4096K), 4 survivors (4096K)
 Metaspace       used 96805K, committed 97472K, reserved 1138688K
  class space    used 13151K, committed 13440K, reserved 1048576K
}
Event: 11.262 GC heap before
{Heap before GC invocations=37 (full 0):
 garbage-first heap   total 242688K, used 155610K [0x0000000080000000, 0x0000000100000000)
  region size 1024K, 30 young (30720K), 4 survivors (4096K)
 Metaspace       used 99269K, committed 99904K, reserved 1138688K
  class space    used 13650K, committed 13952K, reserved 1048576K
}
Event: 11.275 GC heap after
{Heap after GC invocations=38 (full 0):
 garbage-first heap   total 242688K, used 139313K [0x0000000080000000, 0x0000000100000000)
  region size 1024K, 4 young (4096K), 4 survivors (4096K)
 Metaspace       used 99269K, committed 99904K, reserved 1138688K
  class space    used 13650K, committed 13952K, reserved 1048576K
}
Event: 11.306 GC heap before
{Heap before GC invocations=38 (full 0):
 garbage-first heap   total 242688K, used 145457K [0x0000000080000000, 0x0000000100000000)
  region size 1024K, 11 young (11264K), 4 survivors (4096K)
 Metaspace       used 99315K, committed 99968K, reserved 1138688K
  class space    used 13650K, committed 13952K, reserved 1048576K
}

Dll operation events (2 events):
Event: 0.011 Loaded shared library C:\Program Files\Android\Android Studio\jbr\bin\java.dll
Event: 0.323 Loaded shared library C:\Program Files\Android\Android Studio\jbr\bin\verify.dll

Deoptimization events (20 events):
Event: 10.799 Thread 0x000001a849001820 DEOPT PACKING pc=0x000001a826f84186 sp=0x0000005a3d5fd410
Event: 10.799 Thread 0x000001a849001820 DEOPT UNPACKING pc=0x000001a82e007143 sp=0x0000005a3d5fc888 mode 0
Event: 10.805 Thread 0x000001a849001820 Uncommon trap: trap_request=0xffffff45 fr.pc=0x000001a82e5e5d90 relative=0x00000000000002f0
Event: 10.805 Thread 0x000001a849001820 Uncommon trap: reason=unstable_if action=reinterpret pc=0x000001a82e5e5d90 method=com.android.tools.r8.dex.B.f(I)Lcom/android/tools/r8/dex/D; @ 14 c2
Event: 10.805 Thread 0x000001a849001820 DEOPT PACKING pc=0x000001a82e5e5d90 sp=0x0000005a3d5fd5e0
Event: 10.805 Thread 0x000001a849001820 DEOPT UNPACKING pc=0x000001a82e0069a3 sp=0x0000005a3d5fd578 mode 2
Event: 10.809 Thread 0x000001a849001820 Uncommon trap: trap_request=0xffffff45 fr.pc=0x000001a82e67764c relative=0x00000000000014ac
Event: 10.809 Thread 0x000001a849001820 Uncommon trap: reason=unstable_if action=reinterpret pc=0x000001a82e67764c method=com.android.tools.r8.dex.U.a([B)Z @ 11 c2
Event: 10.809 Thread 0x000001a849001820 DEOPT PACKING pc=0x000001a82e67764c sp=0x0000005a3d5fd7f0
Event: 10.809 Thread 0x000001a849001820 DEOPT UNPACKING pc=0x000001a82e0069a3 sp=0x0000005a3d5fd748 mode 2
Event: 11.165 Thread 0x000001a849000e80 Uncommon trap: trap_request=0xffffff45 fr.pc=0x000001a82e6cf020 relative=0x00000000000002c0
Event: 11.165 Thread 0x000001a849000e80 Uncommon trap: reason=unstable_if action=reinterpret pc=0x000001a82e6cf020 method=com.android.tools.r8.graph.j2.c(Ljava/lang/Object;)Z @ 37 c2
Event: 11.165 Thread 0x000001a849000e80 DEOPT PACKING pc=0x000001a82e6cf020 sp=0x0000005a3dafedc0
Event: 11.165 Thread 0x000001a849000e80 DEOPT UNPACKING pc=0x000001a82e0069a3 sp=0x0000005a3dafed60 mode 2
Event: 11.169 Thread 0x000001a848fff1a0 Uncommon trap: trap_request=0xffffff45 fr.pc=0x000001a82e6d13a8 relative=0x0000000000000188
Event: 11.169 Thread 0x000001a848fff1a0 Uncommon trap: reason=unstable_if action=reinterpret pc=0x000001a82e6d13a8 method=com.android.tools.r8.graph.r2.c(Ljava/lang/Object;)Z @ 23 c2
Event: 11.169 Thread 0x000001a848fff1a0 DEOPT PACKING pc=0x000001a82e6d13a8 sp=0x0000005a3dbfebf0
Event: 11.169 Thread 0x000001a848fff1a0 DEOPT UNPACKING pc=0x000001a82e0069a3 sp=0x0000005a3dbfeb80 mode 2
Event: 11.288 Thread 0x000001a848ffe800 DEOPT PACKING pc=0x000001a827ac91a9 sp=0x0000005a3d8fe2c0
Event: 11.289 Thread 0x000001a848ffe800 DEOPT UNPACKING pc=0x000001a82e007143 sp=0x0000005a3d8fd808 mode 0

Classes unloaded (2 events):
Event: 10.605 Thread 0x000001a83d2f2650 Unloading class 0x0000000100c5c800 'java/lang/invoke/LambdaForm$DMH+0x0000000100c5c800'
Event: 10.605 Thread 0x000001a83d2f2650 Unloading class 0x0000000100c5c400 'java/lang/invoke/LambdaForm$DMH+0x0000000100c5c400'

Classes redefined (0 events):
No events

Internal exceptions (20 events):
Event: 9.732 Thread 0x000001a843ab0bb0 Exception <a 'java/lang/NoSuchMethodError'{0x0000000089727510}: static Ljava/lang/Object;.<clinit>()V> (0x0000000089727510) 
thrown [s\src\hotspot\share\prims\jni.cpp, line 1108]
Event: 9.733 Thread 0x000001a843ab0bb0 Exception <a 'java/lang/NoSuchMethodError'{0x0000000089743fd0}: static Lcom/android/build/api/variant/impl/SerializableApplicationMultiOutputHandler;.<clinit>()V> (0x0000000089743fd0) 
thrown [s\src\hotspot\share\prims\jni.cpp, line 1108]
Event: 9.734 Thread 0x000001a843ab0bb0 Exception <a 'java/lang/NoSuchMethodError'{0x000000008975b300}: static Lcom/android/build/api/variant/impl/VariantOutputImpl$SerializedForm;.<clinit>()V> (0x000000008975b300) 
thrown [s\src\hotspot\share\prims\jni.cpp, line 1108]
Event: 9.736 Thread 0x000001a843ab0bb0 Exception <a 'java/lang/NoSuchMethodError'{0x0000000089770d10}: static Lcom/android/build/api/variant/impl/VariantOutputConfigurationImpl;.<clinit>()V> (0x0000000089770d10) 
thrown [s\src\hotspot\share\prims\jni.cpp, line 1108]
Event: 9.761 Thread 0x000001a843ab1a20 Exception <a 'sun/nio/fs/WindowsException'{0x000000008964fd90}> (0x000000008964fd90) 
thrown [s\src\hotspot\share\prims\jni.cpp, line 517]
Event: 9.769 Thread 0x000001a843ab1a20 Exception <a 'java/lang/NoSuchMethodError'{0x000000008957e998}: 'int java.lang.invoke.DirectMethodHandle$Holder.invokeSpecial(java.lang.Object, java.lang.Object, java.lang.Object, java.lang.Object, java.lang.Object)'> (0x000000008957e998) 
thrown [s\src\hotspot\share\interpreter\linkResolver.cpp, line 771]
Event: 9.863 Thread 0x000001a843ab1a20 Exception <a 'sun/nio/fs/WindowsException'{0x0000000088e7f3e0}> (0x0000000088e7f3e0) 
thrown [s\src\hotspot\share\prims\jni.cpp, line 517]
Event: 10.158 Thread 0x000001a849000010 Exception <a 'java/lang/NoSuchMethodError'{0x000000008b47f3d8}: 'void java.lang.invoke.DirectMethodHandle$Holder.invokeStatic(java.lang.Object, long)'> (0x000000008b47f3d8) 
thrown [s\src\hotspot\share\interpreter\linkResolver.cpp, line 771]
Event: 10.159 Thread 0x000001a849000010 Exception <a 'java/lang/NoSuchMethodError'{0x000000008b484c90}: 'java.lang.Object java.lang.invoke.DirectMethodHandle$Holder.newInvokeSpecial(java.lang.Object, long)'> (0x000000008b484c90) 
thrown [s\src\hotspot\share\interpreter\linkResolver.cpp, line 771]
Event: 10.160 Thread 0x000001a849000010 Exception <a 'java/lang/NoSuchMethodError'{0x000000008b49ad20}: 'java.lang.Object java.lang.invoke.DirectMethodHandle$Holder.invokeStatic(java.lang.Object, java.lang.Object, long, java.lang.Object)'> (0x000000008b49ad20) 
thrown [s\src\hotspot\share\interpreter\linkResolver.cpp, line 771]
Event: 10.160 Thread 0x000001a849000010 Exception <a 'java/lang/NoSuchMethodError'{0x000000008b49e7a0}: 'java.lang.Object java.lang.invoke.DirectMethodHandle$Holder.invokeStaticInit(java.lang.Object, java.lang.Object, long, java.lang.Object)'> (0x000000008b49e7a0) 
thrown [s\src\hotspot\share\interpreter\linkResolver.cpp, line 771]
Event: 10.379 Thread 0x000001a843ab4570 Exception <a 'sun/nio/fs/WindowsException'{0x000000008a2d3678}> (0x000000008a2d3678) 
thrown [s\src\hotspot\share\prims\jni.cpp, line 517]
Event: 10.487 Thread 0x000001a843ab1a20 Exception <a 'sun/nio/fs/WindowsException'{0x000000008c5de308}> (0x000000008c5de308) 
thrown [s\src\hotspot\share\prims\jni.cpp, line 517]
Event: 10.557 Thread 0x000001a849001820 Exception <a 'sun/nio/fs/WindowsException'{0x000000008c3f3e58}> (0x000000008c3f3e58) 
thrown [s\src\hotspot\share\prims\jni.cpp, line 517]
Event: 10.598 Thread 0x000001a849000010 Exception <a 'java/lang/NoSuchMethodError'{0x000000008b177df8}: 'int java.lang.invoke.DirectMethodHandle$Holder.invokeSpecialIFC(java.lang.Object, java.lang.Object, java.lang.Object)'> (0x000000008b177df8) 
thrown [s\src\hotspot\share\interpreter\linkResolver.cpp, line 771]
Event: 10.703 Thread 0x000001a849001820 Exception <a 'java/lang/NoSuchMethodError'{0x000000008aa163d8}: 'java.lang.Object java.lang.invoke.DirectMethodHandle$Holder.invokeStaticInit(java.lang.Object, java.lang.Object, java.lang.Object, java.lang.Object, java.lang.Object, java.lang.Object, java.lang.Object, java.lang.Object, java.lang.Object, java.lang.Object, java.lang.Object, java.lang.Object, java.lang.Object, java.lang.Object, java.lang.Object, java.lang.Object, java.lang.Object, java.lang.Object, java.lang.Object, java.lang.Object, int, java
Event: 11.083 Thread 0x000001a848ffe800 Exception <a 'java/lang/IncompatibleClassChangeError'{0x000000008a612b70}: Found class java.lang.Object, but interface was expected> (0x000000008a612b70) 
thrown [s\src\hotspot\share\interpreter\linkResolver.cpp, line 838]
Event: 11.113 Thread 0x000001a848ffe800 Exception <a 'java/lang/NoSuchMethodError'{0x000000008e659048}: 'long java.lang.invoke.DirectMethodHandle$Holder.invokeStatic(java.lang.Object, java.lang.Object, java.lang.Object)'> (0x000000008e659048) 
thrown [s\src\hotspot\share\interpreter\linkResolver.cpp, line 771]
Event: 11.148 Thread 0x000001a848ffe800 Exception <a 'java/lang/IncompatibleClassChangeError'{0x000000008e4fced8}: Found class java.lang.Object, but interface was expected> (0x000000008e4fced8) 
thrown [s\src\hotspot\share\interpreter\linkResolver.cpp, line 838]
Event: 11.149 Thread 0x000001a848ffe800 Exception <a 'java/lang/IncompatibleClassChangeError'{0x000000008e304670}: Found class java.lang.Object, but interface was expected> (0x000000008e304670) 
thrown [s\src\hotspot\share\interpreter\linkResolver.cpp, line 838]

VM Operations (20 events):
Event: 10.564 Executing VM operation: HandshakeAllThreads done
Event: 10.585 Executing VM operation: HandshakeAllThreads
Event: 10.585 Executing VM operation: HandshakeAllThreads done
Event: 10.604 Executing VM operation: G1Concurrent
Event: 10.615 Executing VM operation: G1Concurrent done
Event: 10.662 Executing VM operation: G1Concurrent
Event: 10.663 Executing VM operation: G1Concurrent done
Event: 10.880 Executing VM operation: G1CollectForAllocation
Event: 10.893 Executing VM operation: G1CollectForAllocation done
Event: 10.903 Executing VM operation: G1CollectForAllocation
Event: 10.910 Executing VM operation: G1CollectForAllocation done
Event: 10.964 Executing VM operation: G1TryInitiateConcMark
Event: 10.968 Executing VM operation: G1TryInitiateConcMark done
Event: 11.091 Executing VM operation: G1Concurrent
Event: 11.099 Executing VM operation: G1Concurrent done
Event: 11.159 Executing VM operation: G1Concurrent
Event: 11.159 Executing VM operation: G1Concurrent done
Event: 11.261 Executing VM operation: G1CollectForAllocation
Event: 11.280 Executing VM operation: G1CollectForAllocation done
Event: 11.306 Executing VM operation: G1CollectForAllocation

Events (20 events):
Event: 11.077 loading class java/util/concurrent/ForkJoinTask$Aux
Event: 11.077 loading class java/util/concurrent/ForkJoinTask$Aux done
Event: 11.077 loading class java/util/concurrent/ForkJoinPool$DefaultForkJoinWorkerThreadFactory$1
Event: 11.077 loading class java/util/concurrent/ForkJoinPool$DefaultForkJoinWorkerThreadFactory$1 done
Event: 11.078 Thread 0x000001a848ffe800 Thread added: 0x000001a848ffe800
Event: 11.082 Thread 0x000001a849002690 Thread added: 0x000001a849002690
Event: 11.099 Thread 0x000001a849000e80 Thread added: 0x000001a849000e80
Event: 11.100 loading class java/lang/reflect/GenericSignatureFormatError
Event: 11.100 loading class java/lang/reflect/GenericSignatureFormatError done
Event: 11.112 loading class java/util/AbstractList$RandomAccessSubList
Event: 11.112 loading class java/util/AbstractList$SubList
Event: 11.112 loading class java/util/AbstractList$SubList done
Event: 11.112 loading class java/util/AbstractList$RandomAccessSubList done
Event: 11.112 loading class java/util/AbstractList$SubList$1
Event: 11.112 loading class java/util/AbstractList$SubList$1 done
Event: 11.152 Thread 0x000001a848fff1a0 Thread added: 0x000001a848fff1a0
Event: 11.160 loading class java/nio/ShortBuffer
Event: 11.160 loading class java/nio/ShortBuffer done
Event: 11.161 loading class java/nio/HeapShortBuffer
Event: 11.161 loading class java/nio/HeapShortBuffer done


Dynamic libraries:
0x00007ff7fdd90000 - 0x00007ff7fdd9a000 	C:\Program Files\Android\Android Studio\jbr\bin\java.exe
0x00007ffcbb0f0000 - 0x00007ffcbb2e8000 	C:\Windows\SYSTEM32\ntdll.dll
0x00007ffcba1e0000 - 0x00007ffcba29f000 	C:\Windows\System32\KERNEL32.DLL
0x00007ffcb89e0000 - 0x00007ffcb8cd6000 	C:\Windows\System32\KERNELBASE.dll
0x00007ffcb8fb0000 - 0x00007ffcb90b0000 	C:\Windows\System32\ucrtbase.dll
0x00007ffc9ad90000 - 0x00007ffc9ada7000 	C:\Program Files\Android\Android Studio\jbr\bin\jli.dll
0x00007ffc9e770000 - 0x00007ffc9e78b000 	C:\Program Files\Android\Android Studio\jbr\bin\VCRUNTIME140.dll
0x00007ffcbab90000 - 0x00007ffcbad2d000 	C:\Windows\System32\USER32.dll
0x00007ffcb8e00000 - 0x00007ffcb8e22000 	C:\Windows\System32\win32u.dll
0x00007ffca1390000 - 0x00007ffca162a000 	C:\Windows\WinSxS\amd64_microsoft.windows.common-controls_6595b64144ccf1df_6.0.19041.1110_none_60b5254171f9507e\COMCTL32.dll
0x00007ffcb9920000 - 0x00007ffcb994c000 	C:\Windows\System32\GDI32.dll
0x00007ffcbae70000 - 0x00007ffcbaf0e000 	C:\Windows\System32\msvcrt.dll
0x00007ffcb8ce0000 - 0x00007ffcb8df5000 	C:\Windows\System32\gdi32full.dll
0x00007ffcb90b0000 - 0x00007ffcb914d000 	C:\Windows\System32\msvcp_win.dll
0x00007ffcb9950000 - 0x00007ffcb9980000 	C:\Windows\System32\IMM32.DLL
0x000001a821c60000 - 0x000001a821c74000 	C:\Windows\System32\umppc17010.dll
0x00007ffcb42f0000 - 0x00007ffcb42fc000 	C:\Program Files\Android\Android Studio\jbr\bin\vcruntime140_1.dll
0x00007ffc959b0000 - 0x00007ffc95a3d000 	C:\Program Files\Android\Android Studio\jbr\bin\msvcp140.dll
0x00007ffc43090000 - 0x00007ffc43cfe000 	C:\Program Files\Android\Android Studio\jbr\bin\server\jvm.dll
0x00007ffcbb000000 - 0x00007ffcbb0af000 	C:\Windows\System32\ADVAPI32.dll
0x00007ffcb9ac0000 - 0x00007ffcb9b5c000 	C:\Windows\System32\sechost.dll
0x00007ffcb9b70000 - 0x00007ffcb9c96000 	C:\Windows\System32\RPCRT4.dll
0x00007ffcb4310000 - 0x00007ffcb4319000 	C:\Windows\SYSTEM32\WSOCK32.dll
0x00007ffcba320000 - 0x00007ffcba38b000 	C:\Windows\System32\WS2_32.dll
0x00007ffc9e940000 - 0x00007ffc9e967000 	C:\Windows\SYSTEM32\WINMM.dll
0x00007ffcb2200000 - 0x00007ffcb220a000 	C:\Windows\SYSTEM32\VERSION.dll
0x00007ffcb6450000 - 0x00007ffcb6462000 	C:\Windows\SYSTEM32\kernel.appcore.dll
0x00007ffcb4300000 - 0x00007ffcb430a000 	C:\Program Files\Android\Android Studio\jbr\bin\jimage.dll
0x00007ffca4a40000 - 0x00007ffca4c24000 	C:\Windows\SYSTEM32\DBGHELP.DLL
0x00007ffca1760000 - 0x00007ffca1794000 	C:\Windows\SYSTEM32\dbgcore.DLL
0x00007ffcb8ef0000 - 0x00007ffcb8f72000 	C:\Windows\System32\bcryptPrimitives.dll
0x00007ffcb4290000 - 0x00007ffcb42b5000 	C:\Program Files\Android\Android Studio\jbr\bin\java.dll
0x00007ffcb4270000 - 0x00007ffcb4288000 	C:\Program Files\Android\Android Studio\jbr\bin\zip.dll
0x00007ffcba390000 - 0x00007ffcbaad4000 	C:\Windows\System32\SHELL32.dll
0x00007ffcb6650000 - 0x00007ffcb6de3000 	C:\Windows\SYSTEM32\windows.storage.dll
0x00007ffcb95c0000 - 0x00007ffcb9914000 	C:\Windows\System32\combase.dll
0x00007ffcb8210000 - 0x00007ffcb823e000 	C:\Windows\SYSTEM32\Wldp.dll
0x00007ffcbaae0000 - 0x00007ffcbab8d000 	C:\Windows\System32\SHCORE.dll
0x00007ffcbaf10000 - 0x00007ffcbaf65000 	C:\Windows\System32\shlwapi.dll
0x00007ffcb8700000 - 0x00007ffcb8725000 	C:\Windows\SYSTEM32\profapi.dll
0x00007ffcb4250000 - 0x00007ffcb4269000 	C:\Program Files\Android\Android Studio\jbr\bin\net.dll
0x00007ffcb07f0000 - 0x00007ffcb08fa000 	C:\Windows\SYSTEM32\WINHTTP.dll
0x00007ffcb7f00000 - 0x00007ffcb7f6a000 	C:\Windows\system32\mswsock.dll
0x00007ffcb3550000 - 0x00007ffcb3566000 	C:\Program Files\Android\Android Studio\jbr\bin\nio.dll
0x00007ffcb4240000 - 0x00007ffcb4250000 	C:\Program Files\Android\Android Studio\jbr\bin\verify.dll
0x00007ffc9e680000 - 0x00007ffc9e6a7000 	C:\Users\profsl\.gradle\native\68d5fa5c4cc2d200863cafc0d521ce42e7d3e7ee720ec0a83991735586a16f82\windows-amd64\native-platform.dll
0x00007ffc8b7f0000 - 0x00007ffc8b934000 	C:\Users\profsl\.gradle\native\e376f236ea51e6404a007f0833ffe2c6e607c4080706a723a18a27aeea778392\windows-amd64\native-platform-file-events.dll
0x00007ffcb3540000 - 0x00007ffcb3549000 	C:\Program Files\Android\Android Studio\jbr\bin\management.dll
0x00007ffca8910000 - 0x00007ffca891b000 	C:\Program Files\Android\Android Studio\jbr\bin\management_ext.dll
0x00007ffcb9fe0000 - 0x00007ffcb9fe8000 	C:\Windows\System32\PSAPI.DLL
0x00007ffcb80f0000 - 0x00007ffcb8108000 	C:\Windows\SYSTEM32\CRYPTSP.dll
0x00007ffcb7810000 - 0x00007ffcb7844000 	C:\Windows\system32\rsaenh.dll
0x00007ffcb8f80000 - 0x00007ffcb8fa7000 	C:\Windows\System32\bcrypt.dll
0x00007ffcb8680000 - 0x00007ffcb86ae000 	C:\Windows\SYSTEM32\USERENV.dll
0x00007ffcb8110000 - 0x00007ffcb811c000 	C:\Windows\SYSTEM32\CRYPTBASE.dll
0x00007ffcb7bf0000 - 0x00007ffcb7c2b000 	C:\Windows\SYSTEM32\IPHLPAPI.DLL
0x00007ffcbae00000 - 0x00007ffcbae08000 	C:\Windows\System32\NSI.dll
0x00007ffcb1fe0000 - 0x00007ffcb1ff7000 	C:\Windows\SYSTEM32\dhcpcsvc6.DLL
0x00007ffcb1f70000 - 0x00007ffcb1f8d000 	C:\Windows\SYSTEM32\dhcpcsvc.DLL
0x00007ffcb7c30000 - 0x00007ffcb7cfa000 	C:\Windows\SYSTEM32\DNSAPI.dll
0x00007ffca8900000 - 0x00007ffca8907000 	C:\Windows\system32\wshunix.dll

dbghelp: loaded successfully - version: 4.0.5 - missing functions: none
symbol engine: initialized successfully - sym options: 0x614 - pdb path: .;C:\Program Files\Android\Android Studio\jbr\bin;C:\Windows\SYSTEM32;C:\Windows\WinSxS\amd64_microsoft.windows.common-controls_6595b64144ccf1df_6.0.19041.1110_none_60b5254171f9507e;C:\Program Files\Android\Android Studio\jbr\bin\server;C:\Users\profsl\.gradle\native\68d5fa5c4cc2d200863cafc0d521ce42e7d3e7ee720ec0a83991735586a16f82\windows-amd64;C:\Users\profsl\.gradle\native\e376f236ea51e6404a007f0833ffe2c6e607c4080706a723a18a27aeea778392\windows-amd64

VM Arguments:
jvm_args: --add-opens=java.base/java.util=ALL-UNNAMED --add-opens=java.base/java.lang=ALL-UNNAMED --add-opens=java.base/java.lang.invoke=ALL-UNNAMED --add-opens=java.prefs/java.util.prefs=ALL-UNNAMED --add-opens=java.base/java.nio.charset=ALL-UNNAMED --add-opens=java.base/java.net=ALL-UNNAMED --add-opens=java.base/java.util.concurrent.atomic=ALL-UNNAMED -Xmx2048m -Dfile.encoding=UTF-8 -Duser.country=BR -Duser.language=pt -Duser.variant 
java_command: org.gradle.launcher.daemon.bootstrap.GradleDaemon 8.0
java_class_path (initial): C:\Users\profsl\.gradle\wrapper\dists\gradle-8.0-bin\ca5e32bp14vu59qr306oxotwh\gradle-8.0\lib\gradle-launcher-8.0.jar
Launcher Type: SUN_STANDARD

[Global flags]
     intx CICompilerCount                          = 3                                         {product} {ergonomic}
     uint ConcGCThreads                            = 1                                         {product} {ergonomic}
     uint G1ConcRefinementThreads                  = 4                                         {product} {ergonomic}
   size_t G1HeapRegionSize                         = 1048576                                   {product} {ergonomic}
    uintx GCDrainStackTargetSize                   = 64                                        {product} {ergonomic}
   size_t InitialHeapSize                          = 134217728                                 {product} {ergonomic}
   size_t MarkStackSize                            = 4194304                                   {product} {ergonomic}
   size_t MaxHeapSize                              = 2147483648                                {product} {command line}
   size_t MaxNewSize                               = 1287651328                                {product} {ergonomic}
   size_t MinHeapDeltaBytes                        = 1048576                                   {product} {ergonomic}
   size_t MinHeapSize                              = 8388608                                   {product} {ergonomic}
    uintx NonNMethodCodeHeapSize                   = 5832780                                {pd product} {ergonomic}
    uintx NonProfiledCodeHeapSize                  = 122912730                              {pd product} {ergonomic}
    uintx ProfiledCodeHeapSize                     = 122912730                              {pd product} {ergonomic}
    uintx ReservedCodeCacheSize                    = 251658240                              {pd product} {ergonomic}
     bool SegmentedCodeCache                       = true                                      {product} {ergonomic}
   size_t SoftMaxHeapSize                          = 2147483648                             {manageable} {ergonomic}
     bool UseCompressedClassPointers               = true                           {product lp64_product} {ergonomic}
     bool UseCompressedOops                        = true                           {product lp64_product} {ergonomic}
     bool UseG1GC                                  = true                                      {product} {ergonomic}
     bool UseLargePagesIndividualAllocation        = false                                  {pd product} {ergonomic}

Logging:
Log output configuration:
 #0: stdout all=warning uptime,level,tags
 #1: stderr all=off uptime,level,tags

Environment Variables:
PATH=C:\Program Files (x86)\Common Files\Oracle\Java\javapath;C:\Windows\system32;C:\Windows;C:\Windows\System32\Wbem;C:\Windows\System32\WindowsPowerShell\v1.0\;C:\Windows\System32\OpenSSH\;C:\Program Files (x86)\Microsoft SQL Server\160\Tools\Binn\;C:\Program Files\Microsoft SQL Server\160\Tools\Binn\;C:\Program Files\Microsoft SQL Server\Client SDK\ODBC\170\Tools\Binn\;C:\Program Files\Microsoft SQL Server\160\DTS\Binn\;C:\Program Files (x86)\Microsoft SQL Server\160\DTS\Binn\;C:\Program Files\Azure Data Studio\bin;C:\Users\profsl\AppData\Local\Microsoft\WindowsApps;C:\Users\profsl\AppData\Local\Programs\Git\cmd
USERNAME=profsl
OS=Windows_NT
PROCESSOR_IDENTIFIER=Intel64 Family 6 Model 158 Stepping 9, GenuineIntel
TMP=C:\Users\profsl\AppData\Local\Temp
TEMP=C:\Users\profsl\AppData\Local\Temp


JNI global refs:
JNI global refs: 27, weak refs: 24

JNI global refs memory usage: 843, weak refs: 841


---------------  S Y S T E M  ---------------

OS:
 Windows 10 , 64 bit Build 19041 (10.0.19041.3155)
OS uptime: 0 days 1:19 hours

CPU: total 4 (initial active 4) (4 cores per cpu, 1 threads per core) family 6 model 158 stepping 9 microcode 0xb4, cx8, cmov, fxsr, mmx, 3dnowpref, sse, sse2, sse3, ssse3, sse4.1, sse4.2, popcnt, lzcnt, tsc, tscinvbit, avx, avx2, aes, erms, clmul, bmi1, bmi2, rtm, adx, fma, vzeroupper, clflush, clflushopt

Memory: 4k page, system-wide physical 8087M (471M free)
TotalPageFile size 8087M (AvailPageFile size 33M)
current process WorkingSet (physical memory assigned to process): 479M, peak: 480M
current process commit charge ("private bytes"): 541M, peak: 784M

vm_info: OpenJDK 64-Bit Server VM (17.0.6+0-b2043.56-10027231) for windows-amd64 JRE (17.0.6+0-b2043.56-10027231), built on Apr 28 2023 00:43:19 by "androidbuild" with MS VC++ 16.10 / 16.11 (VS2019)

END.
