#
# There is insufficient memory for the Java Runtime Environment to continue.
# Native memory allocation (mmap) failed to map 22020096 bytes for G1 virtual space
# Possible reasons:
#   The system is out of physical RAM or swap space
#   The process is running with CompressedOops enabled, and the Java Heap may be blocking the growth of the native heap
# Possible solutions:
#   Reduce memory load on the system
#   Increase physical memory or swap space
#   Check if swap backing store is full
#   Decrease Java heap size (-Xmx/-Xms)
#   Decrease number of Java threads
#   Decrease Java thread stack sizes (-Xss)
#   Set larger code cache with -XX:ReservedCodeCacheSize=
#   JVM is running with Unscaled Compressed Oops mode in which the Java heap is
#     placed in the first 4GB address space. The Java Heap base address is the
#     maximum limit for the native heap growth. Please use -XX:HeapBaseMinAddress
#     to set the Java Heap base and to place the Java Heap above 4GB virtual address.
# This output file may be truncated or incomplete.
#
#  Out of Memory Error (os_windows.cpp:3769), pid=1792, tid=10624
#
# JRE version: OpenJDK Runtime Environment (17.0.6) (build 17.0.6+0-b2043.56-10027231)
# Java VM: OpenJDK 64-Bit Server VM (17.0.6+0-b2043.56-10027231, mixed mode, tiered, compressed oops, compressed class ptrs, g1 gc, windows-amd64)
# No core dump will be written. Minidumps are not enabled by default on client versions of Windows
#

---------------  S U M M A R Y ------------

Command Line: --add-opens=java.base/java.util=ALL-UNNAMED --add-opens=java.base/java.lang=ALL-UNNAMED --add-opens=java.base/java.lang.invoke=ALL-UNNAMED --add-opens=java.prefs/java.util.prefs=ALL-UNNAMED --add-opens=java.base/java.nio.charset=ALL-UNNAMED --add-opens=java.base/java.net=ALL-UNNAMED --add-opens=java.base/java.util.concurrent.atomic=ALL-UNNAMED -Xmx2048m -Dfile.encoding=UTF-8 -Duser.country=BR -Duser.language=pt -Duser.variant org.gradle.launcher.daemon.bootstrap.GradleDaemon 8.0

Host: Intel(R) Core(TM) i5-7500 CPU @ 3.40GHz, 4 cores, 7G,  Windows 10 , 64 bit Build 19041 (10.0.19041.3155)
Time: Wed Sep 20 09:53:31 2023 Hora oficial do Brasil elapsed time: 15.734786 seconds (0d 0h 0m 15s)

---------------  T H R E A D  ---------------

Current thread (0x000001a0ffc0ede0):  VMThread "VM Thread" [stack: 0x00000016efd00000,0x00000016efe00000] [id=10624]

Stack: [0x00000016efd00000,0x00000016efe00000]
Native frames: (J=compiled Java code, j=interpreted, Vv=VM code, C=native code)
V  [jvm.dll+0x683c9a]
V  [jvm.dll+0x8427a4]
V  [jvm.dll+0x843f9e]
V  [jvm.dll+0x844603]
V  [jvm.dll+0x249b75]
V  [jvm.dll+0x680b69]
V  [jvm.dll+0x67505a]
V  [jvm.dll+0x309acb]
V  [jvm.dll+0x310f86]
V  [jvm.dll+0x3608ee]
V  [jvm.dll+0x360b1f]
V  [jvm.dll+0x2dfbf8]
V  [jvm.dll+0x2e2ce6]
V  [jvm.dll+0x2ed478]
V  [jvm.dll+0x322150]
V  [jvm.dll+0x848ccb]
V  [jvm.dll+0x849a04]
V  [jvm.dll+0x849f1d]
V  [jvm.dll+0x84a2f4]
V  [jvm.dll+0x84a3c0]
V  [jvm.dll+0x7f274a]
V  [jvm.dll+0x682ad5]
C  [ucrtbase.dll+0x21bb2]
C  [KERNEL32.DLL+0x17614]
C  [ntdll.dll+0x526b1]

VM_Operation (0x00000016ef9ff680): G1Concurrent, mode: safepoint, requested by thread 0x000001a0e9efd6a0


---------------  P R O C E S S  ---------------

Threads class SMR info:
_java_thread_list=0x000001a085519630, length=82, elements={
0x000001a0e9e90300, 0x000001a0ffc15890, 0x000001a0ffc17c30, 0x000001a08481f5d0,
0x000001a084820090, 0x000001a084816230, 0x000001a084817b00, 0x000001a08481aeb0,
0x000001a08482bfd0, 0x000001a084847090, 0x000001a0849d1010, 0x000001a0849e3010,
0x000001a0862f49f0, 0x000001a0858c40e0, 0x000001a0861c4af0, 0x000001a0861c45a0,
0x000001a08741d410, 0x000001a08747dff0, 0x000001a08747e4c0, 0x000001a08752d620,
0x000001a08752cc80, 0x000001a08752c7b0, 0x000001a08752aad0, 0x000001a08752afa0,
0x000001a087529c60, 0x000001a08752be10, 0x000001a08752d150, 0x000001a08752c2e0,
0x000001a08752a600, 0x000001a08752b470, 0x000001a08752b940, 0x000001a08752a130,
0x000001a08922b580, 0x000001a08922ef40, 0x000001a08922e0d0, 0x000001a08922ba50,
0x000001a08922d730, 0x000001a0892298a0, 0x000001a089229d70, 0x000001a08922c3f0,
0x000001a089228f00, 0x000001a08922f410, 0x000001a08922e5a0, 0x000001a089230280,
0x000001a08922f8e0, 0x000001a08922c8c0, 0x000001a08922cd90, 0x000001a08922b0b0,
0x000001a08922fdb0, 0x000001a0892293d0, 0x000001a08922a710, 0x000001a08922abe0,
0x000001a08922bf20, 0x000001a08922d260, 0x000001a088d0a250, 0x000001a088d080a0,
0x000001a088d0ba60, 0x000001a088d08570, 0x000001a088d0c8d0, 0x000001a088d0a720,
0x000001a088d0b0c0, 0x000001a088d08f10, 0x000001a088d0d270, 0x000001a088d09d80,
0x000001a088d08a40, 0x000001a088d093e0, 0x000001a088d098b0, 0x000001a088d0bf30,
0x000001a088d0c400, 0x000001a088d0abf0, 0x000001a088d0cda0, 0x000001a088d0b590,
0x000001a088d0d740, 0x000001a088d05ef0, 0x000001a088d063c0, 0x000001a088d06890,
0x000001a088d06d60, 0x000001a088d07230, 0x000001a088d07700, 0x000001a088d07bd0,
0x000001a086f73810, 0x000001a08a9e4690
}

Java Threads: ( => current thread )
  0x000001a0e9e90300 JavaThread "main" [_thread_blocked, id=8584, stack(0x00000016ef700000,0x00000016ef800000)]
  0x000001a0ffc15890 JavaThread "Reference Handler" daemon [_thread_blocked, id=6392, stack(0x00000016efe00000,0x00000016eff00000)]
  0x000001a0ffc17c30 JavaThread "Finalizer" daemon [_thread_blocked, id=7476, stack(0x00000016eff00000,0x00000016f0000000)]
  0x000001a08481f5d0 JavaThread "Signal Dispatcher" daemon [_thread_blocked, id=4420, stack(0x00000016f0000000,0x00000016f0100000)]
  0x000001a084820090 JavaThread "Attach Listener" daemon [_thread_blocked, id=9916, stack(0x00000016f0100000,0x00000016f0200000)]
  0x000001a084816230 JavaThread "Service Thread" daemon [_thread_blocked, id=2644, stack(0x00000016f0200000,0x00000016f0300000)]
  0x000001a084817b00 JavaThread "Monitor Deflation Thread" daemon [_thread_blocked, id=9752, stack(0x00000016f0300000,0x00000016f0400000)]
  0x000001a08481aeb0 JavaThread "C2 CompilerThread0" daemon [_thread_blocked, id=2588, stack(0x00000016f0400000,0x00000016f0500000)]
  0x000001a08482bfd0 JavaThread "C1 CompilerThread0" daemon [_thread_blocked, id=6652, stack(0x00000016f0500000,0x00000016f0600000)]
  0x000001a084847090 JavaThread "Sweeper thread" daemon [_thread_blocked, id=10764, stack(0x00000016f0600000,0x00000016f0700000)]
  0x000001a0849d1010 JavaThread "Common-Cleaner" daemon [_thread_blocked, id=2668, stack(0x00000016f0700000,0x00000016f0800000)]
  0x000001a0849e3010 JavaThread "Notification Thread" daemon [_thread_blocked, id=8324, stack(0x00000016f0800000,0x00000016f0900000)]
  0x000001a0862f49f0 JavaThread "Daemon health stats" [_thread_blocked, id=8404, stack(0x00000016f0e00000,0x00000016f0f00000)]
  0x000001a0858c40e0 JavaThread "Incoming local TCP Connector on port 51331" [_thread_in_native, id=5500, stack(0x00000016f0c00000,0x00000016f0d00000)]
  0x000001a0861c4af0 JavaThread "Daemon periodic checks" [_thread_blocked, id=8376, stack(0x00000016f0f00000,0x00000016f1000000)]
  0x000001a0861c45a0 JavaThread "Daemon" [_thread_blocked, id=4900, stack(0x00000016f1000000,0x00000016f1100000)]
  0x000001a08741d410 JavaThread "Handler for socket connection from /127.0.0.1:51331 to /127.0.0.1:51332" [_thread_in_native, id=3060, stack(0x00000016f1100000,0x00000016f1200000)]
  0x000001a08747dff0 JavaThread "Cancel handler" [_thread_blocked, id=9760, stack(0x00000016f1200000,0x00000016f1300000)]
  0x000001a08747e4c0 JavaThread "Daemon worker" [_thread_blocked, id=3156, stack(0x00000016f1300000,0x00000016f1400000)]
  0x000001a08752d620 JavaThread "Asynchronous log dispatcher for DefaultDaemonConnection: socket connection from /127.0.0.1:51331 to /127.0.0.1:51332" [_thread_blocked, id=1764, stack(0x00000016f1400000,0x00000016f1500000)]
  0x000001a08752cc80 JavaThread "Stdin handler" [_thread_blocked, id=10268, stack(0x00000016f1500000,0x00000016f1600000)]
  0x000001a08752c7b0 JavaThread "Daemon client event forwarder" [_thread_blocked, id=8580, stack(0x00000016f1600000,0x00000016f1700000)]
  0x000001a08752aad0 JavaThread "Cache worker for journal cache (C:\Users\profsl\.gradle\caches\journal-1)" [_thread_blocked, id=11044, stack(0x00000016f1700000,0x00000016f1800000)]
  0x000001a08752afa0 JavaThread "File lock request listener" [_thread_in_native, id=8040, stack(0x00000016f1800000,0x00000016f1900000)]
  0x000001a087529c60 JavaThread "Cache worker for file hash cache (C:\Users\profsl\.gradle\caches\8.0\fileHashes)" [_thread_blocked, id=8440, stack(0x00000016f1900000,0x00000016f1a00000)]
  0x000001a08752be10 JavaThread "File watcher server" daemon [_thread_in_native, id=1108, stack(0x00000016f1b00000,0x00000016f1c00000)]
  0x000001a08752d150 JavaThread "File watcher consumer" daemon [_thread_blocked, id=9404, stack(0x00000016f1c00000,0x00000016f1d00000)]
  0x000001a08752c2e0 JavaThread "jar transforms" [_thread_blocked, id=11096, stack(0x00000016f1d00000,0x00000016f1e00000)]
  0x000001a08752a600 JavaThread "jar transforms Thread 2" [_thread_blocked, id=812, stack(0x00000016f1e00000,0x00000016f1f00000)]
  0x000001a08752b470 JavaThread "jar transforms Thread 3" [_thread_blocked, id=6876, stack(0x00000016f1f00000,0x00000016f2000000)]
  0x000001a08752b940 JavaThread "jar transforms Thread 4" [_thread_blocked, id=6276, stack(0x00000016f2000000,0x00000016f2100000)]
  0x000001a08752a130 JavaThread "Cache worker for checksums cache (C:\Users\profsl\AndroidStudioProjects\FMU2023_2_4aM\.gradle\8.0\checksums)" [_thread_blocked, id=10448, stack(0x00000016f1a00000,0x00000016f1b00000)]
  0x000001a08922b580 JavaThread "Cache worker for cache directory md-rule (C:\Users\profsl\.gradle\caches\8.0\md-rule)" [_thread_blocked, id=5060, stack(0x00000016f2100000,0x00000016f2200000)]
  0x000001a08922ef40 JavaThread "Cache worker for file content cache (C:\Users\profsl\.gradle\caches\8.0\fileContent)" [_thread_blocked, id=4000, stack(0x00000016f2200000,0x00000016f2300000)]
  0x000001a08922e0d0 JavaThread "Cache worker for file hash cache (C:\Users\profsl\AndroidStudioProjects\FMU2023_2_4aM\.gradle\8.0\fileHashes)" [_thread_blocked, id=4680, stack(0x00000016f2400000,0x00000016f2500000)]
  0x000001a08922ba50 JavaThread "Cache worker for cache directory md-supplier (C:\Users\profsl\.gradle\caches\8.0\md-supplier)" [_thread_blocked, id=10588, stack(0x00000016f2500000,0x00000016f2600000)]
  0x000001a08922d730 JavaThread "Cache worker for execution history cache (C:\Users\profsl\.gradle\caches\8.0\executionHistory)" [_thread_blocked, id=1220, stack(0x00000016f2600000,0x00000016f2700000)]
  0x000001a0892298a0 JavaThread "Cache worker for kotlin-dsl (C:\Users\profsl\.gradle\caches\8.0\kotlin-dsl)" [_thread_blocked, id=8836, stack(0x00000016f2700000,0x00000016f2800000)]
  0x000001a089229d70 JavaThread "Cache worker for dependencies-accessors (C:\Users\profsl\AndroidStudioProjects\FMU2023_2_4aM\.gradle\8.0\dependencies-accessors)" [_thread_blocked, id=2188, stack(0x00000016f2800000,0x00000016f2900000)]
  0x000001a08922c3f0 JavaThread "Cache worker for Build Output Cleanup Cache (C:\Users\profsl\AndroidStudioProjects\FMU2023_2_4aM\.gradle\buildOutputCleanup)" [_thread_blocked, id=11216, stack(0x00000016f2900000,0x00000016f2a00000)]
  0x000001a089228f00 JavaThread "Unconstrained build operations" [_thread_blocked, id=1248, stack(0x00000016f2a00000,0x00000016f2b00000)]
  0x000001a08922f410 JavaThread "Unconstrained build operations Thread 2" [_thread_blocked, id=7744, stack(0x00000016f2b00000,0x00000016f2c00000)]
  0x000001a08922e5a0 JavaThread "Unconstrained build operations Thread 3" [_thread_blocked, id=536, stack(0x00000016f2c00000,0x00000016f2d00000)]
  0x000001a089230280 JavaThread "Unconstrained build operations Thread 4" [_thread_blocked, id=10972, stack(0x00000016f2d00000,0x00000016f2e00000)]
  0x000001a08922f8e0 JavaThread "Unconstrained build operations Thread 5" [_thread_blocked, id=1744, stack(0x00000016f2e00000,0x00000016f2f00000)]
  0x000001a08922c8c0 JavaThread "Unconstrained build operations Thread 6" [_thread_blocked, id=10660, stack(0x00000016f2f00000,0x00000016f3000000)]
  0x000001a08922cd90 JavaThread "Unconstrained build operations Thread 7" [_thread_blocked, id=9292, stack(0x00000016f3000000,0x00000016f3100000)]
  0x000001a08922b0b0 JavaThread "Unconstrained build operations Thread 8" [_thread_blocked, id=5564, stack(0x00000016f3100000,0x00000016f3200000)]
  0x000001a08922fdb0 JavaThread "Unconstrained build operations Thread 9" [_thread_blocked, id=6364, stack(0x00000016f3200000,0x00000016f3300000)]
  0x000001a0892293d0 JavaThread "Unconstrained build operations Thread 10" [_thread_blocked, id=11220, stack(0x00000016f3300000,0x00000016f3400000)]
  0x000001a08922a710 JavaThread "Unconstrained build operations Thread 11" [_thread_blocked, id=8476, stack(0x00000016f3400000,0x00000016f3500000)]
  0x000001a08922abe0 JavaThread "Unconstrained build operations Thread 12" [_thread_blocked, id=10236, stack(0x00000016f3500000,0x00000016f3600000)]
  0x000001a08922bf20 JavaThread "Unconstrained build operations Thread 13" [_thread_blocked, id=2224, stack(0x00000016f3600000,0x00000016f3700000)]
  0x000001a08922d260 JavaThread "Unconstrained build operations Thread 14" [_thread_blocked, id=2512, stack(0x00000016f3700000,0x00000016f3800000)]
  0x000001a088d0a250 JavaThread "Unconstrained build operations Thread 15" [_thread_blocked, id=4396, stack(0x00000016f3800000,0x00000016f3900000)]
  0x000001a088d080a0 JavaThread "Unconstrained build operations Thread 16" [_thread_blocked, id=5008, stack(0x00000016f3900000,0x00000016f3a00000)]
  0x000001a088d0ba60 JavaThread "Unconstrained build operations Thread 17" [_thread_blocked, id=3536, stack(0x00000016f3a00000,0x00000016f3b00000)]
  0x000001a088d08570 JavaThread "Unconstrained build operations Thread 18" [_thread_blocked, id=5116, stack(0x00000016f3b00000,0x00000016f3c00000)]
  0x000001a088d0c8d0 JavaThread "Unconstrained build operations Thread 19" [_thread_blocked, id=5264, stack(0x00000016f3c00000,0x00000016f3d00000)]
  0x000001a088d0a720 JavaThread "Unconstrained build operations Thread 20" [_thread_blocked, id=9636, stack(0x00000016f3d00000,0x00000016f3e00000)]
  0x000001a088d0b0c0 JavaThread "Unconstrained build operations Thread 21" [_thread_blocked, id=8952, stack(0x00000016f3e00000,0x00000016f3f00000)]
  0x000001a088d08f10 JavaThread "Unconstrained build operations Thread 22" [_thread_blocked, id=9048, stack(0x00000016f3f00000,0x00000016f4000000)]
  0x000001a088d0d270 JavaThread "Unconstrained build operations Thread 23" [_thread_blocked, id=1100, stack(0x00000016f4000000,0x00000016f4100000)]
  0x000001a088d09d80 JavaThread "Unconstrained build operations Thread 24" [_thread_blocked, id=3720, stack(0x00000016f4100000,0x00000016f4200000)]
  0x000001a088d08a40 JavaThread "Unconstrained build operations Thread 25" [_thread_blocked, id=3984, stack(0x00000016f4200000,0x00000016f4300000)]
  0x000001a088d093e0 JavaThread "Unconstrained build operations Thread 26" [_thread_blocked, id=10492, stack(0x00000016f4300000,0x00000016f4400000)]
  0x000001a088d098b0 JavaThread "Unconstrained build operations Thread 27" [_thread_blocked, id=4228, stack(0x00000016f4400000,0x00000016f4500000)]
  0x000001a088d0bf30 JavaThread "Unconstrained build operations Thread 28" [_thread_blocked, id=1208, stack(0x00000016f4500000,0x00000016f4600000)]
  0x000001a088d0c400 JavaThread "Unconstrained build operations Thread 29" [_thread_blocked, id=9888, stack(0x00000016f4600000,0x00000016f4700000)]
  0x000001a088d0abf0 JavaThread "Unconstrained build operations Thread 30" [_thread_blocked, id=3164, stack(0x00000016f4700000,0x00000016f4800000)]
  0x000001a088d0cda0 JavaThread "Unconstrained build operations Thread 31" [_thread_blocked, id=8700, stack(0x00000016f4800000,0x00000016f4900000)]
  0x000001a088d0b590 JavaThread "Unconstrained build operations Thread 32" [_thread_blocked, id=4668, stack(0x00000016f4900000,0x00000016f4a00000)]
  0x000001a088d0d740 JavaThread "Unconstrained build operations Thread 33" [_thread_blocked, id=2152, stack(0x00000016f4a00000,0x00000016f4b00000)]
  0x000001a088d05ef0 JavaThread "Unconstrained build operations Thread 34" [_thread_blocked, id=260, stack(0x00000016f4b00000,0x00000016f4c00000)]
  0x000001a088d063c0 JavaThread "Unconstrained build operations Thread 35" [_thread_blocked, id=5692, stack(0x00000016f4c00000,0x00000016f4d00000)]
  0x000001a088d06890 JavaThread "Unconstrained build operations Thread 36" [_thread_blocked, id=3160, stack(0x00000016f4d00000,0x00000016f4e00000)]
  0x000001a088d06d60 JavaThread "Unconstrained build operations Thread 37" [_thread_blocked, id=1280, stack(0x00000016f4e00000,0x00000016f4f00000)]
  0x000001a088d07230 JavaThread "Unconstrained build operations Thread 38" [_thread_blocked, id=10248, stack(0x00000016f4f00000,0x00000016f5000000)]
  0x000001a088d07700 JavaThread "Unconstrained build operations Thread 39" [_thread_blocked, id=480, stack(0x00000016f5000000,0x00000016f5100000)]
  0x000001a088d07bd0 JavaThread "Unconstrained build operations Thread 40" [_thread_blocked, id=11024, stack(0x00000016f5100000,0x00000016f5200000)]
  0x000001a086f73810 JavaThread "C2 CompilerThread1" daemon [_thread_blocked, id=7092, stack(0x00000016f2300000,0x00000016f2400000)]
  0x000001a08a9e4690 JavaThread "Memory manager" [_thread_blocked, id=7440, stack(0x00000016f5200000,0x00000016f5300000)]

Other Threads:
=>0x000001a0ffc0ede0 VMThread "VM Thread" [stack: 0x00000016efd00000,0x00000016efe00000] [id=10624]
  0x000001a0ffbaf770 WatcherThread [stack: 0x00000016f0900000,0x00000016f0a00000] [id=4564]
  0x000001a0e9eec850 GCTaskThread "GC Thread#0" [stack: 0x00000016ef800000,0x00000016ef900000] [id=9744]
  0x000001a08513a410 GCTaskThread "GC Thread#1" [stack: 0x00000016f0a00000,0x00000016f0b00000] [id=6460]
  0x000001a085400080 GCTaskThread "GC Thread#2" [stack: 0x00000016f0b00000,0x00000016f0c00000] [id=7240]
  0x000001a08558fec0 GCTaskThread "GC Thread#3" [stack: 0x00000016f0d00000,0x00000016f0e00000] [id=320]
  0x000001a0e9efd6a0 ConcurrentGCThread "G1 Main Marker" [stack: 0x00000016ef900000,0x00000016efa00000] [id=7592]
  0x000001a0e9efe760 ConcurrentGCThread "G1 Conc#0" [stack: 0x00000016efa00000,0x00000016efb00000] [id=7560]
  0x000001a0ffa820b0 ConcurrentGCThread "G1 Refine#0" [stack: 0x00000016efb00000,0x00000016efc00000] [id=1524]
  0x000001a0ffa829e0 ConcurrentGCThread "G1 Service" [stack: 0x00000016efc00000,0x00000016efd00000] [id=3712]

Threads with active compile tasks:
C2 CompilerThread1    15815 6696   !   4       java.util.jar.Attributes::read (494 bytes)

VM state: at safepoint (normal execution)

VM Mutex/Monitor currently owned by a thread:  ([mutex/lock_event])
[0x000001a0e9e8bec0] Threads_lock - owner thread: 0x000001a0ffc0ede0
[0x000001a0e9e8c8e0] Heap_lock - owner thread: 0x000001a0e9efd6a0

Heap address: 0x0000000080000000, size: 2048 MB, Compressed Oops mode: 32-bit

CDS archive(s) not mapped
Compressed class space mapped at: 0x0000000100000000-0x0000000140000000, reserved size: 1073741824
Narrow klass base: 0x0000000000000000, Narrow klass shift: 3, Narrow klass range: 0x140000000

GC Precious Log:
 CPUs: 4 total, 4 available
 Memory: 8087M
 Large Page Support: Disabled
 NUMA Support: Disabled
 Compressed Oops: Enabled (32-bit)
 Heap Region Size: 1M
 Heap Min Capacity: 8M
 Heap Initial Capacity: 128M
 Heap Max Capacity: 2G
 Pre-touch: Disabled
 Parallel Workers: 4
 Concurrent Workers: 1
 Concurrent Refinement Workers: 4
 Periodic GC: Disabled

Heap:
 garbage-first heap   total 142336K, used 96190K [0x0000000080000000, 0x0000000100000000)
  region size 1024K, 6 young (6144K), 2 survivors (2048K)
 Metaspace       used 66551K, committed 67200K, reserved 1114112K
  class space    used 8896K, committed 9216K, reserved 1048576K

Heap Regions: E=young(eden), S=young(survivor), O=old, HS=humongous(starts), HC=humongous(continues), CS=collection set, F=free, OA=open archive, CA=closed archive, TAMS=top-at-mark-start (previous, next)
|   0|0x0000000080000000, 0x0000000080100000, 0x0000000080100000|100%| O|  |TAMS 0x0000000080100000, 0x0000000080000000| Untracked 
|   1|0x0000000080100000, 0x0000000080200000, 0x0000000080200000|100%| O|  |TAMS 0x0000000080200000, 0x0000000080100000| Untracked 
|   2|0x0000000080200000, 0x0000000080300000, 0x0000000080300000|100%|HS|  |TAMS 0x0000000080300000, 0x0000000080200000| Complete 
|   3|0x0000000080300000, 0x0000000080400000, 0x0000000080400000|100%|HC|  |TAMS 0x0000000080400000, 0x0000000080300000| Complete 
|   4|0x0000000080400000, 0x0000000080500000, 0x0000000080500000|100%|HC|  |TAMS 0x0000000080500000, 0x0000000080400000| Complete 
|   5|0x0000000080500000, 0x0000000080600000, 0x0000000080600000|100%|HC|  |TAMS 0x0000000080600000, 0x0000000080500000| Complete 
|   6|0x0000000080600000, 0x0000000080700000, 0x0000000080700000|100%| O|  |TAMS 0x0000000080700000, 0x0000000080600000| Untracked 
|   7|0x0000000080700000, 0x0000000080800000, 0x0000000080800000|100%| O|  |TAMS 0x0000000080800000, 0x0000000080700000| Untracked 
|   8|0x0000000080800000, 0x0000000080900000, 0x0000000080900000|100%| O|  |TAMS 0x0000000080900000, 0x0000000080800000| Untracked 
|   9|0x0000000080900000, 0x0000000080a00000, 0x0000000080a00000|100%| O|  |TAMS 0x0000000080a00000, 0x0000000080900000| Updating 
|  10|0x0000000080a00000, 0x0000000080b00000, 0x0000000080b00000|100%| O|  |TAMS 0x0000000080b00000, 0x0000000080a00000| Untracked 
|  11|0x0000000080b00000, 0x0000000080c00000, 0x0000000080c00000|100%|HS|  |TAMS 0x0000000080b00000, 0x0000000080b00000| Complete 
|  12|0x0000000080c00000, 0x0000000080d00000, 0x0000000080d00000|100%| O|  |TAMS 0x0000000080d00000, 0x0000000080c00000| Untracked 
|  13|0x0000000080d00000, 0x0000000080e00000, 0x0000000080e00000|100%| O|  |TAMS 0x0000000080e00000, 0x0000000080d00000| Untracked 
|  14|0x0000000080e00000, 0x0000000080f00000, 0x0000000080f00000|100%| O|  |TAMS 0x0000000080f00000, 0x0000000080e00000| Untracked 
|  15|0x0000000080f00000, 0x0000000081000000, 0x0000000081000000|100%| O|  |TAMS 0x0000000081000000, 0x0000000080f00000| Untracked 
|  16|0x0000000081000000, 0x0000000081100000, 0x0000000081100000|100%| O|  |TAMS 0x0000000081100000, 0x0000000081000000| Untracked 
|  17|0x0000000081100000, 0x0000000081200000, 0x0000000081200000|100%| O|  |TAMS 0x0000000081200000, 0x0000000081100000| Untracked 
|  18|0x0000000081200000, 0x0000000081300000, 0x0000000081300000|100%| O|  |TAMS 0x0000000081300000, 0x0000000081200000| Untracked 
|  19|0x0000000081300000, 0x0000000081400000, 0x0000000081400000|100%|HS|  |TAMS 0x0000000081400000, 0x0000000081300000| Complete 
|  20|0x0000000081400000, 0x0000000081500000, 0x0000000081500000|100%|HC|  |TAMS 0x0000000081500000, 0x0000000081400000| Complete 
|  21|0x0000000081500000, 0x0000000081600000, 0x0000000081600000|100%|HS|  |TAMS 0x0000000081600000, 0x0000000081500000| Complete 
|  22|0x0000000081600000, 0x0000000081700000, 0x0000000081700000|100%|HC|  |TAMS 0x0000000081700000, 0x0000000081600000| Complete 
|  23|0x0000000081700000, 0x0000000081800000, 0x0000000081800000|100%|HC|  |TAMS 0x0000000081800000, 0x0000000081700000| Complete 
|  24|0x0000000081800000, 0x0000000081900000, 0x0000000081900000|100%| O|  |TAMS 0x0000000081900000, 0x0000000081800000| Untracked 
|  25|0x0000000081900000, 0x0000000081a00000, 0x0000000081a00000|100%| O|  |TAMS 0x0000000081a00000, 0x0000000081900000| Untracked 
|  26|0x0000000081a00000, 0x0000000081b00000, 0x0000000081b00000|100%| O|  |TAMS 0x0000000081b00000, 0x0000000081a00000| Untracked 
|  27|0x0000000081b00000, 0x0000000081c00000, 0x0000000081c00000|100%|HS|  |TAMS 0x0000000081c00000, 0x0000000081b00000| Complete 
|  28|0x0000000081c00000, 0x0000000081d00000, 0x0000000081d00000|100%|HC|  |TAMS 0x0000000081d00000, 0x0000000081c00000| Complete 
|  29|0x0000000081d00000, 0x0000000081e00000, 0x0000000081e00000|100%|HC|  |TAMS 0x0000000081e00000, 0x0000000081d00000| Complete 
|  30|0x0000000081e00000, 0x0000000081f00000, 0x0000000081f00000|100%| O|  |TAMS 0x0000000081f00000, 0x0000000081e00000| Updating 
|  31|0x0000000081f00000, 0x0000000082000000, 0x0000000082000000|100%| O|  |TAMS 0x0000000082000000, 0x0000000081f00000| Updating 
|  32|0x0000000082000000, 0x0000000082100000, 0x0000000082100000|100%| O|  |TAMS 0x0000000082100000, 0x0000000082000000| Updating 
|  33|0x0000000082100000, 0x0000000082200000, 0x0000000082200000|100%|HS|  |TAMS 0x0000000082200000, 0x0000000082100000| Complete 
|  34|0x0000000082200000, 0x0000000082300000, 0x0000000082300000|100%|HC|  |TAMS 0x0000000082300000, 0x0000000082200000| Complete 
|  35|0x0000000082300000, 0x0000000082400000, 0x0000000082400000|100%| O|  |TAMS 0x0000000082400000, 0x0000000082300000| Untracked 
|  36|0x0000000082400000, 0x0000000082500000, 0x0000000082500000|100%| O|  |TAMS 0x0000000082500000, 0x0000000082400000| Untracked 
|  37|0x0000000082500000, 0x0000000082600000, 0x0000000082600000|100%| O|  |TAMS 0x0000000082600000, 0x0000000082500000| Untracked 
|  38|0x0000000082600000, 0x0000000082700000, 0x0000000082700000|100%| O|  |TAMS 0x0000000082700000, 0x0000000082600000| Untracked 
|  39|0x0000000082700000, 0x0000000082800000, 0x0000000082800000|100%| O|  |TAMS 0x0000000082800000, 0x0000000082700000| Untracked 
|  40|0x0000000082800000, 0x0000000082900000, 0x0000000082900000|100%| O|  |TAMS 0x0000000082900000, 0x0000000082800000| Untracked 
|  41|0x0000000082900000, 0x0000000082a00000, 0x0000000082a00000|100%| O|  |TAMS 0x0000000082a00000, 0x0000000082900000| Untracked 
|  42|0x0000000082a00000, 0x0000000082b00000, 0x0000000082b00000|100%|HS|  |TAMS 0x0000000082b00000, 0x0000000082a00000| Complete 
|  43|0x0000000082b00000, 0x0000000082c00000, 0x0000000082c00000|100%|HC|  |TAMS 0x0000000082c00000, 0x0000000082b00000| Complete 
|  44|0x0000000082c00000, 0x0000000082d00000, 0x0000000082d00000|100%|HC|  |TAMS 0x0000000082d00000, 0x0000000082c00000| Complete 
|  45|0x0000000082d00000, 0x0000000082e00000, 0x0000000082e00000|100%| O|  |TAMS 0x0000000082e00000, 0x0000000082d00000| Untracked 
|  46|0x0000000082e00000, 0x0000000082f00000, 0x0000000082f00000|100%|HS|  |TAMS 0x0000000082f00000, 0x0000000082e00000| Complete 
|  47|0x0000000082f00000, 0x0000000083000000, 0x0000000083000000|100%|HC|  |TAMS 0x0000000083000000, 0x0000000082f00000| Complete 
|  48|0x0000000083000000, 0x0000000083100000, 0x0000000083100000|100%|HC|  |TAMS 0x0000000083100000, 0x0000000083000000| Complete 
|  49|0x0000000083100000, 0x0000000083200000, 0x0000000083200000|100%|HC|  |TAMS 0x0000000083200000, 0x0000000083100000| Complete 
|  50|0x0000000083200000, 0x0000000083300000, 0x0000000083300000|100%|HC|  |TAMS 0x0000000083300000, 0x0000000083200000| Complete 
|  51|0x0000000083300000, 0x0000000083400000, 0x0000000083400000|100%|HC|  |TAMS 0x0000000083400000, 0x0000000083300000| Complete 
|  52|0x0000000083400000, 0x0000000083500000, 0x0000000083500000|100%|HC|  |TAMS 0x0000000083500000, 0x0000000083400000| Complete 
|  53|0x0000000083500000, 0x0000000083600000, 0x0000000083600000|100%|HC|  |TAMS 0x0000000083600000, 0x0000000083500000| Complete 
|  54|0x0000000083600000, 0x0000000083700000, 0x0000000083700000|100%|HC|  |TAMS 0x0000000083700000, 0x0000000083600000| Complete 
|  55|0x0000000083700000, 0x0000000083800000, 0x0000000083800000|100%|HC|  |TAMS 0x0000000083800000, 0x0000000083700000| Complete 
|  56|0x0000000083800000, 0x0000000083900000, 0x0000000083900000|100%|HC|  |TAMS 0x0000000083900000, 0x0000000083800000| Complete 
|  57|0x0000000083900000, 0x0000000083a00000, 0x0000000083a00000|100%|HC|  |TAMS 0x0000000083a00000, 0x0000000083900000| Complete 
|  58|0x0000000083a00000, 0x0000000083b00000, 0x0000000083b00000|100%|HS|  |TAMS 0x0000000083b00000, 0x0000000083a00000| Complete 
|  59|0x0000000083b00000, 0x0000000083c00000, 0x0000000083c00000|100%|HC|  |TAMS 0x0000000083c00000, 0x0000000083b00000| Complete 
|  60|0x0000000083c00000, 0x0000000083d00000, 0x0000000083d00000|100%|HC|  |TAMS 0x0000000083d00000, 0x0000000083c00000| Complete 
|  61|0x0000000083d00000, 0x0000000083e00000, 0x0000000083e00000|100%| O|  |TAMS 0x0000000083e00000, 0x0000000083d00000| Untracked 
|  62|0x0000000083e00000, 0x0000000083f00000, 0x0000000083f00000|100%| O|  |TAMS 0x0000000083f00000, 0x0000000083e00000| Untracked 
|  63|0x0000000083f00000, 0x0000000084000000, 0x0000000084000000|100%| O|  |TAMS 0x0000000084000000, 0x0000000083f00000| Updating 
|  64|0x0000000084000000, 0x0000000084100000, 0x0000000084100000|100%| O|  |TAMS 0x0000000084100000, 0x0000000084000000| Untracked 
|  65|0x0000000084100000, 0x0000000084200000, 0x0000000084200000|100%| O|  |TAMS 0x0000000084200000, 0x0000000084100000| Updating 
|  66|0x0000000084200000, 0x0000000084300000, 0x0000000084300000|100%| O|  |TAMS 0x0000000084300000, 0x0000000084200000| Untracked 
|  67|0x0000000084300000, 0x0000000084400000, 0x0000000084400000|100%| O|  |TAMS 0x0000000084400000, 0x0000000084300000| Untracked 
|  68|0x0000000084400000, 0x0000000084500000, 0x0000000084500000|100%| O|  |TAMS 0x0000000084500000, 0x0000000084400000| Untracked 
|  69|0x0000000084500000, 0x0000000084600000, 0x0000000084600000|100%| O|  |TAMS 0x0000000084600000, 0x0000000084500000| Untracked 
|  70|0x0000000084600000, 0x0000000084700000, 0x0000000084700000|100%|HS|  |TAMS 0x0000000084700000, 0x0000000084600000| Complete 
|  71|0x0000000084700000, 0x0000000084800000, 0x0000000084800000|100%| O|  |TAMS 0x0000000084800000, 0x0000000084700000| Untracked 
|  72|0x0000000084800000, 0x0000000084900000, 0x0000000084900000|100%|HS|  |TAMS 0x0000000084900000, 0x0000000084800000| Complete 
|  73|0x0000000084900000, 0x0000000084a00000, 0x0000000084a00000|100%|HS|  |TAMS 0x0000000084a00000, 0x0000000084900000| Complete 
|  74|0x0000000084a00000, 0x0000000084b00000, 0x0000000084b00000|100%| O|  |TAMS 0x0000000084b00000, 0x0000000084a00000| Untracked 
|  75|0x0000000084b00000, 0x0000000084c00000, 0x0000000084c00000|100%| O|  |TAMS 0x0000000084c00000, 0x0000000084b00000| Updating 
|  76|0x0000000084c00000, 0x0000000084d00000, 0x0000000084d00000|100%| O|  |TAMS 0x0000000084d00000, 0x0000000084c00000| Updating 
|  77|0x0000000084d00000, 0x0000000084e00000, 0x0000000084e00000|100%| O|  |TAMS 0x0000000084e00000, 0x0000000084d00000| Untracked 
|  78|0x0000000084e00000, 0x0000000084f00000, 0x0000000084f00000|100%| O|  |TAMS 0x0000000084f00000, 0x0000000084e00000| Untracked 
|  79|0x0000000084f00000, 0x0000000085000000, 0x0000000085000000|100%| O|  |TAMS 0x0000000085000000, 0x0000000084f00000| Untracked 
|  80|0x0000000085000000, 0x0000000085100000, 0x0000000085100000|100%| O|  |TAMS 0x0000000085100000, 0x0000000085000000| Untracked 
|  81|0x0000000085100000, 0x0000000085200000, 0x0000000085200000|100%|HS|  |TAMS 0x0000000085200000, 0x0000000085100000| Complete 
|  82|0x0000000085200000, 0x0000000085300000, 0x0000000085300000|100%| O|  |TAMS 0x0000000085300000, 0x0000000085200000| Untracked 
|  83|0x0000000085300000, 0x0000000085400000, 0x0000000085400000|100%|HS|  |TAMS 0x0000000085400000, 0x0000000085300000| Complete 
|  84|0x0000000085400000, 0x0000000085500000, 0x0000000085500000|100%|HS|  |TAMS 0x0000000085500000, 0x0000000085400000| Complete 
|  85|0x0000000085500000, 0x0000000085600000, 0x0000000085600000|100%| O|  |TAMS 0x0000000085600000, 0x0000000085500000| Untracked 
|  86|0x0000000085600000, 0x0000000085700000, 0x0000000085700000|100%| O|  |TAMS 0x0000000085700000, 0x0000000085600000| Untracked 
|  87|0x0000000085700000, 0x0000000085800000, 0x0000000085800000|100%| O|  |TAMS 0x0000000085800000, 0x0000000085700000| Untracked 
|  88|0x0000000085800000, 0x00000000858ca800, 0x0000000085900000| 79%| O|  |TAMS 0x00000000858ca800, 0x0000000085800000| Updating 
|  89|0x0000000085900000, 0x0000000085a00000, 0x0000000085a00000|100%|HS|  |TAMS 0x0000000085900000, 0x0000000085900000| Complete 
|  90|0x0000000085a00000, 0x0000000085a00000, 0x0000000085b00000|  0%| F|  |TAMS 0x0000000085a00000, 0x0000000085a00000| Untracked 
|  91|0x0000000085b00000, 0x0000000085b00000, 0x0000000085c00000|  0%| F|  |TAMS 0x0000000085b00000, 0x0000000085b00000| Untracked 
|  92|0x0000000085c00000, 0x0000000085c00000, 0x0000000085d00000|  0%| F|  |TAMS 0x0000000085c00000, 0x0000000085c00000| Untracked 
|  93|0x0000000085d00000, 0x0000000085d00000, 0x0000000085e00000|  0%| F|  |TAMS 0x0000000085d00000, 0x0000000085d00000| Untracked 
|  94|0x0000000085e00000, 0x0000000085e00000, 0x0000000085f00000|  0%| F|  |TAMS 0x0000000085e00000, 0x0000000085e00000| Untracked 
|  95|0x0000000085f00000, 0x0000000085f00000, 0x0000000086000000|  0%| F|  |TAMS 0x0000000085f00000, 0x0000000085f00000| Untracked 
|  96|0x0000000086000000, 0x0000000086000000, 0x0000000086100000|  0%| F|  |TAMS 0x0000000086000000, 0x0000000086000000| Untracked 
|  97|0x0000000086100000, 0x0000000086100000, 0x0000000086200000|  0%| F|  |TAMS 0x0000000086100000, 0x0000000086100000| Untracked 
|  98|0x0000000086200000, 0x0000000086200000, 0x0000000086300000|  0%| F|  |TAMS 0x0000000086200000, 0x0000000086200000| Untracked 
|  99|0x0000000086300000, 0x0000000086300000, 0x0000000086400000|  0%| F|  |TAMS 0x0000000086300000, 0x0000000086300000| Untracked 
| 100|0x0000000086400000, 0x0000000086400000, 0x0000000086500000|  0%| F|  |TAMS 0x0000000086400000, 0x0000000086400000| Untracked 
| 101|0x0000000086500000, 0x0000000086500000, 0x0000000086600000|  0%| F|  |TAMS 0x0000000086500000, 0x0000000086500000| Untracked 
| 102|0x0000000086600000, 0x0000000086600000, 0x0000000086700000|  0%| F|  |TAMS 0x0000000086600000, 0x0000000086600000| Untracked 
| 103|0x0000000086700000, 0x0000000086700000, 0x0000000086800000|  0%| F|  |TAMS 0x0000000086700000, 0x0000000086700000| Untracked 
| 104|0x0000000086800000, 0x0000000086800000, 0x0000000086900000|  0%| F|  |TAMS 0x0000000086800000, 0x0000000086800000| Untracked 
| 105|0x0000000086900000, 0x0000000086900000, 0x0000000086a00000|  0%| F|  |TAMS 0x0000000086900000, 0x0000000086900000| Untracked 
| 106|0x0000000086a00000, 0x0000000086a00000, 0x0000000086b00000|  0%| F|  |TAMS 0x0000000086a00000, 0x0000000086a00000| Untracked 
| 107|0x0000000086b00000, 0x0000000086b00000, 0x0000000086c00000|  0%| F|  |TAMS 0x0000000086b00000, 0x0000000086b00000| Untracked 
| 108|0x0000000086c00000, 0x0000000086c00000, 0x0000000086d00000|  0%| F|  |TAMS 0x0000000086c00000, 0x0000000086c00000| Untracked 
| 109|0x0000000086d00000, 0x0000000086d00000, 0x0000000086e00000|  0%| F|  |TAMS 0x0000000086d00000, 0x0000000086d00000| Untracked 
| 110|0x0000000086e00000, 0x0000000086e00000, 0x0000000086f00000|  0%| F|  |TAMS 0x0000000086e00000, 0x0000000086e00000| Untracked 
| 111|0x0000000086f00000, 0x0000000086f00000, 0x0000000087000000|  0%| F|  |TAMS 0x0000000086f00000, 0x0000000086f00000| Untracked 
| 112|0x0000000087000000, 0x0000000087000000, 0x0000000087100000|  0%| F|  |TAMS 0x0000000087000000, 0x0000000087000000| Untracked 
| 113|0x0000000087100000, 0x0000000087100000, 0x0000000087200000|  0%| F|  |TAMS 0x0000000087100000, 0x0000000087100000| Untracked 
| 114|0x0000000087200000, 0x0000000087200000, 0x0000000087300000|  0%| F|  |TAMS 0x0000000087200000, 0x0000000087200000| Untracked 
| 115|0x0000000087300000, 0x0000000087300000, 0x0000000087400000|  0%| F|  |TAMS 0x0000000087300000, 0x0000000087300000| Untracked 
| 116|0x0000000087400000, 0x0000000087400000, 0x0000000087500000|  0%| F|  |TAMS 0x0000000087400000, 0x0000000087400000| Untracked 
| 117|0x0000000087500000, 0x0000000087500000, 0x0000000087600000|  0%| F|  |TAMS 0x0000000087500000, 0x0000000087500000| Untracked 
| 118|0x0000000087600000, 0x0000000087600000, 0x0000000087700000|  0%| F|  |TAMS 0x0000000087600000, 0x0000000087600000| Untracked 
| 119|0x0000000087700000, 0x0000000087700000, 0x0000000087800000|  0%| F|  |TAMS 0x0000000087700000, 0x0000000087700000| Untracked 
| 120|0x0000000087800000, 0x0000000087800000, 0x0000000087900000|  0%| F|  |TAMS 0x0000000087800000, 0x0000000087800000| Untracked 
| 121|0x0000000087900000, 0x0000000087900000, 0x0000000087a00000|  0%| F|  |TAMS 0x0000000087900000, 0x0000000087900000| Untracked 
| 122|0x0000000087a00000, 0x0000000087a00000, 0x0000000087b00000|  0%| F|  |TAMS 0x0000000087a00000, 0x0000000087a00000| Untracked 
| 123|0x0000000087b00000, 0x0000000087b00000, 0x0000000087c00000|  0%| F|  |TAMS 0x0000000087b00000, 0x0000000087b00000| Untracked 
| 124|0x0000000087c00000, 0x0000000087c00000, 0x0000000087d00000|  0%| F|  |TAMS 0x0000000087c00000, 0x0000000087c00000| Untracked 
| 125|0x0000000087d00000, 0x0000000087d00000, 0x0000000087e00000|  0%| F|  |TAMS 0x0000000087d00000, 0x0000000087d00000| Untracked 
| 126|0x0000000087e00000, 0x0000000087e00000, 0x0000000087f00000|  0%| F|  |TAMS 0x0000000087e00000, 0x0000000087e00000| Untracked 
| 127|0x0000000087f00000, 0x0000000087f00000, 0x0000000088000000|  0%| F|  |TAMS 0x0000000087f00000, 0x0000000087f00000| Untracked 
| 128|0x0000000088000000, 0x0000000088000000, 0x0000000088100000|  0%| F|  |TAMS 0x0000000088000000, 0x0000000088000000| Untracked 
| 129|0x0000000088100000, 0x0000000088100000, 0x0000000088200000|  0%| F|  |TAMS 0x0000000088100000, 0x0000000088100000| Untracked 
| 130|0x0000000088200000, 0x0000000088200000, 0x0000000088300000|  0%| F|  |TAMS 0x0000000088200000, 0x0000000088200000| Untracked 
| 131|0x0000000088300000, 0x0000000088300000, 0x0000000088400000|  0%| F|  |TAMS 0x0000000088300000, 0x0000000088300000| Untracked 
| 132|0x0000000088400000, 0x0000000088400000, 0x0000000088500000|  0%| F|  |TAMS 0x0000000088400000, 0x0000000088400000| Untracked 
| 133|0x0000000088500000, 0x0000000088525350, 0x0000000088600000| 14%| S|CS|TAMS 0x0000000088500000, 0x0000000088500000| Complete 
| 134|0x0000000088600000, 0x0000000088700000, 0x0000000088700000|100%| S|CS|TAMS 0x0000000088600000, 0x0000000088600000| Complete 
| 135|0x0000000088700000, 0x000000008876b410, 0x0000000088800000| 41%| E|  |TAMS 0x0000000088700000, 0x0000000088700000| Complete 
| 136|0x0000000088800000, 0x0000000088900000, 0x0000000088900000|100%| E|CS|TAMS 0x0000000088800000, 0x0000000088800000| Complete 
| 137|0x0000000088900000, 0x0000000088a00000, 0x0000000088a00000|100%| E|CS|TAMS 0x0000000088900000, 0x0000000088900000| Complete 
| 138|0x0000000088a00000, 0x0000000088b00000, 0x0000000088b00000|100%| E|CS|TAMS 0x0000000088a00000, 0x0000000088a00000| Complete 

Card table byte_map: [0x000001a0fce20000,0x000001a0fd220000] _byte_map_base: 0x000001a0fca20000

Marking Bits (Prev, Next): (CMBitMap*) 0x000001a0e9eecdb0, (CMBitMap*) 0x000001a0e9eecd70
 Prev Bits: [0x000001a080000000, 0x000001a082000000)
 Next Bits: [0x000001a0fd620000, 0x000001a0ff620000)

Polling page: 0x000001a0e8460000

Metaspace:

Usage:
  Non-class:     56.30 MB used.
      Class:      8.69 MB used.
       Both:     64.99 MB used.

Virtual space:
  Non-class space:       64.00 MB reserved,      56.62 MB ( 88%) committed,  8 nodes.
      Class space:        1.00 GB reserved,       9.00 MB ( <1%) committed,  1 nodes.
             Both:        1.06 GB reserved,      65.62 MB (  6%) committed. 

Chunk freelists:
   Non-Class:  2.94 MB
       Class:  2.97 MB
        Both:  5.91 MB

MaxMetaspaceSize: unlimited
CompressedClassSpaceSize: 1.00 GB
Initial GC threshold: 21.00 MB
Current GC threshold: 102.62 MB
CDS: off
MetaspaceReclaimPolicy: balanced
 - commit_granule_bytes: 65536.
 - commit_granule_words: 8192.
 - virtual_space_node_default_size: 1048576.
 - enlarge_chunks_in_place: 1.
 - new_chunks_are_fully_committed: 0.
 - uncommit_free_chunks: 1.
 - use_allocation_guard: 0.
 - handle_deallocations: 1.


Internal statistics:

num_allocs_failed_limit: 3.
num_arena_births: 790.
num_arena_deaths: 0.
num_vsnodes_births: 9.
num_vsnodes_deaths: 0.
num_space_committed: 1050.
num_space_uncommitted: 0.
num_chunks_returned_to_freelist: 3.
num_chunks_taken_from_freelist: 3026.
num_chunk_merges: 3.
num_chunk_splits: 1993.
num_chunks_enlarged: 1326.
num_purges: 0.
num_inconsistent_stats: 0.

CodeHeap 'non-profiled nmethods': size=120000Kb used=3552Kb max_used=3552Kb free=116448Kb
 bounds [0x000001a0f4ec0000, 0x000001a0f5240000, 0x000001a0fc3f0000]
CodeHeap 'profiled nmethods': size=120000Kb used=11769Kb max_used=11769Kb free=108230Kb
 bounds [0x000001a0ed3f0000, 0x000001a0edf70000, 0x000001a0f4920000]
CodeHeap 'non-nmethods': size=5760Kb used=2351Kb max_used=2425Kb free=3408Kb
 bounds [0x000001a0f4920000, 0x000001a0f4b90000, 0x000001a0f4ec0000]
 total_blobs=6925 nmethods=6041 adapters=795
 compilation: enabled
              stopped_count=0, restarted_count=0
 full_count=0

Compilation events (20 events):
Event: 15.694 Thread 0x000001a08482bfd0 nmethod 6748 0x000001a0edf6bc10 code [0x000001a0edf6bde0, 0x000001a0edf6c178]
Event: 15.694 Thread 0x000001a08482bfd0 6749       3       org.gradle.api.internal.provider.DefaultProperty::getFactoryId (4 bytes)
Event: 15.695 Thread 0x000001a08482bfd0 nmethod 6749 0x000001a0edf6c310 code [0x000001a0edf6c4a0, 0x000001a0edf6c5b8]
Event: 15.695 Thread 0x000001a08482bfd0 6750       3       org.gradle.api.internal.provider.ManagedFactories$PropertyManagedFactory::fromState (36 bytes)
Event: 15.695 Thread 0x000001a08482bfd0 nmethod 6750 0x000001a0edf6c690 code [0x000001a0edf6c960, 0x000001a0edf6db28]
Event: 15.700 Thread 0x000001a08482bfd0 6751       3       java.util.LinkedHashMap::get (29 bytes)
Event: 15.700 Thread 0x000001a08482bfd0 nmethod 6751 0x000001a0edf6e110 code [0x000001a0edf6e2c0, 0x000001a0edf6e4f8]
Event: 15.705 Thread 0x000001a08481aeb0 nmethod 6703 0x000001a0f5235890 code [0x000001a0f5235a20, 0x000001a0f52362f8]
Event: 15.705 Thread 0x000001a08481aeb0 6647       4       java.math.BigInteger::mulAdd (19 bytes)
Event: 15.707 Thread 0x000001a08481aeb0 nmethod 6647 0x000001a0f5236590 code [0x000001a0f5236720, 0x000001a0f5236898]
Event: 15.707 Thread 0x000001a08481aeb0 6648       4       java.math.BigInteger::implMulAddCheck (176 bytes)
Event: 15.708 Thread 0x000001a08481aeb0 nmethod 6648 0x000001a0f5236a90 code [0x000001a0f5236c20, 0x000001a0f5236d38]
Event: 15.708 Thread 0x000001a08481aeb0 6650       4       java.math.BigInteger::addOne (77 bytes)
Event: 15.709 Thread 0x000001a08481aeb0 nmethod 6650 0x000001a0f5236e90 code [0x000001a0f5237000, 0x000001a0f5237158]
Event: 15.709 Thread 0x000001a08481aeb0 6685       4       java.lang.Character::isWhitespace (5 bytes)
Event: 15.710 Thread 0x000001a08481aeb0 nmethod 6685 0x000001a0f5237290 code [0x000001a0f5237420, 0x000001a0f5237518]
Event: 15.710 Thread 0x000001a08481aeb0 6698       4       java.util.jar.Manifest::parseName (84 bytes)
Event: 15.712 Thread 0x000001a08481aeb0 nmethod 6698 0x000001a0f5237610 code [0x000001a0f52377c0, 0x000001a0f5237a48]
Event: 15.712 Thread 0x000001a08481aeb0 6663       4       java.util.Collections::emptyMap (4 bytes)
Event: 15.712 Thread 0x000001a08481aeb0 nmethod 6663 0x000001a0f5237d10 code [0x000001a0f5237e80, 0x000001a0f5237ed8]

GC Heap History (20 events):
Event: 11.798 GC heap before
{Heap before GC invocations=28 (full 0):
 garbage-first heap   total 122880K, used 96030K [0x0000000080000000, 0x0000000100000000)
  region size 1024K, 30 young (30720K), 4 survivors (4096K)
 Metaspace       used 55681K, committed 56320K, reserved 1105920K
  class space    used 7509K, committed 7808K, reserved 1048576K
}
Event: 11.803 GC heap after
{Heap after GC invocations=29 (full 0):
 garbage-first heap   total 122880K, used 72298K [0x0000000080000000, 0x0000000100000000)
  region size 1024K, 2 young (2048K), 2 survivors (2048K)
 Metaspace       used 55681K, committed 56320K, reserved 1105920K
  class space    used 7509K, committed 7808K, reserved 1048576K
}
Event: 12.202 GC heap before
{Heap before GC invocations=29 (full 0):
 garbage-first heap   total 122880K, used 91754K [0x0000000080000000, 0x0000000100000000)
  region size 1024K, 23 young (23552K), 2 survivors (2048K)
 Metaspace       used 56248K, committed 56896K, reserved 1105920K
  class space    used 7560K, committed 7872K, reserved 1048576K
}
Event: 12.205 GC heap after
{Heap after GC invocations=30 (full 0):
 garbage-first heap   total 122880K, used 73187K [0x0000000080000000, 0x0000000100000000)
  region size 1024K, 3 young (3072K), 3 survivors (3072K)
 Metaspace       used 56248K, committed 56896K, reserved 1105920K
  class space    used 7560K, committed 7872K, reserved 1048576K
}
Event: 12.480 GC heap before
{Heap before GC invocations=31 (full 0):
 garbage-first heap   total 128000K, used 74211K [0x0000000080000000, 0x0000000100000000)
  region size 1024K, 4 young (4096K), 3 survivors (3072K)
 Metaspace       used 56249K, committed 56896K, reserved 1105920K
  class space    used 7560K, committed 7872K, reserved 1048576K
}
Event: 12.483 GC heap after
{Heap after GC invocations=32 (full 0):
 garbage-first heap   total 128000K, used 74416K [0x0000000080000000, 0x0000000100000000)
  region size 1024K, 2 young (2048K), 2 survivors (2048K)
 Metaspace       used 56249K, committed 56896K, reserved 1105920K
  class space    used 7560K, committed 7872K, reserved 1048576K
}
Event: 12.849 GC heap before
{Heap before GC invocations=33 (full 0):
 garbage-first heap   total 130048K, used 76464K [0x0000000080000000, 0x0000000100000000)
  region size 1024K, 4 young (4096K), 2 survivors (2048K)
 Metaspace       used 56294K, committed 56960K, reserved 1105920K
  class space    used 7566K, committed 7872K, reserved 1048576K
}
Event: 12.851 GC heap after
{Heap after GC invocations=34 (full 0):
 garbage-first heap   total 130048K, used 76418K [0x0000000080000000, 0x0000000100000000)
  region size 1024K, 3 young (3072K), 3 survivors (3072K)
 Metaspace       used 56294K, committed 56960K, reserved 1105920K
  class space    used 7566K, committed 7872K, reserved 1048576K
}
Event: 13.449 GC heap before
{Heap before GC invocations=35 (full 0):
 garbage-first heap   total 133120K, used 81538K [0x0000000080000000, 0x0000000100000000)
  region size 1024K, 9 young (9216K), 3 survivors (3072K)
 Metaspace       used 56589K, committed 57280K, reserved 1105920K
  class space    used 7618K, committed 7936K, reserved 1048576K
}
Event: 13.452 GC heap after
{Heap after GC invocations=36 (full 0):
 garbage-first heap   total 133120K, used 80382K [0x0000000080000000, 0x0000000100000000)
  region size 1024K, 3 young (3072K), 3 survivors (3072K)
 Metaspace       used 56589K, committed 57280K, reserved 1105920K
  class space    used 7618K, committed 7936K, reserved 1048576K
}
Event: 14.338 GC heap before
{Heap before GC invocations=37 (full 0):
 garbage-first heap   total 140288K, used 100862K [0x0000000080000000, 0x0000000100000000)
  region size 1024K, 22 young (22528K), 3 survivors (3072K)
 Metaspace       used 58923K, committed 59584K, reserved 1105920K
  class space    used 7939K, committed 8256K, reserved 1048576K
}
Event: 14.341 GC heap after
{Heap after GC invocations=38 (full 0):
 garbage-first heap   total 140288K, used 82151K [0x0000000080000000, 0x0000000100000000)
  region size 1024K, 2 young (2048K), 2 survivors (2048K)
 Metaspace       used 58923K, committed 59584K, reserved 1105920K
  class space    used 7939K, committed 8256K, reserved 1048576K
}
Event: 14.892 GC heap before
{Heap before GC invocations=38 (full 0):
 garbage-first heap   total 140288K, used 104679K [0x0000000080000000, 0x0000000100000000)
  region size 1024K, 24 young (24576K), 2 survivors (2048K)
 Metaspace       used 62378K, committed 62976K, reserved 1105920K
  class space    used 8327K, committed 8576K, reserved 1048576K
}
Event: 14.895 GC heap after
{Heap after GC invocations=39 (full 0):
 garbage-first heap   total 140288K, used 83093K [0x0000000080000000, 0x0000000100000000)
  region size 1024K, 1 young (1024K), 1 survivors (1024K)
 Metaspace       used 62378K, committed 62976K, reserved 1105920K
  class space    used 8327K, committed 8576K, reserved 1048576K
}
Event: 15.620 GC heap before
{Heap before GC invocations=40 (full 0):
 garbage-first heap   total 142336K, used 111765K [0x0000000080000000, 0x0000000100000000)
  region size 1024K, 25 young (25600K), 1 survivors (1024K)
 Metaspace       used 66478K, committed 67200K, reserved 1114112K
  class space    used 8885K, committed 9216K, reserved 1048576K
}
Event: 15.624 GC heap after
{Heap after GC invocations=41 (full 0):
 garbage-first heap   total 142336K, used 89712K [0x0000000080000000, 0x0000000100000000)
  region size 1024K, 4 young (4096K), 4 survivors (4096K)
 Metaspace       used 66478K, committed 67200K, reserved 1114112K
  class space    used 8885K, committed 9216K, reserved 1048576K
}
Event: 15.629 GC heap before
{Heap before GC invocations=41 (full 0):
 garbage-first heap   total 142336K, used 91760K [0x0000000080000000, 0x0000000100000000)
  region size 1024K, 6 young (6144K), 4 survivors (4096K)
 Metaspace       used 66478K, committed 67200K, reserved 1114112K
  class space    used 8885K, committed 9216K, reserved 1048576K
}
Event: 15.633 GC heap after
{Heap after GC invocations=42 (full 0):
 garbage-first heap   total 142336K, used 90922K [0x0000000080000000, 0x0000000100000000)
  region size 1024K, 1 young (1024K), 1 survivors (1024K)
 Metaspace       used 66478K, committed 67200K, reserved 1114112K
  class space    used 8885K, committed 9216K, reserved 1048576K
}
Event: 15.649 GC heap before
{Heap before GC invocations=42 (full 0):
 garbage-first heap   total 142336K, used 92970K [0x0000000080000000, 0x0000000100000000)
  region size 1024K, 4 young (4096K), 1 survivors (1024K)
 Metaspace       used 66484K, committed 67200K, reserved 1114112K
  class space    used 8885K, committed 9216K, reserved 1048576K
}
Event: 15.651 GC heap after
{Heap after GC invocations=43 (full 0):
 garbage-first heap   total 142336K, used 91070K [0x0000000080000000, 0x0000000100000000)
  region size 1024K, 2 young (2048K), 2 survivors (2048K)
 Metaspace       used 66484K, committed 67200K, reserved 1114112K
  class space    used 8885K, committed 9216K, reserved 1048576K
}

Dll operation events (2 events):
Event: 0.084 Loaded shared library C:\Program Files\Android\Android Studio\jbr\bin\java.dll
Event: 1.292 Loaded shared library C:\Program Files\Android\Android Studio\jbr\bin\verify.dll

Deoptimization events (20 events):
Event: 15.682 Thread 0x000001a08747e4c0 Uncommon trap: trap_request=0xffffff45 fr.pc=0x000001a0f50cd7a4 relative=0x0000000000000204
Event: 15.682 Thread 0x000001a08747e4c0 Uncommon trap: reason=unstable_if action=reinterpret pc=0x000001a0f50cd7a4 method=java.util.jar.JarFile.maybeInstantiateVerifier()V @ 4 c2
Event: 15.683 Thread 0x000001a08747e4c0 DEOPT PACKING pc=0x000001a0f50cd7a4 sp=0x00000016f13f2920
Event: 15.683 Thread 0x000001a08747e4c0 DEOPT UNPACKING pc=0x000001a0f49769a3 sp=0x00000016f13f2878 mode 2
Event: 15.683 Thread 0x000001a08747e4c0 Uncommon trap: trap_request=0xffffffc6 fr.pc=0x000001a0f51b6b0c relative=0x0000000000001dec
Event: 15.683 Thread 0x000001a08747e4c0 Uncommon trap: reason=bimorphic_or_optimized_type_check action=maybe_recompile pc=0x000001a0f51b6b0c method=jdk.internal.loader.Resource.getBytes()[B @ 117 c2
Event: 15.683 Thread 0x000001a08747e4c0 DEOPT PACKING pc=0x000001a0f51b6b0c sp=0x00000016f13f29c0
Event: 15.683 Thread 0x000001a08747e4c0 DEOPT UNPACKING pc=0x000001a0f49769a3 sp=0x00000016f13f2968 mode 2
Event: 15.684 Thread 0x000001a08747e4c0 Uncommon trap: trap_request=0xffffff45 fr.pc=0x000001a0f51c1f74 relative=0x00000000000002b4
Event: 15.684 Thread 0x000001a08747e4c0 Uncommon trap: reason=unstable_if action=reinterpret pc=0x000001a0f51c1f74 method=java.util.jar.JarFile.maybeInstantiateVerifier()V @ 4 c2
Event: 15.684 Thread 0x000001a08747e4c0 DEOPT PACKING pc=0x000001a0f51c1f74 sp=0x00000016f13f0e90
Event: 15.684 Thread 0x000001a08747e4c0 DEOPT UNPACKING pc=0x000001a0f49769a3 sp=0x00000016f13f0d18 mode 2
Event: 15.684 Thread 0x000001a08747e4c0 Uncommon trap: trap_request=0xffffffc6 fr.pc=0x000001a0f51b6b0c relative=0x0000000000001dec
Event: 15.684 Thread 0x000001a08747e4c0 Uncommon trap: reason=bimorphic_or_optimized_type_check action=maybe_recompile pc=0x000001a0f51b6b0c method=jdk.internal.loader.Resource.getBytes()[B @ 117 c2
Event: 15.684 Thread 0x000001a08747e4c0 DEOPT PACKING pc=0x000001a0f51b6b0c sp=0x00000016f13f0df0
Event: 15.684 Thread 0x000001a08747e4c0 DEOPT UNPACKING pc=0x000001a0f49769a3 sp=0x00000016f13f0d90 mode 2
Event: 15.684 Thread 0x000001a08747e4c0 Uncommon trap: trap_request=0xffffff45 fr.pc=0x000001a0f4fd45d0 relative=0x00000000000000b0
Event: 15.684 Thread 0x000001a08747e4c0 Uncommon trap: reason=unstable_if action=reinterpret pc=0x000001a0f4fd45d0 method=java.security.CodeSource.matchCerts(Ljava/security/CodeSource;Z)Z @ 11 c2
Event: 15.684 Thread 0x000001a08747e4c0 DEOPT PACKING pc=0x000001a0f4fd45d0 sp=0x00000016f13f0be0
Event: 15.684 Thread 0x000001a08747e4c0 DEOPT UNPACKING pc=0x000001a0f49769a3 sp=0x00000016f13f0b78 mode 2

Classes unloaded (0 events):
No events

Classes redefined (0 events):
No events

Internal exceptions (20 events):
Event: 10.847 Thread 0x000001a08747e4c0 Exception <a 'java/lang/ClassNotFoundException'{0x00000000869b2638}: org/jetbrains/plugins/gradle/model/scala/ScalaModelCustomizer> (0x00000000869b2638) 
thrown [s\src\hotspot\share\classfile\systemDictionary.cpp, line 256]
Event: 10.849 Thread 0x000001a08747e4c0 Exception <a 'java/lang/ClassNotFoundException'{0x00000000869e46b8}: org/jetbrains/plugins/gradle/model/DependencyAccessorsModelBeanInfo> (0x00000000869e46b8) 
thrown [s\src\hotspot\share\classfile\systemDictionary.cpp, line 256]
Event: 10.850 Thread 0x000001a08747e4c0 Exception <a 'java/lang/ClassNotFoundException'{0x00000000869eca68}: org/jetbrains/plugins/gradle/model/DependencyAccessorsModelCustomizer> (0x00000000869eca68) 
thrown [s\src\hotspot\share\classfile\systemDictionary.cpp, line 256]
Event: 11.010 Thread 0x000001a08747e4c0 Exception <a 'java/lang/ClassNotFoundException'{0x00000000861254d8}: org/gradle/api/internal/project/DefaultProject_DecoratedBeanInfo> (0x00000000861254d8) 
thrown [s\src\hotspot\share\classfile\systemDictionary.cpp, line 256]
Event: 11.011 Thread 0x000001a08747e4c0 Exception <a 'java/lang/ClassNotFoundException'{0x0000000086132030}: org/gradle/api/internal/project/DefaultProjectBeanInfo> (0x0000000086132030) 
thrown [s\src\hotspot\share\classfile\systemDictionary.cpp, line 256]
Event: 11.011 Thread 0x000001a08747e4c0 Exception <a 'java/lang/ClassNotFoundException'{0x000000008613eb90}: org/gradle/api/internal/project/DefaultProjectCustomizer> (0x000000008613eb90) 
thrown [s\src\hotspot\share\classfile\systemDictionary.cpp, line 256]
Event: 11.014 Thread 0x000001a08747e4c0 Exception <a 'java/lang/ClassNotFoundException'{0x00000000861e7fd0}: org/gradle/api/internal/project/DefaultProject_DecoratedCustomizer> (0x00000000861e7fd0) 
thrown [s\src\hotspot\share\classfile\systemDictionary.cpp, line 256]
Event: 11.523 Thread 0x000001a08747e4c0 Exception <a 'java/lang/NoSuchMethodError'{0x0000000086491848}: 'java.lang.Object java.lang.invoke.DirectMethodHandle$Holder.newInvokeSpecial(java.lang.Object, java.lang.Object, java.lang.Object, java.lang.Object, java.lang.Object, int)'> (0x0000000086491848) 
thrown [s\src\hotspot\share\interpreter\linkResolver.cpp, line 771]
Event: 11.523 Thread 0x000001a08747e4c0 Exception <a 'java/lang/NoSuchMethodError'{0x0000000086496ea0}: 'java.lang.Object java.lang.invoke.DirectMethodHandle$Holder.invokeSpecial(java.lang.Object, java.lang.Object, java.lang.Object, java.lang.Object, java.lang.Object, java.lang.Object, int)'> (0x0000000086496ea0) 
thrown [s\src\hotspot\share\interpreter\linkResolver.cpp, line 771]
Event: 11.531 Thread 0x000001a08747e4c0 Exception <a 'java/lang/NoSuchMethodError'{0x0000000086336dd8}: 'void java.lang.invoke.DirectMethodHandle$Holder.invokeStatic(java.lang.Object, java.lang.Object, java.lang.Object, int, java.lang.Object)'> (0x0000000086336dd8) 
thrown [s\src\hotspot\share\interpreter\linkResolver.cpp, line 771]
Event: 11.943 Thread 0x000001a08747e4c0 Implicit null exception at 0x000001a0f4ee186f to 0x000001a0f4ee1ae4
Event: 14.188 Thread 0x000001a08747e4c0 Exception <a 'java/lang/NoSuchMethodError'{0x0000000087efe028}: 'java.lang.Object java.lang.invoke.DirectMethodHandle$Holder.newInvokeSpecial(java.lang.Object, java.lang.Object, java.lang.Object, java.lang.Object, int)'> (0x0000000087efe028) 
thrown [s\src\hotspot\share\interpreter\linkResolver.cpp, line 771]
Event: 14.188 Thread 0x000001a08747e4c0 Exception <a 'java/lang/NoSuchMethodError'{0x0000000087d03bd0}: 'java.lang.Object java.lang.invoke.DirectMethodHandle$Holder.invokeSpecial(java.lang.Object, java.lang.Object, java.lang.Object, java.lang.Object, java.lang.Object, int)'> (0x0000000087d03bd0) 
thrown [s\src\hotspot\share\interpreter\linkResolver.cpp, line 771]
Event: 14.188 Thread 0x000001a08747e4c0 Exception <a 'java/lang/NoSuchMethodError'{0x0000000087d08950}: 'java.lang.Object java.lang.invoke.Invokers$Holder.linkToTargetMethod(java.lang.Object, java.lang.Object, java.lang.Object, int, java.lang.Object)'> (0x0000000087d08950) 
thrown [s\src\hotspot\share\interpreter\linkResolver.cpp, line 771]
Event: 14.469 Thread 0x000001a08747e4c0 Exception <a 'java/lang/NoSuchMethodError'{0x00000000884e0318}: 'int java.lang.invoke.DirectMethodHandle$Holder.invokeInterface(java.lang.Object, java.lang.Object, java.lang.Object, java.lang.Object)'> (0x00000000884e0318) 
thrown [s\src\hotspot\share\interpreter\linkResolver.cpp, line 771]
Event: 15.216 Thread 0x000001a08747e4c0 Exception <a 'java/lang/IncompatibleClassChangeError'{0x00000000883119e8}: Found class java.lang.Object, but interface was expected> (0x00000000883119e8) 
thrown [s\src\hotspot\share\interpreter\linkResolver.cpp, line 838]
Event: 15.354 Thread 0x000001a08747e4c0 Implicit null exception at 0x000001a0f51c1754 to 0x000001a0f51c1900
Event: 15.354 Thread 0x000001a08747e4c0 Implicit null exception at 0x000001a0f51ba9f1 to 0x000001a0f51bc654
Event: 15.553 Thread 0x000001a08747e4c0 Implicit null exception at 0x000001a0f50c448c to 0x000001a0f50c45c6
Event: 15.696 Thread 0x000001a08747e4c0 Exception <a 'sun/nio/fs/WindowsException'{0x000000008871ae70}> (0x000000008871ae70) 
thrown [s\src\hotspot\share\prims\jni.cpp, line 517]

VM Operations (20 events):
Event: 14.341 Executing VM operation: G1CollectForAllocation done
Event: 14.463 Executing VM operation: HandshakeAllThreads
Event: 14.464 Executing VM operation: HandshakeAllThreads done
Event: 14.469 Executing VM operation: HandshakeAllThreads
Event: 14.469 Executing VM operation: HandshakeAllThreads done
Event: 14.892 Executing VM operation: G1CollectForAllocation
Event: 14.895 Executing VM operation: G1CollectForAllocation done
Event: 14.942 Executing VM operation: G1Concurrent
Event: 14.949 Executing VM operation: G1Concurrent done
Event: 14.970 Executing VM operation: G1Concurrent
Event: 14.971 Executing VM operation: G1Concurrent done
Event: 15.531 Executing VM operation: HandshakeAllThreads
Event: 15.531 Executing VM operation: HandshakeAllThreads done
Event: 15.620 Executing VM operation: G1CollectForAllocation
Event: 15.624 Executing VM operation: G1CollectForAllocation done
Event: 15.629 Executing VM operation: G1CollectForAllocation
Event: 15.633 Executing VM operation: G1CollectForAllocation done
Event: 15.649 Executing VM operation: G1TryInitiateConcMark
Event: 15.651 Executing VM operation: G1TryInitiateConcMark done
Event: 15.713 Executing VM operation: G1Concurrent

Events (20 events):
Event: 15.579 loading class java/security/cert/CertPathValidatorException$BasicReason
Event: 15.579 loading class java/security/cert/CertPathValidatorException$Reason
Event: 15.579 loading class java/security/cert/CertPathValidatorException$Reason done
Event: 15.579 loading class java/security/cert/CertPathValidatorException$BasicReason done
Event: 15.579 loading class java/security/SignatureException
Event: 15.579 loading class java/security/SignatureException done
Event: 15.581 loading class sun/security/rsa/RSASignature$SHA256withRSA
Event: 15.581 loading class sun/security/rsa/RSASignature$SHA256withRSA done
Event: 15.582 loading class sun/security/provider/DSA$SHA256withDSA
Event: 15.582 loading class sun/security/provider/DSA$SHA256withDSA done
Event: 15.594 loading class java/util/Base64
Event: 15.594 loading class java/util/Base64 done
Event: 15.594 loading class java/util/Base64$Decoder
Event: 15.594 loading class java/util/Base64$Decoder done
Event: 15.594 loading class java/util/Base64$Encoder
Event: 15.594 loading class java/util/Base64$Encoder done
Event: 15.596 loading class java/util/jar/JarVerifier$VerifierStream
Event: 15.596 loading class java/util/jar/JarVerifier$VerifierStream done
Event: 15.596 loading class sun/security/util/ManifestEntryVerifier$SunProviderHolder
Event: 15.596 loading class sun/security/util/ManifestEntryVerifier$SunProviderHolder done


Dynamic libraries:
0x00007ff7fdd90000 - 0x00007ff7fdd9a000 	C:\Program Files\Android\Android Studio\jbr\bin\java.exe
0x00007ffcbb0f0000 - 0x00007ffcbb2e8000 	C:\Windows\SYSTEM32\ntdll.dll
0x00007ffcba1e0000 - 0x00007ffcba29f000 	C:\Windows\System32\KERNEL32.DLL
0x00007ffcb89e0000 - 0x00007ffcb8cd6000 	C:\Windows\System32\KERNELBASE.dll
0x00007ffcb8fb0000 - 0x00007ffcb90b0000 	C:\Windows\System32\ucrtbase.dll
0x00007ffc9e770000 - 0x00007ffc9e78b000 	C:\Program Files\Android\Android Studio\jbr\bin\VCRUNTIME140.dll
0x00007ffc9ad90000 - 0x00007ffc9ada7000 	C:\Program Files\Android\Android Studio\jbr\bin\jli.dll
0x00007ffcbab90000 - 0x00007ffcbad2d000 	C:\Windows\System32\USER32.dll
0x00007ffcb8e00000 - 0x00007ffcb8e22000 	C:\Windows\System32\win32u.dll
0x00007ffca1390000 - 0x00007ffca162a000 	C:\Windows\WinSxS\amd64_microsoft.windows.common-controls_6595b64144ccf1df_6.0.19041.1110_none_60b5254171f9507e\COMCTL32.dll
0x00007ffcb9920000 - 0x00007ffcb994c000 	C:\Windows\System32\GDI32.dll
0x00007ffcbae70000 - 0x00007ffcbaf0e000 	C:\Windows\System32\msvcrt.dll
0x00007ffcb8ce0000 - 0x00007ffcb8df5000 	C:\Windows\System32\gdi32full.dll
0x00007ffcb90b0000 - 0x00007ffcb914d000 	C:\Windows\System32\msvcp_win.dll
0x00007ffcb9950000 - 0x00007ffcb9980000 	C:\Windows\System32\IMM32.DLL
0x000001a0e87e0000 - 0x000001a0e87f4000 	C:\Windows\System32\umppc17010.dll
0x00007ffcb42f0000 - 0x00007ffcb42fc000 	C:\Program Files\Android\Android Studio\jbr\bin\vcruntime140_1.dll
0x00007ffc959b0000 - 0x00007ffc95a3d000 	C:\Program Files\Android\Android Studio\jbr\bin\msvcp140.dll
0x00007ffc43090000 - 0x00007ffc43cfe000 	C:\Program Files\Android\Android Studio\jbr\bin\server\jvm.dll
0x00007ffcbb000000 - 0x00007ffcbb0af000 	C:\Windows\System32\ADVAPI32.dll
0x00007ffcb9ac0000 - 0x00007ffcb9b5c000 	C:\Windows\System32\sechost.dll
0x00007ffcb9b70000 - 0x00007ffcb9c96000 	C:\Windows\System32\RPCRT4.dll
0x00007ffcb4310000 - 0x00007ffcb4319000 	C:\Windows\SYSTEM32\WSOCK32.dll
0x00007ffcba320000 - 0x00007ffcba38b000 	C:\Windows\System32\WS2_32.dll
0x00007ffc9e940000 - 0x00007ffc9e967000 	C:\Windows\SYSTEM32\WINMM.dll
0x00007ffcb2200000 - 0x00007ffcb220a000 	C:\Windows\SYSTEM32\VERSION.dll
0x00007ffcb6450000 - 0x00007ffcb6462000 	C:\Windows\SYSTEM32\kernel.appcore.dll
0x00007ffcb4300000 - 0x00007ffcb430a000 	C:\Program Files\Android\Android Studio\jbr\bin\jimage.dll
0x00007ffca4a40000 - 0x00007ffca4c24000 	C:\Windows\SYSTEM32\DBGHELP.DLL
0x00007ffca1760000 - 0x00007ffca1794000 	C:\Windows\SYSTEM32\dbgcore.DLL
0x00007ffcb8ef0000 - 0x00007ffcb8f72000 	C:\Windows\System32\bcryptPrimitives.dll
0x00007ffcb4290000 - 0x00007ffcb42b5000 	C:\Program Files\Android\Android Studio\jbr\bin\java.dll
0x00007ffcb4270000 - 0x00007ffcb4288000 	C:\Program Files\Android\Android Studio\jbr\bin\zip.dll
0x00007ffcba390000 - 0x00007ffcbaad4000 	C:\Windows\System32\SHELL32.dll
0x00007ffcb6650000 - 0x00007ffcb6de3000 	C:\Windows\SYSTEM32\windows.storage.dll
0x00007ffcb95c0000 - 0x00007ffcb9914000 	C:\Windows\System32\combase.dll
0x00007ffcb8210000 - 0x00007ffcb823e000 	C:\Windows\SYSTEM32\Wldp.dll
0x00007ffcbaae0000 - 0x00007ffcbab8d000 	C:\Windows\System32\SHCORE.dll
0x00007ffcbaf10000 - 0x00007ffcbaf65000 	C:\Windows\System32\shlwapi.dll
0x00007ffcb8700000 - 0x00007ffcb8725000 	C:\Windows\SYSTEM32\profapi.dll
0x00007ffcb4250000 - 0x00007ffcb4269000 	C:\Program Files\Android\Android Studio\jbr\bin\net.dll
0x00007ffcb07f0000 - 0x00007ffcb08fa000 	C:\Windows\SYSTEM32\WINHTTP.dll
0x00007ffcb7f00000 - 0x00007ffcb7f6a000 	C:\Windows\system32\mswsock.dll
0x00007ffcb3550000 - 0x00007ffcb3566000 	C:\Program Files\Android\Android Studio\jbr\bin\nio.dll
0x00007ffcb4240000 - 0x00007ffcb4250000 	C:\Program Files\Android\Android Studio\jbr\bin\verify.dll
0x00007ffc9e680000 - 0x00007ffc9e6a7000 	C:\Users\profsl\.gradle\native\68d5fa5c4cc2d200863cafc0d521ce42e7d3e7ee720ec0a83991735586a16f82\windows-amd64\native-platform.dll
0x00007ffc8b9b0000 - 0x00007ffc8baf4000 	C:\Users\profsl\.gradle\native\e376f236ea51e6404a007f0833ffe2c6e607c4080706a723a18a27aeea778392\windows-amd64\native-platform-file-events.dll
0x00007ffcb3540000 - 0x00007ffcb3549000 	C:\Program Files\Android\Android Studio\jbr\bin\management.dll
0x00007ffca8910000 - 0x00007ffca891b000 	C:\Program Files\Android\Android Studio\jbr\bin\management_ext.dll
0x00007ffcb9fe0000 - 0x00007ffcb9fe8000 	C:\Windows\System32\PSAPI.DLL
0x00007ffcb80f0000 - 0x00007ffcb8108000 	C:\Windows\SYSTEM32\CRYPTSP.dll
0x00007ffcb7810000 - 0x00007ffcb7844000 	C:\Windows\system32\rsaenh.dll
0x00007ffcb8f80000 - 0x00007ffcb8fa7000 	C:\Windows\System32\bcrypt.dll
0x00007ffcb8680000 - 0x00007ffcb86ae000 	C:\Windows\SYSTEM32\USERENV.dll
0x00007ffcb8110000 - 0x00007ffcb811c000 	C:\Windows\SYSTEM32\CRYPTBASE.dll
0x00007ffcb7bf0000 - 0x00007ffcb7c2b000 	C:\Windows\SYSTEM32\IPHLPAPI.DLL
0x00007ffcbae00000 - 0x00007ffcbae08000 	C:\Windows\System32\NSI.dll
0x00007ffcb1fe0000 - 0x00007ffcb1ff7000 	C:\Windows\SYSTEM32\dhcpcsvc6.DLL
0x00007ffcb1f70000 - 0x00007ffcb1f8d000 	C:\Windows\SYSTEM32\dhcpcsvc.DLL
0x00007ffcb7c30000 - 0x00007ffcb7cfa000 	C:\Windows\SYSTEM32\DNSAPI.dll
0x00007ffca8900000 - 0x00007ffca8907000 	C:\Windows\system32\wshunix.dll

dbghelp: loaded successfully - version: 4.0.5 - missing functions: none
symbol engine: initialized successfully - sym options: 0x614 - pdb path: .;C:\Program Files\Android\Android Studio\jbr\bin;C:\Windows\SYSTEM32;C:\Windows\WinSxS\amd64_microsoft.windows.common-controls_6595b64144ccf1df_6.0.19041.1110_none_60b5254171f9507e;C:\Program Files\Android\Android Studio\jbr\bin\server;C:\Users\profsl\.gradle\native\68d5fa5c4cc2d200863cafc0d521ce42e7d3e7ee720ec0a83991735586a16f82\windows-amd64;C:\Users\profsl\.gradle\native\e376f236ea51e6404a007f0833ffe2c6e607c4080706a723a18a27aeea778392\windows-amd64

VM Arguments:
jvm_args: --add-opens=java.base/java.util=ALL-UNNAMED --add-opens=java.base/java.lang=ALL-UNNAMED --add-opens=java.base/java.lang.invoke=ALL-UNNAMED --add-opens=java.prefs/java.util.prefs=ALL-UNNAMED --add-opens=java.base/java.nio.charset=ALL-UNNAMED --add-opens=java.base/java.net=ALL-UNNAMED --add-opens=java.base/java.util.concurrent.atomic=ALL-UNNAMED -Xmx2048m -Dfile.encoding=UTF-8 -Duser.country=BR -Duser.language=pt -Duser.variant 
java_command: org.gradle.launcher.daemon.bootstrap.GradleDaemon 8.0
java_class_path (initial): C:\Users\profsl\.gradle\wrapper\dists\gradle-8.0-bin\ca5e32bp14vu59qr306oxotwh\gradle-8.0\lib\gradle-launcher-8.0.jar
Launcher Type: SUN_STANDARD

[Global flags]
     intx CICompilerCount                          = 3                                         {product} {ergonomic}
     uint ConcGCThreads                            = 1                                         {product} {ergonomic}
     uint G1ConcRefinementThreads                  = 4                                         {product} {ergonomic}
   size_t G1HeapRegionSize                         = 1048576                                   {product} {ergonomic}
    uintx GCDrainStackTargetSize                   = 64                                        {product} {ergonomic}
   size_t InitialHeapSize                          = 134217728                                 {product} {ergonomic}
   size_t MarkStackSize                            = 4194304                                   {product} {ergonomic}
   size_t MaxHeapSize                              = 2147483648                                {product} {command line}
   size_t MaxNewSize                               = 1287651328                                {product} {ergonomic}
   size_t MinHeapDeltaBytes                        = 1048576                                   {product} {ergonomic}
   size_t MinHeapSize                              = 8388608                                   {product} {ergonomic}
    uintx NonNMethodCodeHeapSize                   = 5832780                                {pd product} {ergonomic}
    uintx NonProfiledCodeHeapSize                  = 122912730                              {pd product} {ergonomic}
    uintx ProfiledCodeHeapSize                     = 122912730                              {pd product} {ergonomic}
    uintx ReservedCodeCacheSize                    = 251658240                              {pd product} {ergonomic}
     bool SegmentedCodeCache                       = true                                      {product} {ergonomic}
   size_t SoftMaxHeapSize                          = 2147483648                             {manageable} {ergonomic}
     bool UseCompressedClassPointers               = true                           {product lp64_product} {ergonomic}
     bool UseCompressedOops                        = true                           {product lp64_product} {ergonomic}
     bool UseG1GC                                  = true                                      {product} {ergonomic}
     bool UseLargePagesIndividualAllocation        = false                                  {pd product} {ergonomic}

Logging:
Log output configuration:
 #0: stdout all=warning uptime,level,tags
 #1: stderr all=off uptime,level,tags

Environment Variables:
PATH=C:\Program Files (x86)\Common Files\Oracle\Java\javapath;C:\Windows\system32;C:\Windows;C:\Windows\System32\Wbem;C:\Windows\System32\WindowsPowerShell\v1.0\;C:\Windows\System32\OpenSSH\;C:\Program Files (x86)\Microsoft SQL Server\160\Tools\Binn\;C:\Program Files\Microsoft SQL Server\160\Tools\Binn\;C:\Program Files\Microsoft SQL Server\Client SDK\ODBC\170\Tools\Binn\;C:\Program Files\Microsoft SQL Server\160\DTS\Binn\;C:\Program Files (x86)\Microsoft SQL Server\160\DTS\Binn\;C:\Program Files\Azure Data Studio\bin;C:\Users\profsl\AppData\Local\Microsoft\WindowsApps;C:\Users\profsl\AppData\Local\Programs\Git\cmd
USERNAME=profsl
OS=Windows_NT
PROCESSOR_IDENTIFIER=Intel64 Family 6 Model 158 Stepping 9, GenuineIntel
TMP=C:\Users\profsl\AppData\Local\Temp
TEMP=C:\Users\profsl\AppData\Local\Temp


JNI global refs:
JNI global refs: 23, weak refs: 0

JNI global refs memory usage: 843, weak refs: 841


---------------  S Y S T E M  ---------------

OS:
 Windows 10 , 64 bit Build 19041 (10.0.19041.3155)
OS uptime: 0 days 1:02 hours

CPU: total 4 (initial active 4) (4 cores per cpu, 1 threads per core) family 6 model 158 stepping 9 microcode 0xb4, cx8, cmov, fxsr, mmx, 3dnowpref, sse, sse2, sse3, ssse3, sse4.1, sse4.2, popcnt, lzcnt, tsc, tscinvbit, avx, avx2, aes, erms, clmul, bmi1, bmi2, rtm, adx, fma, vzeroupper, clflush, clflushopt

Memory: 4k page, system-wide physical 8087M (467M free)
TotalPageFile size 8087M (AvailPageFile size 21M)
current process WorkingSet (physical memory assigned to process): 337M, peak: 347M
current process commit charge ("private bytes"): 365M, peak: 386M

vm_info: OpenJDK 64-Bit Server VM (17.0.6+0-b2043.56-10027231) for windows-amd64 JRE (17.0.6+0-b2043.56-10027231), built on Apr 28 2023 00:43:19 by "androidbuild" with MS VC++ 16.10 / 16.11 (VS2019)

END.
