#
# There is insufficient memory for the Java Runtime Environment to continue.
# Native memory allocation (mmap) failed to map 294649856 bytes for G1 virtual space
# Possible reasons:
#   The system is out of physical RAM or swap space
#   The process is running with CompressedOops enabled, and the Java Heap may be blocking the growth of the native heap
# Possible solutions:
#   Reduce memory load on the system
#   Increase physical memory or swap space
#   Check if swap backing store is full
#   Decrease Java heap size (-Xmx/-Xms)
#   Decrease number of Java threads
#   Decrease Java thread stack sizes (-Xss)
#   Set larger code cache with -XX:ReservedCodeCacheSize=
#   JVM is running with Unscaled Compressed Oops mode in which the Java heap is
#     placed in the first 4GB address space. The Java Heap base address is the
#     maximum limit for the native heap growth. Please use -XX:HeapBaseMinAddress
#     to set the Java Heap base and to place the Java Heap above 4GB virtual address.
# This output file may be truncated or incomplete.
#
#  Out of Memory Error (os_windows.cpp:3769), pid=8492, tid=8648
#
# JRE version: OpenJDK Runtime Environment (17.0.6) (build 17.0.6+0-b2043.56-10027231)
# Java VM: OpenJDK 64-Bit Server VM (17.0.6+0-b2043.56-10027231, mixed mode, tiered, compressed oops, compressed class ptrs, g1 gc, windows-amd64)
# No core dump will be written. Minidumps are not enabled by default on client versions of Windows
#

---------------  S U M M A R Y ------------

Command Line: --add-opens=java.base/java.util=ALL-UNNAMED --add-opens=java.base/java.lang=ALL-UNNAMED --add-opens=java.base/java.lang.invoke=ALL-UNNAMED --add-opens=java.prefs/java.util.prefs=ALL-UNNAMED --add-opens=java.base/java.nio.charset=ALL-UNNAMED --add-opens=java.base/java.net=ALL-UNNAMED --add-opens=java.base/java.util.concurrent.atomic=ALL-UNNAMED -Xmx2048m -Dfile.encoding=UTF-8 -Duser.country=BR -Duser.language=pt -Duser.variant org.gradle.launcher.daemon.bootstrap.GradleDaemon 8.0

Host: Intel(R) Core(TM) i5-7500 CPU @ 3.40GHz, 4 cores, 7G,  Windows 10 , 64 bit Build 19041 (10.0.19041.3155)
Time: Wed Sep 20 10:06:35 2023 Hora oficial do Brasil elapsed time: 13.756620 seconds (0d 0h 0m 13s)

---------------  T H R E A D  ---------------

Current thread (0x000001e6ff460a40):  VMThread "VM Thread" [stack: 0x000000c0f1e00000,0x000000c0f1f00000] [id=8648]

Stack: [0x000000c0f1e00000,0x000000c0f1f00000]
Native frames: (J=compiled Java code, j=interpreted, Vv=VM code, C=native code)
V  [jvm.dll+0x683c9a]
V  [jvm.dll+0x8427a4]
V  [jvm.dll+0x843f9e]
V  [jvm.dll+0x844603]
V  [jvm.dll+0x249b75]
V  [jvm.dll+0x680b69]
V  [jvm.dll+0x67505a]
V  [jvm.dll+0x309acb]
V  [jvm.dll+0x310f86]
V  [jvm.dll+0x3608ee]
V  [jvm.dll+0x360b1f]
V  [jvm.dll+0x2dfbf8]
V  [jvm.dll+0x2ddec4]
V  [jvm.dll+0x2dd4cc]
V  [jvm.dll+0x321f3b]
V  [jvm.dll+0x848ccb]
V  [jvm.dll+0x849a04]
V  [jvm.dll+0x849f1d]
V  [jvm.dll+0x84a2f4]
V  [jvm.dll+0x84a3c0]
V  [jvm.dll+0x7f274a]
V  [jvm.dll+0x682ad5]
C  [ucrtbase.dll+0x21bb2]
C  [KERNEL32.DLL+0x17614]
C  [ntdll.dll+0x526b1]

VM_Operation (0x000000c0f3bfe520): G1CollectForAllocation, mode: safepoint, requested by thread 0x000001e6991acbc0


---------------  P R O C E S S  ---------------

Threads class SMR info:
_java_thread_list=0x000001e69914bf70, length=87, elements={
0x000001e6faea0710, 0x000001e6ff483610, 0x000001e6ff4853a0, 0x000001e695932890,
0x000001e6959343c0, 0x000001e695934e80, 0x000001e695938b60, 0x000001e69593a540,
0x000001e695949a20, 0x000001e69594a320, 0x000001e695aa90e0, 0x000001e695aaa0f0,
0x000001e698285260, 0x000001e6972ddfb0, 0x000001e698125760, 0x000001e696f85f30,
0x000001e696f86400, 0x000001e698ffaa30, 0x000001e698ffb8a0, 0x000001e698ffa090,
0x000001e698ffaf00, 0x000001e698ffa560, 0x000001e6991a96d0, 0x000001e6991aa540,
0x000001e6991acbc0, 0x000001e6991a7ec0, 0x000001e6991a8390, 0x000001e6991a9200,
0x000001e6991ad090, 0x000001e6991ac220, 0x000001e6991a9ba0, 0x000001e6991adf00,
0x000001e6991ada30, 0x000001e6991aa070, 0x000001e6991a8860, 0x000001e6991ac6f0,
0x000001e6991aaa10, 0x000001e6991a7050, 0x000001e6991ab880, 0x000001e6991a79f0,
0x000001e69b8f0300, 0x000001e69b8ee150, 0x000001e69b8f24b0, 0x000001e69b8ec470,
0x000001e69b8f37f0, 0x000001e69b8f0ca0, 0x000001e69b8edc80, 0x000001e69b8ee620,
0x000001e69b8ec940, 0x000001e69b8eeaf0, 0x000001e69b8ece10, 0x000001e69b8f1170,
0x000001e69b8f07d0, 0x000001e69b8f1fe0, 0x000001e69b8eefc0, 0x000001e69b8f1640,
0x000001e69b8f3320, 0x000001e69b8ef490, 0x000001e69b8ef960, 0x000001e69b8ed7b0,
0x000001e69b8efe30, 0x000001e69b8f1b10, 0x000001e69b8f2980, 0x000001e69b8ebfa0,
0x000001e69b8f2e50, 0x000001e69bcc2d40, 0x000001e69bcc83e0, 0x000001e69bcc1530,
0x000001e69bcc1a00, 0x000001e69bcc70a0, 0x000001e69bcc6230, 0x000001e69bcc1060,
0x000001e69bcc3bb0, 0x000001e69bcc5890, 0x000001e69bcc88b0, 0x000001e69bcc7570,
0x000001e69bcc1ed0, 0x000001e69bcc6700, 0x000001e69bcc23a0, 0x000001e69bcc2870,
0x000001e69bcc3210, 0x000001e69bcc4550, 0x000001e69bcc7f10, 0x000001e69bcc4a20,
0x000001e69bcc53c0, 0x000001e69bceca10, 0x000001e69bcf1710
}

Java Threads: ( => current thread )
  0x000001e6faea0710 JavaThread "main" [_thread_blocked, id=3868, stack(0x000000c0f1800000,0x000000c0f1900000)]
  0x000001e6ff483610 JavaThread "Reference Handler" daemon [_thread_blocked, id=5796, stack(0x000000c0f1f00000,0x000000c0f2000000)]
  0x000001e6ff4853a0 JavaThread "Finalizer" daemon [_thread_blocked, id=10772, stack(0x000000c0f2000000,0x000000c0f2100000)]
  0x000001e695932890 JavaThread "Signal Dispatcher" daemon [_thread_blocked, id=11148, stack(0x000000c0f2100000,0x000000c0f2200000)]
  0x000001e6959343c0 JavaThread "Attach Listener" daemon [_thread_blocked, id=3172, stack(0x000000c0f2200000,0x000000c0f2300000)]
  0x000001e695934e80 JavaThread "Service Thread" daemon [_thread_blocked, id=3348, stack(0x000000c0f2300000,0x000000c0f2400000)]
  0x000001e695938b60 JavaThread "Monitor Deflation Thread" daemon [_thread_blocked, id=3748, stack(0x000000c0f2400000,0x000000c0f2500000)]
  0x000001e69593a540 JavaThread "C2 CompilerThread0" daemon [_thread_blocked, id=11184, stack(0x000000c0f2500000,0x000000c0f2600000)]
  0x000001e695949a20 JavaThread "C1 CompilerThread0" daemon [_thread_blocked, id=10200, stack(0x000000c0f2600000,0x000000c0f2700000)]
  0x000001e69594a320 JavaThread "Sweeper thread" daemon [_thread_blocked, id=400, stack(0x000000c0f2700000,0x000000c0f2800000)]
  0x000001e695aa90e0 JavaThread "Common-Cleaner" daemon [_thread_blocked, id=4168, stack(0x000000c0f2800000,0x000000c0f2900000)]
  0x000001e695aaa0f0 JavaThread "Notification Thread" daemon [_thread_blocked, id=2948, stack(0x000000c0f2900000,0x000000c0f2a00000)]
  0x000001e698285260 JavaThread "Daemon health stats" [_thread_blocked, id=1792, stack(0x000000c0f2f00000,0x000000c0f3000000)]
  0x000001e6972ddfb0 JavaThread "Incoming local TCP Connector on port 51476" [_thread_in_native, id=2868, stack(0x000000c0f3000000,0x000000c0f3100000)]
  0x000001e698125760 JavaThread "Daemon periodic checks" [_thread_blocked, id=1504, stack(0x000000c0f3100000,0x000000c0f3200000)]
  0x000001e696f85f30 JavaThread "Daemon" [_thread_blocked, id=5392, stack(0x000000c0f3200000,0x000000c0f3300000)]
  0x000001e696f86400 JavaThread "Handler for socket connection from /127.0.0.1:51476 to /127.0.0.1:51477" [_thread_in_native, id=6336, stack(0x000000c0f3300000,0x000000c0f3400000)]
  0x000001e698ffaa30 JavaThread "Cancel handler" [_thread_blocked, id=11136, stack(0x000000c0f3400000,0x000000c0f3500000)]
  0x000001e698ffb8a0 JavaThread "Daemon worker" [_thread_blocked, id=9128, stack(0x000000c0f3500000,0x000000c0f3600000)]
  0x000001e698ffa090 JavaThread "Asynchronous log dispatcher for DefaultDaemonConnection: socket connection from /127.0.0.1:51476 to /127.0.0.1:51477" [_thread_blocked, id=9628, stack(0x000000c0f3600000,0x000000c0f3700000)]
  0x000001e698ffaf00 JavaThread "Stdin handler" [_thread_blocked, id=9876, stack(0x000000c0f3700000,0x000000c0f3800000)]
  0x000001e698ffa560 JavaThread "Daemon client event forwarder" [_thread_blocked, id=4420, stack(0x000000c0f3800000,0x000000c0f3900000)]
  0x000001e6991a96d0 JavaThread "Cache worker for journal cache (C:\Users\profsl\.gradle\caches\journal-1)" [_thread_blocked, id=4044, stack(0x000000c0f3900000,0x000000c0f3a00000)]
  0x000001e6991aa540 JavaThread "File lock request listener" [_thread_in_native, id=9064, stack(0x000000c0f3a00000,0x000000c0f3b00000)]
  0x000001e6991acbc0 JavaThread "Cache worker for file hash cache (C:\Users\profsl\.gradle\caches\8.0\fileHashes)" [_thread_blocked, id=1612, stack(0x000000c0f3b00000,0x000000c0f3c00000)]
  0x000001e6991a7ec0 JavaThread "File watcher server" daemon [_thread_in_native, id=10736, stack(0x000000c0f3c00000,0x000000c0f3d00000)]
  0x000001e6991a8390 JavaThread "File watcher consumer" daemon [_thread_blocked, id=6564, stack(0x000000c0f3d00000,0x000000c0f3e00000)]
  0x000001e6991a9200 JavaThread "jar transforms" [_thread_blocked, id=408, stack(0x000000c0f3e00000,0x000000c0f3f00000)]
  0x000001e6991ad090 JavaThread "jar transforms Thread 2" [_thread_blocked, id=10024, stack(0x000000c0f3f00000,0x000000c0f4000000)]
  0x000001e6991ac220 JavaThread "jar transforms Thread 3" [_thread_blocked, id=10004, stack(0x000000c0f4000000,0x000000c0f4100000)]
  0x000001e6991a9ba0 JavaThread "jar transforms Thread 4" [_thread_blocked, id=2636, stack(0x000000c0f4100000,0x000000c0f4200000)]
  0x000001e6991adf00 JavaThread "Cache worker for checksums cache (C:\Users\profsl\AndroidStudioProjects\FMU2023_2_4aM\.gradle\8.0\checksums)" [_thread_blocked, id=9928, stack(0x000000c0f4300000,0x000000c0f4400000)]
  0x000001e6991ada30 JavaThread "Cache worker for cache directory md-rule (C:\Users\profsl\.gradle\caches\8.0\md-rule)" [_thread_blocked, id=9916, stack(0x000000c0f4400000,0x000000c0f4500000)]
  0x000001e6991aa070 JavaThread "Cache worker for file content cache (C:\Users\profsl\.gradle\caches\8.0\fileContent)" [_thread_blocked, id=5012, stack(0x000000c0f4500000,0x000000c0f4600000)]
  0x000001e6991a8860 JavaThread "Cache worker for file hash cache (C:\Users\profsl\AndroidStudioProjects\FMU2023_2_4aM\.gradle\8.0\fileHashes)" [_thread_blocked, id=7716, stack(0x000000c0f4600000,0x000000c0f4700000)]
  0x000001e6991ac6f0 JavaThread "Cache worker for cache directory md-supplier (C:\Users\profsl\.gradle\caches\8.0\md-supplier)" [_thread_blocked, id=10908, stack(0x000000c0f4700000,0x000000c0f4800000)]
  0x000001e6991aaa10 JavaThread "Cache worker for execution history cache (C:\Users\profsl\.gradle\caches\8.0\executionHistory)" [_thread_blocked, id=6592, stack(0x000000c0f4800000,0x000000c0f4900000)]
  0x000001e6991a7050 JavaThread "Cache worker for kotlin-dsl (C:\Users\profsl\.gradle\caches\8.0\kotlin-dsl)" [_thread_blocked, id=5800, stack(0x000000c0f4900000,0x000000c0f4a00000)]
  0x000001e6991ab880 JavaThread "Cache worker for dependencies-accessors (C:\Users\profsl\AndroidStudioProjects\FMU2023_2_4aM\.gradle\8.0\dependencies-accessors)" [_thread_blocked, id=10404, stack(0x000000c0f4a00000,0x000000c0f4b00000)]
  0x000001e6991a79f0 JavaThread "Cache worker for Build Output Cleanup Cache (C:\Users\profsl\AndroidStudioProjects\FMU2023_2_4aM\.gradle\buildOutputCleanup)" [_thread_blocked, id=8864, stack(0x000000c0f4b00000,0x000000c0f4c00000)]
  0x000001e69b8f0300 JavaThread "Unconstrained build operations" [_thread_blocked, id=7652, stack(0x000000c0f4c00000,0x000000c0f4d00000)]
  0x000001e69b8ee150 JavaThread "Unconstrained build operations Thread 2" [_thread_blocked, id=9348, stack(0x000000c0f4d00000,0x000000c0f4e00000)]
  0x000001e69b8f24b0 JavaThread "Unconstrained build operations Thread 3" [_thread_blocked, id=9136, stack(0x000000c0f4e00000,0x000000c0f4f00000)]
  0x000001e69b8ec470 JavaThread "Unconstrained build operations Thread 4" [_thread_blocked, id=5416, stack(0x000000c0f4f00000,0x000000c0f5000000)]
  0x000001e69b8f37f0 JavaThread "Unconstrained build operations Thread 5" [_thread_blocked, id=10552, stack(0x000000c0f5000000,0x000000c0f5100000)]
  0x000001e69b8f0ca0 JavaThread "Unconstrained build operations Thread 6" [_thread_blocked, id=8336, stack(0x000000c0f5100000,0x000000c0f5200000)]
  0x000001e69b8edc80 JavaThread "Unconstrained build operations Thread 7" [_thread_blocked, id=7884, stack(0x000000c0f5200000,0x000000c0f5300000)]
  0x000001e69b8ee620 JavaThread "Unconstrained build operations Thread 8" [_thread_blocked, id=9112, stack(0x000000c0f5300000,0x000000c0f5400000)]
  0x000001e69b8ec940 JavaThread "Unconstrained build operations Thread 9" [_thread_blocked, id=9692, stack(0x000000c0f5400000,0x000000c0f5500000)]
  0x000001e69b8eeaf0 JavaThread "Unconstrained build operations Thread 10" [_thread_blocked, id=7620, stack(0x000000c0f5500000,0x000000c0f5600000)]
  0x000001e69b8ece10 JavaThread "Unconstrained build operations Thread 11" [_thread_blocked, id=4244, stack(0x000000c0f5600000,0x000000c0f5700000)]
  0x000001e69b8f1170 JavaThread "Unconstrained build operations Thread 12" [_thread_blocked, id=2036, stack(0x000000c0f5700000,0x000000c0f5800000)]
  0x000001e69b8f07d0 JavaThread "Unconstrained build operations Thread 13" [_thread_blocked, id=10028, stack(0x000000c0f5800000,0x000000c0f5900000)]
  0x000001e69b8f1fe0 JavaThread "Unconstrained build operations Thread 14" [_thread_blocked, id=2584, stack(0x000000c0f5900000,0x000000c0f5a00000)]
  0x000001e69b8eefc0 JavaThread "Unconstrained build operations Thread 15" [_thread_blocked, id=4816, stack(0x000000c0f5a00000,0x000000c0f5b00000)]
  0x000001e69b8f1640 JavaThread "Unconstrained build operations Thread 16" [_thread_blocked, id=9364, stack(0x000000c0f5b00000,0x000000c0f5c00000)]
  0x000001e69b8f3320 JavaThread "Unconstrained build operations Thread 17" [_thread_blocked, id=6512, stack(0x000000c0f5c00000,0x000000c0f5d00000)]
  0x000001e69b8ef490 JavaThread "Unconstrained build operations Thread 18" [_thread_blocked, id=8444, stack(0x000000c0f5d00000,0x000000c0f5e00000)]
  0x000001e69b8ef960 JavaThread "Unconstrained build operations Thread 19" [_thread_blocked, id=7556, stack(0x000000c0f5e00000,0x000000c0f5f00000)]
  0x000001e69b8ed7b0 JavaThread "Unconstrained build operations Thread 20" [_thread_blocked, id=6360, stack(0x000000c0f5f00000,0x000000c0f6000000)]
  0x000001e69b8efe30 JavaThread "Unconstrained build operations Thread 21" [_thread_blocked, id=9452, stack(0x000000c0f6000000,0x000000c0f6100000)]
  0x000001e69b8f1b10 JavaThread "Unconstrained build operations Thread 22" [_thread_blocked, id=10304, stack(0x000000c0f6100000,0x000000c0f6200000)]
  0x000001e69b8f2980 JavaThread "Unconstrained build operations Thread 23" [_thread_blocked, id=3808, stack(0x000000c0f6200000,0x000000c0f6300000)]
  0x000001e69b8ebfa0 JavaThread "Unconstrained build operations Thread 24" [_thread_blocked, id=1540, stack(0x000000c0f6300000,0x000000c0f6400000)]
  0x000001e69b8f2e50 JavaThread "Unconstrained build operations Thread 25" [_thread_blocked, id=10564, stack(0x000000c0f6400000,0x000000c0f6500000)]
  0x000001e69bcc2d40 JavaThread "Unconstrained build operations Thread 26" [_thread_blocked, id=1056, stack(0x000000c0f6500000,0x000000c0f6600000)]
  0x000001e69bcc83e0 JavaThread "Unconstrained build operations Thread 27" [_thread_blocked, id=6196, stack(0x000000c0f6600000,0x000000c0f6700000)]
  0x000001e69bcc1530 JavaThread "Unconstrained build operations Thread 28" [_thread_blocked, id=10324, stack(0x000000c0f6700000,0x000000c0f6800000)]
  0x000001e69bcc1a00 JavaThread "Unconstrained build operations Thread 29" [_thread_blocked, id=9252, stack(0x000000c0f6800000,0x000000c0f6900000)]
  0x000001e69bcc70a0 JavaThread "Unconstrained build operations Thread 30" [_thread_blocked, id=2848, stack(0x000000c0f6900000,0x000000c0f6a00000)]
  0x000001e69bcc6230 JavaThread "Unconstrained build operations Thread 31" [_thread_blocked, id=8248, stack(0x000000c0f6a00000,0x000000c0f6b00000)]
  0x000001e69bcc1060 JavaThread "Unconstrained build operations Thread 32" [_thread_blocked, id=8796, stack(0x000000c0f6b00000,0x000000c0f6c00000)]
  0x000001e69bcc3bb0 JavaThread "Unconstrained build operations Thread 33" [_thread_blocked, id=9604, stack(0x000000c0f6c00000,0x000000c0f6d00000)]
  0x000001e69bcc5890 JavaThread "Unconstrained build operations Thread 34" [_thread_blocked, id=9340, stack(0x000000c0f6d00000,0x000000c0f6e00000)]
  0x000001e69bcc88b0 JavaThread "Unconstrained build operations Thread 35" [_thread_blocked, id=10064, stack(0x000000c0f6e00000,0x000000c0f6f00000)]
  0x000001e69bcc7570 JavaThread "Unconstrained build operations Thread 36" [_thread_blocked, id=9648, stack(0x000000c0f6f00000,0x000000c0f7000000)]
  0x000001e69bcc1ed0 JavaThread "Unconstrained build operations Thread 37" [_thread_blocked, id=9164, stack(0x000000c0f7000000,0x000000c0f7100000)]
  0x000001e69bcc6700 JavaThread "Unconstrained build operations Thread 38" [_thread_blocked, id=8320, stack(0x000000c0f7100000,0x000000c0f7200000)]
  0x000001e69bcc23a0 JavaThread "Unconstrained build operations Thread 39" [_thread_blocked, id=3716, stack(0x000000c0f7200000,0x000000c0f7300000)]
  0x000001e69bcc2870 JavaThread "Unconstrained build operations Thread 40" [_thread_blocked, id=2148, stack(0x000000c0f7300000,0x000000c0f7400000)]
  0x000001e69bcc3210 JavaThread "Memory manager" [_thread_blocked, id=6988, stack(0x000000c0f7400000,0x000000c0f7500000)]
  0x000001e69bcc4550 JavaThread "included builds" [_thread_blocked, id=9096, stack(0x000000c0f7500000,0x000000c0f7600000)]
  0x000001e69bcc7f10 JavaThread "Execution worker" [_thread_blocked, id=2304, stack(0x000000c0f7600000,0x000000c0f7700000)]
  0x000001e69bcc4a20 JavaThread "Execution worker Thread 2" [_thread_blocked, id=5260, stack(0x000000c0f7700000,0x000000c0f7800000)]
  0x000001e69bcc53c0 JavaThread "Execution worker Thread 3" [_thread_blocked, id=4608, stack(0x000000c0f7800000,0x000000c0f7900000)]
  0x000001e69bceca10 JavaThread "Cache worker for execution history cache (C:\Users\profsl\AndroidStudioProjects\FMU2023_2_4aM\.gradle\8.0\executionHistory)" [_thread_blocked, id=3624, stack(0x000000c0f7900000,0x000000c0f7a00000)]
  0x000001e69bcf1710 JavaThread "idea-tooling-model-converter" [_thread_blocked, id=10688, stack(0x000000c0f7a00000,0x000000c0f7b00000)]

Other Threads:
=>0x000001e6ff460a40 VMThread "VM Thread" [stack: 0x000000c0f1e00000,0x000000c0f1f00000] [id=8648]
  0x000001e6ff46db60 WatcherThread [stack: 0x000000c0f2a00000,0x000000c0f2b00000] [id=3336]
  0x000001e6faefcd10 GCTaskThread "GC Thread#0" [stack: 0x000000c0f1900000,0x000000c0f1a00000] [id=6828]
  0x000001e696558180 GCTaskThread "GC Thread#1" [stack: 0x000000c0f2c00000,0x000000c0f2d00000] [id=3784]
  0x000001e695e39a50 GCTaskThread "GC Thread#2" [stack: 0x000000c0f2d00000,0x000000c0f2e00000] [id=7728]
  0x000001e6963c59e0 GCTaskThread "GC Thread#3" [stack: 0x000000c0f2e00000,0x000000c0f2f00000] [id=10292]
  0x000001e6faf0db60 ConcurrentGCThread "G1 Main Marker" [stack: 0x000000c0f1a00000,0x000000c0f1b00000] [id=2668]
  0x000001e6faf0ec20 ConcurrentGCThread "G1 Conc#0" [stack: 0x000000c0f1b00000,0x000000c0f1c00000] [id=7792]
  0x000001e6faf64800 ConcurrentGCThread "G1 Refine#0" [stack: 0x000000c0f1c00000,0x000000c0f1d00000] [id=3612]
  0x000001e698bf8c10 ConcurrentGCThread "G1 Refine#1" [stack: 0x000000c0f4200000,0x000000c0f4300000] [id=9824]
  0x000001e6ff2c1610 ConcurrentGCThread "G1 Service" [stack: 0x000000c0f1d00000,0x000000c0f1e00000] [id=8524]

Threads with active compile tasks:
C2 CompilerThread0    13836 9106  s    4       sun.nio.fs.WindowsDirectoryStream$WindowsDirectoryIterator::hasNext (35 bytes)

VM state: at safepoint (normal execution)

VM Mutex/Monitor currently owned by a thread:  ([mutex/lock_event])
[0x000001e6fae9b9d0] Threads_lock - owner thread: 0x000001e6ff460a40
[0x000001e6fae9bc10] Heap_lock - owner thread: 0x000001e6991acbc0

Heap address: 0x0000000080000000, size: 2048 MB, Compressed Oops mode: 32-bit

CDS archive(s) not mapped
Compressed class space mapped at: 0x0000000100000000-0x0000000140000000, reserved size: 1073741824
Narrow klass base: 0x0000000000000000, Narrow klass shift: 3, Narrow klass range: 0x140000000

GC Precious Log:
 CPUs: 4 total, 4 available
 Memory: 8087M
 Large Page Support: Disabled
 NUMA Support: Disabled
 Compressed Oops: Enabled (32-bit)
 Heap Region Size: 1M
 Heap Min Capacity: 8M
 Heap Initial Capacity: 128M
 Heap Max Capacity: 2G
 Pre-touch: Disabled
 Parallel Workers: 4
 Concurrent Workers: 1
 Concurrent Refinement Workers: 4
 Periodic GC: Disabled

Heap:
 garbage-first heap   total 232448K, used 148151K [0x0000000080000000, 0x0000000100000000)
  region size 1024K, 6 young (6144K), 6 survivors (6144K)
 Metaspace       used 87710K, committed 88384K, reserved 1130496K
  class space    used 12022K, committed 12352K, reserved 1048576K

Heap Regions: E=young(eden), S=young(survivor), O=old, HS=humongous(starts), HC=humongous(continues), CS=collection set, F=free, OA=open archive, CA=closed archive, TAMS=top-at-mark-start (previous, next)
|   0|0x0000000080000000, 0x0000000080100000, 0x0000000080100000|100%| O|  |TAMS 0x0000000080100000, 0x0000000080000000| Untracked 
|   1|0x0000000080100000, 0x0000000080200000, 0x0000000080200000|100%| O|  |TAMS 0x0000000080200000, 0x0000000080100000| Untracked 
|   2|0x0000000080200000, 0x0000000080300000, 0x0000000080300000|100%|HS|  |TAMS 0x0000000080300000, 0x0000000080200000| Complete 
|   3|0x0000000080300000, 0x0000000080400000, 0x0000000080400000|100%|HC|  |TAMS 0x0000000080400000, 0x0000000080300000| Complete 
|   4|0x0000000080400000, 0x0000000080500000, 0x0000000080500000|100%|HC|  |TAMS 0x0000000080500000, 0x0000000080400000| Complete 
|   5|0x0000000080500000, 0x0000000080600000, 0x0000000080600000|100%|HC|  |TAMS 0x0000000080600000, 0x0000000080500000| Complete 
|   6|0x0000000080600000, 0x0000000080700000, 0x0000000080700000|100%| O|  |TAMS 0x0000000080700000, 0x0000000080600000| Untracked 
|   7|0x0000000080700000, 0x0000000080800000, 0x0000000080800000|100%| O|  |TAMS 0x0000000080800000, 0x0000000080700000| Untracked 
|   8|0x0000000080800000, 0x0000000080900000, 0x0000000080900000|100%| O|  |TAMS 0x0000000080900000, 0x0000000080800000| Untracked 
|   9|0x0000000080900000, 0x0000000080a00000, 0x0000000080a00000|100%| O|  |TAMS 0x0000000080a00000, 0x0000000080900000| Untracked 
|  10|0x0000000080a00000, 0x0000000080b00000, 0x0000000080b00000|100%| O|  |TAMS 0x0000000080b00000, 0x0000000080a00000| Untracked 
|  11|0x0000000080b00000, 0x0000000080c00000, 0x0000000080c00000|100%| O|  |TAMS 0x0000000080c00000, 0x0000000080b00000| Untracked 
|  12|0x0000000080c00000, 0x0000000080d00000, 0x0000000080d00000|100%| O|  |TAMS 0x0000000080d00000, 0x0000000080c00000| Untracked 
|  13|0x0000000080d00000, 0x0000000080e00000, 0x0000000080e00000|100%| O|  |TAMS 0x0000000080e00000, 0x0000000080d00000| Untracked 
|  14|0x0000000080e00000, 0x0000000080f00000, 0x0000000080f00000|100%| O|  |TAMS 0x0000000080f00000, 0x0000000080e00000| Untracked 
|  15|0x0000000080f00000, 0x0000000081000000, 0x0000000081000000|100%| O|  |TAMS 0x0000000081000000, 0x0000000080f00000| Untracked 
|  16|0x0000000081000000, 0x0000000081100000, 0x0000000081100000|100%| O|  |TAMS 0x0000000081100000, 0x0000000081000000| Untracked 
|  17|0x0000000081100000, 0x0000000081200000, 0x0000000081200000|100%| O|  |TAMS 0x0000000081200000, 0x0000000081100000| Untracked 
|  18|0x0000000081200000, 0x0000000081300000, 0x0000000081300000|100%| O|  |TAMS 0x0000000081300000, 0x0000000081200000| Untracked 
|  19|0x0000000081300000, 0x0000000081400000, 0x0000000081400000|100%|HS|  |TAMS 0x0000000081400000, 0x0000000081300000| Complete 
|  20|0x0000000081400000, 0x0000000081500000, 0x0000000081500000|100%|HC|  |TAMS 0x0000000081500000, 0x0000000081400000| Complete 
|  21|0x0000000081500000, 0x0000000081600000, 0x0000000081600000|100%|HS|  |TAMS 0x0000000081600000, 0x0000000081500000| Complete 
|  22|0x0000000081600000, 0x0000000081700000, 0x0000000081700000|100%|HC|  |TAMS 0x0000000081700000, 0x0000000081600000| Complete 
|  23|0x0000000081700000, 0x0000000081800000, 0x0000000081800000|100%|HC|  |TAMS 0x0000000081800000, 0x0000000081700000| Complete 
|  24|0x0000000081800000, 0x0000000081900000, 0x0000000081900000|100%| O|  |TAMS 0x0000000081900000, 0x0000000081800000| Untracked 
|  25|0x0000000081900000, 0x0000000081a00000, 0x0000000081a00000|100%| O|  |TAMS 0x0000000081a00000, 0x0000000081900000| Untracked 
|  26|0x0000000081a00000, 0x0000000081b00000, 0x0000000081b00000|100%| O|  |TAMS 0x0000000081b00000, 0x0000000081a00000| Untracked 
|  27|0x0000000081b00000, 0x0000000081c00000, 0x0000000081c00000|100%|HS|  |TAMS 0x0000000081c00000, 0x0000000081b00000| Complete 
|  28|0x0000000081c00000, 0x0000000081d00000, 0x0000000081d00000|100%|HC|  |TAMS 0x0000000081d00000, 0x0000000081c00000| Complete 
|  29|0x0000000081d00000, 0x0000000081e00000, 0x0000000081e00000|100%|HC|  |TAMS 0x0000000081e00000, 0x0000000081d00000| Complete 
|  30|0x0000000081e00000, 0x0000000081f00000, 0x0000000081f00000|100%| O|  |TAMS 0x0000000081f00000, 0x0000000081e00000| Untracked 
|  31|0x0000000081f00000, 0x0000000082000000, 0x0000000082000000|100%| O|  |TAMS 0x0000000082000000, 0x0000000081f00000| Untracked 
|  32|0x0000000082000000, 0x00000000820ade00, 0x0000000082100000| 67%| O|  |TAMS 0x0000000082000000, 0x0000000082000000| Untracked 
|  33|0x0000000082100000, 0x0000000082200000, 0x0000000082200000|100%|HS|  |TAMS 0x0000000082200000, 0x0000000082100000| Complete 
|  34|0x0000000082200000, 0x0000000082300000, 0x0000000082300000|100%|HC|  |TAMS 0x0000000082300000, 0x0000000082200000| Complete 
|  35|0x0000000082300000, 0x0000000082400000, 0x0000000082400000|100%| O|  |TAMS 0x0000000082400000, 0x0000000082300000| Untracked 
|  36|0x0000000082400000, 0x0000000082500000, 0x0000000082500000|100%| O|  |TAMS 0x0000000082500000, 0x0000000082400000| Untracked 
|  37|0x0000000082500000, 0x0000000082600000, 0x0000000082600000|100%| O|  |TAMS 0x0000000082500000, 0x0000000082500000| Untracked 
|  38|0x0000000082600000, 0x0000000082700000, 0x0000000082700000|100%| O|  |TAMS 0x0000000082700000, 0x0000000082600000| Untracked 
|  39|0x0000000082700000, 0x0000000082800000, 0x0000000082800000|100%| O|  |TAMS 0x0000000082800000, 0x0000000082700000| Untracked 
|  40|0x0000000082800000, 0x0000000082900000, 0x0000000082900000|100%| O|  |TAMS 0x0000000082900000, 0x0000000082800000| Untracked 
|  41|0x0000000082900000, 0x0000000082a00000, 0x0000000082a00000|100%| O|  |TAMS 0x0000000082a00000, 0x0000000082900000| Untracked 
|  42|0x0000000082a00000, 0x0000000082b00000, 0x0000000082b00000|100%| O|  |TAMS 0x0000000082b00000, 0x0000000082a00000| Untracked 
|  43|0x0000000082b00000, 0x0000000082c00000, 0x0000000082c00000|100%|HS|  |TAMS 0x0000000082c00000, 0x0000000082b00000| Complete 
|  44|0x0000000082c00000, 0x0000000082d00000, 0x0000000082d00000|100%|HC|  |TAMS 0x0000000082d00000, 0x0000000082c00000| Complete 
|  45|0x0000000082d00000, 0x0000000082e00000, 0x0000000082e00000|100%|HC|  |TAMS 0x0000000082e00000, 0x0000000082d00000| Complete 
|  46|0x0000000082e00000, 0x0000000082f00000, 0x0000000082f00000|100%|HS|  |TAMS 0x0000000082f00000, 0x0000000082e00000| Complete 
|  47|0x0000000082f00000, 0x0000000083000000, 0x0000000083000000|100%|HC|  |TAMS 0x0000000083000000, 0x0000000082f00000| Complete 
|  48|0x0000000083000000, 0x0000000083100000, 0x0000000083100000|100%|HC|  |TAMS 0x0000000083100000, 0x0000000083000000| Complete 
|  49|0x0000000083100000, 0x0000000083200000, 0x0000000083200000|100%|HC|  |TAMS 0x0000000083200000, 0x0000000083100000| Complete 
|  50|0x0000000083200000, 0x0000000083300000, 0x0000000083300000|100%|HC|  |TAMS 0x0000000083300000, 0x0000000083200000| Complete 
|  51|0x0000000083300000, 0x0000000083400000, 0x0000000083400000|100%|HC|  |TAMS 0x0000000083400000, 0x0000000083300000| Complete 
|  52|0x0000000083400000, 0x0000000083500000, 0x0000000083500000|100%|HC|  |TAMS 0x0000000083500000, 0x0000000083400000| Complete 
|  53|0x0000000083500000, 0x0000000083600000, 0x0000000083600000|100%|HC|  |TAMS 0x0000000083600000, 0x0000000083500000| Complete 
|  54|0x0000000083600000, 0x0000000083700000, 0x0000000083700000|100%|HC|  |TAMS 0x0000000083700000, 0x0000000083600000| Complete 
|  55|0x0000000083700000, 0x0000000083800000, 0x0000000083800000|100%|HC|  |TAMS 0x0000000083800000, 0x0000000083700000| Complete 
|  56|0x0000000083800000, 0x0000000083900000, 0x0000000083900000|100%|HC|  |TAMS 0x0000000083900000, 0x0000000083800000| Complete 
|  57|0x0000000083900000, 0x0000000083a00000, 0x0000000083a00000|100%|HC|  |TAMS 0x0000000083a00000, 0x0000000083900000| Complete 
|  58|0x0000000083a00000, 0x0000000083b00000, 0x0000000083b00000|100%| O|  |TAMS 0x0000000083b00000, 0x0000000083a00000| Untracked 
|  59|0x0000000083b00000, 0x0000000083c00000, 0x0000000083c00000|100%|HS|  |TAMS 0x0000000083c00000, 0x0000000083b00000| Complete 
|  60|0x0000000083c00000, 0x0000000083d00000, 0x0000000083d00000|100%|HC|  |TAMS 0x0000000083d00000, 0x0000000083c00000| Complete 
|  61|0x0000000083d00000, 0x0000000083e00000, 0x0000000083e00000|100%|HC|  |TAMS 0x0000000083e00000, 0x0000000083d00000| Complete 
|  62|0x0000000083e00000, 0x0000000083f00000, 0x0000000083f00000|100%| O|  |TAMS 0x0000000083f00000, 0x0000000083e00000| Untracked 
|  63|0x0000000083f00000, 0x0000000084000000, 0x0000000084000000|100%| O|  |TAMS 0x0000000084000000, 0x0000000083f00000| Untracked 
|  64|0x0000000084000000, 0x0000000084100000, 0x0000000084100000|100%| O|  |TAMS 0x0000000084100000, 0x0000000084000000| Untracked 
|  65|0x0000000084100000, 0x0000000084200000, 0x0000000084200000|100%| O|  |TAMS 0x0000000084200000, 0x0000000084100000| Untracked 
|  66|0x0000000084200000, 0x0000000084300000, 0x0000000084300000|100%| O|  |TAMS 0x0000000084300000, 0x0000000084200000| Untracked 
|  67|0x0000000084300000, 0x0000000084400000, 0x0000000084400000|100%| O|  |TAMS 0x0000000084400000, 0x0000000084300000| Untracked 
|  68|0x0000000084400000, 0x0000000084500000, 0x0000000084500000|100%| O|  |TAMS 0x0000000084500000, 0x0000000084400000| Untracked 
|  69|0x0000000084500000, 0x0000000084600000, 0x0000000084600000|100%|HS|  |TAMS 0x0000000084600000, 0x0000000084500000| Complete 
|  70|0x0000000084600000, 0x0000000084700000, 0x0000000084700000|100%|HS|  |TAMS 0x0000000084700000, 0x0000000084600000| Complete 
|  71|0x0000000084700000, 0x0000000084800000, 0x0000000084800000|100%|HS|  |TAMS 0x0000000084800000, 0x0000000084700000| Complete 
|  72|0x0000000084800000, 0x0000000084900000, 0x0000000084900000|100%| O|  |TAMS 0x0000000084900000, 0x0000000084800000| Untracked 
|  73|0x0000000084900000, 0x0000000084a00000, 0x0000000084a00000|100%| O|  |TAMS 0x0000000084a00000, 0x0000000084900000| Untracked 
|  74|0x0000000084a00000, 0x0000000084b00000, 0x0000000084b00000|100%| O|  |TAMS 0x0000000084b00000, 0x0000000084a00000| Untracked 
|  75|0x0000000084b00000, 0x0000000084c00000, 0x0000000084c00000|100%| O|  |TAMS 0x0000000084c00000, 0x0000000084b00000| Untracked 
|  76|0x0000000084c00000, 0x0000000084d00000, 0x0000000084d00000|100%| O|  |TAMS 0x0000000084d00000, 0x0000000084c00000| Untracked 
|  77|0x0000000084d00000, 0x0000000084e00000, 0x0000000084e00000|100%| O|  |TAMS 0x0000000084e00000, 0x0000000084d00000| Untracked 
|  78|0x0000000084e00000, 0x0000000084f00000, 0x0000000084f00000|100%| O|  |TAMS 0x0000000084f00000, 0x0000000084e00000| Untracked 
|  79|0x0000000084f00000, 0x0000000085000000, 0x0000000085000000|100%| O|  |TAMS 0x0000000085000000, 0x0000000084f00000| Untracked 
|  80|0x0000000085000000, 0x0000000085100000, 0x0000000085100000|100%| O|  |TAMS 0x0000000085100000, 0x0000000085000000| Untracked 
|  81|0x0000000085100000, 0x0000000085200000, 0x0000000085200000|100%| O|  |TAMS 0x0000000085200000, 0x0000000085100000| Untracked 
|  82|0x0000000085200000, 0x0000000085300000, 0x0000000085300000|100%| O|  |TAMS 0x0000000085300000, 0x0000000085200000| Untracked 
|  83|0x0000000085300000, 0x0000000085400000, 0x0000000085400000|100%| O|  |TAMS 0x0000000085400000, 0x0000000085300000| Untracked 
|  84|0x0000000085400000, 0x0000000085500000, 0x0000000085500000|100%| O|  |TAMS 0x0000000085500000, 0x0000000085400000| Untracked 
|  85|0x0000000085500000, 0x0000000085600000, 0x0000000085600000|100%| O|  |TAMS 0x0000000085600000, 0x0000000085500000| Untracked 
|  86|0x0000000085600000, 0x0000000085700000, 0x0000000085700000|100%| O|  |TAMS 0x0000000085700000, 0x0000000085600000| Untracked 
|  87|0x0000000085700000, 0x0000000085800000, 0x0000000085800000|100%| O|  |TAMS 0x0000000085800000, 0x0000000085700000| Untracked 
|  88|0x0000000085800000, 0x0000000085900000, 0x0000000085900000|100%| O|  |TAMS 0x0000000085900000, 0x0000000085800000| Untracked 
|  89|0x0000000085900000, 0x0000000085a00000, 0x0000000085a00000|100%| O|  |TAMS 0x0000000085a00000, 0x0000000085900000| Untracked 
|  90|0x0000000085a00000, 0x0000000085b00000, 0x0000000085b00000|100%| O|  |TAMS 0x0000000085b00000, 0x0000000085a00000| Untracked 
|  91|0x0000000085b00000, 0x0000000085c00000, 0x0000000085c00000|100%| O|  |TAMS 0x0000000085c00000, 0x0000000085b00000| Untracked 
|  92|0x0000000085c00000, 0x0000000085d00000, 0x0000000085d00000|100%| O|  |TAMS 0x0000000085d00000, 0x0000000085c00000| Untracked 
|  93|0x0000000085d00000, 0x0000000085e00000, 0x0000000085e00000|100%|HS|  |TAMS 0x0000000085e00000, 0x0000000085d00000| Complete 
|  94|0x0000000085e00000, 0x0000000085f00000, 0x0000000085f00000|100%|HC|  |TAMS 0x0000000085f00000, 0x0000000085e00000| Complete 
|  95|0x0000000085f00000, 0x0000000086000000, 0x0000000086000000|100%|HS|  |TAMS 0x0000000086000000, 0x0000000085f00000| Complete 
|  96|0x0000000086000000, 0x0000000086100000, 0x0000000086100000|100%|HC|  |TAMS 0x0000000086100000, 0x0000000086000000| Complete 
|  97|0x0000000086100000, 0x0000000086200000, 0x0000000086200000|100%|HC|  |TAMS 0x0000000086200000, 0x0000000086100000| Complete 
|  98|0x0000000086200000, 0x0000000086300000, 0x0000000086300000|100%|HS|  |TAMS 0x0000000086300000, 0x0000000086200000| Complete 
|  99|0x0000000086300000, 0x0000000086400000, 0x0000000086400000|100%|HC|  |TAMS 0x0000000086400000, 0x0000000086300000| Complete 
| 100|0x0000000086400000, 0x0000000086500000, 0x0000000086500000|100%|HC|  |TAMS 0x0000000086500000, 0x0000000086400000| Complete 
| 101|0x0000000086500000, 0x0000000086600000, 0x0000000086600000|100%|HS|  |TAMS 0x0000000086600000, 0x0000000086500000| Complete 
| 102|0x0000000086600000, 0x0000000086700000, 0x0000000086700000|100%|HC|  |TAMS 0x0000000086700000, 0x0000000086600000| Complete 
| 103|0x0000000086700000, 0x0000000086800000, 0x0000000086800000|100%|HC|  |TAMS 0x0000000086800000, 0x0000000086700000| Complete 
| 104|0x0000000086800000, 0x0000000086900000, 0x0000000086900000|100%|HC|  |TAMS 0x0000000086900000, 0x0000000086800000| Complete 
| 105|0x0000000086900000, 0x0000000086a00000, 0x0000000086a00000|100%|HC|  |TAMS 0x0000000086a00000, 0x0000000086900000| Complete 
| 106|0x0000000086a00000, 0x0000000086b00000, 0x0000000086b00000|100%|HC|  |TAMS 0x0000000086b00000, 0x0000000086a00000| Complete 
| 107|0x0000000086b00000, 0x0000000086c00000, 0x0000000086c00000|100%|HC|  |TAMS 0x0000000086c00000, 0x0000000086b00000| Complete 
| 108|0x0000000086c00000, 0x0000000086d00000, 0x0000000086d00000|100%|HC|  |TAMS 0x0000000086d00000, 0x0000000086c00000| Complete 
| 109|0x0000000086d00000, 0x0000000086e00000, 0x0000000086e00000|100%|HC|  |TAMS 0x0000000086e00000, 0x0000000086d00000| Complete 
| 110|0x0000000086e00000, 0x0000000086f00000, 0x0000000086f00000|100%|HC|  |TAMS 0x0000000086f00000, 0x0000000086e00000| Complete 
| 111|0x0000000086f00000, 0x0000000087000000, 0x0000000087000000|100%|HC|  |TAMS 0x0000000087000000, 0x0000000086f00000| Complete 
| 112|0x0000000087000000, 0x0000000087100000, 0x0000000087100000|100%|HC|  |TAMS 0x0000000087100000, 0x0000000087000000| Complete 
| 113|0x0000000087100000, 0x0000000087200000, 0x0000000087200000|100%|HS|  |TAMS 0x0000000087200000, 0x0000000087100000| Complete 
| 114|0x0000000087200000, 0x0000000087300000, 0x0000000087300000|100%|HC|  |TAMS 0x0000000087300000, 0x0000000087200000| Complete 
| 115|0x0000000087300000, 0x0000000087400000, 0x0000000087400000|100%| O|  |TAMS 0x0000000087400000, 0x0000000087300000| Untracked 
| 116|0x0000000087400000, 0x0000000087500000, 0x0000000087500000|100%| O|  |TAMS 0x0000000087500000, 0x0000000087400000| Untracked 
| 117|0x0000000087500000, 0x0000000087600000, 0x0000000087600000|100%| O|  |TAMS 0x0000000087600000, 0x0000000087500000| Untracked 
| 118|0x0000000087600000, 0x0000000087700000, 0x0000000087700000|100%| O|  |TAMS 0x0000000087700000, 0x0000000087600000| Untracked 
| 119|0x0000000087700000, 0x0000000087700000, 0x0000000087800000|  0%| F|  |TAMS 0x0000000087700000, 0x0000000087700000| Untracked 
| 120|0x0000000087800000, 0x0000000087800000, 0x0000000087900000|  0%| F|  |TAMS 0x0000000087800000, 0x0000000087800000| Untracked 
| 121|0x0000000087900000, 0x0000000087a00000, 0x0000000087a00000|100%|HS|  |TAMS 0x0000000087900000, 0x0000000087900000| Complete 
| 122|0x0000000087a00000, 0x0000000087b00000, 0x0000000087b00000|100%|HC|  |TAMS 0x0000000087a00000, 0x0000000087a00000| Complete 
| 123|0x0000000087b00000, 0x0000000087c00000, 0x0000000087c00000|100%| O|  |TAMS 0x0000000087b00000, 0x0000000087b00000| Untracked 
| 124|0x0000000087c00000, 0x0000000087d00000, 0x0000000087d00000|100%| O|  |TAMS 0x0000000087c00000, 0x0000000087c00000| Untracked 
| 125|0x0000000087d00000, 0x0000000087e00000, 0x0000000087e00000|100%| O|  |TAMS 0x0000000087d00000, 0x0000000087d00000| Untracked 
| 126|0x0000000087e00000, 0x0000000087f00000, 0x0000000087f00000|100%| O|  |TAMS 0x0000000087f00000, 0x0000000087e00000| Untracked 
| 127|0x0000000087f00000, 0x0000000088000000, 0x0000000088000000|100%| O|  |TAMS 0x0000000088000000, 0x0000000087f00000| Untracked 
| 128|0x0000000088000000, 0x0000000088100000, 0x0000000088100000|100%| O|  |TAMS 0x0000000088100000, 0x0000000088000000| Untracked 
| 129|0x0000000088100000, 0x0000000088200000, 0x0000000088200000|100%| O|  |TAMS 0x0000000088200000, 0x0000000088100000| Untracked 
| 130|0x0000000088200000, 0x0000000088300000, 0x0000000088300000|100%| O|  |TAMS 0x0000000088300000, 0x0000000088200000| Untracked 
| 131|0x0000000088300000, 0x0000000088400000, 0x0000000088400000|100%| O|  |TAMS 0x0000000088317600, 0x0000000088300000| Untracked 
| 132|0x0000000088400000, 0x0000000088500000, 0x0000000088500000|100%| O|  |TAMS 0x0000000088400000, 0x0000000088400000| Untracked 
| 133|0x0000000088500000, 0x0000000088600000, 0x0000000088600000|100%| O|  |TAMS 0x0000000088500000, 0x0000000088500000| Untracked 
| 134|0x0000000088600000, 0x0000000088700000, 0x0000000088700000|100%| O|  |TAMS 0x0000000088600000, 0x0000000088600000| Untracked 
| 135|0x0000000088700000, 0x0000000088800000, 0x0000000088800000|100%| O|  |TAMS 0x0000000088700000, 0x0000000088700000| Untracked 
| 136|0x0000000088800000, 0x0000000088900000, 0x0000000088900000|100%| O|  |TAMS 0x0000000088800000, 0x0000000088800000| Untracked 
| 137|0x0000000088900000, 0x0000000088a00000, 0x0000000088a00000|100%| O|  |TAMS 0x0000000088900000, 0x0000000088900000| Untracked 
| 138|0x0000000088a00000, 0x0000000088b00000, 0x0000000088b00000|100%| O|  |TAMS 0x0000000088a00000, 0x0000000088a00000| Untracked 
| 139|0x0000000088b00000, 0x0000000088c00000, 0x0000000088c00000|100%| O|  |TAMS 0x0000000088b00000, 0x0000000088b00000| Untracked 
| 140|0x0000000088c00000, 0x0000000088d00000, 0x0000000088d00000|100%| O|  |TAMS 0x0000000088c00000, 0x0000000088c00000| Untracked 
| 141|0x0000000088d00000, 0x0000000088d00000, 0x0000000088e00000|  0%| F|  |TAMS 0x0000000088d00000, 0x0000000088d00000| Untracked 
| 142|0x0000000088e00000, 0x0000000088e00000, 0x0000000088f00000|  0%| F|  |TAMS 0x0000000088e00000, 0x0000000088e00000| Untracked 
| 143|0x0000000088f00000, 0x0000000088f00000, 0x0000000089000000|  0%| F|  |TAMS 0x0000000088f00000, 0x0000000088f00000| Untracked 
| 144|0x0000000089000000, 0x0000000089000000, 0x0000000089100000|  0%| F|  |TAMS 0x0000000089000000, 0x0000000089000000| Untracked 
| 145|0x0000000089100000, 0x0000000089100000, 0x0000000089200000|  0%| F|  |TAMS 0x0000000089100000, 0x0000000089100000| Untracked 
| 146|0x0000000089200000, 0x0000000089200000, 0x0000000089300000|  0%| F|  |TAMS 0x0000000089200000, 0x0000000089200000| Untracked 
| 147|0x0000000089300000, 0x0000000089300000, 0x0000000089400000|  0%| F|  |TAMS 0x0000000089300000, 0x0000000089300000| Untracked 
| 148|0x0000000089400000, 0x0000000089400000, 0x0000000089500000|  0%| F|  |TAMS 0x0000000089400000, 0x0000000089400000| Untracked 
| 149|0x0000000089500000, 0x0000000089500000, 0x0000000089600000|  0%| F|  |TAMS 0x0000000089500000, 0x0000000089500000| Untracked 
| 150|0x0000000089600000, 0x0000000089600000, 0x0000000089700000|  0%| F|  |TAMS 0x0000000089600000, 0x0000000089600000| Untracked 
| 151|0x0000000089700000, 0x0000000089700000, 0x0000000089800000|  0%| F|  |TAMS 0x0000000089700000, 0x0000000089700000| Untracked 
| 152|0x0000000089800000, 0x0000000089800000, 0x0000000089900000|  0%| F|  |TAMS 0x0000000089800000, 0x0000000089800000| Untracked 
| 153|0x0000000089900000, 0x0000000089900000, 0x0000000089a00000|  0%| F|  |TAMS 0x0000000089900000, 0x0000000089900000| Untracked 
| 154|0x0000000089a00000, 0x0000000089a00000, 0x0000000089b00000|  0%| F|  |TAMS 0x0000000089a00000, 0x0000000089a00000| Untracked 
| 155|0x0000000089b00000, 0x0000000089b00000, 0x0000000089c00000|  0%| F|  |TAMS 0x0000000089b00000, 0x0000000089b00000| Untracked 
| 156|0x0000000089c00000, 0x0000000089c00000, 0x0000000089d00000|  0%| F|  |TAMS 0x0000000089c00000, 0x0000000089c00000| Untracked 
| 157|0x0000000089d00000, 0x0000000089d00000, 0x0000000089e00000|  0%| F|  |TAMS 0x0000000089d00000, 0x0000000089d00000| Untracked 
| 158|0x0000000089e00000, 0x0000000089e00000, 0x0000000089f00000|  0%| F|  |TAMS 0x0000000089e00000, 0x0000000089e00000| Untracked 
| 159|0x0000000089f00000, 0x0000000089f00000, 0x000000008a000000|  0%| F|  |TAMS 0x0000000089f00000, 0x0000000089f00000| Untracked 
| 160|0x000000008a000000, 0x000000008a000000, 0x000000008a100000|  0%| F|  |TAMS 0x000000008a000000, 0x000000008a000000| Untracked 
| 161|0x000000008a100000, 0x000000008a100000, 0x000000008a200000|  0%| F|  |TAMS 0x000000008a100000, 0x000000008a100000| Untracked 
| 162|0x000000008a200000, 0x000000008a200000, 0x000000008a300000|  0%| F|  |TAMS 0x000000008a200000, 0x000000008a200000| Untracked 
| 163|0x000000008a300000, 0x000000008a300000, 0x000000008a400000|  0%| F|  |TAMS 0x000000008a300000, 0x000000008a300000| Untracked 
| 164|0x000000008a400000, 0x000000008a400000, 0x000000008a500000|  0%| F|  |TAMS 0x000000008a400000, 0x000000008a400000| Untracked 
| 165|0x000000008a500000, 0x000000008a500000, 0x000000008a600000|  0%| F|  |TAMS 0x000000008a500000, 0x000000008a500000| Untracked 
| 166|0x000000008a600000, 0x000000008a600000, 0x000000008a700000|  0%| F|  |TAMS 0x000000008a600000, 0x000000008a600000| Untracked 
| 167|0x000000008a700000, 0x000000008a700000, 0x000000008a800000|  0%| F|  |TAMS 0x000000008a700000, 0x000000008a700000| Untracked 
| 168|0x000000008a800000, 0x000000008a800000, 0x000000008a900000|  0%| F|  |TAMS 0x000000008a800000, 0x000000008a800000| Untracked 
| 169|0x000000008a900000, 0x000000008a900000, 0x000000008aa00000|  0%| F|  |TAMS 0x000000008a900000, 0x000000008a900000| Untracked 
| 170|0x000000008aa00000, 0x000000008aa00000, 0x000000008ab00000|  0%| F|  |TAMS 0x000000008aa00000, 0x000000008aa00000| Untracked 
| 171|0x000000008ab00000, 0x000000008ab00000, 0x000000008ac00000|  0%| F|  |TAMS 0x000000008ab00000, 0x000000008ab00000| Untracked 
| 172|0x000000008ac00000, 0x000000008ac00000, 0x000000008ad00000|  0%| F|  |TAMS 0x000000008ac00000, 0x000000008ac00000| Untracked 
| 173|0x000000008ad00000, 0x000000008ad00000, 0x000000008ae00000|  0%| F|  |TAMS 0x000000008ad00000, 0x000000008ad00000| Untracked 
| 174|0x000000008ae00000, 0x000000008ae00000, 0x000000008af00000|  0%| F|  |TAMS 0x000000008ae00000, 0x000000008ae00000| Untracked 
| 175|0x000000008af00000, 0x000000008af00000, 0x000000008b000000|  0%| F|  |TAMS 0x000000008af00000, 0x000000008af00000| Untracked 
| 176|0x000000008b000000, 0x000000008b000000, 0x000000008b100000|  0%| F|  |TAMS 0x000000008b000000, 0x000000008b000000| Untracked 
| 177|0x000000008b100000, 0x000000008b100000, 0x000000008b200000|  0%| F|  |TAMS 0x000000008b100000, 0x000000008b100000| Untracked 
| 178|0x000000008b200000, 0x000000008b300000, 0x000000008b300000|100%| S|CS|TAMS 0x000000008b200000, 0x000000008b200000| Complete 
| 179|0x000000008b300000, 0x000000008b400000, 0x000000008b400000|100%| S|CS|TAMS 0x000000008b300000, 0x000000008b300000| Complete 
| 180|0x000000008b400000, 0x000000008b500000, 0x000000008b500000|100%| S|CS|TAMS 0x000000008b400000, 0x000000008b400000| Complete 
| 181|0x000000008b500000, 0x000000008b600000, 0x000000008b600000|100%| S|CS|TAMS 0x000000008b500000, 0x000000008b500000| Complete 
| 182|0x000000008b600000, 0x000000008b700000, 0x000000008b700000|100%| S|CS|TAMS 0x000000008b600000, 0x000000008b600000| Complete 
| 183|0x000000008b700000, 0x000000008b800000, 0x000000008b800000|100%| S|CS|TAMS 0x000000008b700000, 0x000000008b700000| Complete 
| 184|0x000000008b800000, 0x000000008b800000, 0x000000008b900000|  0%| F|  |TAMS 0x000000008b800000, 0x000000008b800000| Untracked 
| 185|0x000000008b900000, 0x000000008b900000, 0x000000008ba00000|  0%| F|  |TAMS 0x000000008b900000, 0x000000008b900000| Untracked 
| 186|0x000000008ba00000, 0x000000008ba00000, 0x000000008bb00000|  0%| F|  |TAMS 0x000000008ba00000, 0x000000008ba00000| Untracked 
| 187|0x000000008bb00000, 0x000000008bb00000, 0x000000008bc00000|  0%| F|  |TAMS 0x000000008bb00000, 0x000000008bb00000| Untracked 
| 188|0x000000008bc00000, 0x000000008bc00000, 0x000000008bd00000|  0%| F|  |TAMS 0x000000008bc00000, 0x000000008bc00000| Untracked 
| 189|0x000000008bd00000, 0x000000008bd00000, 0x000000008be00000|  0%| F|  |TAMS 0x000000008bd00000, 0x000000008bd00000| Untracked 
| 190|0x000000008be00000, 0x000000008be00000, 0x000000008bf00000|  0%| F|  |TAMS 0x000000008be00000, 0x000000008be00000| Untracked 
| 191|0x000000008bf00000, 0x000000008bf00000, 0x000000008c000000|  0%| F|  |TAMS 0x000000008bf00000, 0x000000008bf00000| Untracked 
| 192|0x000000008c000000, 0x000000008c000000, 0x000000008c100000|  0%| F|  |TAMS 0x000000008c000000, 0x000000008c000000| Untracked 
| 193|0x000000008c100000, 0x000000008c100000, 0x000000008c200000|  0%| F|  |TAMS 0x000000008c100000, 0x000000008c100000| Untracked 
| 194|0x000000008c200000, 0x000000008c200000, 0x000000008c300000|  0%| F|  |TAMS 0x000000008c200000, 0x000000008c200000| Untracked 
| 195|0x000000008c300000, 0x000000008c300000, 0x000000008c400000|  0%| F|  |TAMS 0x000000008c300000, 0x000000008c300000| Untracked 
| 196|0x000000008c400000, 0x000000008c400000, 0x000000008c500000|  0%| F|  |TAMS 0x000000008c400000, 0x000000008c400000| Untracked 
| 197|0x000000008c500000, 0x000000008c500000, 0x000000008c600000|  0%| F|  |TAMS 0x000000008c500000, 0x000000008c500000| Untracked 
| 198|0x000000008c600000, 0x000000008c600000, 0x000000008c700000|  0%| F|  |TAMS 0x000000008c600000, 0x000000008c600000| Untracked 
| 199|0x000000008c700000, 0x000000008c700000, 0x000000008c800000|  0%| F|  |TAMS 0x000000008c700000, 0x000000008c700000| Untracked 
| 200|0x000000008c800000, 0x000000008c800000, 0x000000008c900000|  0%| F|  |TAMS 0x000000008c800000, 0x000000008c800000| Untracked 
| 201|0x000000008c900000, 0x000000008c900000, 0x000000008ca00000|  0%| F|  |TAMS 0x000000008c900000, 0x000000008c900000| Untracked 
| 202|0x000000008ca00000, 0x000000008ca00000, 0x000000008cb00000|  0%| F|  |TAMS 0x000000008ca00000, 0x000000008ca00000| Untracked 
| 203|0x000000008cb00000, 0x000000008cb00000, 0x000000008cc00000|  0%| F|  |TAMS 0x000000008cb00000, 0x000000008cb00000| Untracked 
| 204|0x000000008cc00000, 0x000000008cc00000, 0x000000008cd00000|  0%| F|  |TAMS 0x000000008cc00000, 0x000000008cc00000| Untracked 
| 205|0x000000008cd00000, 0x000000008cd00000, 0x000000008ce00000|  0%| F|  |TAMS 0x000000008cd00000, 0x000000008cd00000| Untracked 
| 206|0x000000008ce00000, 0x000000008ce00000, 0x000000008cf00000|  0%| F|  |TAMS 0x000000008ce00000, 0x000000008ce00000| Untracked 
| 207|0x000000008cf00000, 0x000000008cf00000, 0x000000008d000000|  0%| F|  |TAMS 0x000000008cf00000, 0x000000008cf00000| Untracked 
| 208|0x000000008d000000, 0x000000008d000000, 0x000000008d100000|  0%| F|  |TAMS 0x000000008d000000, 0x000000008d000000| Untracked 
| 209|0x000000008d100000, 0x000000008d100000, 0x000000008d200000|  0%| F|  |TAMS 0x000000008d100000, 0x000000008d100000| Untracked 
| 210|0x000000008d200000, 0x000000008d200000, 0x000000008d300000|  0%| F|  |TAMS 0x000000008d200000, 0x000000008d200000| Untracked 
| 211|0x000000008d300000, 0x000000008d300000, 0x000000008d400000|  0%| F|  |TAMS 0x000000008d300000, 0x000000008d300000| Untracked 
| 212|0x000000008d400000, 0x000000008d400000, 0x000000008d500000|  0%| F|  |TAMS 0x000000008d400000, 0x000000008d400000| Untracked 
| 213|0x000000008d500000, 0x000000008d500000, 0x000000008d600000|  0%| F|  |TAMS 0x000000008d500000, 0x000000008d500000| Untracked 
| 214|0x000000008d600000, 0x000000008d600000, 0x000000008d700000|  0%| F|  |TAMS 0x000000008d600000, 0x000000008d600000| Untracked 
| 215|0x000000008d700000, 0x000000008d700000, 0x000000008d800000|  0%| F|  |TAMS 0x000000008d700000, 0x000000008d700000| Untracked 
| 216|0x000000008d800000, 0x000000008d800000, 0x000000008d900000|  0%| F|  |TAMS 0x000000008d800000, 0x000000008d800000| Untracked 
| 217|0x000000008d900000, 0x000000008d900000, 0x000000008da00000|  0%| F|  |TAMS 0x000000008d900000, 0x000000008d900000| Untracked 
| 218|0x000000008da00000, 0x000000008da00000, 0x000000008db00000|  0%| F|  |TAMS 0x000000008da00000, 0x000000008da00000| Untracked 
| 219|0x000000008db00000, 0x000000008db00000, 0x000000008dc00000|  0%| F|  |TAMS 0x000000008db00000, 0x000000008db00000| Untracked 
| 220|0x000000008dc00000, 0x000000008dc00000, 0x000000008dd00000|  0%| F|  |TAMS 0x000000008dc00000, 0x000000008dc00000| Untracked 
| 221|0x000000008dd00000, 0x000000008dd00000, 0x000000008de00000|  0%| F|  |TAMS 0x000000008dd00000, 0x000000008dd00000| Untracked 
| 222|0x000000008de00000, 0x000000008de00000, 0x000000008df00000|  0%| F|  |TAMS 0x000000008de00000, 0x000000008de00000| Untracked 
| 223|0x000000008df00000, 0x000000008df00000, 0x000000008e000000|  0%| F|  |TAMS 0x000000008df00000, 0x000000008df00000| Untracked 
| 224|0x000000008e000000, 0x000000008e000000, 0x000000008e100000|  0%| F|  |TAMS 0x000000008e000000, 0x000000008e000000| Untracked 
| 225|0x000000008e100000, 0x000000008e100000, 0x000000008e200000|  0%| F|  |TAMS 0x000000008e100000, 0x000000008e100000| Untracked 
| 226|0x000000008e200000, 0x000000008e200000, 0x000000008e300000|  0%| F|  |TAMS 0x000000008e200000, 0x000000008e200000| Untracked 

Card table byte_map: [0x000001e6fe770000,0x000001e6feb70000] _byte_map_base: 0x000001e6fe370000

Marking Bits (Prev, Next): (CMBitMap*) 0x000001e6faefd270, (CMBitMap*) 0x000001e6faefd230
 Prev Bits: [0x000001e691000000, 0x000001e693000000)
 Next Bits: [0x000001e68f000000, 0x000001e691000000)

Polling page: 0x000001e6f8dd0000

Metaspace:

Usage:
  Non-class:     73.92 MB used.
      Class:     11.74 MB used.
       Both:     85.66 MB used.

Virtual space:
  Non-class space:       80.00 MB reserved,      74.25 MB ( 93%) committed,  10 nodes.
      Class space:        1.00 GB reserved,      12.06 MB (  1%) committed,  1 nodes.
             Both:        1.08 GB reserved,      86.31 MB (  8%) committed. 

Chunk freelists:
   Non-Class:  1.62 MB
       Class:  3.92 MB
        Both:  5.55 MB

MaxMetaspaceSize: unlimited
CompressedClassSpaceSize: 1.00 GB
Initial GC threshold: 21.00 MB
Current GC threshold: 143.88 MB
CDS: off
MetaspaceReclaimPolicy: balanced
 - commit_granule_bytes: 65536.
 - commit_granule_words: 8192.
 - virtual_space_node_default_size: 1048576.
 - enlarge_chunks_in_place: 1.
 - new_chunks_are_fully_committed: 0.
 - uncommit_free_chunks: 1.
 - use_allocation_guard: 0.
 - handle_deallocations: 1.


Internal statistics:

num_allocs_failed_limit: 3.
num_arena_births: 962.
num_arena_deaths: 0.
num_vsnodes_births: 11.
num_vsnodes_deaths: 0.
num_space_committed: 1381.
num_space_uncommitted: 0.
num_chunks_returned_to_freelist: 3.
num_chunks_taken_from_freelist: 4189.
num_chunk_merges: 3.
num_chunk_splits: 2764.
num_chunks_enlarged: 1830.
num_purges: 0.
num_inconsistent_stats: 0.

CodeHeap 'non-profiled nmethods': size=120000Kb used=5338Kb max_used=5338Kb free=114661Kb
 bounds [0x000001e687ad0000, 0x000001e688010000, 0x000001e68f000000]
CodeHeap 'profiled nmethods': size=120000Kb used=16281Kb max_used=16281Kb free=103718Kb
 bounds [0x000001e680000000, 0x000001e680ff0000, 0x000001e687530000]
CodeHeap 'non-nmethods': size=5760Kb used=2391Kb max_used=2520Kb free=3368Kb
 bounds [0x000001e687530000, 0x000001e6877c0000, 0x000001e687ad0000]
 total_blobs=9187 nmethods=8261 adapters=838
 compilation: enabled
              stopped_count=0, restarted_count=0
 full_count=0

Compilation events (20 events):
Event: 13.300 Thread 0x000001e69593a540 nmethod 9096 0x000001e688000510 code [0x000001e688000780, 0x000001e688002110]
Event: 13.527 Thread 0x000001e69593a540 9097   !   4       com.esotericsoftware.kryo.io.Output::flush (57 bytes)
Event: 13.528 Thread 0x000001e69593a540 nmethod 9097 0x000001e688003090 code [0x000001e688003220, 0x000001e688003318]
Event: 13.548 Thread 0x000001e69593a540 9098   !   4       java.io.WinNTFileSystem::resolve (362 bytes)
Event: 13.555 Thread 0x000001e69593a540 nmethod 9098 0x000001e688003410 code [0x000001e688003620, 0x000001e6880041c0]
Event: 13.705 Thread 0x000001e69593a540 9099       4       java.nio.file.attribute.FileTime::from (18 bytes)
Event: 13.706 Thread 0x000001e69593a540 nmethod 9099 0x000001e688004710 code [0x000001e6880048a0, 0x000001e688004978]
Event: 13.706 Thread 0x000001e69593a540 9100       4       sun.nio.fs.WindowsFileAttributes::lastModifiedTime (8 bytes)
Event: 13.707 Thread 0x000001e69593a540 nmethod 9100 0x000001e688004a90 code [0x000001e688004c20, 0x000001e688004da8]
Event: 13.723 Thread 0x000001e69593a540 9101       4       java.util.concurrent.locks.AbstractQueuedSynchronizer$Node::getAndUnsetStatus (14 bytes)
Event: 13.723 Thread 0x000001e69593a540 nmethod 9101 0x000001e688004f10 code [0x000001e688005080, 0x000001e688005138]
Event: 13.730 Thread 0x000001e69593a540 9102       4       java.lang.String::encode (48 bytes)
Event: 13.732 Thread 0x000001e69593a540 nmethod 9102 0x000001e688005210 code [0x000001e6880053c0, 0x000001e6880056a8]
Event: 13.732 Thread 0x000001e69593a540 9103       4       java.lang.String::encodeUTF8 (141 bytes)
Event: 13.733 Thread 0x000001e69593a540 nmethod 9103 0x000001e688005890 code [0x000001e688005a20, 0x000001e688005c78]
Event: 13.733 Thread 0x000001e69593a540 9104       4       org.gradle.internal.io.StreamByteBuffer::allocateSpace (73 bytes)
Event: 13.736 Thread 0x000001e69593a540 nmethod 9104 0x000001e688005e10 code [0x000001e688005fa0, 0x000001e6880063a8]
Event: 13.742 Thread 0x000001e69593a540 9105       4       org.gradle.internal.snapshot.FileSystemLocationSnapshot$$Lambda$401/0x0000000100505ce0::apply (10 bytes)
Event: 13.743 Thread 0x000001e69593a540 nmethod 9105 0x000001e688006510 code [0x000001e6880066a0, 0x000001e6880067b8]
Event: 13.743 Thread 0x000001e69593a540 9106  s    4       sun.nio.fs.WindowsDirectoryStream$WindowsDirectoryIterator::hasNext (35 bytes)

GC Heap History (20 events):
Event: 7.570 GC heap after
{Heap after GC invocations=29 (full 0):
 garbage-first heap   total 184320K, used 88712K [0x0000000080000000, 0x0000000100000000)
  region size 1024K, 6 young (6144K), 6 survivors (6144K)
 Metaspace       used 68721K, committed 69376K, reserved 1114112K
  class space    used 9182K, committed 9472K, reserved 1048576K
}
Event: 8.405 GC heap before
{Heap before GC invocations=29 (full 0):
 garbage-first heap   total 184320K, used 138888K [0x0000000080000000, 0x0000000100000000)
  region size 1024K, 55 young (56320K), 6 survivors (6144K)
 Metaspace       used 74752K, committed 75392K, reserved 1114112K
  class space    used 9995K, committed 10304K, reserved 1048576K
}
Event: 8.411 GC heap after
{Heap after GC invocations=30 (full 0):
 garbage-first heap   total 184320K, used 92071K [0x0000000080000000, 0x0000000100000000)
  region size 1024K, 4 young (4096K), 4 survivors (4096K)
 Metaspace       used 74752K, committed 75392K, reserved 1114112K
  class space    used 9995K, committed 10304K, reserved 1048576K
}
Event: 9.487 GC heap before
{Heap before GC invocations=31 (full 0):
 garbage-first heap   total 184320K, used 145319K [0x0000000080000000, 0x0000000100000000)
  region size 1024K, 55 young (56320K), 4 survivors (4096K)
 Metaspace       used 80061K, committed 80768K, reserved 1122304K
  class space    used 10915K, committed 11264K, reserved 1048576K
}
Event: 9.492 GC heap after
{Heap after GC invocations=32 (full 0):
 garbage-first heap   total 184320K, used 94377K [0x0000000080000000, 0x0000000100000000)
  region size 1024K, 6 young (6144K), 6 survivors (6144K)
 Metaspace       used 80061K, committed 80768K, reserved 1122304K
  class space    used 10915K, committed 11264K, reserved 1048576K
}
Event: 9.546 GC heap before
{Heap before GC invocations=32 (full 0):
 garbage-first heap   total 184320K, used 97449K [0x0000000080000000, 0x0000000100000000)
  region size 1024K, 9 young (9216K), 6 survivors (6144K)
 Metaspace       used 80489K, committed 81152K, reserved 1122304K
  class space    used 10971K, committed 11264K, reserved 1048576K
}
Event: 9.551 GC heap after
{Heap after GC invocations=33 (full 0):
 garbage-first heap   total 184320K, used 94803K [0x0000000080000000, 0x0000000100000000)
  region size 1024K, 1 young (1024K), 1 survivors (1024K)
 Metaspace       used 80489K, committed 81152K, reserved 1122304K
  class space    used 10971K, committed 11264K, reserved 1048576K
}
Event: 10.228 GC heap before
{Heap before GC invocations=33 (full 0):
 garbage-first heap   total 184320K, used 119379K [0x0000000080000000, 0x0000000100000000)
  region size 1024K, 26 young (26624K), 1 survivors (1024K)
 Metaspace       used 83331K, committed 84032K, reserved 1122304K
  class space    used 11372K, committed 11712K, reserved 1048576K
}
Event: 10.231 GC heap after
{Heap after GC invocations=34 (full 0):
 garbage-first heap   total 184320K, used 95896K [0x0000000080000000, 0x0000000100000000)
  region size 1024K, 3 young (3072K), 3 survivors (3072K)
 Metaspace       used 83331K, committed 84032K, reserved 1122304K
  class space    used 11372K, committed 11712K, reserved 1048576K
}
Event: 11.232 GC heap before
{Heap before GC invocations=35 (full 0):
 garbage-first heap   total 184320K, used 170648K [0x0000000080000000, 0x0000000100000000)
  region size 1024K, 54 young (55296K), 3 survivors (3072K)
 Metaspace       used 86959K, committed 87616K, reserved 1130496K
  class space    used 11921K, committed 12224K, reserved 1048576K
}
Event: 11.239 GC heap after
{Heap after GC invocations=36 (full 0):
 garbage-first heap   total 184320K, used 126045K [0x0000000080000000, 0x0000000100000000)
  region size 1024K, 7 young (7168K), 7 survivors (7168K)
 Metaspace       used 86959K, committed 87616K, reserved 1130496K
  class space    used 11921K, committed 12224K, reserved 1048576K
}
Event: 11.280 GC heap before
{Heap before GC invocations=36 (full 0):
 garbage-first heap   total 184320K, used 127069K [0x0000000080000000, 0x0000000100000000)
  region size 1024K, 9 young (9216K), 7 survivors (7168K)
 Metaspace       used 87148K, committed 87808K, reserved 1130496K
  class space    used 11936K, committed 12224K, reserved 1048576K
}
Event: 11.284 GC heap after
{Heap after GC invocations=37 (full 0):
 garbage-first heap   total 184320K, used 126690K [0x0000000080000000, 0x0000000100000000)
  region size 1024K, 1 young (1024K), 1 survivors (1024K)
 Metaspace       used 87148K, committed 87808K, reserved 1130496K
  class space    used 11936K, committed 12224K, reserved 1048576K
}
Event: 11.421 GC heap before
{Heap before GC invocations=37 (full 0):
 garbage-first heap   total 184320K, used 130786K [0x0000000080000000, 0x0000000100000000)
  region size 1024K, 6 young (6144K), 1 survivors (1024K)
 Metaspace       used 87654K, committed 88384K, reserved 1130496K
  class space    used 12014K, committed 12352K, reserved 1048576K
}
Event: 11.422 GC heap after
{Heap after GC invocations=38 (full 0):
 garbage-first heap   total 184320K, used 126443K [0x0000000080000000, 0x0000000100000000)
  region size 1024K, 1 young (1024K), 1 survivors (1024K)
 Metaspace       used 87654K, committed 88384K, reserved 1130496K
  class space    used 12014K, committed 12352K, reserved 1048576K
}
Event: 11.588 GC heap before
{Heap before GC invocations=39 (full 0):
 garbage-first heap   total 232448K, used 161259K [0x0000000080000000, 0x0000000100000000)
  region size 1024K, 31 young (31744K), 1 survivors (1024K)
 Metaspace       used 87674K, committed 88384K, reserved 1130496K
  class space    used 12017K, committed 12352K, reserved 1048576K
}
Event: 11.599 GC heap after
{Heap after GC invocations=40 (full 0):
 garbage-first heap   total 232448K, used 141779K [0x0000000080000000, 0x0000000100000000)
  region size 1024K, 4 young (4096K), 4 survivors (4096K)
 Metaspace       used 87674K, committed 88384K, reserved 1130496K
  class space    used 12017K, committed 12352K, reserved 1048576K
}
Event: 11.624 GC heap before
{Heap before GC invocations=40 (full 0):
 garbage-first heap   total 232448K, used 148947K [0x0000000080000000, 0x0000000100000000)
  region size 1024K, 11 young (11264K), 4 survivors (4096K)
 Metaspace       used 87674K, committed 88384K, reserved 1130496K
  class space    used 12017K, committed 12352K, reserved 1048576K
}
Event: 11.634 GC heap after
{Heap after GC invocations=41 (full 0):
 garbage-first heap   total 232448K, used 142622K [0x0000000080000000, 0x0000000100000000)
  region size 1024K, 2 young (2048K), 2 survivors (2048K)
 Metaspace       used 87674K, committed 88384K, reserved 1130496K
  class space    used 12017K, committed 12352K, reserved 1048576K
}
Event: 13.748 GC heap before
{Heap before GC invocations=41 (full 0):
 garbage-first heap   total 232448K, used 183582K [0x0000000080000000, 0x0000000100000000)
  region size 1024K, 43 young (44032K), 2 survivors (2048K)
 Metaspace       used 87710K, committed 88384K, reserved 1130496K
  class space    used 12022K, committed 12352K, reserved 1048576K
}

Dll operation events (2 events):
Event: 0.010 Loaded shared library C:\Program Files\Android\Android Studio\jbr\bin\java.dll
Event: 0.350 Loaded shared library C:\Program Files\Android\Android Studio\jbr\bin\verify.dll

Deoptimization events (20 events):
Event: 11.528 Thread 0x000001e6991aaa10 Uncommon trap: trap_request=0xffffff45 fr.pc=0x000001e687f92b00 relative=0x00000000000020c0
Event: 11.528 Thread 0x000001e6991aaa10 Uncommon trap: reason=unstable_if action=reinterpret pc=0x000001e687f92b00 method=com.google.common.collect.MapMakerInternalMap$Segment.put(Ljava/lang/Object;ILjava/lang/Object;Z)Ljava/lang/Object; @ 92 c2
Event: 11.528 Thread 0x000001e6991aaa10 DEOPT PACKING pc=0x000001e687f92b00 sp=0x000000c0f48fe480
Event: 11.528 Thread 0x000001e6991aaa10 DEOPT UNPACKING pc=0x000001e6875869a3 sp=0x000000c0f48fe438 mode 2
Event: 11.776 Thread 0x000001e69b8f24b0 Uncommon trap: trap_request=0xffffff45 fr.pc=0x000001e687c9dd10 relative=0x0000000000000550
Event: 11.776 Thread 0x000001e69b8f24b0 Uncommon trap: reason=unstable_if action=reinterpret pc=0x000001e687c9dd10 method=java.lang.StringLatin1.compareToCI([B[B)I @ 68 c2
Event: 11.776 Thread 0x000001e69b8f24b0 DEOPT PACKING pc=0x000001e687c9dd10 sp=0x000000c0f4efbd00
Event: 11.776 Thread 0x000001e69b8f24b0 DEOPT UNPACKING pc=0x000001e6875869a3 sp=0x000000c0f4efbbf0 mode 2
Event: 11.776 Thread 0x000001e69b8f24b0 Uncommon trap: trap_request=0xffffff45 fr.pc=0x000001e687c416c4 relative=0x0000000000000504
Event: 11.776 Thread 0x000001e69b8f24b0 Uncommon trap: reason=unstable_if action=reinterpret pc=0x000001e687c416c4 method=java.lang.StringLatin1.compareToCI([B[B)I @ 68 c2
Event: 11.776 Thread 0x000001e69b8f24b0 DEOPT PACKING pc=0x000001e687c416c4 sp=0x000000c0f4efbc60
Event: 11.776 Thread 0x000001e69b8f24b0 DEOPT UNPACKING pc=0x000001e6875869a3 sp=0x000000c0f4efbbe8 mode 2
Event: 12.064 Thread 0x000001e69bcc3210 Uncommon trap: trap_request=0xffffff76 fr.pc=0x000001e687f4dc68 relative=0x00000000000001c8
Event: 12.064 Thread 0x000001e69bcc3210 Uncommon trap: reason=predicate action=maybe_recompile pc=0x000001e687f4dc68 method=java.util.LinkedHashMap.keysToArray([Ljava/lang/Object;)[Ljava/lang/Object; @ 12 c2
Event: 12.064 Thread 0x000001e69bcc3210 DEOPT PACKING pc=0x000001e687f4dc68 sp=0x000000c0f74fc8f0
Event: 12.064 Thread 0x000001e69bcc3210 DEOPT UNPACKING pc=0x000001e6875869a3 sp=0x000000c0f74fc8a8 mode 2
Event: 12.968 Thread 0x000001e69b8f24b0 DEOPT PACKING pc=0x000001e680fccb17 sp=0x000000c0f4efbb00
Event: 12.968 Thread 0x000001e69b8f24b0 DEOPT UNPACKING pc=0x000001e687587143 sp=0x000000c0f4efafc8 mode 0
Event: 13.147 Thread 0x000001e6991acbc0 DEOPT PACKING pc=0x000001e680a2cc96 sp=0x000000c0f3bfe610
Event: 13.147 Thread 0x000001e6991acbc0 DEOPT UNPACKING pc=0x000001e687587143 sp=0x000000c0f3bfda80 mode 0

Classes unloaded (0 events):
No events

Classes redefined (0 events):
No events

Internal exceptions (20 events):
Event: 11.196 Thread 0x000001e698ffb8a0 Exception <a 'java/lang/ClassNotFoundException'{0x0000000088383220}: org/gradle/internal/extensibility/ExtensionsStorage$ExtensionHolderBeanInfo> (0x0000000088383220) 
thrown [s\src\hotspot\share\classfile\systemDictionary.cpp, line 256]
Event: 11.196 Thread 0x000001e698ffb8a0 Exception <a 'java/lang/ClassNotFoundException'{0x000000008838b678}: org/gradle/internal/extensibility/ExtensionsStorage$ExtensionHolderCustomizer> (0x000000008838b678) 
thrown [s\src\hotspot\share\classfile\systemDictionary.cpp, line 256]
Event: 11.204 Thread 0x000001e698ffb8a0 Exception <a 'java/lang/ClassNotFoundException'{0x00000000883e8c80}: org/gradle/internal/service/scopes/ProjectScopeServicesBeanInfo> (0x00000000883e8c80) 
thrown [s\src\hotspot\share\classfile\systemDictionary.cpp, line 256]
Event: 11.204 Thread 0x000001e698ffb8a0 Exception <a 'java/lang/ClassNotFoundException'{0x00000000883f0ff8}: org/gradle/internal/service/scopes/ProjectScopeServicesCustomizer> (0x00000000883f0ff8) 
thrown [s\src\hotspot\share\classfile\systemDictionary.cpp, line 256]
Event: 11.205 Thread 0x000001e698ffb8a0 Exception <a 'java/lang/ClassNotFoundException'{0x0000000088294c38}: org/gradle/api/internal/catalog/DefaultDependenciesAccessorsBeanInfo> (0x0000000088294c38) 
thrown [s\src\hotspot\share\classfile\systemDictionary.cpp, line 256]
Event: 11.206 Thread 0x000001e698ffb8a0 Exception <a 'java/lang/ClassNotFoundException'{0x000000008829ebf8}: org/gradle/api/internal/catalog/DefaultDependenciesAccessorsCustomizer> (0x000000008829ebf8) 
thrown [s\src\hotspot\share\classfile\systemDictionary.cpp, line 256]
Event: 11.208 Thread 0x000001e698ffb8a0 Exception <a 'java/lang/ClassNotFoundException'{0x00000000882c1238}: org/gradle/internal/classpath/DefaultClassPathBeanInfo> (0x00000000882c1238) 
thrown [s\src\hotspot\share\classfile\systemDictionary.cpp, line 256]
Event: 11.208 Thread 0x000001e698ffb8a0 Exception <a 'java/lang/ClassNotFoundException'{0x00000000882c9338}: org/gradle/internal/classpath/DefaultClassPathCustomizer> (0x00000000882c9338) 
thrown [s\src\hotspot\share\classfile\systemDictionary.cpp, line 256]
Event: 11.212 Thread 0x000001e698ffb8a0 Exception <a 'java/lang/ClassNotFoundException'{0x00000000881df460}: org/gradle/internal/classpath/DefaultClassPath$ImmutableUniqueListBeanInfo> (0x00000000881df460) 
thrown [s\src\hotspot\share\classfile\systemDictionary.cpp, line 256]
Event: 11.212 Thread 0x000001e698ffb8a0 Exception <a 'java/lang/ClassNotFoundException'{0x00000000881e3a00}: java/util/AbstractListBeanInfo> (0x00000000881e3a00) 
thrown [s\src\hotspot\share\classfile\systemDictionary.cpp, line 256]
Event: 11.212 Thread 0x000001e698ffb8a0 Exception <a 'java/lang/ClassNotFoundException'{0x00000000881e7f78}: java/util/AbstractListCustomizer> (0x00000000881e7f78) 
thrown [s\src\hotspot\share\classfile\systemDictionary.cpp, line 256]
Event: 11.213 Thread 0x000001e698ffb8a0 Exception <a 'java/lang/ClassNotFoundException'{0x00000000881fb7f8}: org/gradle/internal/classpath/DefaultClassPath$ImmutableUniqueListCustomizer> (0x00000000881fb7f8) 
thrown [s\src\hotspot\share\classfile\systemDictionary.cpp, line 256]
Event: 11.217 Thread 0x000001e698ffb8a0 Exception <a 'java/lang/ClassNotFoundException'{0x000000008803ec90}: org/jetbrains/plugins/gradle/model/DefaultDependencyAccessorsModelBeanInfo> (0x000000008803ec90) 
thrown [s\src\hotspot\share\classfile\systemDictionary.cpp, line 256]
Event: 11.217 Thread 0x000001e698ffb8a0 Exception <a 'java/lang/ClassNotFoundException'{0x00000000880470e8}: org/jetbrains/plugins/gradle/model/DefaultDependencyAccessorsModelCustomizer> (0x00000000880470e8) 
thrown [s\src\hotspot\share\classfile\systemDictionary.cpp, line 256]
Event: 11.224 Thread 0x000001e69bcf1710 Exception <a 'java/lang/NoSuchMethodError'{0x000000008826ae58}: static Lorg/jetbrains/plugins/gradle/tooling/internal/VersionCatalogsModelImpl;.<clinit>()V> (0x000000008826ae58) 
thrown [s\src\hotspot\share\prims\jni.cpp, line 1108]
Event: 11.229 Thread 0x000001e698ffb8a0 Exception <a 'java/lang/ClassNotFoundException'{0x0000000087e85638}: org/gradle/api/internal/tasks/DefaultSourceSetContainer_DecoratedBeanInfo> (0x0000000087e85638) 
thrown [s\src\hotspot\share\classfile\systemDictionary.cpp, line 256]
Event: 11.229 Thread 0x000001e698ffb8a0 Exception <a 'java/lang/ClassNotFoundException'{0x0000000087e8f5a0}: org/gradle/api/internal/tasks/DefaultSourceSetContainerBeanInfo> (0x0000000087e8f5a0) 
thrown [s\src\hotspot\share\classfile\systemDictionary.cpp, line 256]
Event: 11.229 Thread 0x000001e698ffb8a0 Exception <a 'java/lang/ClassNotFoundException'{0x0000000087e99528}: org/gradle/api/internal/tasks/DefaultSourceSetContainerCustomizer> (0x0000000087e99528) 
thrown [s\src\hotspot\share\classfile\systemDictionary.cpp, line 256]
Event: 11.230 Thread 0x000001e698ffb8a0 Exception <a 'java/lang/ClassNotFoundException'{0x0000000087eaece0}: org/gradle/api/internal/tasks/DefaultSourceSetContainer_DecoratedCustomizer> (0x0000000087eaece0) 
thrown [s\src\hotspot\share\classfile\systemDictionary.cpp, line 256]
Event: 11.363 Thread 0x000001e69b8f24b0 Exception <a 'java/lang/NoSuchMethodError'{0x000000008ae04440}: 'java.lang.Object java.lang.invoke.DirectMethodHandle$Holder.invokeSpecialIFC(java.lang.Object, java.lang.Object, java.lang.Object)'> (0x000000008ae04440) 
thrown [s\src\hotspot\share\interpreter\linkResolver.cpp, line 771]

VM Operations (20 events):
Event: 11.354 Executing VM operation: HandshakeAllThreads done
Event: 11.421 Executing VM operation: G1TryInitiateConcMark
Event: 11.422 Executing VM operation: G1TryInitiateConcMark done
Event: 11.432 Executing VM operation: HandshakeAllThreads
Event: 11.432 Executing VM operation: HandshakeAllThreads done
Event: 11.433 Executing VM operation: HandshakeAllThreads
Event: 11.433 Executing VM operation: HandshakeAllThreads done
Event: 11.499 Executing VM operation: G1Concurrent
Event: 11.503 Executing VM operation: G1Concurrent done
Event: 11.539 Executing VM operation: G1Concurrent
Event: 11.539 Executing VM operation: G1Concurrent done
Event: 11.588 Executing VM operation: G1CollectForAllocation
Event: 11.600 Executing VM operation: G1CollectForAllocation done
Event: 11.624 Executing VM operation: G1CollectForAllocation
Event: 11.634 Executing VM operation: G1CollectForAllocation done
Event: 12.064 Executing VM operation: HandshakeAllThreads
Event: 12.064 Executing VM operation: HandshakeAllThreads done
Event: 13.068 Executing VM operation: Cleanup
Event: 13.068 Executing VM operation: Cleanup done
Event: 13.748 Executing VM operation: G1CollectForAllocation

Events (20 events):
Event: 11.185 loading class java/lang/IntegerCustomizer done
Event: 11.185 loading class jdk/internal/ValueBased
Event: 11.185 loading class jdk/internal/ValueBased done
Event: 11.212 loading class java/util/AbstractListBeanInfo
Event: 11.212 loading class java/util/AbstractListBeanInfo done
Event: 11.212 loading class java/util/AbstractListBeanInfo
Event: 11.212 loading class java/util/AbstractListBeanInfo done
Event: 11.212 loading class java/util/AbstractListCustomizer
Event: 11.212 loading class java/util/AbstractListCustomizer done
Event: 11.212 loading class java/util/AbstractListCustomizer
Event: 11.212 loading class java/util/AbstractListCustomizer done
Event: 11.386 loading class java/util/concurrent/LinkedBlockingDeque$Itr
Event: 11.410 loading class java/util/concurrent/LinkedBlockingDeque$AbstractItr
Event: 11.411 loading class java/util/concurrent/LinkedBlockingDeque$AbstractItr done
Event: 11.411 loading class java/util/concurrent/LinkedBlockingDeque$Itr done
Event: 12.040 Thread 0x000001e69b4324f0 Thread exited: 0x000001e69b4324f0
Event: 12.478 Thread 0x000001e69b435280 Thread added: 0x000001e69b435280
Event: 12.982 Thread 0x000001e69b435280 Thread exited: 0x000001e69b435280
Event: 13.248 loading class jdk/internal/access/foreign/MemorySegmentProxy
Event: 13.249 loading class jdk/internal/access/foreign/MemorySegmentProxy done


Dynamic libraries:
0x00007ff7fdd90000 - 0x00007ff7fdd9a000 	C:\Program Files\Android\Android Studio\jbr\bin\java.exe
0x00007ffcbb0f0000 - 0x00007ffcbb2e8000 	C:\Windows\SYSTEM32\ntdll.dll
0x00007ffcba1e0000 - 0x00007ffcba29f000 	C:\Windows\System32\KERNEL32.DLL
0x00007ffcb89e0000 - 0x00007ffcb8cd6000 	C:\Windows\System32\KERNELBASE.dll
0x00007ffcb8fb0000 - 0x00007ffcb90b0000 	C:\Windows\System32\ucrtbase.dll
0x00007ffc9ad90000 - 0x00007ffc9ada7000 	C:\Program Files\Android\Android Studio\jbr\bin\jli.dll
0x00007ffc9e770000 - 0x00007ffc9e78b000 	C:\Program Files\Android\Android Studio\jbr\bin\VCRUNTIME140.dll
0x00007ffcbab90000 - 0x00007ffcbad2d000 	C:\Windows\System32\USER32.dll
0x00007ffca1390000 - 0x00007ffca162a000 	C:\Windows\WinSxS\amd64_microsoft.windows.common-controls_6595b64144ccf1df_6.0.19041.1110_none_60b5254171f9507e\COMCTL32.dll
0x00007ffcb8e00000 - 0x00007ffcb8e22000 	C:\Windows\System32\win32u.dll
0x00007ffcbae70000 - 0x00007ffcbaf0e000 	C:\Windows\System32\msvcrt.dll
0x00007ffcb9920000 - 0x00007ffcb994c000 	C:\Windows\System32\GDI32.dll
0x00007ffcb8ce0000 - 0x00007ffcb8df5000 	C:\Windows\System32\gdi32full.dll
0x00007ffcb90b0000 - 0x00007ffcb914d000 	C:\Windows\System32\msvcp_win.dll
0x00007ffcb9950000 - 0x00007ffcb9980000 	C:\Windows\System32\IMM32.DLL
0x000001e6f8de0000 - 0x000001e6f8df4000 	C:\Windows\System32\umppc17010.dll
0x00007ffcb42f0000 - 0x00007ffcb42fc000 	C:\Program Files\Android\Android Studio\jbr\bin\vcruntime140_1.dll
0x00007ffc959b0000 - 0x00007ffc95a3d000 	C:\Program Files\Android\Android Studio\jbr\bin\msvcp140.dll
0x00007ffc43090000 - 0x00007ffc43cfe000 	C:\Program Files\Android\Android Studio\jbr\bin\server\jvm.dll
0x00007ffcbb000000 - 0x00007ffcbb0af000 	C:\Windows\System32\ADVAPI32.dll
0x00007ffcb9ac0000 - 0x00007ffcb9b5c000 	C:\Windows\System32\sechost.dll
0x00007ffcb9b70000 - 0x00007ffcb9c96000 	C:\Windows\System32\RPCRT4.dll
0x00007ffcb4310000 - 0x00007ffcb4319000 	C:\Windows\SYSTEM32\WSOCK32.dll
0x00007ffcba320000 - 0x00007ffcba38b000 	C:\Windows\System32\WS2_32.dll
0x00007ffc9e940000 - 0x00007ffc9e967000 	C:\Windows\SYSTEM32\WINMM.dll
0x00007ffcb2200000 - 0x00007ffcb220a000 	C:\Windows\SYSTEM32\VERSION.dll
0x00007ffcb6450000 - 0x00007ffcb6462000 	C:\Windows\SYSTEM32\kernel.appcore.dll
0x00007ffcb4300000 - 0x00007ffcb430a000 	C:\Program Files\Android\Android Studio\jbr\bin\jimage.dll
0x00007ffca4a40000 - 0x00007ffca4c24000 	C:\Windows\SYSTEM32\DBGHELP.DLL
0x00007ffca1760000 - 0x00007ffca1794000 	C:\Windows\SYSTEM32\dbgcore.DLL
0x00007ffcb8ef0000 - 0x00007ffcb8f72000 	C:\Windows\System32\bcryptPrimitives.dll
0x00007ffcb4290000 - 0x00007ffcb42b5000 	C:\Program Files\Android\Android Studio\jbr\bin\java.dll
0x00007ffcb4270000 - 0x00007ffcb4288000 	C:\Program Files\Android\Android Studio\jbr\bin\zip.dll
0x00007ffcba390000 - 0x00007ffcbaad4000 	C:\Windows\System32\SHELL32.dll
0x00007ffcb6650000 - 0x00007ffcb6de3000 	C:\Windows\SYSTEM32\windows.storage.dll
0x00007ffcb95c0000 - 0x00007ffcb9914000 	C:\Windows\System32\combase.dll
0x00007ffcb8210000 - 0x00007ffcb823e000 	C:\Windows\SYSTEM32\Wldp.dll
0x00007ffcbaae0000 - 0x00007ffcbab8d000 	C:\Windows\System32\SHCORE.dll
0x00007ffcbaf10000 - 0x00007ffcbaf65000 	C:\Windows\System32\shlwapi.dll
0x00007ffcb8700000 - 0x00007ffcb8725000 	C:\Windows\SYSTEM32\profapi.dll
0x00007ffcb4250000 - 0x00007ffcb4269000 	C:\Program Files\Android\Android Studio\jbr\bin\net.dll
0x00007ffcb07f0000 - 0x00007ffcb08fa000 	C:\Windows\SYSTEM32\WINHTTP.dll
0x00007ffcb7f00000 - 0x00007ffcb7f6a000 	C:\Windows\system32\mswsock.dll
0x00007ffcb3550000 - 0x00007ffcb3566000 	C:\Program Files\Android\Android Studio\jbr\bin\nio.dll
0x00007ffcb4240000 - 0x00007ffcb4250000 	C:\Program Files\Android\Android Studio\jbr\bin\verify.dll
0x00007ffc9e680000 - 0x00007ffc9e6a7000 	C:\Users\profsl\.gradle\native\68d5fa5c4cc2d200863cafc0d521ce42e7d3e7ee720ec0a83991735586a16f82\windows-amd64\native-platform.dll
0x00007ffc8b7f0000 - 0x00007ffc8b934000 	C:\Users\profsl\.gradle\native\e376f236ea51e6404a007f0833ffe2c6e607c4080706a723a18a27aeea778392\windows-amd64\native-platform-file-events.dll
0x00007ffcb3540000 - 0x00007ffcb3549000 	C:\Program Files\Android\Android Studio\jbr\bin\management.dll
0x00007ffca8910000 - 0x00007ffca891b000 	C:\Program Files\Android\Android Studio\jbr\bin\management_ext.dll
0x00007ffcb9fe0000 - 0x00007ffcb9fe8000 	C:\Windows\System32\PSAPI.DLL
0x00007ffcb80f0000 - 0x00007ffcb8108000 	C:\Windows\SYSTEM32\CRYPTSP.dll
0x00007ffcb7810000 - 0x00007ffcb7844000 	C:\Windows\system32\rsaenh.dll
0x00007ffcb8f80000 - 0x00007ffcb8fa7000 	C:\Windows\System32\bcrypt.dll
0x00007ffcb8680000 - 0x00007ffcb86ae000 	C:\Windows\SYSTEM32\USERENV.dll
0x00007ffcb8110000 - 0x00007ffcb811c000 	C:\Windows\SYSTEM32\CRYPTBASE.dll
0x00007ffcb7bf0000 - 0x00007ffcb7c2b000 	C:\Windows\SYSTEM32\IPHLPAPI.DLL
0x00007ffcbae00000 - 0x00007ffcbae08000 	C:\Windows\System32\NSI.dll
0x00007ffcb1fe0000 - 0x00007ffcb1ff7000 	C:\Windows\SYSTEM32\dhcpcsvc6.DLL
0x00007ffcb1f70000 - 0x00007ffcb1f8d000 	C:\Windows\SYSTEM32\dhcpcsvc.DLL
0x00007ffcb7c30000 - 0x00007ffcb7cfa000 	C:\Windows\SYSTEM32\DNSAPI.dll
0x00007ffca8900000 - 0x00007ffca8907000 	C:\Windows\system32\wshunix.dll

dbghelp: loaded successfully - version: 4.0.5 - missing functions: none
symbol engine: initialized successfully - sym options: 0x614 - pdb path: .;C:\Program Files\Android\Android Studio\jbr\bin;C:\Windows\SYSTEM32;C:\Windows\WinSxS\amd64_microsoft.windows.common-controls_6595b64144ccf1df_6.0.19041.1110_none_60b5254171f9507e;C:\Program Files\Android\Android Studio\jbr\bin\server;C:\Users\profsl\.gradle\native\68d5fa5c4cc2d200863cafc0d521ce42e7d3e7ee720ec0a83991735586a16f82\windows-amd64;C:\Users\profsl\.gradle\native\e376f236ea51e6404a007f0833ffe2c6e607c4080706a723a18a27aeea778392\windows-amd64

VM Arguments:
jvm_args: --add-opens=java.base/java.util=ALL-UNNAMED --add-opens=java.base/java.lang=ALL-UNNAMED --add-opens=java.base/java.lang.invoke=ALL-UNNAMED --add-opens=java.prefs/java.util.prefs=ALL-UNNAMED --add-opens=java.base/java.nio.charset=ALL-UNNAMED --add-opens=java.base/java.net=ALL-UNNAMED --add-opens=java.base/java.util.concurrent.atomic=ALL-UNNAMED -Xmx2048m -Dfile.encoding=UTF-8 -Duser.country=BR -Duser.language=pt -Duser.variant 
java_command: org.gradle.launcher.daemon.bootstrap.GradleDaemon 8.0
java_class_path (initial): C:\Users\profsl\.gradle\wrapper\dists\gradle-8.0-bin\ca5e32bp14vu59qr306oxotwh\gradle-8.0\lib\gradle-launcher-8.0.jar
Launcher Type: SUN_STANDARD

[Global flags]
     intx CICompilerCount                          = 3                                         {product} {ergonomic}
     uint ConcGCThreads                            = 1                                         {product} {ergonomic}
     uint G1ConcRefinementThreads                  = 4                                         {product} {ergonomic}
   size_t G1HeapRegionSize                         = 1048576                                   {product} {ergonomic}
    uintx GCDrainStackTargetSize                   = 64                                        {product} {ergonomic}
   size_t InitialHeapSize                          = 134217728                                 {product} {ergonomic}
   size_t MarkStackSize                            = 4194304                                   {product} {ergonomic}
   size_t MaxHeapSize                              = 2147483648                                {product} {command line}
   size_t MaxNewSize                               = 1287651328                                {product} {ergonomic}
   size_t MinHeapDeltaBytes                        = 1048576                                   {product} {ergonomic}
   size_t MinHeapSize                              = 8388608                                   {product} {ergonomic}
    uintx NonNMethodCodeHeapSize                   = 5832780                                {pd product} {ergonomic}
    uintx NonProfiledCodeHeapSize                  = 122912730                              {pd product} {ergonomic}
    uintx ProfiledCodeHeapSize                     = 122912730                              {pd product} {ergonomic}
    uintx ReservedCodeCacheSize                    = 251658240                              {pd product} {ergonomic}
     bool SegmentedCodeCache                       = true                                      {product} {ergonomic}
   size_t SoftMaxHeapSize                          = 2147483648                             {manageable} {ergonomic}
     bool UseCompressedClassPointers               = true                           {product lp64_product} {ergonomic}
     bool UseCompressedOops                        = true                           {product lp64_product} {ergonomic}
     bool UseG1GC                                  = true                                      {product} {ergonomic}
     bool UseLargePagesIndividualAllocation        = false                                  {pd product} {ergonomic}

Logging:
Log output configuration:
 #0: stdout all=warning uptime,level,tags
 #1: stderr all=off uptime,level,tags

Environment Variables:
PATH=C:\Program Files (x86)\Common Files\Oracle\Java\javapath;C:\Windows\system32;C:\Windows;C:\Windows\System32\Wbem;C:\Windows\System32\WindowsPowerShell\v1.0\;C:\Windows\System32\OpenSSH\;C:\Program Files (x86)\Microsoft SQL Server\160\Tools\Binn\;C:\Program Files\Microsoft SQL Server\160\Tools\Binn\;C:\Program Files\Microsoft SQL Server\Client SDK\ODBC\170\Tools\Binn\;C:\Program Files\Microsoft SQL Server\160\DTS\Binn\;C:\Program Files (x86)\Microsoft SQL Server\160\DTS\Binn\;C:\Program Files\Azure Data Studio\bin;C:\Users\profsl\AppData\Local\Microsoft\WindowsApps;C:\Users\profsl\AppData\Local\Programs\Git\cmd
USERNAME=profsl
OS=Windows_NT
PROCESSOR_IDENTIFIER=Intel64 Family 6 Model 158 Stepping 9, GenuineIntel
TMP=C:\Users\profsl\AppData\Local\Temp
TEMP=C:\Users\profsl\AppData\Local\Temp


JNI global refs:
JNI global refs: 24, weak refs: 1

JNI global refs memory usage: 843, weak refs: 841


---------------  S Y S T E M  ---------------

OS:
 Windows 10 , 64 bit Build 19041 (10.0.19041.3155)
OS uptime: 0 days 1:15 hours

CPU: total 4 (initial active 4) (4 cores per cpu, 1 threads per core) family 6 model 158 stepping 9 microcode 0xb4, cx8, cmov, fxsr, mmx, 3dnowpref, sse, sse2, sse3, ssse3, sse4.1, sse4.2, popcnt, lzcnt, tsc, tscinvbit, avx, avx2, aes, erms, clmul, bmi1, bmi2, rtm, adx, fma, vzeroupper, clflush, clflushopt

Memory: 4k page, system-wide physical 8087M (550M free)
TotalPageFile size 8087M (AvailPageFile size 183M)
current process WorkingSet (physical memory assigned to process): 459M, peak: 459M
current process commit charge ("private bytes"): 489M, peak: 770M

vm_info: OpenJDK 64-Bit Server VM (17.0.6+0-b2043.56-10027231) for windows-amd64 JRE (17.0.6+0-b2043.56-10027231), built on Apr 28 2023 00:43:19 by "androidbuild" with MS VC++ 16.10 / 16.11 (VS2019)

END.
