#
# There is insufficient memory for the Java Runtime Environment to continue.
# Native memory allocation (mmap) failed to map 249561088 bytes for G1 virtual space
# Possible reasons:
#   The system is out of physical RAM or swap space
#   The process is running with CompressedOops enabled, and the Java Heap may be blocking the growth of the native heap
# Possible solutions:
#   Reduce memory load on the system
#   Increase physical memory or swap space
#   Check if swap backing store is full
#   Decrease Java heap size (-Xmx/-Xms)
#   Decrease number of Java threads
#   Decrease Java thread stack sizes (-Xss)
#   Set larger code cache with -XX:ReservedCodeCacheSize=
#   JVM is running with Unscaled Compressed Oops mode in which the Java heap is
#     placed in the first 4GB address space. The Java Heap base address is the
#     maximum limit for the native heap growth. Please use -XX:HeapBaseMinAddress
#     to set the Java Heap base and to place the Java Heap above 4GB virtual address.
# This output file may be truncated or incomplete.
#
#  Out of Memory Error (os_windows.cpp:3769), pid=11104, tid=10484
#
# JRE version: OpenJDK Runtime Environment (17.0.6) (build 17.0.6+0-b2043.56-10027231)
# Java VM: OpenJDK 64-Bit Server VM (17.0.6+0-b2043.56-10027231, mixed mode, tiered, compressed oops, compressed class ptrs, g1 gc, windows-amd64)
# No core dump will be written. Minidumps are not enabled by default on client versions of Windows
#

---------------  S U M M A R Y ------------

Command Line: --add-opens=java.base/java.util=ALL-UNNAMED --add-opens=java.base/java.lang=ALL-UNNAMED --add-opens=java.base/java.lang.invoke=ALL-UNNAMED --add-opens=java.prefs/java.util.prefs=ALL-UNNAMED --add-opens=java.base/java.nio.charset=ALL-UNNAMED --add-opens=java.base/java.net=ALL-UNNAMED --add-opens=java.base/java.util.concurrent.atomic=ALL-UNNAMED -Xmx2048m -Dfile.encoding=UTF-8 -Duser.country=BR -Duser.language=pt -Duser.variant org.gradle.launcher.daemon.bootstrap.GradleDaemon 8.0

Host: Intel(R) Core(TM) i5-7500 CPU @ 3.40GHz, 4 cores, 7G,  Windows 10 , 64 bit Build 19041 (10.0.19041.3155)
Time: Wed Sep 20 10:10:11 2023 Hora oficial do Brasil elapsed time: 21.485236 seconds (0d 0h 0m 21s)

---------------  T H R E A D  ---------------

Current thread (0x0000019524e0b890):  VMThread "VM Thread" [stack: 0x0000000e76700000,0x0000000e76800000] [id=10484]

Stack: [0x0000000e76700000,0x0000000e76800000]
Native frames: (J=compiled Java code, j=interpreted, Vv=VM code, C=native code)
V  [jvm.dll+0x683c9a]
V  [jvm.dll+0x8427a4]
V  [jvm.dll+0x843f9e]
V  [jvm.dll+0x844603]
V  [jvm.dll+0x249b75]
V  [jvm.dll+0x680b69]
V  [jvm.dll+0x67505a]
V  [jvm.dll+0x309acb]
V  [jvm.dll+0x310f86]
V  [jvm.dll+0x3608ee]
V  [jvm.dll+0x360b1f]
V  [jvm.dll+0x2dfbf8]
V  [jvm.dll+0x2ddec4]
V  [jvm.dll+0x2dd4cc]
V  [jvm.dll+0x321f3b]
V  [jvm.dll+0x848ccb]
V  [jvm.dll+0x849a04]
V  [jvm.dll+0x849f1d]
V  [jvm.dll+0x84a2f4]
V  [jvm.dll+0x84a3c0]
V  [jvm.dll+0x7f274a]
V  [jvm.dll+0x682ad5]
C  [ucrtbase.dll+0x21bb2]
C  [KERNEL32.DLL+0x17614]
C  [ntdll.dll+0x526b1]

VM_Operation (0x0000000e7cdfe010): G1CollectForAllocation, mode: safepoint, requested by thread 0x000001953135fad0


---------------  P R O C E S S  ---------------

Threads class SMR info:
_java_thread_list=0x000001952de5aaa0, length=99, elements={
0x000001950b090380, 0x0000019524e127f0, 0x0000019524e14d20, 0x0000019525814790,
0x0000019525815510, 0x0000019525817140, 0x000001952581a950, 0x0000019525825d70,
0x00000195258276e0, 0x0000019525828b90, 0x0000019525985d70, 0x00000195259b6850,
0x00000195273ac970, 0x0000019526d97860, 0x00000195272d9560, 0x0000019526d07bf0,
0x0000019528b69400, 0x00000195270cfbd0, 0x0000019527f02810, 0x0000019527f94020,
0x0000019528870280, 0x00000195284bf9b0, 0x000001952733ff20, 0x00000195273403f0,
0x000001952733f0b0, 0x000001952733d3d0, 0x000001952733d8a0, 0x000001952733dd70,
0x000001952733e240, 0x000001952733e710, 0x000001952733ebe0, 0x000001952733f580,
0x000001952b1779c0, 0x000001952b1749a0, 0x000001952b177020, 0x000001952b1744d0,
0x000001952b175ce0, 0x000001952b176b50, 0x000001952b1774f0, 0x000001952b936d80,
0x000001952b9333c0, 0x000001952b937bf0, 0x000001952b937250, 0x000001952b9398d0,
0x000001952b932080, 0x000001952b933d60, 0x000001952b939400, 0x000001952b9380c0,
0x000001952b938590, 0x000001952b9350a0, 0x000001952b935f10, 0x000001952b933890,
0x000001952b938a60, 0x000001952b938f30, 0x000001952b932a20, 0x000001952b932550,
0x000001952b932ef0, 0x000001952b934230, 0x000001952b934700, 0x000001952b935570,
0x000001952b934bd0, 0x000001952b935a40, 0x000001952b9363e0, 0x000001952b9368b0,
0x000001952b6d4860, 0x000001952b6d6a10, 0x000001952b6d6070, 0x000001952b6da3d0,
0x000001952b6d9090, 0x000001952b6d6ee0, 0x000001952b6d73b0, 0x000001952b6d5200,
0x000001952b6d7880, 0x000001952b6d9560, 0x000001952b6d3520, 0x000001952b6d56d0,
0x000001952b6d86f0, 0x000001952b6d6540, 0x000001952b6d5ba0, 0x000001952b6d7d50,
0x000001952b6da8a0, 0x000001952b6d8bc0, 0x000001952b564d70, 0x000001952b566a50,
0x000001952b5660b0, 0x000001952b563090, 0x000001952b563560, 0x000001952af35620,
0x000001952af35af0, 0x000001952e55ea20, 0x000001952bc9df20, 0x000001952e29dee0,
0x000001952e29bd30, 0x000001952e29c200, 0x000001952ae8e1d0, 0x000001953135ffa0,
0x000001953135fad0, 0x000001952e55dbb0, 0x000001952e29c6d0
}

Java Threads: ( => current thread )
  0x000001950b090380 JavaThread "main" [_thread_blocked, id=9948, stack(0x0000000e76100000,0x0000000e76200000)]
  0x0000019524e127f0 JavaThread "Reference Handler" daemon [_thread_blocked, id=3492, stack(0x0000000e76800000,0x0000000e76900000)]
  0x0000019524e14d20 JavaThread "Finalizer" daemon [_thread_blocked, id=584, stack(0x0000000e76900000,0x0000000e76a00000)]
  0x0000019525814790 JavaThread "Signal Dispatcher" daemon [_thread_blocked, id=11040, stack(0x0000000e76a00000,0x0000000e76b00000)]
  0x0000019525815510 JavaThread "Attach Listener" daemon [_thread_blocked, id=10796, stack(0x0000000e76b00000,0x0000000e76c00000)]
  0x0000019525817140 JavaThread "Service Thread" daemon [_thread_blocked, id=5004, stack(0x0000000e76c00000,0x0000000e76d00000)]
  0x000001952581a950 JavaThread "Monitor Deflation Thread" daemon [_thread_blocked, id=2212, stack(0x0000000e76d00000,0x0000000e76e00000)]
  0x0000019525825d70 JavaThread "C2 CompilerThread0" daemon [_thread_blocked, id=9840, stack(0x0000000e76e00000,0x0000000e76f00000)]
  0x00000195258276e0 JavaThread "C1 CompilerThread0" daemon [_thread_blocked, id=10476, stack(0x0000000e76f00000,0x0000000e77000000)]
  0x0000019525828b90 JavaThread "Sweeper thread" daemon [_thread_blocked, id=10536, stack(0x0000000e77000000,0x0000000e77100000)]
  0x0000019525985d70 JavaThread "Common-Cleaner" daemon [_thread_blocked, id=3780, stack(0x0000000e77100000,0x0000000e77200000)]
  0x00000195259b6850 JavaThread "Notification Thread" daemon [_thread_blocked, id=8300, stack(0x0000000e77200000,0x0000000e77300000)]
  0x00000195273ac970 JavaThread "Daemon health stats" [_thread_blocked, id=4520, stack(0x0000000e77800000,0x0000000e77900000)]
  0x0000019526d97860 JavaThread "Incoming local TCP Connector on port 51511" [_thread_in_native, id=2108, stack(0x0000000e77900000,0x0000000e77a00000)]
  0x00000195272d9560 JavaThread "Daemon periodic checks" [_thread_blocked, id=6464, stack(0x0000000e77a00000,0x0000000e77b00000)]
  0x0000019526d07bf0 JavaThread "Daemon" [_thread_blocked, id=2556, stack(0x0000000e77b00000,0x0000000e77c00000)]
  0x0000019528b69400 JavaThread "Handler for socket connection from /127.0.0.1:51511 to /127.0.0.1:51512" [_thread_in_native, id=5656, stack(0x0000000e77c00000,0x0000000e77d00000)]
  0x00000195270cfbd0 JavaThread "Cancel handler" [_thread_blocked, id=5856, stack(0x0000000e77d00000,0x0000000e77e00000)]
  0x0000019527f02810 JavaThread "Daemon worker" [_thread_blocked, id=8904, stack(0x0000000e77e00000,0x0000000e77f00000)]
  0x0000019527f94020 JavaThread "Asynchronous log dispatcher for DefaultDaemonConnection: socket connection from /127.0.0.1:51511 to /127.0.0.1:51512" [_thread_blocked, id=5024, stack(0x0000000e77f00000,0x0000000e78000000)]
  0x0000019528870280 JavaThread "Stdin handler" [_thread_blocked, id=9232, stack(0x0000000e78000000,0x0000000e78100000)]
  0x00000195284bf9b0 JavaThread "Daemon client event forwarder" [_thread_blocked, id=6312, stack(0x0000000e78100000,0x0000000e78200000)]
  0x000001952733ff20 JavaThread "Cache worker for journal cache (C:\Users\profsl\.gradle\caches\journal-1)" [_thread_blocked, id=4468, stack(0x0000000e78200000,0x0000000e78300000)]
  0x00000195273403f0 JavaThread "File lock request listener" [_thread_in_native, id=4432, stack(0x0000000e78300000,0x0000000e78400000)]
  0x000001952733f0b0 JavaThread "Cache worker for file hash cache (C:\Users\profsl\.gradle\caches\8.0\fileHashes)" [_thread_blocked, id=3724, stack(0x0000000e78400000,0x0000000e78500000)]
  0x000001952733d3d0 JavaThread "File watcher server" daemon [_thread_blocked, id=696, stack(0x0000000e78500000,0x0000000e78600000)]
  0x000001952733d8a0 JavaThread "File watcher consumer" daemon [_thread_blocked, id=10440, stack(0x0000000e78600000,0x0000000e78700000)]
  0x000001952733dd70 JavaThread "Cache worker for checksums cache (C:\Users\profsl\AndroidStudioProjects\FMU2023_2_4aM\.gradle\8.0\checksums)" [_thread_blocked, id=6936, stack(0x0000000e78700000,0x0000000e78800000)]
  0x000001952733e240 JavaThread "Cache worker for cache directory md-rule (C:\Users\profsl\.gradle\caches\8.0\md-rule)" [_thread_blocked, id=7424, stack(0x0000000e78800000,0x0000000e78900000)]
  0x000001952733e710 JavaThread "Cache worker for file content cache (C:\Users\profsl\.gradle\caches\8.0\fileContent)" [_thread_blocked, id=9248, stack(0x0000000e78900000,0x0000000e78a00000)]
  0x000001952733ebe0 JavaThread "Cache worker for file hash cache (C:\Users\profsl\AndroidStudioProjects\FMU2023_2_4aM\.gradle\8.0\fileHashes)" [_thread_blocked, id=7388, stack(0x0000000e78a00000,0x0000000e78b00000)]
  0x000001952733f580 JavaThread "Cache worker for cache directory md-supplier (C:\Users\profsl\.gradle\caches\8.0\md-supplier)" [_thread_blocked, id=10556, stack(0x0000000e78b00000,0x0000000e78c00000)]
  0x000001952b1779c0 JavaThread "Cache worker for execution history cache (C:\Users\profsl\.gradle\caches\8.0\executionHistory)" [_thread_blocked, id=4492, stack(0x0000000e78c00000,0x0000000e78d00000)]
  0x000001952b1749a0 JavaThread "jar transforms" [_thread_blocked, id=2724, stack(0x0000000e78d00000,0x0000000e78e00000)]
  0x000001952b177020 JavaThread "jar transforms Thread 2" [_thread_blocked, id=3688, stack(0x0000000e78e00000,0x0000000e78f00000)]
  0x000001952b1744d0 JavaThread "Cache worker for kotlin-dsl (C:\Users\profsl\.gradle\caches\8.0\kotlin-dsl)" [_thread_blocked, id=9032, stack(0x0000000e79000000,0x0000000e79100000)]
  0x000001952b175ce0 JavaThread "jar transforms Thread 3" [_thread_blocked, id=4232, stack(0x0000000e79100000,0x0000000e79200000)]
  0x000001952b176b50 JavaThread "jar transforms Thread 4" [_thread_blocked, id=8428, stack(0x0000000e79200000,0x0000000e79300000)]
  0x000001952b1774f0 JavaThread "Cache worker for dependencies-accessors (C:\Users\profsl\AndroidStudioProjects\FMU2023_2_4aM\.gradle\8.0\dependencies-accessors)" [_thread_blocked, id=656, stack(0x0000000e79300000,0x0000000e79400000)]
  0x000001952b936d80 JavaThread "Cache worker for Build Output Cleanup Cache (C:\Users\profsl\AndroidStudioProjects\FMU2023_2_4aM\.gradle\buildOutputCleanup)" [_thread_blocked, id=4672, stack(0x0000000e79400000,0x0000000e79500000)]
  0x000001952b9333c0 JavaThread "Unconstrained build operations" [_thread_blocked, id=2576, stack(0x0000000e79500000,0x0000000e79600000)]
  0x000001952b937bf0 JavaThread "Unconstrained build operations Thread 2" [_thread_blocked, id=5028, stack(0x0000000e79600000,0x0000000e79700000)]
  0x000001952b937250 JavaThread "Unconstrained build operations Thread 3" [_thread_blocked, id=9516, stack(0x0000000e79700000,0x0000000e79800000)]
  0x000001952b9398d0 JavaThread "Unconstrained build operations Thread 4" [_thread_blocked, id=2996, stack(0x0000000e79800000,0x0000000e79900000)]
  0x000001952b932080 JavaThread "Unconstrained build operations Thread 5" [_thread_blocked, id=6692, stack(0x0000000e79900000,0x0000000e79a00000)]
  0x000001952b933d60 JavaThread "Unconstrained build operations Thread 6" [_thread_blocked, id=2820, stack(0x0000000e79a00000,0x0000000e79b00000)]
  0x000001952b939400 JavaThread "Unconstrained build operations Thread 7" [_thread_blocked, id=1508, stack(0x0000000e79b00000,0x0000000e79c00000)]
  0x000001952b9380c0 JavaThread "Unconstrained build operations Thread 8" [_thread_blocked, id=4188, stack(0x0000000e79c00000,0x0000000e79d00000)]
  0x000001952b938590 JavaThread "Unconstrained build operations Thread 9" [_thread_blocked, id=1592, stack(0x0000000e79d00000,0x0000000e79e00000)]
  0x000001952b9350a0 JavaThread "Unconstrained build operations Thread 10" [_thread_blocked, id=8520, stack(0x0000000e79e00000,0x0000000e79f00000)]
  0x000001952b935f10 JavaThread "Unconstrained build operations Thread 11" [_thread_blocked, id=1312, stack(0x0000000e79f00000,0x0000000e7a000000)]
  0x000001952b933890 JavaThread "Unconstrained build operations Thread 12" [_thread_blocked, id=5320, stack(0x0000000e7a000000,0x0000000e7a100000)]
  0x000001952b938a60 JavaThread "Unconstrained build operations Thread 13" [_thread_blocked, id=1660, stack(0x0000000e7a100000,0x0000000e7a200000)]
  0x000001952b938f30 JavaThread "Unconstrained build operations Thread 14" [_thread_blocked, id=10560, stack(0x0000000e7a200000,0x0000000e7a300000)]
  0x000001952b932a20 JavaThread "Unconstrained build operations Thread 15" [_thread_blocked, id=2004, stack(0x0000000e7a300000,0x0000000e7a400000)]
  0x000001952b932550 JavaThread "Unconstrained build operations Thread 16" [_thread_blocked, id=1188, stack(0x0000000e7a400000,0x0000000e7a500000)]
  0x000001952b932ef0 JavaThread "Unconstrained build operations Thread 17" [_thread_blocked, id=6568, stack(0x0000000e7a500000,0x0000000e7a600000)]
  0x000001952b934230 JavaThread "Unconstrained build operations Thread 18" [_thread_blocked, id=8460, stack(0x0000000e7a600000,0x0000000e7a700000)]
  0x000001952b934700 JavaThread "Unconstrained build operations Thread 19" [_thread_blocked, id=1168, stack(0x0000000e7a700000,0x0000000e7a800000)]
  0x000001952b935570 JavaThread "Unconstrained build operations Thread 20" [_thread_blocked, id=1848, stack(0x0000000e7a800000,0x0000000e7a900000)]
  0x000001952b934bd0 JavaThread "Unconstrained build operations Thread 21" [_thread_blocked, id=3352, stack(0x0000000e7a900000,0x0000000e7aa00000)]
  0x000001952b935a40 JavaThread "Unconstrained build operations Thread 22" [_thread_blocked, id=9740, stack(0x0000000e7aa00000,0x0000000e7ab00000)]
  0x000001952b9363e0 JavaThread "Unconstrained build operations Thread 23" [_thread_blocked, id=5676, stack(0x0000000e7ab00000,0x0000000e7ac00000)]
  0x000001952b9368b0 JavaThread "Unconstrained build operations Thread 24" [_thread_blocked, id=3540, stack(0x0000000e7ac00000,0x0000000e7ad00000)]
  0x000001952b6d4860 JavaThread "Unconstrained build operations Thread 25" [_thread_blocked, id=3696, stack(0x0000000e7ad00000,0x0000000e7ae00000)]
  0x000001952b6d6a10 JavaThread "Unconstrained build operations Thread 26" [_thread_blocked, id=2536, stack(0x0000000e7ae00000,0x0000000e7af00000)]
  0x000001952b6d6070 JavaThread "Unconstrained build operations Thread 27" [_thread_blocked, id=7036, stack(0x0000000e7af00000,0x0000000e7b000000)]
  0x000001952b6da3d0 JavaThread "Unconstrained build operations Thread 28" [_thread_blocked, id=6320, stack(0x0000000e7b000000,0x0000000e7b100000)]
  0x000001952b6d9090 JavaThread "Unconstrained build operations Thread 29" [_thread_blocked, id=6324, stack(0x0000000e7b100000,0x0000000e7b200000)]
  0x000001952b6d6ee0 JavaThread "Unconstrained build operations Thread 30" [_thread_blocked, id=3044, stack(0x0000000e7b200000,0x0000000e7b300000)]
  0x000001952b6d73b0 JavaThread "Unconstrained build operations Thread 31" [_thread_blocked, id=2448, stack(0x0000000e7b300000,0x0000000e7b400000)]
  0x000001952b6d5200 JavaThread "Unconstrained build operations Thread 32" [_thread_blocked, id=416, stack(0x0000000e7b400000,0x0000000e7b500000)]
  0x000001952b6d7880 JavaThread "Unconstrained build operations Thread 33" [_thread_blocked, id=8284, stack(0x0000000e7b500000,0x0000000e7b600000)]
  0x000001952b6d9560 JavaThread "Unconstrained build operations Thread 34" [_thread_blocked, id=6904, stack(0x0000000e7b600000,0x0000000e7b700000)]
  0x000001952b6d3520 JavaThread "Unconstrained build operations Thread 35" [_thread_blocked, id=2416, stack(0x0000000e7b700000,0x0000000e7b800000)]
  0x000001952b6d56d0 JavaThread "Unconstrained build operations Thread 36" [_thread_blocked, id=9864, stack(0x0000000e7b800000,0x0000000e7b900000)]
  0x000001952b6d86f0 JavaThread "Unconstrained build operations Thread 37" [_thread_blocked, id=3952, stack(0x0000000e7b900000,0x0000000e7ba00000)]
  0x000001952b6d6540 JavaThread "Unconstrained build operations Thread 38" [_thread_blocked, id=7980, stack(0x0000000e7ba00000,0x0000000e7bb00000)]
  0x000001952b6d5ba0 JavaThread "Unconstrained build operations Thread 39" [_thread_blocked, id=1184, stack(0x0000000e7bb00000,0x0000000e7bc00000)]
  0x000001952b6d7d50 JavaThread "Unconstrained build operations Thread 40" [_thread_blocked, id=1564, stack(0x0000000e7bc00000,0x0000000e7bd00000)]
  0x000001952b6da8a0 JavaThread "build event listener" [_thread_blocked, id=4424, stack(0x0000000e7bd00000,0x0000000e7be00000)]
  0x000001952b6d8bc0 JavaThread "Memory manager" [_thread_blocked, id=8860, stack(0x0000000e7be00000,0x0000000e7bf00000)]
  0x000001952b564d70 JavaThread "included builds" [_thread_blocked, id=8272, stack(0x0000000e7bf00000,0x0000000e7c000000)]
  0x000001952b566a50 JavaThread "Execution worker" [_thread_blocked, id=6484, stack(0x0000000e7c000000,0x0000000e7c100000)]
  0x000001952b5660b0 JavaThread "Execution worker Thread 2" [_thread_blocked, id=2460, stack(0x0000000e7c100000,0x0000000e7c200000)]
  0x000001952b563090 JavaThread "Execution worker Thread 3" [_thread_blocked, id=7608, stack(0x0000000e7c200000,0x0000000e7c300000)]
  0x000001952b563560 JavaThread "Cache worker for execution history cache (C:\Users\profsl\AndroidStudioProjects\FMU2023_2_4aM\.gradle\8.0\executionHistory)" [_thread_blocked, id=4996, stack(0x0000000e7c300000,0x0000000e7c400000)]
  0x000001952af35620 JavaThread "WorkerExecutor Queue" [_thread_blocked, id=9792, stack(0x0000000e7c400000,0x0000000e7c500000)]
  0x000001952af35af0 JavaThread "WorkerExecutor Queue Thread 2" [_thread_blocked, id=3644, stack(0x0000000e7c500000,0x0000000e7c600000)]
  0x000001952e55ea20 JavaThread "WorkerExecutor Queue Thread 4" [_thread_blocked, id=9484, stack(0x0000000e7c700000,0x0000000e7c800000)]
  0x000001952bc9df20 JavaThread "pool-3-thread-1" [_thread_blocked, id=10232, stack(0x0000000e7c900000,0x0000000e7ca00000)]
  0x000001952e29dee0 JavaThread "WorkerExecutor Queue Thread 5" [_thread_blocked, id=8408, stack(0x0000000e7ca00000,0x0000000e7cb00000)]
  0x000001952e29bd30 JavaThread "stderr" [_thread_in_native, id=7972, stack(0x0000000e7cb00000,0x0000000e7cc00000)]
  0x000001952e29c200 JavaThread "stdout" [_thread_in_native, id=10092, stack(0x0000000e7cc00000,0x0000000e7cd00000)]
  0x000001952ae8e1d0 JavaThread "C2 CompilerThread1" daemon [_thread_blocked, id=11188, stack(0x0000000e77400000,0x0000000e77500000)]
  0x000001953135ffa0 JavaThread "ForkJoinPool-1-worker-1" daemon [_thread_blocked, id=8328, stack(0x0000000e7c600000,0x0000000e7c700000)]
  0x000001953135fad0 JavaThread "ForkJoinPool-1-worker-2" daemon [_thread_blocked, id=8732, stack(0x0000000e7cd00000,0x0000000e7ce00000)]
  0x000001952e55dbb0 JavaThread "ForkJoinPool-1-worker-3" daemon [_thread_blocked, id=10708, stack(0x0000000e7ce00000,0x0000000e7cf00000)]
  0x000001952e29c6d0 JavaThread "ForkJoinPool-1-worker-4" daemon [_thread_blocked, id=10628, stack(0x0000000e7cf00000,0x0000000e7d000000)]

Other Threads:
=>0x0000019524e0b890 VMThread "VM Thread" [stack: 0x0000000e76700000,0x0000000e76800000] [id=10484]
  0x0000019525984a40 WatcherThread [stack: 0x0000000e77300000,0x0000000e77400000] [id=1588]
  0x000001950b0ec980 GCTaskThread "GC Thread#0" [stack: 0x0000000e76200000,0x0000000e76300000] [id=8772]
  0x0000019525bf7db0 GCTaskThread "GC Thread#1" [stack: 0x0000000e77500000,0x0000000e77600000] [id=9444]
  0x0000019525bf75a0 GCTaskThread "GC Thread#2" [stack: 0x0000000e77600000,0x0000000e77700000] [id=9268]
  0x0000019525bf8b20 GCTaskThread "GC Thread#3" [stack: 0x0000000e77700000,0x0000000e77800000] [id=5488]
  0x000001950b0fd7d0 ConcurrentGCThread "G1 Main Marker" [stack: 0x0000000e76300000,0x0000000e76400000] [id=9044]
  0x000001950b0fe890 ConcurrentGCThread "G1 Conc#0" [stack: 0x0000000e76400000,0x0000000e76500000] [id=6432]
  0x0000019524c724b0 ConcurrentGCThread "G1 Refine#0" [stack: 0x0000000e76500000,0x0000000e76600000] [id=9272]
  0x000001952866b0d0 ConcurrentGCThread "G1 Refine#1" [stack: 0x0000000e78f00000,0x0000000e79000000] [id=7708]
  0x0000019531251c30 ConcurrentGCThread "G1 Refine#2" [stack: 0x0000000e7c800000,0x0000000e7c900000] [id=5060]
  0x000001950b152460 ConcurrentGCThread "G1 Service" [stack: 0x0000000e76600000,0x0000000e76700000] [id=7312]

Threads with active compile tasks:
C2 CompilerThread0    22031 16204       4       com.android.tools.r8.dex.B::a (836 bytes)
C1 CompilerThread0    22031 16314       2       com.android.tools.r8.dex.code.O::a (3284 bytes)
C2 CompilerThread1    22031 16186 %     4       com.android.tools.r8.dex.B::a @ 316 (1021 bytes)

VM state: at safepoint (normal execution)

VM Mutex/Monitor currently owned by a thread:  ([mutex/lock_event])
[0x000001950b08c570] Threads_lock - owner thread: 0x0000019524e0b890
[0x000001950b08c840] Heap_lock - owner thread: 0x000001953135fad0

Heap address: 0x0000000080000000, size: 2048 MB, Compressed Oops mode: 32-bit

CDS archive(s) not mapped
Compressed class space mapped at: 0x0000000100000000-0x0000000140000000, reserved size: 1073741824
Narrow klass base: 0x0000000000000000, Narrow klass shift: 3, Narrow klass range: 0x140000000

GC Precious Log:
 CPUs: 4 total, 4 available
 Memory: 8087M
 Large Page Support: Disabled
 NUMA Support: Disabled
 Compressed Oops: Enabled (32-bit)
 Heap Region Size: 1M
 Heap Min Capacity: 8M
 Heap Initial Capacity: 128M
 Heap Max Capacity: 2G
 Pre-touch: Disabled
 Parallel Workers: 4
 Concurrent Workers: 1
 Concurrent Refinement Workers: 4
 Periodic GC: Disabled

Heap:
 garbage-first heap   total 243712K, used 198099K [0x0000000080000000, 0x0000000100000000)
  region size 1024K, 3 young (3072K), 3 survivors (3072K)
 Metaspace       used 112071K, committed 112768K, reserved 1155072K
  class space    used 15008K, committed 15360K, reserved 1048576K

Heap Regions: E=young(eden), S=young(survivor), O=old, HS=humongous(starts), HC=humongous(continues), CS=collection set, F=free, OA=open archive, CA=closed archive, TAMS=top-at-mark-start (previous, next)
|   0|0x0000000080000000, 0x0000000080100000, 0x0000000080100000|100%| O|  |TAMS 0x0000000080100000, 0x0000000080100000| Untracked 
|   1|0x0000000080100000, 0x0000000080200000, 0x0000000080200000|100%| O|  |TAMS 0x0000000080200000, 0x0000000080200000| Untracked 
|   2|0x0000000080200000, 0x0000000080300000, 0x0000000080300000|100%|HS|  |TAMS 0x0000000080300000, 0x0000000080300000| Complete 
|   3|0x0000000080300000, 0x0000000080400000, 0x0000000080400000|100%|HC|  |TAMS 0x0000000080400000, 0x0000000080400000| Complete 
|   4|0x0000000080400000, 0x0000000080500000, 0x0000000080500000|100%|HC|  |TAMS 0x0000000080500000, 0x0000000080500000| Complete 
|   5|0x0000000080500000, 0x0000000080600000, 0x0000000080600000|100%|HC|  |TAMS 0x0000000080600000, 0x0000000080600000| Complete 
|   6|0x0000000080600000, 0x0000000080700000, 0x0000000080700000|100%| O|  |TAMS 0x0000000080700000, 0x0000000080700000| Untracked 
|   7|0x0000000080700000, 0x0000000080800000, 0x0000000080800000|100%| O|  |TAMS 0x0000000080800000, 0x0000000080800000| Untracked 
|   8|0x0000000080800000, 0x0000000080900000, 0x0000000080900000|100%| O|  |TAMS 0x0000000080900000, 0x0000000080900000| Untracked 
|   9|0x0000000080900000, 0x0000000080a00000, 0x0000000080a00000|100%| O|  |TAMS 0x0000000080a00000, 0x0000000080a00000| Untracked 
|  10|0x0000000080a00000, 0x0000000080b00000, 0x0000000080b00000|100%| O|  |TAMS 0x0000000080b00000, 0x0000000080b00000| Untracked 
|  11|0x0000000080b00000, 0x0000000080c00000, 0x0000000080c00000|100%| O|  |TAMS 0x0000000080c00000, 0x0000000080c00000| Untracked 
|  12|0x0000000080c00000, 0x0000000080d00000, 0x0000000080d00000|100%| O|  |TAMS 0x0000000080d00000, 0x0000000080d00000| Untracked 
|  13|0x0000000080d00000, 0x0000000080e00000, 0x0000000080e00000|100%| O|  |TAMS 0x0000000080e00000, 0x0000000080e00000| Untracked 
|  14|0x0000000080e00000, 0x0000000080f00000, 0x0000000080f00000|100%| O|  |TAMS 0x0000000080f00000, 0x0000000080f00000| Untracked 
|  15|0x0000000080f00000, 0x0000000081000000, 0x0000000081000000|100%| O|  |TAMS 0x0000000081000000, 0x0000000081000000| Untracked 
|  16|0x0000000081000000, 0x0000000081100000, 0x0000000081100000|100%| O|  |TAMS 0x0000000081100000, 0x0000000081100000| Untracked 
|  17|0x0000000081100000, 0x0000000081200000, 0x0000000081200000|100%| O|  |TAMS 0x0000000081200000, 0x0000000081200000| Untracked 
|  18|0x0000000081200000, 0x0000000081300000, 0x0000000081300000|100%| O|  |TAMS 0x0000000081300000, 0x0000000081300000| Untracked 
|  19|0x0000000081300000, 0x0000000081400000, 0x0000000081400000|100%| O|  |TAMS 0x0000000081400000, 0x0000000081400000| Untracked 
|  20|0x0000000081400000, 0x0000000081500000, 0x0000000081500000|100%|HS|  |TAMS 0x0000000081500000, 0x0000000081500000| Complete 
|  21|0x0000000081500000, 0x0000000081600000, 0x0000000081600000|100%| O|  |TAMS 0x0000000081600000, 0x0000000081600000| Untracked 
|  22|0x0000000081600000, 0x0000000081700000, 0x0000000081700000|100%| O|  |TAMS 0x0000000081700000, 0x0000000081700000| Untracked 
|  23|0x0000000081700000, 0x0000000081800000, 0x0000000081800000|100%| O|  |TAMS 0x0000000081800000, 0x0000000081800000| Untracked 
|  24|0x0000000081800000, 0x0000000081900000, 0x0000000081900000|100%| O|  |TAMS 0x0000000081900000, 0x0000000081900000| Untracked 
|  25|0x0000000081900000, 0x0000000081a00000, 0x0000000081a00000|100%| O|  |TAMS 0x0000000081a00000, 0x0000000081a00000| Untracked 
|  26|0x0000000081a00000, 0x0000000081b00000, 0x0000000081b00000|100%| O|  |TAMS 0x0000000081b00000, 0x0000000081b00000| Untracked 
|  27|0x0000000081b00000, 0x0000000081c00000, 0x0000000081c00000|100%| O|  |TAMS 0x0000000081c00000, 0x0000000081c00000| Untracked 
|  28|0x0000000081c00000, 0x0000000081d00000, 0x0000000081d00000|100%| O|  |TAMS 0x0000000081d00000, 0x0000000081d00000| Untracked 
|  29|0x0000000081d00000, 0x0000000081e00000, 0x0000000081e00000|100%|HS|  |TAMS 0x0000000081e00000, 0x0000000081e00000| Complete 
|  30|0x0000000081e00000, 0x0000000081f00000, 0x0000000081f00000|100%| O|  |TAMS 0x0000000081f00000, 0x0000000081f00000| Untracked 
|  31|0x0000000081f00000, 0x0000000082000000, 0x0000000082000000|100%| O|  |TAMS 0x0000000082000000, 0x0000000082000000| Untracked 
|  32|0x0000000082000000, 0x0000000082100000, 0x0000000082100000|100%|HS|  |TAMS 0x0000000082100000, 0x0000000082100000| Complete 
|  33|0x0000000082100000, 0x0000000082200000, 0x0000000082200000|100%| O|  |TAMS 0x0000000082200000, 0x0000000082200000| Untracked 
|  34|0x0000000082200000, 0x0000000082300000, 0x0000000082300000|100%| O|  |TAMS 0x0000000082300000, 0x0000000082300000| Untracked 
|  35|0x0000000082300000, 0x0000000082400000, 0x0000000082400000|100%| O|  |TAMS 0x0000000082400000, 0x0000000082400000| Untracked 
|  36|0x0000000082400000, 0x0000000082500000, 0x0000000082500000|100%| O|  |TAMS 0x0000000082500000, 0x0000000082500000| Untracked 
|  37|0x0000000082500000, 0x0000000082600000, 0x0000000082600000|100%| O|  |TAMS 0x0000000082600000, 0x0000000082600000| Untracked 
|  38|0x0000000082600000, 0x0000000082700000, 0x0000000082700000|100%| O|  |TAMS 0x0000000082700000, 0x0000000082700000| Untracked 
|  39|0x0000000082700000, 0x0000000082800000, 0x0000000082800000|100%| O|  |TAMS 0x0000000082800000, 0x0000000082800000| Untracked 
|  40|0x0000000082800000, 0x0000000082900000, 0x0000000082900000|100%| O|  |TAMS 0x0000000082900000, 0x0000000082900000| Untracked 
|  41|0x0000000082900000, 0x0000000082a00000, 0x0000000082a00000|100%| O|  |TAMS 0x0000000082a00000, 0x0000000082a00000| Untracked 
|  42|0x0000000082a00000, 0x0000000082b00000, 0x0000000082b00000|100%| O|  |TAMS 0x0000000082b00000, 0x0000000082b00000| Untracked 
|  43|0x0000000082b00000, 0x0000000082c00000, 0x0000000082c00000|100%| O|  |TAMS 0x0000000082c00000, 0x0000000082c00000| Untracked 
|  44|0x0000000082c00000, 0x0000000082d00000, 0x0000000082d00000|100%| O|  |TAMS 0x0000000082d00000, 0x0000000082d00000| Untracked 
|  45|0x0000000082d00000, 0x0000000082e00000, 0x0000000082e00000|100%| O|  |TAMS 0x0000000082e00000, 0x0000000082e00000| Untracked 
|  46|0x0000000082e00000, 0x0000000082f00000, 0x0000000082f00000|100%| O|  |TAMS 0x0000000082f00000, 0x0000000082f00000| Untracked 
|  47|0x0000000082f00000, 0x0000000083000000, 0x0000000083000000|100%| O|  |TAMS 0x0000000083000000, 0x0000000083000000| Untracked 
|  48|0x0000000083000000, 0x0000000083100000, 0x0000000083100000|100%| O|  |TAMS 0x0000000083100000, 0x0000000083100000| Untracked 
|  49|0x0000000083100000, 0x0000000083200000, 0x0000000083200000|100%| O|  |TAMS 0x0000000083200000, 0x0000000083200000| Untracked 
|  50|0x0000000083200000, 0x0000000083300000, 0x0000000083300000|100%| O|  |TAMS 0x0000000083300000, 0x0000000083300000| Untracked 
|  51|0x0000000083300000, 0x0000000083400000, 0x0000000083400000|100%| O|  |TAMS 0x0000000083400000, 0x0000000083400000| Untracked 
|  52|0x0000000083400000, 0x0000000083500000, 0x0000000083500000|100%| O|  |TAMS 0x0000000083500000, 0x0000000083500000| Untracked 
|  53|0x0000000083500000, 0x0000000083600000, 0x0000000083600000|100%| O|  |TAMS 0x0000000083600000, 0x0000000083600000| Untracked 
|  54|0x0000000083600000, 0x0000000083700000, 0x0000000083700000|100%| O|  |TAMS 0x0000000083700000, 0x0000000083700000| Untracked 
|  55|0x0000000083700000, 0x0000000083800000, 0x0000000083800000|100%| O|  |TAMS 0x0000000083800000, 0x0000000083800000| Untracked 
|  56|0x0000000083800000, 0x0000000083900000, 0x0000000083900000|100%| O|  |TAMS 0x0000000083900000, 0x0000000083900000| Untracked 
|  57|0x0000000083900000, 0x0000000083a00000, 0x0000000083a00000|100%| O|  |TAMS 0x0000000083a00000, 0x0000000083a00000| Untracked 
|  58|0x0000000083a00000, 0x0000000083b00000, 0x0000000083b00000|100%| O|  |TAMS 0x0000000083b00000, 0x0000000083b00000| Untracked 
|  59|0x0000000083b00000, 0x0000000083c00000, 0x0000000083c00000|100%| O|  |TAMS 0x0000000083c00000, 0x0000000083c00000| Untracked 
|  60|0x0000000083c00000, 0x0000000083d00000, 0x0000000083d00000|100%| O|  |TAMS 0x0000000083d00000, 0x0000000083d00000| Untracked 
|  61|0x0000000083d00000, 0x0000000083e00000, 0x0000000083e00000|100%| O|  |TAMS 0x0000000083e00000, 0x0000000083e00000| Untracked 
|  62|0x0000000083e00000, 0x0000000083f00000, 0x0000000083f00000|100%| O|  |TAMS 0x0000000083f00000, 0x0000000083f00000| Untracked 
|  63|0x0000000083f00000, 0x0000000084000000, 0x0000000084000000|100%| O|  |TAMS 0x0000000084000000, 0x0000000084000000| Untracked 
|  64|0x0000000084000000, 0x0000000084100000, 0x0000000084100000|100%| O|  |TAMS 0x0000000084000000, 0x0000000084100000| Untracked 
|  65|0x0000000084100000, 0x0000000084200000, 0x0000000084200000|100%| O|  |TAMS 0x0000000084200000, 0x0000000084200000| Untracked 
|  66|0x0000000084200000, 0x0000000084300000, 0x0000000084300000|100%| O|  |TAMS 0x0000000084300000, 0x0000000084300000| Untracked 
|  67|0x0000000084300000, 0x0000000084400000, 0x0000000084400000|100%| O|  |TAMS 0x0000000084400000, 0x0000000084400000| Untracked 
|  68|0x0000000084400000, 0x0000000084500000, 0x0000000084500000|100%| O|  |TAMS 0x0000000084500000, 0x0000000084500000| Untracked 
|  69|0x0000000084500000, 0x0000000084600000, 0x0000000084600000|100%| O|  |TAMS 0x0000000084600000, 0x0000000084600000| Untracked 
|  70|0x0000000084600000, 0x0000000084700000, 0x0000000084700000|100%| O|  |TAMS 0x0000000084700000, 0x0000000084700000| Untracked 
|  71|0x0000000084700000, 0x0000000084800000, 0x0000000084800000|100%| O|  |TAMS 0x0000000084800000, 0x0000000084800000| Untracked 
|  72|0x0000000084800000, 0x0000000084900000, 0x0000000084900000|100%| O|  |TAMS 0x0000000084800000, 0x0000000084900000| Untracked 
|  73|0x0000000084900000, 0x0000000084a00000, 0x0000000084a00000|100%| O|  |TAMS 0x0000000084a00000, 0x0000000084a00000| Untracked 
|  74|0x0000000084a00000, 0x0000000084b00000, 0x0000000084b00000|100%| O|  |TAMS 0x0000000084b00000, 0x0000000084b00000| Untracked 
|  75|0x0000000084b00000, 0x0000000084c00000, 0x0000000084c00000|100%| O|  |TAMS 0x0000000084c00000, 0x0000000084c00000| Untracked 
|  76|0x0000000084c00000, 0x0000000084d00000, 0x0000000084d00000|100%| O|  |TAMS 0x0000000084d00000, 0x0000000084d00000| Untracked 
|  77|0x0000000084d00000, 0x0000000084e00000, 0x0000000084e00000|100%| O|  |TAMS 0x0000000084e00000, 0x0000000084e00000| Untracked 
|  78|0x0000000084e00000, 0x0000000084f00000, 0x0000000084f00000|100%| O|  |TAMS 0x0000000084f00000, 0x0000000084f00000| Untracked 
|  79|0x0000000084f00000, 0x0000000085000000, 0x0000000085000000|100%| O|  |TAMS 0x0000000085000000, 0x0000000085000000| Untracked 
|  80|0x0000000085000000, 0x0000000085100000, 0x0000000085100000|100%| O|  |TAMS 0x0000000085100000, 0x0000000085100000| Untracked 
|  81|0x0000000085100000, 0x0000000085200000, 0x0000000085200000|100%| O|  |TAMS 0x0000000085200000, 0x0000000085200000| Untracked 
|  82|0x0000000085200000, 0x0000000085300000, 0x0000000085300000|100%| O|  |TAMS 0x0000000085300000, 0x0000000085300000| Untracked 
|  83|0x0000000085300000, 0x0000000085400000, 0x0000000085400000|100%|HS|  |TAMS 0x0000000085400000, 0x0000000085400000| Complete 
|  84|0x0000000085400000, 0x0000000085500000, 0x0000000085500000|100%|HC|  |TAMS 0x0000000085500000, 0x0000000085500000| Complete 
|  85|0x0000000085500000, 0x0000000085600000, 0x0000000085600000|100%| O|  |TAMS 0x0000000085500000, 0x0000000085600000| Untracked 
|  86|0x0000000085600000, 0x0000000085700000, 0x0000000085700000|100%| O|  |TAMS 0x0000000085600000, 0x0000000085700000| Untracked 
|  87|0x0000000085700000, 0x0000000085800000, 0x0000000085800000|100%| O|  |TAMS 0x0000000085700000, 0x0000000085800000| Untracked 
|  88|0x0000000085800000, 0x0000000085900000, 0x0000000085900000|100%| O|  |TAMS 0x0000000085800000, 0x0000000085900000| Untracked 
|  89|0x0000000085900000, 0x0000000085a00000, 0x0000000085a00000|100%| O|  |TAMS 0x0000000085900000, 0x0000000085a00000| Untracked 
|  90|0x0000000085a00000, 0x0000000085b00000, 0x0000000085b00000|100%| O|  |TAMS 0x0000000085a00000, 0x0000000085b00000| Untracked 
|  91|0x0000000085b00000, 0x0000000085c00000, 0x0000000085c00000|100%| O|  |TAMS 0x0000000085b00000, 0x0000000085c00000| Untracked 
|  92|0x0000000085c00000, 0x0000000085d00000, 0x0000000085d00000|100%| O|  |TAMS 0x0000000085c00000, 0x0000000085d00000| Untracked 
|  93|0x0000000085d00000, 0x0000000085e00000, 0x0000000085e00000|100%| O|  |TAMS 0x0000000085e00000, 0x0000000085e00000| Untracked 
|  94|0x0000000085e00000, 0x0000000085f00000, 0x0000000085f00000|100%| O|  |TAMS 0x0000000085f00000, 0x0000000085f00000| Untracked 
|  95|0x0000000085f00000, 0x0000000086000000, 0x0000000086000000|100%| O|  |TAMS 0x0000000086000000, 0x0000000086000000| Untracked 
|  96|0x0000000086000000, 0x0000000086100000, 0x0000000086100000|100%| O|  |TAMS 0x0000000086100000, 0x0000000086100000| Untracked 
|  97|0x0000000086100000, 0x0000000086200000, 0x0000000086200000|100%| O|  |TAMS 0x0000000086200000, 0x0000000086200000| Untracked 
|  98|0x0000000086200000, 0x0000000086300000, 0x0000000086300000|100%| O|  |TAMS 0x0000000086300000, 0x0000000086300000| Untracked 
|  99|0x0000000086300000, 0x0000000086400000, 0x0000000086400000|100%| O|  |TAMS 0x0000000086400000, 0x0000000086400000| Untracked 
| 100|0x0000000086400000, 0x0000000086500000, 0x0000000086500000|100%| O|  |TAMS 0x0000000086500000, 0x0000000086500000| Untracked 
| 101|0x0000000086500000, 0x0000000086600000, 0x0000000086600000|100%| O|  |TAMS 0x0000000086600000, 0x0000000086600000| Untracked 
| 102|0x0000000086600000, 0x0000000086700000, 0x0000000086700000|100%| O|  |TAMS 0x0000000086700000, 0x0000000086700000| Untracked 
| 103|0x0000000086700000, 0x0000000086800000, 0x0000000086800000|100%| O|  |TAMS 0x0000000086800000, 0x0000000086800000| Untracked 
| 104|0x0000000086800000, 0x0000000086900000, 0x0000000086900000|100%| O|  |TAMS 0x0000000086900000, 0x0000000086900000| Untracked 
| 105|0x0000000086900000, 0x0000000086a00000, 0x0000000086a00000|100%| O|  |TAMS 0x0000000086a00000, 0x0000000086a00000| Untracked 
| 106|0x0000000086a00000, 0x0000000086b00000, 0x0000000086b00000|100%| O|  |TAMS 0x0000000086b00000, 0x0000000086b00000| Untracked 
| 107|0x0000000086b00000, 0x0000000086c00000, 0x0000000086c00000|100%| O|  |TAMS 0x0000000086c00000, 0x0000000086c00000| Untracked 
| 108|0x0000000086c00000, 0x0000000086d00000, 0x0000000086d00000|100%| O|  |TAMS 0x0000000086d00000, 0x0000000086d00000| Untracked 
| 109|0x0000000086d00000, 0x0000000086e00000, 0x0000000086e00000|100%| O|  |TAMS 0x0000000086d00000, 0x0000000086e00000| Untracked 
| 110|0x0000000086e00000, 0x0000000086f00000, 0x0000000086f00000|100%| O|  |TAMS 0x0000000086e00000, 0x0000000086f00000| Untracked 
| 111|0x0000000086f00000, 0x0000000087000000, 0x0000000087000000|100%| O|  |TAMS 0x0000000086f00000, 0x0000000087000000| Untracked 
| 112|0x0000000087000000, 0x0000000087100000, 0x0000000087100000|100%| O|  |TAMS 0x0000000087000000, 0x0000000087100000| Untracked 
| 113|0x0000000087100000, 0x0000000087200000, 0x0000000087200000|100%| O|  |TAMS 0x0000000087100000, 0x0000000087200000| Untracked 
| 114|0x0000000087200000, 0x0000000087300000, 0x0000000087300000|100%| O|  |TAMS 0x0000000087200000, 0x0000000087300000| Untracked 
| 115|0x0000000087300000, 0x0000000087400000, 0x0000000087400000|100%| O|  |TAMS 0x0000000087300000, 0x0000000087400000| Untracked 
| 116|0x0000000087400000, 0x0000000087500000, 0x0000000087500000|100%| O|  |TAMS 0x0000000087400000, 0x0000000087500000| Untracked 
| 117|0x0000000087500000, 0x0000000087600000, 0x0000000087600000|100%| O|  |TAMS 0x0000000087500000, 0x0000000087600000| Untracked 
| 118|0x0000000087600000, 0x0000000087700000, 0x0000000087700000|100%| O|  |TAMS 0x0000000087600000, 0x0000000087700000| Untracked 
| 119|0x0000000087700000, 0x0000000087800000, 0x0000000087800000|100%| O|  |TAMS 0x0000000087700000, 0x0000000087800000| Untracked 
| 120|0x0000000087800000, 0x0000000087900000, 0x0000000087900000|100%| O|  |TAMS 0x0000000087800000, 0x0000000087900000| Untracked 
| 121|0x0000000087900000, 0x0000000087a00000, 0x0000000087a00000|100%| O|  |TAMS 0x0000000087900000, 0x0000000087a00000| Untracked 
| 122|0x0000000087a00000, 0x0000000087b00000, 0x0000000087b00000|100%| O|  |TAMS 0x0000000087a00000, 0x0000000087b00000| Untracked 
| 123|0x0000000087b00000, 0x0000000087c00000, 0x0000000087c00000|100%| O|  |TAMS 0x0000000087b00000, 0x0000000087c00000| Untracked 
| 124|0x0000000087c00000, 0x0000000087d00000, 0x0000000087d00000|100%| O|  |TAMS 0x0000000087c00000, 0x0000000087d00000| Untracked 
| 125|0x0000000087d00000, 0x0000000087e00000, 0x0000000087e00000|100%| O|  |TAMS 0x0000000087d00000, 0x0000000087e00000| Untracked 
| 126|0x0000000087e00000, 0x0000000087f00000, 0x0000000087f00000|100%|HS|  |TAMS 0x0000000087e00000, 0x0000000087f00000| Complete 
| 127|0x0000000087f00000, 0x0000000088000000, 0x0000000088000000|100%|HC|  |TAMS 0x0000000087f00000, 0x0000000088000000| Complete 
| 128|0x0000000088000000, 0x0000000088100000, 0x0000000088100000|100%|HS|  |TAMS 0x0000000088000000, 0x0000000088100000| Complete 
| 129|0x0000000088100000, 0x0000000088200000, 0x0000000088200000|100%|HC|  |TAMS 0x0000000088100000, 0x0000000088200000| Complete 
| 130|0x0000000088200000, 0x0000000088300000, 0x0000000088300000|100%|HS|  |TAMS 0x0000000088200000, 0x0000000088300000| Complete 
| 131|0x0000000088300000, 0x0000000088400000, 0x0000000088400000|100%|HS|  |TAMS 0x0000000088300000, 0x0000000088400000| Complete 
| 132|0x0000000088400000, 0x0000000088500000, 0x0000000088500000|100%|HS|  |TAMS 0x0000000088400000, 0x0000000088500000| Complete 
| 133|0x0000000088500000, 0x0000000088600000, 0x0000000088600000|100%|HC|  |TAMS 0x0000000088500000, 0x0000000088600000| Complete 
| 134|0x0000000088600000, 0x0000000088700000, 0x0000000088700000|100%| O|  |TAMS 0x0000000088600000, 0x0000000088700000| Untracked 
| 135|0x0000000088700000, 0x0000000088800000, 0x0000000088800000|100%| O|  |TAMS 0x0000000088700000, 0x0000000088800000| Untracked 
| 136|0x0000000088800000, 0x0000000088900000, 0x0000000088900000|100%| O|  |TAMS 0x0000000088800000, 0x00000000888f4400| Untracked 
| 137|0x0000000088900000, 0x0000000088a00000, 0x0000000088a00000|100%|HS|  |TAMS 0x0000000088900000, 0x0000000088a00000| Complete 
| 138|0x0000000088a00000, 0x0000000088b00000, 0x0000000088b00000|100%|HC|  |TAMS 0x0000000088a00000, 0x0000000088b00000| Complete 
| 139|0x0000000088b00000, 0x0000000088c00000, 0x0000000088c00000|100%|HC|  |TAMS 0x0000000088b00000, 0x0000000088c00000| Complete 
| 140|0x0000000088c00000, 0x0000000088d00000, 0x0000000088d00000|100%|HS|  |TAMS 0x0000000088c00000, 0x0000000088c00000| Complete 
| 141|0x0000000088d00000, 0x0000000088e00000, 0x0000000088e00000|100%| O|  |TAMS 0x0000000088d00000, 0x0000000088d00000| Untracked 
| 142|0x0000000088e00000, 0x0000000088f00000, 0x0000000088f00000|100%| O|  |TAMS 0x0000000088e00000, 0x0000000088e00000| Untracked 
| 143|0x0000000088f00000, 0x0000000089000000, 0x0000000089000000|100%|HS|  |TAMS 0x0000000088f00000, 0x0000000089000000| Complete 
| 144|0x0000000089000000, 0x0000000089100000, 0x0000000089100000|100%|HC|  |TAMS 0x0000000089000000, 0x0000000089100000| Complete 
| 145|0x0000000089100000, 0x0000000089200000, 0x0000000089200000|100%|HS|  |TAMS 0x0000000089100000, 0x0000000089100000| Complete 
| 146|0x0000000089200000, 0x0000000089300000, 0x0000000089300000|100%|HS|  |TAMS 0x0000000089200000, 0x0000000089300000| Complete 
| 147|0x0000000089300000, 0x0000000089400000, 0x0000000089400000|100%| O|  |TAMS 0x0000000089300000, 0x0000000089300000| Untracked 
| 148|0x0000000089400000, 0x0000000089500000, 0x0000000089500000|100%|HS|  |TAMS 0x0000000089400000, 0x0000000089500000| Complete 
| 149|0x0000000089500000, 0x0000000089600000, 0x0000000089600000|100%|HS|  |TAMS 0x0000000089500000, 0x0000000089500000| Complete 
| 150|0x0000000089600000, 0x0000000089700000, 0x0000000089700000|100%|HC|  |TAMS 0x0000000089600000, 0x0000000089600000| Complete 
| 151|0x0000000089700000, 0x0000000089800000, 0x0000000089800000|100%|HC|  |TAMS 0x0000000089700000, 0x0000000089700000| Complete 
| 152|0x0000000089800000, 0x0000000089900000, 0x0000000089900000|100%|HS|  |TAMS 0x0000000089800000, 0x0000000089900000| Complete 
| 153|0x0000000089900000, 0x0000000089a00000, 0x0000000089a00000|100%|HC|  |TAMS 0x0000000089900000, 0x0000000089a00000| Complete 
| 154|0x0000000089a00000, 0x0000000089b00000, 0x0000000089b00000|100%| O|  |TAMS 0x0000000089a00000, 0x0000000089a00000| Untracked 
| 155|0x0000000089b00000, 0x0000000089c00000, 0x0000000089c00000|100%| O|  |TAMS 0x0000000089b00000, 0x0000000089b00000| Untracked 
| 156|0x0000000089c00000, 0x0000000089d00000, 0x0000000089d00000|100%| O|  |TAMS 0x0000000089c00000, 0x0000000089c00000| Untracked 
| 157|0x0000000089d00000, 0x0000000089e00000, 0x0000000089e00000|100%|HS|  |TAMS 0x0000000089d00000, 0x0000000089e00000| Complete 
| 158|0x0000000089e00000, 0x0000000089f00000, 0x0000000089f00000|100%|HC|  |TAMS 0x0000000089e00000, 0x0000000089f00000| Complete 
| 159|0x0000000089f00000, 0x000000008a000000, 0x000000008a000000|100%| O|  |TAMS 0x0000000089f00000, 0x0000000089f00000| Untracked 
| 160|0x000000008a000000, 0x000000008a100000, 0x000000008a100000|100%| O|  |TAMS 0x000000008a000000, 0x000000008a000000| Untracked 
| 161|0x000000008a100000, 0x000000008a200000, 0x000000008a200000|100%| O|  |TAMS 0x000000008a100000, 0x000000008a100000| Untracked 
| 162|0x000000008a200000, 0x000000008a300000, 0x000000008a300000|100%| O|  |TAMS 0x000000008a200000, 0x000000008a200000| Untracked 
| 163|0x000000008a300000, 0x000000008a400000, 0x000000008a400000|100%| O|  |TAMS 0x000000008a300000, 0x000000008a300000| Untracked 
| 164|0x000000008a400000, 0x000000008a500000, 0x000000008a500000|100%| O|  |TAMS 0x000000008a400000, 0x000000008a400000| Untracked 
| 165|0x000000008a500000, 0x000000008a600000, 0x000000008a600000|100%| O|  |TAMS 0x000000008a500000, 0x000000008a500000| Untracked 
| 166|0x000000008a600000, 0x000000008a700000, 0x000000008a700000|100%| O|  |TAMS 0x000000008a600000, 0x000000008a600000| Untracked 
| 167|0x000000008a700000, 0x000000008a800000, 0x000000008a800000|100%| O|  |TAMS 0x000000008a700000, 0x000000008a700000| Untracked 
| 168|0x000000008a800000, 0x000000008a900000, 0x000000008a900000|100%| O|  |TAMS 0x000000008a800000, 0x000000008a800000| Untracked 
| 169|0x000000008a900000, 0x000000008aa00000, 0x000000008aa00000|100%| O|  |TAMS 0x000000008a900000, 0x000000008a900000| Untracked 
| 170|0x000000008aa00000, 0x000000008ab00000, 0x000000008ab00000|100%| O|  |TAMS 0x000000008aa00000, 0x000000008aa00000| Untracked 
| 171|0x000000008ab00000, 0x000000008ac00000, 0x000000008ac00000|100%| O|  |TAMS 0x000000008ab00000, 0x000000008ab00000| Untracked 
| 172|0x000000008ac00000, 0x000000008ad00000, 0x000000008ad00000|100%| O|  |TAMS 0x000000008ac00000, 0x000000008ac00000| Untracked 
| 173|0x000000008ad00000, 0x000000008ae00000, 0x000000008ae00000|100%| O|  |TAMS 0x000000008ad00000, 0x000000008ad00000| Untracked 
| 174|0x000000008ae00000, 0x000000008af00000, 0x000000008af00000|100%| O|  |TAMS 0x000000008ae00000, 0x000000008ae00000| Untracked 
| 175|0x000000008af00000, 0x000000008b000000, 0x000000008b000000|100%| O|  |TAMS 0x000000008af00000, 0x000000008af00000| Untracked 
| 176|0x000000008b000000, 0x000000008b100000, 0x000000008b100000|100%| O|  |TAMS 0x000000008b000000, 0x000000008b000000| Untracked 
| 177|0x000000008b100000, 0x000000008b200000, 0x000000008b200000|100%| O|  |TAMS 0x000000008b100000, 0x000000008b100000| Untracked 
| 178|0x000000008b200000, 0x000000008b300000, 0x000000008b300000|100%| O|  |TAMS 0x000000008b200000, 0x000000008b200000| Untracked 
| 179|0x000000008b300000, 0x000000008b400000, 0x000000008b400000|100%| O|  |TAMS 0x000000008b300000, 0x000000008b300000| Untracked 
| 180|0x000000008b400000, 0x000000008b500000, 0x000000008b500000|100%| O|  |TAMS 0x000000008b400000, 0x000000008b400000| Untracked 
| 181|0x000000008b500000, 0x000000008b600000, 0x000000008b600000|100%| O|  |TAMS 0x000000008b500000, 0x000000008b500000| Untracked 
| 182|0x000000008b600000, 0x000000008b700000, 0x000000008b700000|100%| O|  |TAMS 0x000000008b600000, 0x000000008b600000| Untracked 
| 183|0x000000008b700000, 0x000000008b800000, 0x000000008b800000|100%| O|  |TAMS 0x000000008b700000, 0x000000008b700000| Untracked 
| 184|0x000000008b800000, 0x000000008b900000, 0x000000008b900000|100%| O|  |TAMS 0x000000008b800000, 0x000000008b800000| Untracked 
| 185|0x000000008b900000, 0x000000008ba00000, 0x000000008ba00000|100%| O|  |TAMS 0x000000008b900000, 0x000000008b900000| Untracked 
| 186|0x000000008ba00000, 0x000000008bb00000, 0x000000008bb00000|100%| O|  |TAMS 0x000000008ba00000, 0x000000008ba00000| Untracked 
| 187|0x000000008bb00000, 0x000000008bc00000, 0x000000008bc00000|100%| O|  |TAMS 0x000000008bb00000, 0x000000008bb00000| Untracked 
| 188|0x000000008bc00000, 0x000000008bd00000, 0x000000008bd00000|100%| O|  |TAMS 0x000000008bc00000, 0x000000008bc00000| Untracked 
| 189|0x000000008bd00000, 0x000000008be00000, 0x000000008be00000|100%| O|  |TAMS 0x000000008bd00000, 0x000000008bd00000| Untracked 
| 190|0x000000008be00000, 0x000000008be74e00, 0x000000008bf00000| 45%| O|  |TAMS 0x000000008be00000, 0x000000008be00000| Untracked 
| 191|0x000000008bf00000, 0x000000008bf00000, 0x000000008c000000|  0%| F|  |TAMS 0x000000008bf00000, 0x000000008bf00000| Untracked 
| 192|0x000000008c000000, 0x000000008c000000, 0x000000008c100000|  0%| F|  |TAMS 0x000000008c000000, 0x000000008c000000| Untracked 
| 193|0x000000008c100000, 0x000000008c100000, 0x000000008c200000|  0%| F|  |TAMS 0x000000008c100000, 0x000000008c100000| Untracked 
| 194|0x000000008c200000, 0x000000008c200000, 0x000000008c300000|  0%| F|  |TAMS 0x000000008c200000, 0x000000008c200000| Untracked 
| 195|0x000000008c300000, 0x000000008c300000, 0x000000008c400000|  0%| F|  |TAMS 0x000000008c300000, 0x000000008c300000| Untracked 
| 196|0x000000008c400000, 0x000000008c400000, 0x000000008c500000|  0%| F|  |TAMS 0x000000008c400000, 0x000000008c400000| Untracked 
| 197|0x000000008c500000, 0x000000008c500000, 0x000000008c600000|  0%| F|  |TAMS 0x000000008c500000, 0x000000008c500000| Untracked 
| 198|0x000000008c600000, 0x000000008c600000, 0x000000008c700000|  0%| F|  |TAMS 0x000000008c600000, 0x000000008c600000| Untracked 
| 199|0x000000008c700000, 0x000000008c700000, 0x000000008c800000|  0%| F|  |TAMS 0x000000008c700000, 0x000000008c700000| Untracked 
| 200|0x000000008c800000, 0x000000008c800000, 0x000000008c900000|  0%| F|  |TAMS 0x000000008c800000, 0x000000008c800000| Untracked 
| 201|0x000000008c900000, 0x000000008c900000, 0x000000008ca00000|  0%| F|  |TAMS 0x000000008c900000, 0x000000008c900000| Untracked 
| 202|0x000000008ca00000, 0x000000008ca00000, 0x000000008cb00000|  0%| F|  |TAMS 0x000000008ca00000, 0x000000008ca00000| Untracked 
| 203|0x000000008cb00000, 0x000000008cb00000, 0x000000008cc00000|  0%| F|  |TAMS 0x000000008cb00000, 0x000000008cb00000| Untracked 
| 204|0x000000008cc00000, 0x000000008cc00000, 0x000000008cd00000|  0%| F|  |TAMS 0x000000008cc00000, 0x000000008cc00000| Untracked 
| 205|0x000000008cd00000, 0x000000008cd00000, 0x000000008ce00000|  0%| F|  |TAMS 0x000000008cd00000, 0x000000008cd00000| Untracked 
| 206|0x000000008ce00000, 0x000000008ce00000, 0x000000008cf00000|  0%| F|  |TAMS 0x000000008ce00000, 0x000000008ce00000| Untracked 
| 207|0x000000008cf00000, 0x000000008cf00000, 0x000000008d000000|  0%| F|  |TAMS 0x000000008cf00000, 0x000000008cf00000| Untracked 
| 208|0x000000008d000000, 0x000000008d000000, 0x000000008d100000|  0%| F|  |TAMS 0x000000008d000000, 0x000000008d000000| Untracked 
| 209|0x000000008d100000, 0x000000008d100000, 0x000000008d200000|  0%| F|  |TAMS 0x000000008d100000, 0x000000008d100000| Untracked 
| 210|0x000000008d200000, 0x000000008d200000, 0x000000008d300000|  0%| F|  |TAMS 0x000000008d200000, 0x000000008d200000| Untracked 
| 211|0x000000008d300000, 0x000000008d300000, 0x000000008d400000|  0%| F|  |TAMS 0x000000008d300000, 0x000000008d300000| Untracked 
| 212|0x000000008d400000, 0x000000008d400000, 0x000000008d500000|  0%| F|  |TAMS 0x000000008d400000, 0x000000008d400000| Untracked 
| 213|0x000000008d500000, 0x000000008d500000, 0x000000008d600000|  0%| F|  |TAMS 0x000000008d500000, 0x000000008d500000| Untracked 
| 214|0x000000008d600000, 0x000000008d600000, 0x000000008d700000|  0%| F|  |TAMS 0x000000008d600000, 0x000000008d600000| Untracked 
| 215|0x000000008d700000, 0x000000008d700000, 0x000000008d800000|  0%| F|  |TAMS 0x000000008d700000, 0x000000008d700000| Untracked 
| 216|0x000000008d800000, 0x000000008d800000, 0x000000008d900000|  0%| F|  |TAMS 0x000000008d800000, 0x000000008d800000| Untracked 
| 217|0x000000008d900000, 0x000000008d900000, 0x000000008da00000|  0%| F|  |TAMS 0x000000008d900000, 0x000000008d900000| Untracked 
| 218|0x000000008da00000, 0x000000008db00000, 0x000000008db00000|100%| S|CS|TAMS 0x000000008da00000, 0x000000008da00000| Complete 
| 219|0x000000008db00000, 0x000000008dc00000, 0x000000008dc00000|100%| S|CS|TAMS 0x000000008db00000, 0x000000008db00000| Complete 
| 220|0x000000008dc00000, 0x000000008dd00000, 0x000000008dd00000|100%| S|CS|TAMS 0x000000008dc00000, 0x000000008dc00000| Complete 
| 221|0x000000008dd00000, 0x000000008dd00000, 0x000000008de00000|  0%| F|  |TAMS 0x000000008dd00000, 0x000000008dd00000| Untracked 
| 222|0x000000008de00000, 0x000000008de00000, 0x000000008df00000|  0%| F|  |TAMS 0x000000008de00000, 0x000000008de00000| Untracked 
| 223|0x000000008df00000, 0x000000008df00000, 0x000000008e000000|  0%| F|  |TAMS 0x000000008df00000, 0x000000008df00000| Untracked 
| 224|0x000000008e000000, 0x000000008e000000, 0x000000008e100000|  0%| F|  |TAMS 0x000000008e000000, 0x000000008e000000| Untracked 
| 225|0x000000008e100000, 0x000000008e100000, 0x000000008e200000|  0%| F|  |TAMS 0x000000008e100000, 0x000000008e100000| Untracked 
| 226|0x000000008e200000, 0x000000008e200000, 0x000000008e300000|  0%| F|  |TAMS 0x000000008e200000, 0x000000008e200000| Untracked 
| 227|0x000000008e300000, 0x000000008e300000, 0x000000008e400000|  0%| F|  |TAMS 0x000000008e300000, 0x000000008e300000| Untracked 
| 228|0x000000008e400000, 0x000000008e400000, 0x000000008e500000|  0%| F|  |TAMS 0x000000008e400000, 0x000000008e400000| Untracked 
| 229|0x000000008e500000, 0x000000008e500000, 0x000000008e600000|  0%| F|  |TAMS 0x000000008e500000, 0x000000008e500000| Untracked 
| 230|0x000000008e600000, 0x000000008e600000, 0x000000008e700000|  0%| F|  |TAMS 0x000000008e600000, 0x000000008e600000| Untracked 
| 231|0x000000008e700000, 0x000000008e700000, 0x000000008e800000|  0%| F|  |TAMS 0x000000008e700000, 0x000000008e700000| Untracked 
| 232|0x000000008e800000, 0x000000008e800000, 0x000000008e900000|  0%| F|  |TAMS 0x000000008e800000, 0x000000008e800000| Untracked 
| 233|0x000000008e900000, 0x000000008e900000, 0x000000008ea00000|  0%| F|  |TAMS 0x000000008e900000, 0x000000008e900000| Untracked 
| 234|0x000000008ea00000, 0x000000008ea00000, 0x000000008eb00000|  0%| F|  |TAMS 0x000000008ea00000, 0x000000008ea00000| Untracked 
| 235|0x000000008eb00000, 0x000000008eb00000, 0x000000008ec00000|  0%| F|  |TAMS 0x000000008eb00000, 0x000000008eb00000| Untracked 
| 236|0x000000008ec00000, 0x000000008ec00000, 0x000000008ed00000|  0%| F|  |TAMS 0x000000008ec00000, 0x000000008ec00000| Untracked 
| 237|0x000000008ed00000, 0x000000008ed00000, 0x000000008ee00000|  0%| F|  |TAMS 0x000000008ed00000, 0x000000008ed00000| Untracked 

Card table byte_map: [0x000001951dfb0000,0x000001951e3b0000] _byte_map_base: 0x000001951dbb0000

Marking Bits (Prev, Next): (CMBitMap*) 0x000001950b0ecea0, (CMBitMap*) 0x000001950b0ecee0
 Prev Bits: [0x000001951e7b0000, 0x00000195207b0000)
 Next Bits: [0x00000195207b0000, 0x00000195227b0000)

Polling page: 0x000001950b020000

Metaspace:

Usage:
  Non-class:     94.79 MB used.
      Class:     14.66 MB used.
       Both:    109.45 MB used.

Virtual space:
  Non-class space:      104.00 MB reserved,      95.12 MB ( 91%) committed,  13 nodes.
      Class space:        1.00 GB reserved,      15.00 MB (  1%) committed,  1 nodes.
             Both:        1.10 GB reserved,     110.12 MB ( 10%) committed. 

Chunk freelists:
   Non-Class:  3.94 MB
       Class:  976.00 KB
        Both:  4.89 MB

MaxMetaspaceSize: unlimited
CompressedClassSpaceSize: 1.00 GB
Initial GC threshold: 21.00 MB
Current GC threshold: 155.56 MB
CDS: off
MetaspaceReclaimPolicy: balanced
 - commit_granule_bytes: 65536.
 - commit_granule_words: 8192.
 - virtual_space_node_default_size: 1048576.
 - enlarge_chunks_in_place: 1.
 - new_chunks_are_fully_committed: 0.
 - uncommit_free_chunks: 1.
 - use_allocation_guard: 0.
 - handle_deallocations: 1.


Internal statistics:

num_allocs_failed_limit: 12.
num_arena_births: 1186.
num_arena_deaths: 6.
num_vsnodes_births: 14.
num_vsnodes_deaths: 0.
num_space_committed: 1760.
num_space_uncommitted: 0.
num_chunks_returned_to_freelist: 20.
num_chunks_taken_from_freelist: 5342.
num_chunk_merges: 15.
num_chunk_splits: 3602.
num_chunks_enlarged: 2469.
num_purges: 2.
num_inconsistent_stats: 0.

CodeHeap 'non-profiled nmethods': size=120000Kb used=7986Kb max_used=8549Kb free=112013Kb
 bounds [0x0000019516050000, 0x00000195168b0000, 0x000001951d580000]
CodeHeap 'profiled nmethods': size=120000Kb used=25347Kb max_used=26170Kb free=94652Kb
 bounds [0x000001950e580000, 0x000001950ff40000, 0x0000019515ab0000]
CodeHeap 'non-nmethods': size=5760Kb used=2430Kb max_used=2506Kb free=3329Kb
 bounds [0x0000019515ab0000, 0x0000019515d30000, 0x0000019516050000]
 total_blobs=14185 nmethods=13215 adapters=882
 compilation: enabled
              stopped_count=0, restarted_count=0
 full_count=0

Compilation events (20 events):
Event: 21.358 Thread 0x00000195258276e0 nmethod 16302 0x000001950e8cf510 code [0x000001950e8cf6e0, 0x000001950e8cf978]
Event: 21.358 Thread 0x00000195258276e0 16303       2       com.android.tools.r8.graph.w0$b$$Lambda$1443/0x0000000100eff2b8::apply (8 bytes)
Event: 21.358 Thread 0x00000195258276e0 nmethod 16303 0x000001950e8cf110 code [0x000001950e8cf2a0, 0x000001950e8cf3d8]
Event: 21.360 Thread 0x00000195258276e0 16304       2       com.android.tools.r8.graph.J2::<init> (5 bytes)
Event: 21.360 Thread 0x00000195258276e0 nmethod 16304 0x000001950f05e390 code [0x000001950f05e520, 0x000001950f05e618]
Event: 21.361 Thread 0x00000195258276e0 16305       2       com.android.tools.r8.graph.g5::a (49 bytes)
Event: 21.362 Thread 0x00000195258276e0 nmethod 16305 0x000001950e8ceb90 code [0x000001950e8ced40, 0x000001950e8cefa8]
Event: 21.362 Thread 0x00000195258276e0 16306       2       com.android.tools.r8.internal.T0::entrySet (32 bytes)
Event: 21.363 Thread 0x00000195258276e0 nmethod 16306 0x000001950e8ce690 code [0x000001950e8ce840, 0x000001950e8cea98]
Event: 21.363 Thread 0x00000195258276e0 16307       2       com.android.tools.r8.internal.LJ::<init> (6 bytes)
Event: 21.363 Thread 0x00000195258276e0 nmethod 16307 0x000001950f78c190 code [0x000001950f78c320, 0x000001950f78c478]
Event: 21.363 Thread 0x00000195258276e0 16308       2       com.android.tools.r8.dex.code.d4::<init> (7 bytes)
Event: 21.363 Thread 0x00000195258276e0 nmethod 16308 0x000001950f78bd90 code [0x000001950f78bf20, 0x000001950f78c078]
Event: 21.365 Thread 0x00000195258276e0 16309       2       com.android.tools.r8.dex.code.F::<init> (7 bytes)
Event: 21.365 Thread 0x00000195258276e0 nmethod 16309 0x000001950f78ba10 code [0x000001950f78bba0, 0x000001950f78bcc8]
Event: 21.366 Thread 0x00000195258276e0 16310       2       com.android.tools.r8.dex.code.M1::<init> (13 bytes)
Event: 21.366 Thread 0x0000019525825d70 nmethod 15934 0x0000019516661790 code [0x0000019516662b60, 0x00000195166694b0]
Event: 21.367 Thread 0x0000019525825d70 16204       4       com.android.tools.r8.dex.B::a (836 bytes)
Event: 21.369 Thread 0x00000195258276e0 nmethod 16310 0x000001950f78b610 code [0x000001950f78b7a0, 0x000001950f78b8c8]
Event: 21.369 Thread 0x00000195258276e0 16314       2       com.android.tools.r8.dex.code.O::a (3284 bytes)

GC Heap History (20 events):
Event: 14.022 GC heap after
{Heap after GC invocations=32 (full 0):
 garbage-first heap   total 243712K, used 119252K [0x0000000080000000, 0x0000000100000000)
  region size 1024K, 8 young (8192K), 8 survivors (8192K)
 Metaspace       used 98140K, committed 98816K, reserved 1138688K
  class space    used 13115K, committed 13440K, reserved 1048576K
}
Event: 14.040 GC heap before
{Heap before GC invocations=32 (full 0):
 garbage-first heap   total 243712K, used 122324K [0x0000000080000000, 0x0000000100000000)
  region size 1024K, 11 young (11264K), 8 survivors (8192K)
 Metaspace       used 98221K, committed 98880K, reserved 1138688K
  class space    used 13124K, committed 13440K, reserved 1048576K
}
Event: 14.050 GC heap after
{Heap after GC invocations=33 (full 0):
 garbage-first heap   total 243712K, used 120740K [0x0000000080000000, 0x0000000100000000)
  region size 1024K, 2 young (2048K), 2 survivors (2048K)
 Metaspace       used 98221K, committed 98880K, reserved 1138688K
  class space    used 13124K, committed 13440K, reserved 1048576K
}
Event: 14.436 GC heap before
{Heap before GC invocations=33 (full 0):
 garbage-first heap   total 243712K, used 178084K [0x0000000080000000, 0x0000000100000000)
  region size 1024K, 58 young (59392K), 2 survivors (2048K)
 Metaspace       used 99364K, committed 100096K, reserved 1138688K
  class space    used 13206K, committed 13568K, reserved 1048576K
}
Event: 14.439 GC heap after
{Heap after GC invocations=34 (full 0):
 garbage-first heap   total 243712K, used 121632K [0x0000000080000000, 0x0000000100000000)
  region size 1024K, 3 young (3072K), 3 survivors (3072K)
 Metaspace       used 99364K, committed 100096K, reserved 1138688K
  class space    used 13206K, committed 13568K, reserved 1048576K
}
Event: 15.656 GC heap before
{Heap before GC invocations=34 (full 0):
 garbage-first heap   total 243712K, used 182048K [0x0000000080000000, 0x0000000100000000)
  region size 1024K, 63 young (64512K), 3 survivors (3072K)
 Metaspace       used 101494K, committed 102208K, reserved 1138688K
  class space    used 13439K, committed 13760K, reserved 1048576K
}
Event: 15.661 GC heap after
{Heap after GC invocations=35 (full 0):
 garbage-first heap   total 243712K, used 122959K [0x0000000080000000, 0x0000000100000000)
  region size 1024K, 4 young (4096K), 4 survivors (4096K)
 Metaspace       used 101494K, committed 102208K, reserved 1138688K
  class space    used 13439K, committed 13760K, reserved 1048576K
}
Event: 17.186 GC heap before
{Heap before GC invocations=35 (full 0):
 garbage-first heap   total 243712K, used 186447K [0x0000000080000000, 0x0000000100000000)
  region size 1024K, 67 young (68608K), 4 survivors (4096K)
 Metaspace       used 103872K, committed 104640K, reserved 1146880K
  class space    used 13728K, committed 14080K, reserved 1048576K
}
Event: 17.195 GC heap after
{Heap after GC invocations=36 (full 0):
 garbage-first heap   total 243712K, used 128847K [0x0000000080000000, 0x0000000100000000)
  region size 1024K, 9 young (9216K), 9 survivors (9216K)
 Metaspace       used 103872K, committed 104640K, reserved 1146880K
  class space    used 13728K, committed 14080K, reserved 1048576K
}
Event: 18.106 GC heap before
{Heap before GC invocations=36 (full 0):
 garbage-first heap   total 243712K, used 191311K [0x0000000080000000, 0x0000000100000000)
  region size 1024K, 71 young (72704K), 9 survivors (9216K)
 Metaspace       used 104620K, committed 105280K, reserved 1146880K
  class space    used 13817K, committed 14144K, reserved 1048576K
}
Event: 18.119 GC heap after
{Heap after GC invocations=37 (full 0):
 garbage-first heap   total 243712K, used 135927K [0x0000000080000000, 0x0000000100000000)
  region size 1024K, 8 young (8192K), 8 survivors (8192K)
 Metaspace       used 104620K, committed 105280K, reserved 1146880K
  class space    used 13817K, committed 14144K, reserved 1048576K
}
Event: 18.952 GC heap before
{Heap before GC invocations=37 (full 0):
 garbage-first heap   total 243712K, used 201463K [0x0000000080000000, 0x0000000100000000)
  region size 1024K, 65 young (66560K), 8 survivors (8192K)
 Metaspace       used 105896K, committed 106624K, reserved 1146880K
  class space    used 13994K, committed 14336K, reserved 1048576K
}
Event: 18.957 GC heap after
{Heap after GC invocations=38 (full 0):
 garbage-first heap   total 243712K, used 142976K [0x0000000080000000, 0x0000000100000000)
  region size 1024K, 5 young (5120K), 5 survivors (5120K)
 Metaspace       used 105896K, committed 106624K, reserved 1146880K
  class space    used 13994K, committed 14336K, reserved 1048576K
}
Event: 20.316 GC heap before
{Heap before GC invocations=38 (full 0):
 garbage-first heap   total 243712K, used 192128K [0x0000000080000000, 0x0000000100000000)
  region size 1024K, 28 young (28672K), 5 survivors (5120K)
 Metaspace       used 109087K, committed 109760K, reserved 1146880K
  class space    used 14442K, committed 14784K, reserved 1048576K
}
Event: 20.320 GC heap after
{Heap after GC invocations=39 (full 0):
 garbage-first heap   total 243712K, used 163621K [0x0000000080000000, 0x0000000100000000)
  region size 1024K, 8 young (8192K), 8 survivors (8192K)
 Metaspace       used 109087K, committed 109760K, reserved 1146880K
  class space    used 14442K, committed 14784K, reserved 1048576K
}
Event: 20.737 GC heap before
{Heap before GC invocations=39 (full 0):
 garbage-first heap   total 243712K, used 209701K [0x0000000080000000, 0x0000000100000000)
  region size 1024K, 47 young (48128K), 8 survivors (8192K)
 Metaspace       used 109422K, committed 110144K, reserved 1146880K
  class space    used 14490K, committed 14848K, reserved 1048576K
}
Event: 20.754 GC heap after
{Heap after GC invocations=40 (full 0):
 garbage-first heap   total 243712K, used 178176K [0x0000000080000000, 0x0000000100000000)
  region size 1024K, 6 young (6144K), 6 survivors (6144K)
 Metaspace       used 109422K, committed 110144K, reserved 1146880K
  class space    used 14490K, committed 14848K, reserved 1048576K
}
Event: 21.199 GC heap before
{Heap before GC invocations=40 (full 0):
 garbage-first heap   total 243712K, used 202752K [0x0000000080000000, 0x0000000100000000)
  region size 1024K, 30 young (30720K), 6 survivors (6144K)
 Metaspace       used 111966K, committed 112704K, reserved 1146880K
  class space    used 15008K, committed 15360K, reserved 1048576K
}
Event: 21.216 GC heap after
{Heap after GC invocations=41 (full 0):
 garbage-first heap   total 243712K, used 188416K [0x0000000080000000, 0x0000000100000000)
  region size 1024K, 4 young (4096K), 4 survivors (4096K)
 Metaspace       used 111966K, committed 112704K, reserved 1146880K
  class space    used 15008K, committed 15360K, reserved 1048576K
}
Event: 21.374 GC heap before
{Heap before GC invocations=41 (full 0):
 garbage-first heap   total 243712K, used 204800K [0x0000000080000000, 0x0000000100000000)
  region size 1024K, 21 young (21504K), 4 survivors (4096K)
 Metaspace       used 112071K, committed 112768K, reserved 1155072K
  class space    used 15008K, committed 15360K, reserved 1048576K
}

Dll operation events (2 events):
Event: 0.011 Loaded shared library C:\Program Files\Android\Android Studio\jbr\bin\java.dll
Event: 0.325 Loaded shared library C:\Program Files\Android\Android Studio\jbr\bin\verify.dll

Deoptimization events (20 events):
Event: 20.933 Thread 0x000001953135fad0 DEOPT PACKING pc=0x00000195168aa11c sp=0x0000000e7cdf87e0
Event: 20.933 Thread 0x000001953135fad0 DEOPT UNPACKING pc=0x0000019515b069a3 sp=0x0000000e7cdf86a8 mode 2
Event: 21.049 Thread 0x000001952e29c6d0 Uncommon trap: trap_request=0xffffff45 fr.pc=0x00000195161851d4 relative=0x00000000000001f4
Event: 21.049 Thread 0x000001952e29c6d0 Uncommon trap: reason=unstable_if action=reinterpret pc=0x00000195161851d4 method=com.google.common.collect.MapMakerInternalMap$Segment.getEntry(Ljava/lang/Object;I)Lcom/google/common/collect/MapMakerInternalMap$InternalEntry; @ 63 c2
Event: 21.049 Thread 0x000001952e29c6d0 DEOPT PACKING pc=0x00000195161851d4 sp=0x0000000e7cff8fa0
Event: 21.049 Thread 0x000001952e29c6d0 DEOPT UNPACKING pc=0x0000019515b069a3 sp=0x0000000e7cff8f58 mode 2
Event: 21.089 Thread 0x000001952e29c6d0 Uncommon trap: trap_request=0xffffff45 fr.pc=0x00000195162cee28 relative=0x0000000000000188
Event: 21.089 Thread 0x000001952e29c6d0 Uncommon trap: reason=unstable_if action=reinterpret pc=0x00000195162cee28 method=com.android.tools.r8.graph.r2.c(Ljava/lang/Object;)Z @ 23 c2
Event: 21.089 Thread 0x000001952e29c6d0 DEOPT PACKING pc=0x00000195162cee28 sp=0x0000000e7cffe920
Event: 21.089 Thread 0x000001952e29c6d0 DEOPT UNPACKING pc=0x0000019515b069a3 sp=0x0000000e7cffe8b0 mode 2
Event: 21.094 Thread 0x000001953135ffa0 Uncommon trap: trap_request=0xffffff45 fr.pc=0x000001951673420c relative=0x000000000000034c
Event: 21.094 Thread 0x000001953135ffa0 Uncommon trap: reason=unstable_if action=reinterpret pc=0x000001951673420c method=com.android.tools.r8.internal.Qq.a(ILjava/lang/Object;)Ljava/lang/Object; @ 1 c2
Event: 21.094 Thread 0x000001953135ffa0 DEOPT PACKING pc=0x000001951673420c sp=0x0000000e7c6fe4c0
Event: 21.094 Thread 0x000001953135ffa0 DEOPT UNPACKING pc=0x0000019515b069a3 sp=0x0000000e7c6fe488 mode 2
Event: 21.366 Thread 0x000001953135fad0 Uncommon trap: trap_request=0xffffff45 fr.pc=0x0000019516668f10 relative=0x00000000000063b0
Event: 21.366 Thread 0x000001953135fad0 Uncommon trap: reason=unstable_if action=reinterpret pc=0x0000019516668f10 method=com.android.tools.r8.dex.code.O.a(IILcom/android/tools/r8/dex/code/a;Lcom/android/tools/r8/graph/f5;)Lcom/android/tools/r8/dex/code/B1; @ 505 c2
Event: 21.366 Thread 0x000001953135fad0 DEOPT PACKING pc=0x0000019516668f10 sp=0x0000000e7cdfebf0
Event: 21.366 Thread 0x000001953135fad0 DEOPT UNPACKING pc=0x0000019515b069a3 sp=0x0000000e7cdfeba0 mode 2
Event: 21.369 Thread 0x000001952e55dbb0 DEOPT PACKING pc=0x000001950ebcd8e4 sp=0x0000000e7cefef30
Event: 21.369 Thread 0x000001952e55dbb0 DEOPT UNPACKING pc=0x0000019515b07143 sp=0x0000000e7cefe448 mode 0

Classes unloaded (3 events):
Event: 11.195 Thread 0x0000019524e0b890 Unloading class 0x0000000100c58800 'java/lang/invoke/LambdaForm$DMH+0x0000000100c58800'
Event: 11.195 Thread 0x0000019524e0b890 Unloading class 0x0000000100c58000 'java/lang/invoke/LambdaForm$DMH+0x0000000100c58000'
Event: 11.195 Thread 0x0000019524e0b890 Unloading class 0x0000000100c58400 'java/lang/invoke/LambdaForm$DMH+0x0000000100c58400'

Classes redefined (0 events):
No events

Internal exceptions (20 events):
Event: 18.777 Thread 0x000001952b564d70 Exception <a 'sun/nio/fs/WindowsException'{0x000000008b9f1e30}> (0x000000008b9f1e30) 
thrown [s\src\hotspot\share\prims\jni.cpp, line 517]
Event: 18.784 Thread 0x000001952b564d70 Exception <a 'sun/nio/fs/WindowsException'{0x000000008b8010f8}> (0x000000008b8010f8) 
thrown [s\src\hotspot\share\prims\jni.cpp, line 517]
Event: 18.811 Thread 0x000001952af35620 Exception <a 'java/lang/NoSuchMethodError'{0x000000008b756e78}: 'int java.lang.invoke.DirectMethodHandle$Holder.invokeSpecialIFC(java.lang.Object, java.lang.Object, java.lang.Object)'> (0x000000008b756e78) 
thrown [s\src\hotspot\share\interpreter\linkResolver.cpp, line 771]
Event: 18.848 Thread 0x000001952b564d70 Exception <a 'sun/nio/fs/WindowsException'{0x000000008b6dddd8}> (0x000000008b6dddd8) 
thrown [s\src\hotspot\share\prims\jni.cpp, line 517]
Event: 18.852 Thread 0x000001952b564d70 Exception <a 'sun/nio/fs/WindowsException'{0x000000008b6f4ce8}> (0x000000008b6f4ce8) 
thrown [s\src\hotspot\share\prims\jni.cpp, line 517]
Event: 18.852 Thread 0x000001952b564d70 Exception <a 'sun/nio/fs/WindowsException'{0x000000008b6f5e38}> (0x000000008b6f5e38) 
thrown [s\src\hotspot\share\prims\jni.cpp, line 517]
Event: 18.852 Thread 0x000001952b564d70 Exception <a 'sun/nio/fs/WindowsException'{0x000000008b6f5ea8}> (0x000000008b6f5ea8) 
thrown [s\src\hotspot\share\prims\jni.cpp, line 517]
Event: 18.852 Thread 0x000001952b564d70 Exception <a 'sun/nio/fs/WindowsException'{0x000000008b6f6298}> (0x000000008b6f6298) 
thrown [s\src\hotspot\share\prims\jni.cpp, line 517]
Event: 18.852 Thread 0x000001952b564d70 Exception <a 'sun/nio/fs/WindowsException'{0x000000008b6f8820}> (0x000000008b6f8820) 
thrown [s\src\hotspot\share\prims\jni.cpp, line 517]
Event: 18.867 Thread 0x000001952b564d70 Exception <a 'sun/nio/fs/WindowsException'{0x000000008b515cd0}> (0x000000008b515cd0) 
thrown [s\src\hotspot\share\prims\jni.cpp, line 517]
Event: 18.869 Thread 0x000001952b564d70 Exception <a 'sun/nio/fs/WindowsException'{0x000000008b532d78}> (0x000000008b532d78) 
thrown [s\src\hotspot\share\prims\jni.cpp, line 517]
Event: 18.869 Thread 0x000001952b564d70 Exception <a 'sun/nio/fs/WindowsException'{0x000000008b534ba8}> (0x000000008b534ba8) 
thrown [s\src\hotspot\share\prims\jni.cpp, line 517]
Event: 18.869 Thread 0x000001952b564d70 Exception <a 'sun/nio/fs/WindowsException'{0x000000008b534c18}> (0x000000008b534c18) 
thrown [s\src\hotspot\share\prims\jni.cpp, line 517]
Event: 18.869 Thread 0x000001952b564d70 Exception <a 'sun/nio/fs/WindowsException'{0x000000008b535068}> (0x000000008b535068) 
thrown [s\src\hotspot\share\prims\jni.cpp, line 517]
Event: 19.462 Thread 0x000001952e29dee0 Exception <a 'sun/nio/fs/WindowsException'{0x000000008e9f9d18}> (0x000000008e9f9d18) 
thrown [s\src\hotspot\share\prims\jni.cpp, line 517]
Event: 20.307 Thread 0x000001952e29dee0 Exception <a 'java/lang/NoSuchMethodError'{0x000000008df1a218}: 'java.lang.Object java.lang.invoke.DirectMethodHandle$Holder.invokeStaticInit(java.lang.Object, java.lang.Object, java.lang.Object, java.lang.Object, java.lang.Object, java.lang.Object, java.lang.Object, java.lang.Object, java.lang.Object, java.lang.Object, java.lang.Object, java.lang.Object, java.lang.Object, java.lang.Object, java.lang.Object, java.lang.Object, java.lang.Object, java.lang.Object, java.lang.Object, java.lang.Object, int, java
Event: 20.810 Thread 0x000001953135ffa0 Exception <a 'java/lang/IncompatibleClassChangeError'{0x000000008e5b1e38}: Found class java.lang.Object, but interface was expected> (0x000000008e5b1e38) 
thrown [s\src\hotspot\share\interpreter\linkResolver.cpp, line 838]
Event: 20.941 Thread 0x000001952e29c6d0 Exception <a 'java/lang/NoSuchMethodError'{0x000000008e351800}: 'long java.lang.invoke.DirectMethodHandle$Holder.invokeStatic(java.lang.Object, java.lang.Object, java.lang.Object)'> (0x000000008e351800) 
thrown [s\src\hotspot\share\interpreter\linkResolver.cpp, line 771]
Event: 21.010 Thread 0x000001953135ffa0 Exception <a 'java/lang/IncompatibleClassChangeError'{0x000000008e3f7b00}: Found class java.lang.Object, but interface was expected> (0x000000008e3f7b00) 
thrown [s\src\hotspot\share\interpreter\linkResolver.cpp, line 838]
Event: 21.015 Thread 0x000001953135ffa0 Exception <a 'java/lang/IncompatibleClassChangeError'{0x000000008e200060}: Found class java.lang.Object, but interface was expected> (0x000000008e200060) 
thrown [s\src\hotspot\share\interpreter\linkResolver.cpp, line 838]

VM Operations (20 events):
Event: 19.529 Executing VM operation: HandshakeAllThreads done
Event: 19.776 Executing VM operation: HandshakeAllThreads
Event: 19.776 Executing VM operation: HandshakeAllThreads done
Event: 19.776 Executing VM operation: HandshakeAllThreads
Event: 19.776 Executing VM operation: HandshakeAllThreads done
Event: 20.037 Executing VM operation: HandshakeAllThreads
Event: 20.037 Executing VM operation: HandshakeAllThreads done
Event: 20.037 Executing VM operation: Cleanup
Event: 20.037 Executing VM operation: Cleanup done
Event: 20.312 Executing VM operation: HandshakeAllThreads
Event: 20.312 Executing VM operation: HandshakeAllThreads done
Event: 20.315 Executing VM operation: G1TryInitiateConcMark
Event: 20.320 Executing VM operation: G1TryInitiateConcMark done
Event: 20.737 Executing VM operation: G1CollectForAllocation
Event: 20.754 Executing VM operation: G1CollectForAllocation done
Event: 21.199 Executing VM operation: G1CollectForAllocation
Event: 21.221 Executing VM operation: G1CollectForAllocation done
Event: 21.367 Executing VM operation: HandshakeAllThreads
Event: 21.369 Executing VM operation: HandshakeAllThreads done
Event: 21.373 Executing VM operation: G1CollectForAllocation

Events (20 events):
Event: 20.807 loading class java/util/concurrent/ForkJoinTask$Aux
Event: 20.807 loading class java/util/concurrent/ForkJoinTask$Aux done
Event: 20.807 loading class java/util/concurrent/ForkJoinPool$DefaultForkJoinWorkerThreadFactory$1
Event: 20.807 loading class java/util/concurrent/ForkJoinPool$DefaultForkJoinWorkerThreadFactory$1 done
Event: 20.807 Thread 0x000001953135ffa0 Thread added: 0x000001953135ffa0
Event: 20.808 Thread 0x000001953135fad0 Thread added: 0x000001953135fad0
Event: 20.809 Thread 0x000001952e55dbb0 Thread added: 0x000001952e55dbb0
Event: 20.809 Thread 0x000001952e29c6d0 Thread added: 0x000001952e29c6d0
Event: 20.860 loading class java/lang/reflect/GenericSignatureFormatError
Event: 20.860 loading class java/lang/reflect/GenericSignatureFormatError done
Event: 20.940 loading class java/util/AbstractList$RandomAccessSubList
Event: 20.940 loading class java/util/AbstractList$SubList
Event: 20.940 loading class java/util/AbstractList$SubList done
Event: 20.940 loading class java/util/AbstractList$RandomAccessSubList done
Event: 20.940 loading class java/util/AbstractList$SubList$1
Event: 20.940 loading class java/util/AbstractList$SubList$1 done
Event: 21.048 loading class java/nio/ShortBuffer
Event: 21.048 loading class java/nio/ShortBuffer done
Event: 21.048 loading class java/nio/HeapShortBuffer
Event: 21.048 loading class java/nio/HeapShortBuffer done


Dynamic libraries:
0x00007ff7fdd90000 - 0x00007ff7fdd9a000 	C:\Program Files\Android\Android Studio\jbr\bin\java.exe
0x00007ffcbb0f0000 - 0x00007ffcbb2e8000 	C:\Windows\SYSTEM32\ntdll.dll
0x00007ffcba1e0000 - 0x00007ffcba29f000 	C:\Windows\System32\KERNEL32.DLL
0x00007ffcb89e0000 - 0x00007ffcb8cd6000 	C:\Windows\System32\KERNELBASE.dll
0x00007ffcb8fb0000 - 0x00007ffcb90b0000 	C:\Windows\System32\ucrtbase.dll
0x00007ffc9ad90000 - 0x00007ffc9ada7000 	C:\Program Files\Android\Android Studio\jbr\bin\jli.dll
0x00007ffc9e770000 - 0x00007ffc9e78b000 	C:\Program Files\Android\Android Studio\jbr\bin\VCRUNTIME140.dll
0x00007ffcbab90000 - 0x00007ffcbad2d000 	C:\Windows\System32\USER32.dll
0x00007ffca1390000 - 0x00007ffca162a000 	C:\Windows\WinSxS\amd64_microsoft.windows.common-controls_6595b64144ccf1df_6.0.19041.1110_none_60b5254171f9507e\COMCTL32.dll
0x00007ffcb8e00000 - 0x00007ffcb8e22000 	C:\Windows\System32\win32u.dll
0x00007ffcbae70000 - 0x00007ffcbaf0e000 	C:\Windows\System32\msvcrt.dll
0x00007ffcb9920000 - 0x00007ffcb994c000 	C:\Windows\System32\GDI32.dll
0x00007ffcb8ce0000 - 0x00007ffcb8df5000 	C:\Windows\System32\gdi32full.dll
0x00007ffcb90b0000 - 0x00007ffcb914d000 	C:\Windows\System32\msvcp_win.dll
0x00007ffcb9950000 - 0x00007ffcb9980000 	C:\Windows\System32\IMM32.DLL
0x000001950b040000 - 0x000001950b054000 	C:\Windows\System32\umppc17010.dll
0x00007ffc9e760000 - 0x00007ffc9e76c000 	C:\Program Files\Android\Android Studio\jbr\bin\vcruntime140_1.dll
0x00007ffc959b0000 - 0x00007ffc95a3d000 	C:\Program Files\Android\Android Studio\jbr\bin\msvcp140.dll
0x00007ffc43090000 - 0x00007ffc43cfe000 	C:\Program Files\Android\Android Studio\jbr\bin\server\jvm.dll
0x00007ffcbb000000 - 0x00007ffcbb0af000 	C:\Windows\System32\ADVAPI32.dll
0x00007ffcb9ac0000 - 0x00007ffcb9b5c000 	C:\Windows\System32\sechost.dll
0x00007ffcb9b70000 - 0x00007ffcb9c96000 	C:\Windows\System32\RPCRT4.dll
0x00007ffcb4310000 - 0x00007ffcb4319000 	C:\Windows\SYSTEM32\WSOCK32.dll
0x00007ffcba320000 - 0x00007ffcba38b000 	C:\Windows\System32\WS2_32.dll
0x00007ffc9e940000 - 0x00007ffc9e967000 	C:\Windows\SYSTEM32\WINMM.dll
0x00007ffcb2200000 - 0x00007ffcb220a000 	C:\Windows\SYSTEM32\VERSION.dll
0x00007ffcb6450000 - 0x00007ffcb6462000 	C:\Windows\SYSTEM32\kernel.appcore.dll
0x00007ffcb4300000 - 0x00007ffcb430a000 	C:\Program Files\Android\Android Studio\jbr\bin\jimage.dll
0x00007ffca4a40000 - 0x00007ffca4c24000 	C:\Windows\SYSTEM32\DBGHELP.DLL
0x00007ffca1760000 - 0x00007ffca1794000 	C:\Windows\SYSTEM32\dbgcore.DLL
0x00007ffcb8ef0000 - 0x00007ffcb8f72000 	C:\Windows\System32\bcryptPrimitives.dll
0x00007ffcb4290000 - 0x00007ffcb42b5000 	C:\Program Files\Android\Android Studio\jbr\bin\java.dll
0x00007ffcb4270000 - 0x00007ffcb4288000 	C:\Program Files\Android\Android Studio\jbr\bin\zip.dll
0x00007ffcba390000 - 0x00007ffcbaad4000 	C:\Windows\System32\SHELL32.dll
0x00007ffcb6650000 - 0x00007ffcb6de3000 	C:\Windows\SYSTEM32\windows.storage.dll
0x00007ffcb95c0000 - 0x00007ffcb9914000 	C:\Windows\System32\combase.dll
0x00007ffcb8210000 - 0x00007ffcb823e000 	C:\Windows\SYSTEM32\Wldp.dll
0x00007ffcbaae0000 - 0x00007ffcbab8d000 	C:\Windows\System32\SHCORE.dll
0x00007ffcbaf10000 - 0x00007ffcbaf65000 	C:\Windows\System32\shlwapi.dll
0x00007ffcb8700000 - 0x00007ffcb8725000 	C:\Windows\SYSTEM32\profapi.dll
0x00007ffcb4250000 - 0x00007ffcb4269000 	C:\Program Files\Android\Android Studio\jbr\bin\net.dll
0x00007ffcb07f0000 - 0x00007ffcb08fa000 	C:\Windows\SYSTEM32\WINHTTP.dll
0x00007ffcb7f00000 - 0x00007ffcb7f6a000 	C:\Windows\system32\mswsock.dll
0x00007ffcb3550000 - 0x00007ffcb3566000 	C:\Program Files\Android\Android Studio\jbr\bin\nio.dll
0x00007ffcb4240000 - 0x00007ffcb4250000 	C:\Program Files\Android\Android Studio\jbr\bin\verify.dll
0x00007ffc9e680000 - 0x00007ffc9e6a7000 	C:\Users\profsl\.gradle\native\68d5fa5c4cc2d200863cafc0d521ce42e7d3e7ee720ec0a83991735586a16f82\windows-amd64\native-platform.dll
0x00007ffc8b5e0000 - 0x00007ffc8b724000 	C:\Users\profsl\.gradle\native\e376f236ea51e6404a007f0833ffe2c6e607c4080706a723a18a27aeea778392\windows-amd64\native-platform-file-events.dll
0x00007ffcb3540000 - 0x00007ffcb3549000 	C:\Program Files\Android\Android Studio\jbr\bin\management.dll
0x00007ffca8910000 - 0x00007ffca891b000 	C:\Program Files\Android\Android Studio\jbr\bin\management_ext.dll
0x00007ffcb9fe0000 - 0x00007ffcb9fe8000 	C:\Windows\System32\PSAPI.DLL
0x00007ffcb80f0000 - 0x00007ffcb8108000 	C:\Windows\SYSTEM32\CRYPTSP.dll
0x00007ffcb7810000 - 0x00007ffcb7844000 	C:\Windows\system32\rsaenh.dll
0x00007ffcb8f80000 - 0x00007ffcb8fa7000 	C:\Windows\System32\bcrypt.dll
0x00007ffcb8680000 - 0x00007ffcb86ae000 	C:\Windows\SYSTEM32\USERENV.dll
0x00007ffcb8110000 - 0x00007ffcb811c000 	C:\Windows\SYSTEM32\CRYPTBASE.dll
0x00007ffcb7bf0000 - 0x00007ffcb7c2b000 	C:\Windows\SYSTEM32\IPHLPAPI.DLL
0x00007ffcbae00000 - 0x00007ffcbae08000 	C:\Windows\System32\NSI.dll
0x00007ffcb1fe0000 - 0x00007ffcb1ff7000 	C:\Windows\SYSTEM32\dhcpcsvc6.DLL
0x00007ffcb1f70000 - 0x00007ffcb1f8d000 	C:\Windows\SYSTEM32\dhcpcsvc.DLL
0x00007ffcb7c30000 - 0x00007ffcb7cfa000 	C:\Windows\SYSTEM32\DNSAPI.dll
0x00007ffca8900000 - 0x00007ffca8907000 	C:\Windows\system32\wshunix.dll
0x00007ffcb7930000 - 0x00007ffcb7963000 	C:\Windows\SYSTEM32\ntmarta.dll

dbghelp: loaded successfully - version: 4.0.5 - missing functions: none
symbol engine: initialized successfully - sym options: 0x614 - pdb path: .;C:\Program Files\Android\Android Studio\jbr\bin;C:\Windows\SYSTEM32;C:\Windows\WinSxS\amd64_microsoft.windows.common-controls_6595b64144ccf1df_6.0.19041.1110_none_60b5254171f9507e;C:\Program Files\Android\Android Studio\jbr\bin\server;C:\Users\profsl\.gradle\native\68d5fa5c4cc2d200863cafc0d521ce42e7d3e7ee720ec0a83991735586a16f82\windows-amd64;C:\Users\profsl\.gradle\native\e376f236ea51e6404a007f0833ffe2c6e607c4080706a723a18a27aeea778392\windows-amd64

VM Arguments:
jvm_args: --add-opens=java.base/java.util=ALL-UNNAMED --add-opens=java.base/java.lang=ALL-UNNAMED --add-opens=java.base/java.lang.invoke=ALL-UNNAMED --add-opens=java.prefs/java.util.prefs=ALL-UNNAMED --add-opens=java.base/java.nio.charset=ALL-UNNAMED --add-opens=java.base/java.net=ALL-UNNAMED --add-opens=java.base/java.util.concurrent.atomic=ALL-UNNAMED -Xmx2048m -Dfile.encoding=UTF-8 -Duser.country=BR -Duser.language=pt -Duser.variant 
java_command: org.gradle.launcher.daemon.bootstrap.GradleDaemon 8.0
java_class_path (initial): C:\Users\profsl\.gradle\wrapper\dists\gradle-8.0-bin\ca5e32bp14vu59qr306oxotwh\gradle-8.0\lib\gradle-launcher-8.0.jar
Launcher Type: SUN_STANDARD

[Global flags]
     intx CICompilerCount                          = 3                                         {product} {ergonomic}
     uint ConcGCThreads                            = 1                                         {product} {ergonomic}
     uint G1ConcRefinementThreads                  = 4                                         {product} {ergonomic}
   size_t G1HeapRegionSize                         = 1048576                                   {product} {ergonomic}
    uintx GCDrainStackTargetSize                   = 64                                        {product} {ergonomic}
   size_t InitialHeapSize                          = 134217728                                 {product} {ergonomic}
   size_t MarkStackSize                            = 4194304                                   {product} {ergonomic}
   size_t MaxHeapSize                              = 2147483648                                {product} {command line}
   size_t MaxNewSize                               = 1287651328                                {product} {ergonomic}
   size_t MinHeapDeltaBytes                        = 1048576                                   {product} {ergonomic}
   size_t MinHeapSize                              = 8388608                                   {product} {ergonomic}
    uintx NonNMethodCodeHeapSize                   = 5832780                                {pd product} {ergonomic}
    uintx NonProfiledCodeHeapSize                  = 122912730                              {pd product} {ergonomic}
    uintx ProfiledCodeHeapSize                     = 122912730                              {pd product} {ergonomic}
    uintx ReservedCodeCacheSize                    = 251658240                              {pd product} {ergonomic}
     bool SegmentedCodeCache                       = true                                      {product} {ergonomic}
   size_t SoftMaxHeapSize                          = 2147483648                             {manageable} {ergonomic}
     bool UseCompressedClassPointers               = true                           {product lp64_product} {ergonomic}
     bool UseCompressedOops                        = true                           {product lp64_product} {ergonomic}
     bool UseG1GC                                  = true                                      {product} {ergonomic}
     bool UseLargePagesIndividualAllocation        = false                                  {pd product} {ergonomic}

Logging:
Log output configuration:
 #0: stdout all=warning uptime,level,tags
 #1: stderr all=off uptime,level,tags

Environment Variables:
PATH=C:\Program Files (x86)\Common Files\Oracle\Java\javapath;C:\Windows\system32;C:\Windows;C:\Windows\System32\Wbem;C:\Windows\System32\WindowsPowerShell\v1.0\;C:\Windows\System32\OpenSSH\;C:\Program Files (x86)\Microsoft SQL Server\160\Tools\Binn\;C:\Program Files\Microsoft SQL Server\160\Tools\Binn\;C:\Program Files\Microsoft SQL Server\Client SDK\ODBC\170\Tools\Binn\;C:\Program Files\Microsoft SQL Server\160\DTS\Binn\;C:\Program Files (x86)\Microsoft SQL Server\160\DTS\Binn\;C:\Program Files\Azure Data Studio\bin;C:\Users\profsl\AppData\Local\Microsoft\WindowsApps;C:\Users\profsl\AppData\Local\Programs\Git\cmd
USERNAME=profsl
OS=Windows_NT
PROCESSOR_IDENTIFIER=Intel64 Family 6 Model 158 Stepping 9, GenuineIntel
TMP=C:\Users\profsl\AppData\Local\Temp
TEMP=C:\Users\profsl\AppData\Local\Temp


JNI global refs:
JNI global refs: 27, weak refs: 49

JNI global refs memory usage: 843, weak refs: 841


---------------  S Y S T E M  ---------------

OS:
 Windows 10 , 64 bit Build 19041 (10.0.19041.3155)
OS uptime: 0 days 1:18 hours

CPU: total 4 (initial active 4) (4 cores per cpu, 1 threads per core) family 6 model 158 stepping 9 microcode 0xb4, cx8, cmov, fxsr, mmx, 3dnowpref, sse, sse2, sse3, ssse3, sse4.1, sse4.2, popcnt, lzcnt, tsc, tscinvbit, avx, avx2, aes, erms, clmul, bmi1, bmi2, rtm, adx, fma, vzeroupper, clflush, clflushopt

Memory: 4k page, system-wide physical 8087M (415M free)
TotalPageFile size 8087M (AvailPageFile size 37M)
current process WorkingSet (physical memory assigned to process): 403M, peak: 522M
current process commit charge ("private bytes"): 565M, peak: 803M

vm_info: OpenJDK 64-Bit Server VM (17.0.6+0-b2043.56-10027231) for windows-amd64 JRE (17.0.6+0-b2043.56-10027231), built on Apr 28 2023 00:43:19 by "androidbuild" with MS VC++ 16.10 / 16.11 (VS2019)

END.
