#
# There is insufficient memory for the Java Runtime Environment to continue.
# Native memory allocation (mmap) failed to map 39845888 bytes for G1 virtual space
# Possible reasons:
#   The system is out of physical RAM or swap space
#   The process is running with CompressedOops enabled, and the Java Heap may be blocking the growth of the native heap
# Possible solutions:
#   Reduce memory load on the system
#   Increase physical memory or swap space
#   Check if swap backing store is full
#   Decrease Java heap size (-Xmx/-Xms)
#   Decrease number of Java threads
#   Decrease Java thread stack sizes (-Xss)
#   Set larger code cache with -XX:ReservedCodeCacheSize=
#   JVM is running with Unscaled Compressed Oops mode in which the Java heap is
#     placed in the first 4GB address space. The Java Heap base address is the
#     maximum limit for the native heap growth. Please use -XX:HeapBaseMinAddress
#     to set the Java Heap base and to place the Java Heap above 4GB virtual address.
# This output file may be truncated or incomplete.
#
#  Out of Memory Error (os_windows.cpp:3769), pid=8712, tid=8808
#
# JRE version: OpenJDK Runtime Environment (17.0.6) (build 17.0.6+0-b2043.56-10027231)
# Java VM: OpenJDK 64-Bit Server VM (17.0.6+0-b2043.56-10027231, mixed mode, tiered, compressed oops, compressed class ptrs, g1 gc, windows-amd64)
# No core dump will be written. Minidumps are not enabled by default on client versions of Windows
#

---------------  S U M M A R Y ------------

Command Line: --add-opens=java.base/java.util=ALL-UNNAMED --add-opens=java.base/java.lang=ALL-UNNAMED --add-opens=java.base/java.lang.invoke=ALL-UNNAMED --add-opens=java.prefs/java.util.prefs=ALL-UNNAMED --add-opens=java.base/java.nio.charset=ALL-UNNAMED --add-opens=java.base/java.net=ALL-UNNAMED --add-opens=java.base/java.util.concurrent.atomic=ALL-UNNAMED -Xmx2048m -Dfile.encoding=UTF-8 -Duser.country=BR -Duser.language=pt -Duser.variant org.gradle.launcher.daemon.bootstrap.GradleDaemon 8.0

Host: Intel(R) Core(TM) i5-7500 CPU @ 3.40GHz, 4 cores, 7G,  Windows 10 , 64 bit Build 19041 (10.0.19041.3155)
Time: Wed Sep 20 10:08:25 2023 Hora oficial do Brasil elapsed time: 39.011652 seconds (0d 0h 0m 39s)

---------------  T H R E A D  ---------------

Current thread (0x000001df6a02b890):  VMThread "VM Thread" [stack: 0x000000c66bf00000,0x000000c66c000000] [id=8808]

Stack: [0x000000c66bf00000,0x000000c66c000000]
Native frames: (J=compiled Java code, j=interpreted, Vv=VM code, C=native code)
V  [jvm.dll+0x683c9a]
V  [jvm.dll+0x8427a4]
V  [jvm.dll+0x843f9e]
V  [jvm.dll+0x844603]
V  [jvm.dll+0x249b75]
V  [jvm.dll+0x680b69]
V  [jvm.dll+0x67505a]
V  [jvm.dll+0x309acb]
V  [jvm.dll+0x310f86]
V  [jvm.dll+0x3608ee]
V  [jvm.dll+0x360b1f]
V  [jvm.dll+0x2dfbf8]
V  [jvm.dll+0x2e2ce6]
V  [jvm.dll+0x2ed478]
V  [jvm.dll+0x322150]
V  [jvm.dll+0x848ccb]
V  [jvm.dll+0x849a04]
V  [jvm.dll+0x849f1d]
V  [jvm.dll+0x84a2f4]
V  [jvm.dll+0x84a3c0]
V  [jvm.dll+0x7f274a]
V  [jvm.dll+0x682ad5]
C  [ucrtbase.dll+0x21bb2]
C  [KERNEL32.DLL+0x17614]
C  [ntdll.dll+0x526b1]

VM_Operation (0x000000c66bbff340): G1Concurrent, mode: safepoint, requested by thread 0x000001df5038d9c0


---------------  P R O C E S S  ---------------

Threads class SMR info:
_java_thread_list=0x000001df72385b00, length=88, elements={
0x000001df50320570, 0x000001df6a052610, 0x000001df6a054c80, 0x000001df6a05ffc0,
0x000001df6a060c40, 0x000001df6ac1c7b0, 0x000001df6ac1e430, 0x000001df6ac22cc0,
0x000001df6ac23e10, 0x000001df6ac3d660, 0x000001df6ad92720, 0x000001df6ad92bf0,
0x000001df6d6097b0, 0x000001df6ba420a0, 0x000001df6d549960, 0x000001df6c2e6030,
0x000001df6d077030, 0x000001df6c090540, 0x000001df6c090a10, 0x000001df6c08e860,
0x000001df6c08d050, 0x000001df6c08e390, 0x000001df6c08ed30, 0x000001df6c08f200,
0x000001df6c08f6d0, 0x000001df6c08d520, 0x000001df6fdb1140, 0x000001df6fdac440,
0x000001df6fdab100, 0x000001df72129f10, 0x000001df72123a00, 0x000001df70c9c620,
0x000001df70c96f80, 0x000001df70c9ae10, 0x000001df70c97920, 0x000001df70c97df0,
0x000001df7215ad80, 0x000001df70c99fa0, 0x000001df70c9cfc0, 0x000001df70c95c40,
0x000001df70c95770, 0x000001df70c96110, 0x000001df70c9b2e0, 0x000001df70c982c0,
0x000001df70c9b7b0, 0x000001df70c965e0, 0x000001df70c97450, 0x000001df70c98790,
0x000001df721290a0, 0x000001df72127d60, 0x000001df72125bb0, 0x000001df72126550,
0x000001df72129570, 0x000001df72126080, 0x000001df7212a3e0, 0x000001df721273c0,
0x000001df72127890, 0x000001df7212a8b0, 0x000001df72123060, 0x000001df72123ed0,
0x000001df721243a0, 0x000001df72124870, 0x000001df72124d40, 0x000001df6fdad2b0,
0x000001df6fdabaa0, 0x000001df6fdaeac0, 0x000001df6fdaa760, 0x000001df6fdb07a0,
0x000001df6fdad780, 0x000001df6fdafe00, 0x000001df6fdb0c70, 0x000001df6fda9dc0,
0x000001df6fdaa290, 0x000001df6fdaac30, 0x000001df6c08fba0, 0x000001df6c08d9f0,
0x000001df6c090070, 0x000001df6b1bc680, 0x000001df6b1bae70, 0x000001df6b1bed00,
0x000001df6b1be830, 0x000001df6b1ba9a0, 0x000001df6b1c0eb0, 0x000001df6b1ba4d0,
0x000001df6b1c1380, 0x000001df6b1b9b30, 0x000001df6b1bb810, 0x000001df6b1bf6a0
}

Java Threads: ( => current thread )
  0x000001df50320570 JavaThread "main" [_thread_blocked, id=8136, stack(0x000000c66b900000,0x000000c66ba00000)]
  0x000001df6a052610 JavaThread "Reference Handler" daemon [_thread_blocked, id=6636, stack(0x000000c66c000000,0x000000c66c100000)]
  0x000001df6a054c80 JavaThread "Finalizer" daemon [_thread_blocked, id=8332, stack(0x000000c66c100000,0x000000c66c200000)]
  0x000001df6a05ffc0 JavaThread "Signal Dispatcher" daemon [_thread_blocked, id=3844, stack(0x000000c66c200000,0x000000c66c300000)]
  0x000001df6a060c40 JavaThread "Attach Listener" daemon [_thread_blocked, id=9156, stack(0x000000c66c300000,0x000000c66c400000)]
  0x000001df6ac1c7b0 JavaThread "Service Thread" daemon [_thread_blocked, id=10544, stack(0x000000c66c400000,0x000000c66c500000)]
  0x000001df6ac1e430 JavaThread "Monitor Deflation Thread" daemon [_thread_blocked, id=4720, stack(0x000000c66c500000,0x000000c66c600000)]
  0x000001df6ac22cc0 JavaThread "C2 CompilerThread0" daemon [_thread_blocked, id=8832, stack(0x000000c66c600000,0x000000c66c700000)]
  0x000001df6ac23e10 JavaThread "C1 CompilerThread0" daemon [_thread_blocked, id=3244, stack(0x000000c66c700000,0x000000c66c800000)]
  0x000001df6ac3d660 JavaThread "Sweeper thread" daemon [_thread_blocked, id=7552, stack(0x000000c66c800000,0x000000c66c900000)]
  0x000001df6ad92720 JavaThread "Common-Cleaner" daemon [_thread_blocked, id=10920, stack(0x000000c66c900000,0x000000c66ca00000)]
  0x000001df6ad92bf0 JavaThread "Notification Thread" daemon [_thread_blocked, id=10672, stack(0x000000c66ca00000,0x000000c66cb00000)]
  0x000001df6d6097b0 JavaThread "Daemon health stats" [_thread_blocked, id=7624, stack(0x000000c66d000000,0x000000c66d100000)]
  0x000001df6ba420a0 JavaThread "Incoming local TCP Connector on port 51499" [_thread_in_native, id=5572, stack(0x000000c66d100000,0x000000c66d200000)]
  0x000001df6d549960 JavaThread "Daemon periodic checks" [_thread_blocked, id=5200, stack(0x000000c66d200000,0x000000c66d300000)]
  0x000001df6c2e6030 JavaThread "Daemon" [_thread_blocked, id=2352, stack(0x000000c66d300000,0x000000c66d400000)]
  0x000001df6d077030 JavaThread "Daemon worker" [_thread_blocked, id=2620, stack(0x000000c66d600000,0x000000c66d700000)]
  0x000001df6c090540 JavaThread "Cache worker for journal cache (C:\Users\profsl\.gradle\caches\journal-1)" [_thread_blocked, id=5180, stack(0x000000c66da00000,0x000000c66db00000)]
  0x000001df6c090a10 JavaThread "File lock request listener" [_thread_in_native, id=10372, stack(0x000000c66db00000,0x000000c66dc00000)]
  0x000001df6c08e860 JavaThread "Cache worker for file hash cache (C:\Users\profsl\.gradle\caches\8.0\fileHashes)" [_thread_blocked, id=7720, stack(0x000000c66dc00000,0x000000c66dd00000)]
  0x000001df6c08d050 JavaThread "File watcher server" daemon [_thread_in_native, id=5788, stack(0x000000c66dd00000,0x000000c66de00000)]
  0x000001df6c08e390 JavaThread "File watcher consumer" daemon [_thread_blocked, id=8176, stack(0x000000c66de00000,0x000000c66df00000)]
  0x000001df6c08ed30 JavaThread "jar transforms" [_thread_blocked, id=1196, stack(0x000000c66df00000,0x000000c66e000000)]
  0x000001df6c08f200 JavaThread "jar transforms Thread 2" [_thread_blocked, id=8668, stack(0x000000c66e000000,0x000000c66e100000)]
  0x000001df6c08f6d0 JavaThread "jar transforms Thread 3" [_thread_blocked, id=1652, stack(0x000000c66e100000,0x000000c66e200000)]
  0x000001df6c08d520 JavaThread "jar transforms Thread 4" [_thread_blocked, id=8168, stack(0x000000c66e200000,0x000000c66e300000)]
  0x000001df6fdb1140 JavaThread "Cache worker for file content cache (C:\Users\profsl\.gradle\caches\8.0\fileContent)" [_thread_blocked, id=6652, stack(0x000000c66e500000,0x000000c66e600000)]
  0x000001df6fdac440 JavaThread "Cache worker for execution history cache (C:\Users\profsl\.gradle\caches\8.0\executionHistory)" [_thread_blocked, id=7328, stack(0x000000c66e800000,0x000000c66e900000)]
  0x000001df6fdab100 JavaThread "Cache worker for kotlin-dsl (C:\Users\profsl\.gradle\caches\8.0\kotlin-dsl)" [_thread_blocked, id=3712, stack(0x000000c66e900000,0x000000c66ea00000)]
  0x000001df72129f10 JavaThread "Memory manager" [_thread_blocked, id=8432, stack(0x000000c671400000,0x000000c671500000)]
  0x000001df72123a00 JavaThread "included builds" [_thread_blocked, id=9476, stack(0x000000c671500000,0x000000c671600000)]
  0x000001df70c9c620 JavaThread "Handler for socket connection from /127.0.0.1:51499 to /127.0.0.1:51504" [_thread_in_native, id=7280, stack(0x000000c66b800000,0x000000c66b900000)]
  0x000001df70c96f80 JavaThread "Cancel handler" [_thread_blocked, id=3760, stack(0x000000c66cc00000,0x000000c66cd00000)]
  0x000001df70c9ae10 JavaThread "Asynchronous log dispatcher for DefaultDaemonConnection: socket connection from /127.0.0.1:51499 to /127.0.0.1:51504" [_thread_blocked, id=10624, stack(0x000000c66d400000,0x000000c66d500000)]
  0x000001df70c97920 JavaThread "Stdin handler" [_thread_blocked, id=3104, stack(0x000000c66d500000,0x000000c66d600000)]
  0x000001df70c97df0 JavaThread "Daemon client event forwarder" [_thread_blocked, id=1100, stack(0x000000c66d700000,0x000000c66d800000)]
  0x000001df7215ad80 JavaThread "C2 CompilerThread1" daemon [_thread_blocked, id=8424, stack(0x000000c66d800000,0x000000c66d900000)]
  0x000001df70c99fa0 JavaThread "Cache worker for checksums cache (C:\Users\profsl\AndroidStudioProjects\FMU2023_2_4aM\.gradle\8.0\checksums)" [_thread_blocked, id=7440, stack(0x000000c66d900000,0x000000c66da00000)]
  0x000001df70c9cfc0 JavaThread "Cache worker for cache directory md-rule (C:\Users\profsl\.gradle\caches\8.0\md-rule)" [_thread_blocked, id=4736, stack(0x000000c66e300000,0x000000c66e400000)]
  0x000001df70c95c40 JavaThread "Cache worker for file hash cache (C:\Users\profsl\AndroidStudioProjects\FMU2023_2_4aM\.gradle\8.0\fileHashes)" [_thread_blocked, id=11004, stack(0x000000c66e400000,0x000000c66e500000)]
  0x000001df70c95770 JavaThread "Cache worker for cache directory md-supplier (C:\Users\profsl\.gradle\caches\8.0\md-supplier)" [_thread_blocked, id=9084, stack(0x000000c66e600000,0x000000c66e700000)]
  0x000001df70c96110 JavaThread "Cache worker for dependencies-accessors (C:\Users\profsl\AndroidStudioProjects\FMU2023_2_4aM\.gradle\8.0\dependencies-accessors)" [_thread_blocked, id=10100, stack(0x000000c66e700000,0x000000c66e800000)]
  0x000001df70c9b2e0 JavaThread "Cache worker for Build Output Cleanup Cache (C:\Users\profsl\AndroidStudioProjects\FMU2023_2_4aM\.gradle\buildOutputCleanup)" [_thread_blocked, id=10852, stack(0x000000c66ea00000,0x000000c66eb00000)]
  0x000001df70c982c0 JavaThread "Unconstrained build operations" [_thread_blocked, id=11008, stack(0x000000c66eb00000,0x000000c66ec00000)]
  0x000001df70c9b7b0 JavaThread "Unconstrained build operations Thread 2" [_thread_blocked, id=4392, stack(0x000000c66ec00000,0x000000c66ed00000)]
  0x000001df70c965e0 JavaThread "Unconstrained build operations Thread 3" [_thread_blocked, id=6044, stack(0x000000c66ed00000,0x000000c66ee00000)]
  0x000001df70c97450 JavaThread "Unconstrained build operations Thread 4" [_thread_blocked, id=5860, stack(0x000000c66ee00000,0x000000c66ef00000)]
  0x000001df70c98790 JavaThread "Unconstrained build operations Thread 5" [_thread_blocked, id=3048, stack(0x000000c66ef00000,0x000000c66f000000)]
  0x000001df721290a0 JavaThread "Unconstrained build operations Thread 6" [_thread_blocked, id=9752, stack(0x000000c66f000000,0x000000c66f100000)]
  0x000001df72127d60 JavaThread "Unconstrained build operations Thread 7" [_thread_blocked, id=9048, stack(0x000000c66f100000,0x000000c66f200000)]
  0x000001df72125bb0 JavaThread "Unconstrained build operations Thread 8" [_thread_blocked, id=4376, stack(0x000000c66f200000,0x000000c66f300000)]
  0x000001df72126550 JavaThread "Unconstrained build operations Thread 9" [_thread_blocked, id=7760, stack(0x000000c66f300000,0x000000c66f400000)]
  0x000001df72129570 JavaThread "Unconstrained build operations Thread 10" [_thread_blocked, id=9744, stack(0x000000c66f400000,0x000000c66f500000)]
  0x000001df72126080 JavaThread "Unconstrained build operations Thread 11" [_thread_blocked, id=6184, stack(0x000000c66f500000,0x000000c66f600000)]
  0x000001df7212a3e0 JavaThread "Unconstrained build operations Thread 12" [_thread_blocked, id=1492, stack(0x000000c66f600000,0x000000c66f700000)]
  0x000001df721273c0 JavaThread "Unconstrained build operations Thread 13" [_thread_blocked, id=3432, stack(0x000000c66f700000,0x000000c66f800000)]
  0x000001df72127890 JavaThread "Unconstrained build operations Thread 14" [_thread_blocked, id=3008, stack(0x000000c66f800000,0x000000c66f900000)]
  0x000001df7212a8b0 JavaThread "Unconstrained build operations Thread 15" [_thread_blocked, id=4740, stack(0x000000c66f900000,0x000000c66fa00000)]
  0x000001df72123060 JavaThread "Unconstrained build operations Thread 16" [_thread_blocked, id=10660, stack(0x000000c66fa00000,0x000000c66fb00000)]
  0x000001df72123ed0 JavaThread "Unconstrained build operations Thread 17" [_thread_blocked, id=10396, stack(0x000000c66fb00000,0x000000c66fc00000)]
  0x000001df721243a0 JavaThread "Unconstrained build operations Thread 18" [_thread_blocked, id=11036, stack(0x000000c66fc00000,0x000000c66fd00000)]
  0x000001df72124870 JavaThread "Unconstrained build operations Thread 19" [_thread_blocked, id=1208, stack(0x000000c66fd00000,0x000000c66fe00000)]
  0x000001df72124d40 JavaThread "Unconstrained build operations Thread 20" [_thread_blocked, id=10392, stack(0x000000c66fe00000,0x000000c66ff00000)]
  0x000001df6fdad2b0 JavaThread "Unconstrained build operations Thread 21" [_thread_blocked, id=3156, stack(0x000000c66ff00000,0x000000c670000000)]
  0x000001df6fdabaa0 JavaThread "Unconstrained build operations Thread 22" [_thread_blocked, id=9512, stack(0x000000c670000000,0x000000c670100000)]
  0x000001df6fdaeac0 JavaThread "Unconstrained build operations Thread 23" [_thread_blocked, id=8908, stack(0x000000c670100000,0x000000c670200000)]
  0x000001df6fdaa760 JavaThread "Unconstrained build operations Thread 24" [_thread_blocked, id=1232, stack(0x000000c670200000,0x000000c670300000)]
  0x000001df6fdb07a0 JavaThread "Unconstrained build operations Thread 25" [_thread_blocked, id=11248, stack(0x000000c670300000,0x000000c670400000)]
  0x000001df6fdad780 JavaThread "Unconstrained build operations Thread 26" [_thread_blocked, id=9528, stack(0x000000c670400000,0x000000c670500000)]
  0x000001df6fdafe00 JavaThread "Unconstrained build operations Thread 27" [_thread_blocked, id=2420, stack(0x000000c670500000,0x000000c670600000)]
  0x000001df6fdb0c70 JavaThread "Unconstrained build operations Thread 28" [_thread_blocked, id=1756, stack(0x000000c670600000,0x000000c670700000)]
  0x000001df6fda9dc0 JavaThread "Unconstrained build operations Thread 29" [_thread_blocked, id=5720, stack(0x000000c670700000,0x000000c670800000)]
  0x000001df6fdaa290 JavaThread "Unconstrained build operations Thread 30" [_thread_blocked, id=8236, stack(0x000000c670800000,0x000000c670900000)]
  0x000001df6fdaac30 JavaThread "Unconstrained build operations Thread 31" [_thread_blocked, id=10720, stack(0x000000c670900000,0x000000c670a00000)]
  0x000001df6c08fba0 JavaThread "Unconstrained build operations Thread 32" [_thread_blocked, id=2960, stack(0x000000c670a00000,0x000000c670b00000)]
  0x000001df6c08d9f0 JavaThread "Unconstrained build operations Thread 33" [_thread_blocked, id=8852, stack(0x000000c670b00000,0x000000c670c00000)]
  0x000001df6c090070 JavaThread "Unconstrained build operations Thread 34" [_thread_blocked, id=5516, stack(0x000000c670c00000,0x000000c670d00000)]
  0x000001df6b1bc680 JavaThread "Unconstrained build operations Thread 35" [_thread_blocked, id=3192, stack(0x000000c670d00000,0x000000c670e00000)]
  0x000001df6b1bae70 JavaThread "Unconstrained build operations Thread 36" [_thread_blocked, id=7592, stack(0x000000c670e00000,0x000000c670f00000)]
  0x000001df6b1bed00 JavaThread "Unconstrained build operations Thread 37" [_thread_blocked, id=312, stack(0x000000c670f00000,0x000000c671000000)]
  0x000001df6b1be830 JavaThread "Unconstrained build operations Thread 38" [_thread_blocked, id=6792, stack(0x000000c671000000,0x000000c671100000)]
  0x000001df6b1ba9a0 JavaThread "Unconstrained build operations Thread 39" [_thread_blocked, id=5008, stack(0x000000c671100000,0x000000c671200000)]
  0x000001df6b1c0eb0 JavaThread "Unconstrained build operations Thread 40" [_thread_blocked, id=9880, stack(0x000000c671200000,0x000000c671300000)]
  0x000001df6b1ba4d0 JavaThread "build event listener" [_thread_blocked, id=7240, stack(0x000000c671300000,0x000000c671400000)]
  0x000001df6b1c1380 JavaThread "included builds" [_thread_blocked, id=7420, stack(0x000000c671600000,0x000000c671700000)]
  0x000001df6b1b9b30 JavaThread "Execution worker" [_thread_blocked, id=6972, stack(0x000000c671700000,0x000000c671800000)]
  0x000001df6b1bb810 JavaThread "Execution worker Thread 2" [_thread_blocked, id=6732, stack(0x000000c671800000,0x000000c671900000)]
  0x000001df6b1bf6a0 JavaThread "Execution worker Thread 3" [_thread_blocked, id=11216, stack(0x000000c671900000,0x000000c671a00000)]

Other Threads:
=>0x000001df6a02b890 VMThread "VM Thread" [stack: 0x000000c66bf00000,0x000000c66c000000] [id=8808]
  0x000001df6ad930c0 WatcherThread [stack: 0x000000c66cb00000,0x000000c66cc00000] [id=6660]
  0x000001df5037cb70 GCTaskThread "GC Thread#0" [stack: 0x000000c66ba00000,0x000000c66bb00000] [id=5224]
  0x000001df6b3a1cb0 GCTaskThread "GC Thread#1" [stack: 0x000000c66cd00000,0x000000c66ce00000] [id=5480]
  0x000001df6affda70 GCTaskThread "GC Thread#2" [stack: 0x000000c66ce00000,0x000000c66cf00000] [id=348]
  0x000001df6affc240 GCTaskThread "GC Thread#3" [stack: 0x000000c66cf00000,0x000000c66d000000] [id=9332]
  0x000001df5038d9c0 ConcurrentGCThread "G1 Main Marker" [stack: 0x000000c66bb00000,0x000000c66bc00000] [id=5680]
  0x000001df5038ea80 ConcurrentGCThread "G1 Conc#0" [stack: 0x000000c66bc00000,0x000000c66bd00000] [id=5596]
  0x000001df503e4820 ConcurrentGCThread "G1 Refine#0" [stack: 0x000000c66bd00000,0x000000c66be00000] [id=1264]
  0x000001df72731a50 ConcurrentGCThread "G1 Refine#1" [stack: 0x000000c671b00000,0x000000c671c00000] [id=8756]
  0x000001df72731d30 ConcurrentGCThread "G1 Refine#2" [stack: 0x000000c671c00000,0x000000c671d00000] [id=5544]
  0x000001df69e91710 ConcurrentGCThread "G1 Service" [stack: 0x000000c66be00000,0x000000c66bf00000] [id=4980]

Threads with active compile tasks:
C2 CompilerThread0    39094 12768   !   4       com.sun.beans.TypeResolver::resolve (261 bytes)
C2 CompilerThread1    39094 12759       4       groovy.lang.MetaClassImpl::inheritInterfaceNewMetaMethods (195 bytes)

VM state: at safepoint (normal execution)

VM Mutex/Monitor currently owned by a thread:  ([mutex/lock_event])
[0x000001df5031b320] Threads_lock - owner thread: 0x000001df6a02b890
[0x000001df5031ba70] Heap_lock - owner thread: 0x000001df5038d9c0
[0x000001df5031b050] Compile_lock - owner thread: 0x000001df6b1c1380

Heap address: 0x0000000080000000, size: 2048 MB, Compressed Oops mode: 32-bit

CDS archive(s) not mapped
Compressed class space mapped at: 0x0000000100000000-0x0000000140000000, reserved size: 1073741824
Narrow klass base: 0x0000000000000000, Narrow klass shift: 3, Narrow klass range: 0x140000000

GC Precious Log:
 CPUs: 4 total, 4 available
 Memory: 8087M
 Large Page Support: Disabled
 NUMA Support: Disabled
 Compressed Oops: Enabled (32-bit)
 Heap Region Size: 1M
 Heap Min Capacity: 8M
 Heap Initial Capacity: 128M
 Heap Max Capacity: 2G
 Pre-touch: Disabled
 Parallel Workers: 4
 Concurrent Workers: 1
 Concurrent Refinement Workers: 4
 Periodic GC: Disabled

Heap:
 garbage-first heap   total 316416K, used 211763K [0x0000000080000000, 0x0000000100000000)
  region size 1024K, 35 young (35840K), 11 survivors (11264K)
 Metaspace       used 107386K, committed 108352K, reserved 1146880K
  class space    used 14358K, committed 14848K, reserved 1048576K

Heap Regions: E=young(eden), S=young(survivor), O=old, HS=humongous(starts), HC=humongous(continues), CS=collection set, F=free, OA=open archive, CA=closed archive, TAMS=top-at-mark-start (previous, next)
|   0|0x0000000080000000, 0x0000000080100000, 0x0000000080100000|100%| O|  |TAMS 0x0000000080100000, 0x0000000080000000| Untracked 
|   1|0x0000000080100000, 0x0000000080200000, 0x0000000080200000|100%| O|  |TAMS 0x0000000080200000, 0x0000000080100000| Untracked 
|   2|0x0000000080200000, 0x0000000080300000, 0x0000000080300000|100%|HS|  |TAMS 0x0000000080300000, 0x0000000080200000| Complete 
|   3|0x0000000080300000, 0x0000000080400000, 0x0000000080400000|100%|HC|  |TAMS 0x0000000080400000, 0x0000000080300000| Complete 
|   4|0x0000000080400000, 0x0000000080500000, 0x0000000080500000|100%|HC|  |TAMS 0x0000000080500000, 0x0000000080400000| Complete 
|   5|0x0000000080500000, 0x0000000080600000, 0x0000000080600000|100%|HC|  |TAMS 0x0000000080600000, 0x0000000080500000| Complete 
|   6|0x0000000080600000, 0x0000000080700000, 0x0000000080700000|100%| O|  |TAMS 0x0000000080700000, 0x0000000080600000| Untracked 
|   7|0x0000000080700000, 0x0000000080800000, 0x0000000080800000|100%| O|  |TAMS 0x0000000080800000, 0x0000000080700000| Untracked 
|   8|0x0000000080800000, 0x0000000080900000, 0x0000000080900000|100%| O|  |TAMS 0x0000000080900000, 0x0000000080800000| Untracked 
|   9|0x0000000080900000, 0x0000000080a00000, 0x0000000080a00000|100%| O|  |TAMS 0x0000000080a00000, 0x0000000080900000| Untracked 
|  10|0x0000000080a00000, 0x0000000080b00000, 0x0000000080b00000|100%| O|  |TAMS 0x0000000080b00000, 0x0000000080a00000| Untracked 
|  11|0x0000000080b00000, 0x0000000080c00000, 0x0000000080c00000|100%| O|  |TAMS 0x0000000080c00000, 0x0000000080b00000| Untracked 
|  12|0x0000000080c00000, 0x0000000080d00000, 0x0000000080d00000|100%| O|  |TAMS 0x0000000080d00000, 0x0000000080c00000| Untracked 
|  13|0x0000000080d00000, 0x0000000080e00000, 0x0000000080e00000|100%| O|  |TAMS 0x0000000080e00000, 0x0000000080d00000| Untracked 
|  14|0x0000000080e00000, 0x0000000080f00000, 0x0000000080f00000|100%| O|  |TAMS 0x0000000080f00000, 0x0000000080e00000| Untracked 
|  15|0x0000000080f00000, 0x0000000081000000, 0x0000000081000000|100%| O|  |TAMS 0x0000000081000000, 0x0000000080f00000| Untracked 
|  16|0x0000000081000000, 0x0000000081100000, 0x0000000081100000|100%| O|  |TAMS 0x0000000081100000, 0x0000000081000000| Untracked 
|  17|0x0000000081100000, 0x0000000081200000, 0x0000000081200000|100%| O|  |TAMS 0x0000000081200000, 0x0000000081100000| Untracked 
|  18|0x0000000081200000, 0x0000000081300000, 0x0000000081300000|100%| O|  |TAMS 0x0000000081300000, 0x0000000081200000| Untracked 
|  19|0x0000000081300000, 0x0000000081400000, 0x0000000081400000|100%| O|  |TAMS 0x0000000081400000, 0x0000000081300000| Untracked 
|  20|0x0000000081400000, 0x0000000081500000, 0x0000000081500000|100%| O|  |TAMS 0x0000000081500000, 0x0000000081400000| Untracked 
|  21|0x0000000081500000, 0x0000000081600000, 0x0000000081600000|100%|HS|  |TAMS 0x0000000081600000, 0x0000000081500000| Complete 
|  22|0x0000000081600000, 0x0000000081700000, 0x0000000081700000|100%|HC|  |TAMS 0x0000000081700000, 0x0000000081600000| Complete 
|  23|0x0000000081700000, 0x0000000081800000, 0x0000000081800000|100%|HS|  |TAMS 0x0000000081800000, 0x0000000081700000| Complete 
|  24|0x0000000081800000, 0x0000000081900000, 0x0000000081900000|100%|HC|  |TAMS 0x0000000081900000, 0x0000000081800000| Complete 
|  25|0x0000000081900000, 0x0000000081a00000, 0x0000000081a00000|100%|HC|  |TAMS 0x0000000081a00000, 0x0000000081900000| Complete 
|  26|0x0000000081a00000, 0x0000000081b00000, 0x0000000081b00000|100%|HS|  |TAMS 0x0000000081b00000, 0x0000000081a00000| Complete 
|  27|0x0000000081b00000, 0x0000000081c00000, 0x0000000081c00000|100%|HC|  |TAMS 0x0000000081c00000, 0x0000000081b00000| Complete 
|  28|0x0000000081c00000, 0x0000000081d00000, 0x0000000081d00000|100%|HC|  |TAMS 0x0000000081d00000, 0x0000000081c00000| Complete 
|  29|0x0000000081d00000, 0x0000000081e00000, 0x0000000081e00000|100%|HS|  |TAMS 0x0000000081e00000, 0x0000000081d00000| Complete 
|  30|0x0000000081e00000, 0x0000000081f00000, 0x0000000081f00000|100%|HC|  |TAMS 0x0000000081f00000, 0x0000000081e00000| Complete 
|  31|0x0000000081f00000, 0x0000000082000000, 0x0000000082000000|100%|HC|  |TAMS 0x0000000082000000, 0x0000000081f00000| Complete 
|  32|0x0000000082000000, 0x0000000082100000, 0x0000000082100000|100%|HC|  |TAMS 0x0000000082100000, 0x0000000082000000| Complete 
|  33|0x0000000082100000, 0x0000000082200000, 0x0000000082200000|100%|HC|  |TAMS 0x0000000082200000, 0x0000000082100000| Complete 
|  34|0x0000000082200000, 0x0000000082300000, 0x0000000082300000|100%|HC|  |TAMS 0x0000000082300000, 0x0000000082200000| Complete 
|  35|0x0000000082300000, 0x0000000082400000, 0x0000000082400000|100%|HC|  |TAMS 0x0000000082400000, 0x0000000082300000| Complete 
|  36|0x0000000082400000, 0x0000000082500000, 0x0000000082500000|100%|HC|  |TAMS 0x0000000082500000, 0x0000000082400000| Complete 
|  37|0x0000000082500000, 0x0000000082600000, 0x0000000082600000|100%|HC|  |TAMS 0x0000000082600000, 0x0000000082500000| Complete 
|  38|0x0000000082600000, 0x0000000082700000, 0x0000000082700000|100%|HC|  |TAMS 0x0000000082700000, 0x0000000082600000| Complete 
|  39|0x0000000082700000, 0x0000000082800000, 0x0000000082800000|100%|HC|  |TAMS 0x0000000082800000, 0x0000000082700000| Complete 
|  40|0x0000000082800000, 0x0000000082900000, 0x0000000082900000|100%|HC|  |TAMS 0x0000000082900000, 0x0000000082800000| Complete 
|  41|0x0000000082900000, 0x0000000082a00000, 0x0000000082a00000|100%| O|  |TAMS 0x0000000082a00000, 0x0000000082900000| Untracked 
|  42|0x0000000082a00000, 0x0000000082b00000, 0x0000000082b00000|100%|HS|  |TAMS 0x0000000082b00000, 0x0000000082a00000| Complete 
|  43|0x0000000082b00000, 0x0000000082c00000, 0x0000000082c00000|100%|HC|  |TAMS 0x0000000082c00000, 0x0000000082b00000| Complete 
|  44|0x0000000082c00000, 0x0000000082d00000, 0x0000000082d00000|100%| O|  |TAMS 0x0000000082d00000, 0x0000000082c00000| Untracked 
|  45|0x0000000082d00000, 0x0000000082e00000, 0x0000000082e00000|100%| O|  |TAMS 0x0000000082e00000, 0x0000000082d00000| Untracked 
|  46|0x0000000082e00000, 0x0000000082f00000, 0x0000000082f00000|100%| O|  |TAMS 0x0000000082f00000, 0x0000000082e00000| Untracked 
|  47|0x0000000082f00000, 0x0000000083000000, 0x0000000083000000|100%| O|  |TAMS 0x0000000083000000, 0x0000000082f00000| Updating 
|  48|0x0000000083000000, 0x0000000083100000, 0x0000000083100000|100%| O|  |TAMS 0x0000000083100000, 0x0000000083000000| Updating 
|  49|0x0000000083100000, 0x0000000083200000, 0x0000000083200000|100%| O|  |TAMS 0x0000000083200000, 0x0000000083100000| Updating 
|  50|0x0000000083200000, 0x0000000083300000, 0x0000000083300000|100%| O|  |TAMS 0x0000000083300000, 0x0000000083200000| Untracked 
|  51|0x0000000083300000, 0x0000000083400000, 0x0000000083400000|100%| O|  |TAMS 0x0000000083400000, 0x0000000083300000| Untracked 
|  52|0x0000000083400000, 0x0000000083500000, 0x0000000083500000|100%| O|  |TAMS 0x0000000083500000, 0x0000000083400000| Untracked 
|  53|0x0000000083500000, 0x0000000083600000, 0x0000000083600000|100%| O|  |TAMS 0x0000000083600000, 0x0000000083500000| Updating 
|  54|0x0000000083600000, 0x0000000083700000, 0x0000000083700000|100%| O|  |TAMS 0x0000000083700000, 0x0000000083600000| Updating 
|  55|0x0000000083700000, 0x0000000083800000, 0x0000000083800000|100%|HS|  |TAMS 0x0000000083800000, 0x0000000083700000| Complete 
|  56|0x0000000083800000, 0x0000000083900000, 0x0000000083900000|100%|HC|  |TAMS 0x0000000083900000, 0x0000000083800000| Complete 
|  57|0x0000000083900000, 0x0000000083a00000, 0x0000000083a00000|100%|HC|  |TAMS 0x0000000083a00000, 0x0000000083900000| Complete 
|  58|0x0000000083a00000, 0x0000000083b00000, 0x0000000083b00000|100%|HS|  |TAMS 0x0000000083b00000, 0x0000000083a00000| Complete 
|  59|0x0000000083b00000, 0x0000000083c00000, 0x0000000083c00000|100%|HC|  |TAMS 0x0000000083c00000, 0x0000000083b00000| Complete 
|  60|0x0000000083c00000, 0x0000000083d00000, 0x0000000083d00000|100%|HC|  |TAMS 0x0000000083d00000, 0x0000000083c00000| Complete 
|  61|0x0000000083d00000, 0x0000000083e00000, 0x0000000083e00000|100%| O|  |TAMS 0x0000000083e00000, 0x0000000083d00000| Untracked 
|  62|0x0000000083e00000, 0x0000000083f00000, 0x0000000083f00000|100%| O|  |TAMS 0x0000000083f00000, 0x0000000083e00000| Updating 
|  63|0x0000000083f00000, 0x0000000084000000, 0x0000000084000000|100%| O|  |TAMS 0x0000000084000000, 0x0000000083f00000| Untracked 
|  64|0x0000000084000000, 0x0000000084100000, 0x0000000084100000|100%| O|  |TAMS 0x0000000084100000, 0x0000000084000000| Untracked 
|  65|0x0000000084100000, 0x0000000084200000, 0x0000000084200000|100%| O|  |TAMS 0x0000000084200000, 0x0000000084100000| Untracked 
|  66|0x0000000084200000, 0x0000000084300000, 0x0000000084300000|100%| O|  |TAMS 0x0000000084300000, 0x0000000084200000| Untracked 
|  67|0x0000000084300000, 0x0000000084400000, 0x0000000084400000|100%| O|  |TAMS 0x0000000084400000, 0x0000000084300000| Untracked 
|  68|0x0000000084400000, 0x0000000084500000, 0x0000000084500000|100%|HS|  |TAMS 0x0000000084500000, 0x0000000084400000| Complete 
|  69|0x0000000084500000, 0x0000000084600000, 0x0000000084600000|100%|HS|  |TAMS 0x0000000084600000, 0x0000000084500000| Complete 
|  70|0x0000000084600000, 0x0000000084700000, 0x0000000084700000|100%|HS|  |TAMS 0x0000000084700000, 0x0000000084600000| Complete 
|  71|0x0000000084700000, 0x0000000084800000, 0x0000000084800000|100%| O|  |TAMS 0x0000000084800000, 0x0000000084700000| Untracked 
|  72|0x0000000084800000, 0x0000000084900000, 0x0000000084900000|100%|HS|  |TAMS 0x0000000084900000, 0x0000000084800000| Complete 
|  73|0x0000000084900000, 0x0000000084a00000, 0x0000000084a00000|100%|HC|  |TAMS 0x0000000084a00000, 0x0000000084900000| Complete 
|  74|0x0000000084a00000, 0x0000000084b00000, 0x0000000084b00000|100%|HS|  |TAMS 0x0000000084b00000, 0x0000000084a00000| Complete 
|  75|0x0000000084b00000, 0x0000000084c00000, 0x0000000084c00000|100%|HC|  |TAMS 0x0000000084c00000, 0x0000000084b00000| Complete 
|  76|0x0000000084c00000, 0x0000000084d00000, 0x0000000084d00000|100%|HC|  |TAMS 0x0000000084d00000, 0x0000000084c00000| Complete 
|  77|0x0000000084d00000, 0x0000000084e00000, 0x0000000084e00000|100%| O|  |TAMS 0x0000000084e00000, 0x0000000084d00000| Untracked 
|  78|0x0000000084e00000, 0x0000000084f00000, 0x0000000084f00000|100%| O|  |TAMS 0x0000000084f00000, 0x0000000084e00000| Untracked 
|  79|0x0000000084f00000, 0x0000000085000000, 0x0000000085000000|100%| O|  |TAMS 0x0000000085000000, 0x0000000084f00000| Untracked 
|  80|0x0000000085000000, 0x0000000085100000, 0x0000000085100000|100%| O|  |TAMS 0x0000000085100000, 0x0000000085000000| Untracked 
|  81|0x0000000085100000, 0x0000000085200000, 0x0000000085200000|100%| O|  |TAMS 0x0000000085200000, 0x0000000085100000| Updating 
|  82|0x0000000085200000, 0x0000000085300000, 0x0000000085300000|100%| O|  |TAMS 0x0000000085300000, 0x0000000085200000| Untracked 
|  83|0x0000000085300000, 0x0000000085400000, 0x0000000085400000|100%| O|  |TAMS 0x0000000085400000, 0x0000000085300000| Untracked 
|  84|0x0000000085400000, 0x0000000085500000, 0x0000000085500000|100%| O|  |TAMS 0x0000000085500000, 0x0000000085400000| Untracked 
|  85|0x0000000085500000, 0x0000000085600000, 0x0000000085600000|100%| O|  |TAMS 0x0000000085600000, 0x0000000085500000| Untracked 
|  86|0x0000000085600000, 0x0000000085700000, 0x0000000085700000|100%| O|  |TAMS 0x0000000085700000, 0x0000000085600000| Updating 
|  87|0x0000000085700000, 0x0000000085800000, 0x0000000085800000|100%| O|  |TAMS 0x0000000085800000, 0x0000000085700000| Untracked 
|  88|0x0000000085800000, 0x0000000085900000, 0x0000000085900000|100%|HS|  |TAMS 0x0000000085900000, 0x0000000085800000| Complete 
|  89|0x0000000085900000, 0x0000000085a00000, 0x0000000085a00000|100%|HC|  |TAMS 0x0000000085a00000, 0x0000000085900000| Complete 
|  90|0x0000000085a00000, 0x0000000085b00000, 0x0000000085b00000|100%|HC|  |TAMS 0x0000000085b00000, 0x0000000085a00000| Complete 
|  91|0x0000000085b00000, 0x0000000085c00000, 0x0000000085c00000|100%|HS|  |TAMS 0x0000000085c00000, 0x0000000085b00000| Complete 
|  92|0x0000000085c00000, 0x0000000085d00000, 0x0000000085d00000|100%|HC|  |TAMS 0x0000000085d00000, 0x0000000085c00000| Complete 
|  93|0x0000000085d00000, 0x0000000085e00000, 0x0000000085e00000|100%|HC|  |TAMS 0x0000000085e00000, 0x0000000085d00000| Complete 
|  94|0x0000000085e00000, 0x0000000085f00000, 0x0000000085f00000|100%|HC|  |TAMS 0x0000000085f00000, 0x0000000085e00000| Complete 
|  95|0x0000000085f00000, 0x0000000086000000, 0x0000000086000000|100%|HC|  |TAMS 0x0000000086000000, 0x0000000085f00000| Complete 
|  96|0x0000000086000000, 0x0000000086100000, 0x0000000086100000|100%|HC|  |TAMS 0x0000000086100000, 0x0000000086000000| Complete 
|  97|0x0000000086100000, 0x0000000086200000, 0x0000000086200000|100%|HC|  |TAMS 0x0000000086200000, 0x0000000086100000| Complete 
|  98|0x0000000086200000, 0x0000000086300000, 0x0000000086300000|100%|HC|  |TAMS 0x0000000086300000, 0x0000000086200000| Complete 
|  99|0x0000000086300000, 0x0000000086400000, 0x0000000086400000|100%|HC|  |TAMS 0x0000000086400000, 0x0000000086300000| Complete 
| 100|0x0000000086400000, 0x0000000086500000, 0x0000000086500000|100%|HC|  |TAMS 0x0000000086500000, 0x0000000086400000| Complete 
| 101|0x0000000086500000, 0x0000000086600000, 0x0000000086600000|100%|HC|  |TAMS 0x0000000086600000, 0x0000000086500000| Complete 
| 102|0x0000000086600000, 0x0000000086700000, 0x0000000086700000|100%|HC|  |TAMS 0x0000000086700000, 0x0000000086600000| Complete 
| 103|0x0000000086700000, 0x0000000086800000, 0x0000000086800000|100%|HS|  |TAMS 0x0000000086800000, 0x0000000086700000| Complete 
| 104|0x0000000086800000, 0x0000000086900000, 0x0000000086900000|100%|HC|  |TAMS 0x0000000086900000, 0x0000000086800000| Complete 
| 105|0x0000000086900000, 0x0000000086a00000, 0x0000000086a00000|100%| O|  |TAMS 0x0000000086a00000, 0x0000000086900000| Untracked 
| 106|0x0000000086a00000, 0x0000000086b00000, 0x0000000086b00000|100%| O|  |TAMS 0x0000000086b00000, 0x0000000086a00000| Untracked 
| 107|0x0000000086b00000, 0x0000000086c00000, 0x0000000086c00000|100%| O|  |TAMS 0x0000000086c00000, 0x0000000086b00000| Untracked 
| 108|0x0000000086c00000, 0x0000000086d00000, 0x0000000086d00000|100%| O|  |TAMS 0x0000000086d00000, 0x0000000086c00000| Untracked 
| 109|0x0000000086d00000, 0x0000000086e00000, 0x0000000086e00000|100%| O|  |TAMS 0x0000000086e00000, 0x0000000086d00000| Untracked 
| 110|0x0000000086e00000, 0x0000000086f00000, 0x0000000086f00000|100%| O|  |TAMS 0x0000000086f00000, 0x0000000086e00000| Untracked 
| 111|0x0000000086f00000, 0x0000000087000000, 0x0000000087000000|100%| O|  |TAMS 0x0000000087000000, 0x0000000086f00000| Updating 
| 112|0x0000000087000000, 0x0000000087100000, 0x0000000087100000|100%| O|  |TAMS 0x0000000087100000, 0x0000000087000000| Updating 
| 113|0x0000000087100000, 0x0000000087200000, 0x0000000087200000|100%| O|  |TAMS 0x0000000087200000, 0x0000000087100000| Updating 
| 114|0x0000000087200000, 0x0000000087300000, 0x0000000087300000|100%| O|  |TAMS 0x0000000087300000, 0x0000000087200000| Untracked 
| 115|0x0000000087300000, 0x0000000087400000, 0x0000000087400000|100%| O|  |TAMS 0x0000000087400000, 0x0000000087300000| Updating 
| 116|0x0000000087400000, 0x0000000087500000, 0x0000000087500000|100%| O|  |TAMS 0x0000000087500000, 0x0000000087400000| Untracked 
| 117|0x0000000087500000, 0x0000000087600000, 0x0000000087600000|100%| O|  |TAMS 0x0000000087600000, 0x0000000087500000| Untracked 
| 118|0x0000000087600000, 0x0000000087700000, 0x0000000087700000|100%| O|  |TAMS 0x0000000087700000, 0x0000000087600000| Untracked 
| 119|0x0000000087700000, 0x0000000087800000, 0x0000000087800000|100%| O|  |TAMS 0x0000000087800000, 0x0000000087700000| Updating 
| 120|0x0000000087800000, 0x0000000087900000, 0x0000000087900000|100%| O|  |TAMS 0x0000000087900000, 0x0000000087800000| Updating 
| 121|0x0000000087900000, 0x0000000087a00000, 0x0000000087a00000|100%| O|  |TAMS 0x0000000087a00000, 0x0000000087900000| Untracked 
| 122|0x0000000087a00000, 0x0000000087b00000, 0x0000000087b00000|100%| O|  |TAMS 0x0000000087b00000, 0x0000000087a00000| Untracked 
| 123|0x0000000087b00000, 0x0000000087c00000, 0x0000000087c00000|100%| O|  |TAMS 0x0000000087c00000, 0x0000000087b00000| Untracked 
| 124|0x0000000087c00000, 0x0000000087d00000, 0x0000000087d00000|100%| O|  |TAMS 0x0000000087d00000, 0x0000000087c00000| Untracked 
| 125|0x0000000087d00000, 0x0000000087e00000, 0x0000000087e00000|100%| O|  |TAMS 0x0000000087e00000, 0x0000000087d00000| Untracked 
| 126|0x0000000087e00000, 0x0000000087f00000, 0x0000000087f00000|100%| O|  |TAMS 0x0000000087f00000, 0x0000000087e00000| Untracked 
| 127|0x0000000087f00000, 0x0000000088000000, 0x0000000088000000|100%| O|  |TAMS 0x0000000088000000, 0x0000000087f00000| Untracked 
| 128|0x0000000088000000, 0x0000000088100000, 0x0000000088100000|100%| O|  |TAMS 0x0000000088100000, 0x0000000088000000| Untracked 
| 129|0x0000000088100000, 0x0000000088200000, 0x0000000088200000|100%| O|  |TAMS 0x0000000088200000, 0x0000000088100000| Untracked 
| 130|0x0000000088200000, 0x0000000088300000, 0x0000000088300000|100%| O|  |TAMS 0x0000000088300000, 0x0000000088200000| Untracked 
| 131|0x0000000088300000, 0x0000000088400000, 0x0000000088400000|100%| O|  |TAMS 0x0000000088400000, 0x0000000088300000| Untracked 
| 132|0x0000000088400000, 0x0000000088500000, 0x0000000088500000|100%| O|  |TAMS 0x0000000088500000, 0x0000000088400000| Untracked 
| 133|0x0000000088500000, 0x0000000088600000, 0x0000000088600000|100%| O|  |TAMS 0x0000000088600000, 0x0000000088500000| Untracked 
| 134|0x0000000088600000, 0x0000000088700000, 0x0000000088700000|100%| O|  |TAMS 0x0000000088700000, 0x0000000088600000| Untracked 
| 135|0x0000000088700000, 0x0000000088800000, 0x0000000088800000|100%| O|  |TAMS 0x0000000088800000, 0x0000000088700000| Untracked 
| 136|0x0000000088800000, 0x0000000088900000, 0x0000000088900000|100%| O|  |TAMS 0x0000000088900000, 0x0000000088800000| Untracked 
| 137|0x0000000088900000, 0x0000000088a00000, 0x0000000088a00000|100%| O|  |TAMS 0x0000000088a00000, 0x0000000088900000| Untracked 
| 138|0x0000000088a00000, 0x0000000088b00000, 0x0000000088b00000|100%| O|  |TAMS 0x0000000088b00000, 0x0000000088a00000| Untracked 
| 139|0x0000000088b00000, 0x0000000088c00000, 0x0000000088c00000|100%| O|  |TAMS 0x0000000088c00000, 0x0000000088b00000| Untracked 
| 140|0x0000000088c00000, 0x0000000088d00000, 0x0000000088d00000|100%| O|  |TAMS 0x0000000088d00000, 0x0000000088c00000| Untracked 
| 141|0x0000000088d00000, 0x0000000088e00000, 0x0000000088e00000|100%| O|  |TAMS 0x0000000088e00000, 0x0000000088d00000| Untracked 
| 142|0x0000000088e00000, 0x0000000088f00000, 0x0000000088f00000|100%| O|  |TAMS 0x0000000088f00000, 0x0000000088e00000| Updating 
| 143|0x0000000088f00000, 0x0000000089000000, 0x0000000089000000|100%| O|  |TAMS 0x0000000089000000, 0x0000000088f00000| Untracked 
| 144|0x0000000089000000, 0x0000000089100000, 0x0000000089100000|100%| O|  |TAMS 0x0000000089100000, 0x0000000089000000| Untracked 
| 145|0x0000000089100000, 0x0000000089200000, 0x0000000089200000|100%| O|  |TAMS 0x0000000089200000, 0x0000000089100000| Untracked 
| 146|0x0000000089200000, 0x0000000089300000, 0x0000000089300000|100%| O|  |TAMS 0x0000000089300000, 0x0000000089200000| Untracked 
| 147|0x0000000089300000, 0x0000000089400000, 0x0000000089400000|100%| O|  |TAMS 0x0000000089400000, 0x0000000089300000| Untracked 
| 148|0x0000000089400000, 0x0000000089500000, 0x0000000089500000|100%| O|  |TAMS 0x0000000089500000, 0x0000000089400000| Untracked 
| 149|0x0000000089500000, 0x0000000089600000, 0x0000000089600000|100%| O|  |TAMS 0x0000000089600000, 0x0000000089500000| Untracked 
| 150|0x0000000089600000, 0x0000000089700000, 0x0000000089700000|100%| O|  |TAMS 0x0000000089700000, 0x0000000089600000| Untracked 
| 151|0x0000000089700000, 0x0000000089800000, 0x0000000089800000|100%| O|  |TAMS 0x0000000089800000, 0x0000000089700000| Untracked 
| 152|0x0000000089800000, 0x0000000089900000, 0x0000000089900000|100%| O|  |TAMS 0x0000000089900000, 0x0000000089800000| Untracked 
| 153|0x0000000089900000, 0x0000000089a00000, 0x0000000089a00000|100%| O|  |TAMS 0x0000000089a00000, 0x0000000089900000| Untracked 
| 154|0x0000000089a00000, 0x0000000089b00000, 0x0000000089b00000|100%| O|  |TAMS 0x0000000089b00000, 0x0000000089a00000| Untracked 
| 155|0x0000000089b00000, 0x0000000089c00000, 0x0000000089c00000|100%| O|  |TAMS 0x0000000089c00000, 0x0000000089b00000| Untracked 
| 156|0x0000000089c00000, 0x0000000089d00000, 0x0000000089d00000|100%| O|  |TAMS 0x0000000089d00000, 0x0000000089c00000| Untracked 
| 157|0x0000000089d00000, 0x0000000089e00000, 0x0000000089e00000|100%| O|  |TAMS 0x0000000089e00000, 0x0000000089d00000| Untracked 
| 158|0x0000000089e00000, 0x0000000089f00000, 0x0000000089f00000|100%| O|  |TAMS 0x0000000089f00000, 0x0000000089e00000| Untracked 
| 159|0x0000000089f00000, 0x000000008a000000, 0x000000008a000000|100%| O|  |TAMS 0x000000008a000000, 0x0000000089f00000| Untracked 
| 160|0x000000008a000000, 0x000000008a100000, 0x000000008a100000|100%| O|  |TAMS 0x000000008a100000, 0x000000008a000000| Untracked 
| 161|0x000000008a100000, 0x000000008a200000, 0x000000008a200000|100%| O|  |TAMS 0x000000008a200000, 0x000000008a100000| Untracked 
| 162|0x000000008a200000, 0x000000008a300000, 0x000000008a300000|100%| O|  |TAMS 0x000000008a300000, 0x000000008a200000| Untracked 
| 163|0x000000008a300000, 0x000000008a400000, 0x000000008a400000|100%| O|  |TAMS 0x000000008a400000, 0x000000008a300000| Untracked 
| 164|0x000000008a400000, 0x000000008a500000, 0x000000008a500000|100%| O|  |TAMS 0x000000008a500000, 0x000000008a400000| Untracked 
| 165|0x000000008a500000, 0x000000008a600000, 0x000000008a600000|100%| O|  |TAMS 0x000000008a600000, 0x000000008a500000| Untracked 
| 166|0x000000008a600000, 0x000000008a700000, 0x000000008a700000|100%| O|  |TAMS 0x000000008a663e00, 0x000000008a600000| Untracked 
| 167|0x000000008a700000, 0x000000008a800000, 0x000000008a800000|100%| O|  |TAMS 0x000000008a700000, 0x000000008a700000| Untracked 
| 168|0x000000008a800000, 0x000000008a900000, 0x000000008a900000|100%| O|  |TAMS 0x000000008a900000, 0x000000008a800000| Untracked 
| 169|0x000000008a900000, 0x000000008aa00000, 0x000000008aa00000|100%| O|  |TAMS 0x000000008aa00000, 0x000000008a900000| Untracked 
| 170|0x000000008aa00000, 0x000000008ab00000, 0x000000008ab00000|100%| O|  |TAMS 0x000000008ab00000, 0x000000008aa00000| Untracked 
| 171|0x000000008ab00000, 0x000000008ac00000, 0x000000008ac00000|100%| O|  |TAMS 0x000000008ac00000, 0x000000008ab00000| Updating 
| 172|0x000000008ac00000, 0x000000008accce00, 0x000000008ad00000| 80%| O|  |TAMS 0x000000008ac00000, 0x000000008ac00000| Updating 
| 173|0x000000008ad00000, 0x000000008ad00000, 0x000000008ae00000|  0%| F|  |TAMS 0x000000008ad00000, 0x000000008ad00000| Untracked 
| 174|0x000000008ae00000, 0x000000008ae00000, 0x000000008af00000|  0%| F|  |TAMS 0x000000008ae00000, 0x000000008ae00000| Untracked 
| 175|0x000000008af00000, 0x000000008af00000, 0x000000008b000000|  0%| F|  |TAMS 0x000000008af00000, 0x000000008af00000| Untracked 
| 176|0x000000008b000000, 0x000000008b000000, 0x000000008b100000|  0%| F|  |TAMS 0x000000008b000000, 0x000000008b000000| Untracked 
| 177|0x000000008b100000, 0x000000008b100000, 0x000000008b200000|  0%| F|  |TAMS 0x000000008b100000, 0x000000008b100000| Untracked 
| 178|0x000000008b200000, 0x000000008b200000, 0x000000008b300000|  0%| F|  |TAMS 0x000000008b200000, 0x000000008b200000| Untracked 
| 179|0x000000008b300000, 0x000000008b300000, 0x000000008b400000|  0%| F|  |TAMS 0x000000008b300000, 0x000000008b300000| Untracked 
| 180|0x000000008b400000, 0x000000008b400000, 0x000000008b500000|  0%| F|  |TAMS 0x000000008b400000, 0x000000008b400000| Untracked 
| 181|0x000000008b500000, 0x000000008b500000, 0x000000008b600000|  0%| F|  |TAMS 0x000000008b500000, 0x000000008b500000| Untracked 
| 182|0x000000008b600000, 0x000000008b600000, 0x000000008b700000|  0%| F|  |TAMS 0x000000008b600000, 0x000000008b600000| Untracked 
| 183|0x000000008b700000, 0x000000008b700000, 0x000000008b800000|  0%| F|  |TAMS 0x000000008b700000, 0x000000008b700000| Untracked 
| 184|0x000000008b800000, 0x000000008b800000, 0x000000008b900000|  0%| F|  |TAMS 0x000000008b800000, 0x000000008b800000| Untracked 
| 185|0x000000008b900000, 0x000000008b900000, 0x000000008ba00000|  0%| F|  |TAMS 0x000000008b900000, 0x000000008b900000| Untracked 
| 186|0x000000008ba00000, 0x000000008ba00000, 0x000000008bb00000|  0%| F|  |TAMS 0x000000008ba00000, 0x000000008ba00000| Untracked 
| 187|0x000000008bb00000, 0x000000008bb00000, 0x000000008bc00000|  0%| F|  |TAMS 0x000000008bb00000, 0x000000008bb00000| Untracked 
| 188|0x000000008bc00000, 0x000000008bc00000, 0x000000008bd00000|  0%| F|  |TAMS 0x000000008bc00000, 0x000000008bc00000| Untracked 
| 189|0x000000008bd00000, 0x000000008bd00000, 0x000000008be00000|  0%| F|  |TAMS 0x000000008bd00000, 0x000000008bd00000| Untracked 
| 190|0x000000008be00000, 0x000000008be00000, 0x000000008bf00000|  0%| F|  |TAMS 0x000000008be00000, 0x000000008be00000| Untracked 
| 191|0x000000008bf00000, 0x000000008bf00000, 0x000000008c000000|  0%| F|  |TAMS 0x000000008bf00000, 0x000000008bf00000| Untracked 
| 192|0x000000008c000000, 0x000000008c000000, 0x000000008c100000|  0%| F|  |TAMS 0x000000008c000000, 0x000000008c000000| Untracked 
| 193|0x000000008c100000, 0x000000008c100000, 0x000000008c200000|  0%| F|  |TAMS 0x000000008c100000, 0x000000008c100000| Untracked 
| 194|0x000000008c200000, 0x000000008c200000, 0x000000008c300000|  0%| F|  |TAMS 0x000000008c200000, 0x000000008c200000| Untracked 
| 195|0x000000008c300000, 0x000000008c300000, 0x000000008c400000|  0%| F|  |TAMS 0x000000008c300000, 0x000000008c300000| Untracked 
| 196|0x000000008c400000, 0x000000008c400000, 0x000000008c500000|  0%| F|  |TAMS 0x000000008c400000, 0x000000008c400000| Untracked 
| 197|0x000000008c500000, 0x000000008c500000, 0x000000008c600000|  0%| F|  |TAMS 0x000000008c500000, 0x000000008c500000| Untracked 
| 198|0x000000008c600000, 0x000000008c600000, 0x000000008c700000|  0%| F|  |TAMS 0x000000008c600000, 0x000000008c600000| Untracked 
| 199|0x000000008c700000, 0x000000008c700000, 0x000000008c800000|  0%| F|  |TAMS 0x000000008c700000, 0x000000008c700000| Untracked 
| 200|0x000000008c800000, 0x000000008c800000, 0x000000008c900000|  0%| F|  |TAMS 0x000000008c800000, 0x000000008c800000| Untracked 
| 201|0x000000008c900000, 0x000000008c900000, 0x000000008ca00000|  0%| F|  |TAMS 0x000000008c900000, 0x000000008c900000| Untracked 
| 202|0x000000008ca00000, 0x000000008ca00000, 0x000000008cb00000|  0%| F|  |TAMS 0x000000008ca00000, 0x000000008ca00000| Untracked 
| 203|0x000000008cb00000, 0x000000008cb00000, 0x000000008cc00000|  0%| F|  |TAMS 0x000000008cb00000, 0x000000008cb00000| Untracked 
| 204|0x000000008cc00000, 0x000000008cc00000, 0x000000008cd00000|  0%| F|  |TAMS 0x000000008cc00000, 0x000000008cc00000| Untracked 
| 205|0x000000008cd00000, 0x000000008cd00000, 0x000000008ce00000|  0%| F|  |TAMS 0x000000008cd00000, 0x000000008cd00000| Untracked 
| 206|0x000000008ce00000, 0x000000008ce00000, 0x000000008cf00000|  0%| F|  |TAMS 0x000000008ce00000, 0x000000008ce00000| Untracked 
| 207|0x000000008cf00000, 0x000000008cf00000, 0x000000008d000000|  0%| F|  |TAMS 0x000000008cf00000, 0x000000008cf00000| Untracked 
| 208|0x000000008d000000, 0x000000008d000000, 0x000000008d100000|  0%| F|  |TAMS 0x000000008d000000, 0x000000008d000000| Untracked 
| 209|0x000000008d100000, 0x000000008d100000, 0x000000008d200000|  0%| F|  |TAMS 0x000000008d100000, 0x000000008d100000| Untracked 
| 210|0x000000008d200000, 0x000000008d200000, 0x000000008d300000|  0%| F|  |TAMS 0x000000008d200000, 0x000000008d200000| Untracked 
| 211|0x000000008d300000, 0x000000008d300000, 0x000000008d400000|  0%| F|  |TAMS 0x000000008d300000, 0x000000008d300000| Untracked 
| 212|0x000000008d400000, 0x000000008d400000, 0x000000008d500000|  0%| F|  |TAMS 0x000000008d400000, 0x000000008d400000| Untracked 
| 213|0x000000008d500000, 0x000000008d500000, 0x000000008d600000|  0%| F|  |TAMS 0x000000008d500000, 0x000000008d500000| Untracked 
| 214|0x000000008d600000, 0x000000008d600000, 0x000000008d700000|  0%| F|  |TAMS 0x000000008d600000, 0x000000008d600000| Untracked 
| 215|0x000000008d700000, 0x000000008d700000, 0x000000008d800000|  0%| F|  |TAMS 0x000000008d700000, 0x000000008d700000| Untracked 
| 216|0x000000008d800000, 0x000000008d900000, 0x000000008d900000|100%| S|CS|TAMS 0x000000008d800000, 0x000000008d800000| Complete 
| 217|0x000000008d900000, 0x000000008da00000, 0x000000008da00000|100%| S|CS|TAMS 0x000000008d900000, 0x000000008d900000| Complete 
| 218|0x000000008da00000, 0x000000008da00000, 0x000000008db00000|  0%| F|  |TAMS 0x000000008da00000, 0x000000008da00000| Untracked 
| 219|0x000000008db00000, 0x000000008db00000, 0x000000008dc00000|  0%| F|  |TAMS 0x000000008db00000, 0x000000008db00000| Untracked 
| 220|0x000000008dc00000, 0x000000008dd00000, 0x000000008dd00000|100%| S|CS|TAMS 0x000000008dc00000, 0x000000008dc00000| Complete 
| 221|0x000000008dd00000, 0x000000008de00000, 0x000000008de00000|100%| S|CS|TAMS 0x000000008dd00000, 0x000000008dd00000| Complete 
| 222|0x000000008de00000, 0x000000008df00000, 0x000000008df00000|100%| S|CS|TAMS 0x000000008de00000, 0x000000008de00000| Complete 
| 223|0x000000008df00000, 0x000000008e000000, 0x000000008e000000|100%| S|CS|TAMS 0x000000008df00000, 0x000000008df00000| Complete 
| 224|0x000000008e000000, 0x000000008e100000, 0x000000008e100000|100%| S|CS|TAMS 0x000000008e000000, 0x000000008e000000| Complete 
| 225|0x000000008e100000, 0x000000008e200000, 0x000000008e200000|100%| S|CS|TAMS 0x000000008e100000, 0x000000008e100000| Complete 
| 226|0x000000008e200000, 0x000000008e300000, 0x000000008e300000|100%| S|CS|TAMS 0x000000008e200000, 0x000000008e200000| Complete 
| 227|0x000000008e300000, 0x000000008e300000, 0x000000008e400000|  0%| F|  |TAMS 0x000000008e300000, 0x000000008e300000| Untracked 
| 228|0x000000008e400000, 0x000000008e400000, 0x000000008e500000|  0%| F|  |TAMS 0x000000008e400000, 0x000000008e400000| Untracked 
| 229|0x000000008e500000, 0x000000008e500000, 0x000000008e600000|  0%| F|  |TAMS 0x000000008e500000, 0x000000008e500000| Untracked 
| 230|0x000000008e600000, 0x000000008e600000, 0x000000008e700000|  0%| F|  |TAMS 0x000000008e600000, 0x000000008e600000| Untracked 
| 231|0x000000008e700000, 0x000000008e800000, 0x000000008e800000|100%| S|CS|TAMS 0x000000008e700000, 0x000000008e700000| Complete 
| 232|0x000000008e800000, 0x000000008e900000, 0x000000008e900000|100%| S|CS|TAMS 0x000000008e800000, 0x000000008e800000| Complete 
| 233|0x000000008e900000, 0x000000008e900000, 0x000000008ea00000|  0%| F|  |TAMS 0x000000008e900000, 0x000000008e900000| Untracked 
| 234|0x000000008ea00000, 0x000000008ea00000, 0x000000008eb00000|  0%| F|  |TAMS 0x000000008ea00000, 0x000000008ea00000| Untracked 
| 235|0x000000008eb00000, 0x000000008eb00000, 0x000000008ec00000|  0%| F|  |TAMS 0x000000008eb00000, 0x000000008eb00000| Untracked 
| 236|0x000000008ec00000, 0x000000008ec00000, 0x000000008ed00000|  0%| F|  |TAMS 0x000000008ec00000, 0x000000008ec00000| Untracked 
| 237|0x000000008ed00000, 0x000000008ed00000, 0x000000008ee00000|  0%| F|  |TAMS 0x000000008ed00000, 0x000000008ed00000| Untracked 
| 238|0x000000008ee00000, 0x000000008ee00000, 0x000000008ef00000|  0%| F|  |TAMS 0x000000008ee00000, 0x000000008ee00000| Untracked 
| 239|0x000000008ef00000, 0x000000008ef00000, 0x000000008f000000|  0%| F|  |TAMS 0x000000008ef00000, 0x000000008ef00000| Untracked 
| 240|0x000000008f000000, 0x000000008f000000, 0x000000008f100000|  0%| F|  |TAMS 0x000000008f000000, 0x000000008f000000| Untracked 
| 241|0x000000008f100000, 0x000000008f100000, 0x000000008f200000|  0%| F|  |TAMS 0x000000008f100000, 0x000000008f100000| Untracked 
| 242|0x000000008f200000, 0x000000008f200000, 0x000000008f300000|  0%| F|  |TAMS 0x000000008f200000, 0x000000008f200000| Untracked 
| 243|0x000000008f300000, 0x000000008f300000, 0x000000008f400000|  0%| F|  |TAMS 0x000000008f300000, 0x000000008f300000| Untracked 
| 244|0x000000008f400000, 0x000000008f400000, 0x000000008f500000|  0%| F|  |TAMS 0x000000008f400000, 0x000000008f400000| Untracked 
| 245|0x000000008f500000, 0x000000008f500000, 0x000000008f600000|  0%| F|  |TAMS 0x000000008f500000, 0x000000008f500000| Untracked 
| 246|0x000000008f600000, 0x000000008f600000, 0x000000008f700000|  0%| F|  |TAMS 0x000000008f600000, 0x000000008f600000| Untracked 
| 247|0x000000008f700000, 0x000000008f700000, 0x000000008f800000|  0%| F|  |TAMS 0x000000008f700000, 0x000000008f700000| Untracked 
| 248|0x000000008f800000, 0x000000008f800000, 0x000000008f900000|  0%| F|  |TAMS 0x000000008f800000, 0x000000008f800000| Untracked 
| 249|0x000000008f900000, 0x000000008f900000, 0x000000008fa00000|  0%| F|  |TAMS 0x000000008f900000, 0x000000008f900000| Untracked 
| 250|0x000000008fa00000, 0x000000008fa00000, 0x000000008fb00000|  0%| F|  |TAMS 0x000000008fa00000, 0x000000008fa00000| Untracked 
| 251|0x000000008fb00000, 0x000000008fb00000, 0x000000008fc00000|  0%| F|  |TAMS 0x000000008fb00000, 0x000000008fb00000| Untracked 
| 252|0x000000008fc00000, 0x000000008fc00000, 0x000000008fd00000|  0%| F|  |TAMS 0x000000008fc00000, 0x000000008fc00000| Untracked 
| 253|0x000000008fd00000, 0x000000008fd00000, 0x000000008fe00000|  0%| F|  |TAMS 0x000000008fd00000, 0x000000008fd00000| Untracked 
| 254|0x000000008fe00000, 0x000000008fe00000, 0x000000008ff00000|  0%| F|  |TAMS 0x000000008fe00000, 0x000000008fe00000| Untracked 
| 255|0x000000008ff00000, 0x000000008ff00000, 0x0000000090000000|  0%| F|  |TAMS 0x000000008ff00000, 0x000000008ff00000| Untracked 
| 256|0x0000000090000000, 0x0000000090000000, 0x0000000090100000|  0%| F|  |TAMS 0x0000000090000000, 0x0000000090000000| Untracked 
| 257|0x0000000090100000, 0x0000000090100000, 0x0000000090200000|  0%| F|  |TAMS 0x0000000090100000, 0x0000000090100000| Untracked 
| 258|0x0000000090200000, 0x0000000090200000, 0x0000000090300000|  0%| F|  |TAMS 0x0000000090200000, 0x0000000090200000| Untracked 
| 259|0x0000000090300000, 0x0000000090300000, 0x0000000090400000|  0%| F|  |TAMS 0x0000000090300000, 0x0000000090300000| Untracked 
| 260|0x0000000090400000, 0x0000000090400000, 0x0000000090500000|  0%| F|  |TAMS 0x0000000090400000, 0x0000000090400000| Untracked 
| 261|0x0000000090500000, 0x0000000090500000, 0x0000000090600000|  0%| F|  |TAMS 0x0000000090500000, 0x0000000090500000| Untracked 
| 262|0x0000000090600000, 0x0000000090600000, 0x0000000090700000|  0%| F|  |TAMS 0x0000000090600000, 0x0000000090600000| Untracked 
| 263|0x0000000090700000, 0x0000000090700000, 0x0000000090800000|  0%| F|  |TAMS 0x0000000090700000, 0x0000000090700000| Untracked 
| 264|0x0000000090800000, 0x0000000090800000, 0x0000000090900000|  0%| F|  |TAMS 0x0000000090800000, 0x0000000090800000| Untracked 
| 265|0x0000000090900000, 0x0000000090900000, 0x0000000090a00000|  0%| F|  |TAMS 0x0000000090900000, 0x0000000090900000| Untracked 
| 266|0x0000000090a00000, 0x0000000090a00000, 0x0000000090b00000|  0%| F|  |TAMS 0x0000000090a00000, 0x0000000090a00000| Untracked 
| 267|0x0000000090b00000, 0x0000000090b00000, 0x0000000090c00000|  0%| F|  |TAMS 0x0000000090b00000, 0x0000000090b00000| Untracked 
| 268|0x0000000090c00000, 0x0000000090c00000, 0x0000000090d00000|  0%| F|  |TAMS 0x0000000090c00000, 0x0000000090c00000| Untracked 
| 269|0x0000000090d00000, 0x0000000090d00000, 0x0000000090e00000|  0%| F|  |TAMS 0x0000000090d00000, 0x0000000090d00000| Untracked 
| 270|0x0000000090e00000, 0x0000000090e00000, 0x0000000090f00000|  0%| F|  |TAMS 0x0000000090e00000, 0x0000000090e00000| Untracked 
| 271|0x0000000090f00000, 0x0000000090f00000, 0x0000000091000000|  0%| F|  |TAMS 0x0000000090f00000, 0x0000000090f00000| Untracked 
| 272|0x0000000091000000, 0x0000000091000000, 0x0000000091100000|  0%| F|  |TAMS 0x0000000091000000, 0x0000000091000000| Untracked 
| 273|0x0000000091100000, 0x0000000091100000, 0x0000000091200000|  0%| F|  |TAMS 0x0000000091100000, 0x0000000091100000| Untracked 
| 274|0x0000000091200000, 0x0000000091200000, 0x0000000091300000|  0%| F|  |TAMS 0x0000000091200000, 0x0000000091200000| Untracked 
| 275|0x0000000091300000, 0x0000000091300000, 0x0000000091400000|  0%| F|  |TAMS 0x0000000091300000, 0x0000000091300000| Untracked 
| 276|0x0000000091400000, 0x0000000091400000, 0x0000000091500000|  0%| F|  |TAMS 0x0000000091400000, 0x0000000091400000| Untracked 
| 277|0x0000000091500000, 0x0000000091500000, 0x0000000091600000|  0%| F|  |TAMS 0x0000000091500000, 0x0000000091500000| Untracked 
| 278|0x0000000091600000, 0x0000000091600000, 0x0000000091700000|  0%| F|  |TAMS 0x0000000091600000, 0x0000000091600000| Untracked 
| 279|0x0000000091700000, 0x0000000091700000, 0x0000000091800000|  0%| F|  |TAMS 0x0000000091700000, 0x0000000091700000| Untracked 
| 280|0x0000000091800000, 0x0000000091800000, 0x0000000091900000|  0%| F|  |TAMS 0x0000000091800000, 0x0000000091800000| Untracked 
| 281|0x0000000091900000, 0x0000000091900000, 0x0000000091a00000|  0%| F|  |TAMS 0x0000000091900000, 0x0000000091900000| Untracked 
| 282|0x0000000091a00000, 0x0000000091a00000, 0x0000000091b00000|  0%| F|  |TAMS 0x0000000091a00000, 0x0000000091a00000| Untracked 
| 283|0x0000000091b00000, 0x0000000091b00000, 0x0000000091c00000|  0%| F|  |TAMS 0x0000000091b00000, 0x0000000091b00000| Untracked 
| 284|0x0000000091c00000, 0x0000000091c00000, 0x0000000091d00000|  0%| F|  |TAMS 0x0000000091c00000, 0x0000000091c00000| Untracked 
| 285|0x0000000091d00000, 0x0000000091dd9bd8, 0x0000000091e00000| 85%| E|  |TAMS 0x0000000091d00000, 0x0000000091d00000| Complete 
| 286|0x0000000091e00000, 0x0000000091f00000, 0x0000000091f00000|100%| E|CS|TAMS 0x0000000091e00000, 0x0000000091e00000| Complete 
| 287|0x0000000091f00000, 0x0000000092000000, 0x0000000092000000|100%| E|CS|TAMS 0x0000000091f00000, 0x0000000091f00000| Complete 
| 288|0x0000000092000000, 0x0000000092100000, 0x0000000092100000|100%| E|CS|TAMS 0x0000000092000000, 0x0000000092000000| Complete 
| 289|0x0000000092100000, 0x0000000092200000, 0x0000000092200000|100%| E|CS|TAMS 0x0000000092100000, 0x0000000092100000| Complete 
| 290|0x0000000092200000, 0x0000000092300000, 0x0000000092300000|100%| E|CS|TAMS 0x0000000092200000, 0x0000000092200000| Complete 
| 291|0x0000000092300000, 0x0000000092400000, 0x0000000092400000|100%| E|CS|TAMS 0x0000000092300000, 0x0000000092300000| Complete 
| 292|0x0000000092400000, 0x0000000092500000, 0x0000000092500000|100%| E|CS|TAMS 0x0000000092400000, 0x0000000092400000| Complete 
| 293|0x0000000092500000, 0x0000000092600000, 0x0000000092600000|100%| E|CS|TAMS 0x0000000092500000, 0x0000000092500000| Complete 
| 294|0x0000000092600000, 0x0000000092700000, 0x0000000092700000|100%| E|CS|TAMS 0x0000000092600000, 0x0000000092600000| Complete 
| 295|0x0000000092700000, 0x0000000092800000, 0x0000000092800000|100%| E|CS|TAMS 0x0000000092700000, 0x0000000092700000| Complete 
| 296|0x0000000092800000, 0x0000000092900000, 0x0000000092900000|100%| E|CS|TAMS 0x0000000092800000, 0x0000000092800000| Complete 
| 297|0x0000000092900000, 0x0000000092a00000, 0x0000000092a00000|100%| E|CS|TAMS 0x0000000092900000, 0x0000000092900000| Complete 
| 298|0x0000000092a00000, 0x0000000092b00000, 0x0000000092b00000|100%| E|CS|TAMS 0x0000000092a00000, 0x0000000092a00000| Complete 
| 299|0x0000000092b00000, 0x0000000092c00000, 0x0000000092c00000|100%| E|CS|TAMS 0x0000000092b00000, 0x0000000092b00000| Complete 
| 300|0x0000000092c00000, 0x0000000092d00000, 0x0000000092d00000|100%| E|CS|TAMS 0x0000000092c00000, 0x0000000092c00000| Complete 
| 301|0x0000000092d00000, 0x0000000092e00000, 0x0000000092e00000|100%| E|CS|TAMS 0x0000000092d00000, 0x0000000092d00000| Complete 
| 302|0x0000000092e00000, 0x0000000092f00000, 0x0000000092f00000|100%| E|CS|TAMS 0x0000000092e00000, 0x0000000092e00000| Complete 
| 303|0x0000000092f00000, 0x0000000093000000, 0x0000000093000000|100%| E|CS|TAMS 0x0000000092f00000, 0x0000000092f00000| Complete 
| 304|0x0000000093000000, 0x0000000093100000, 0x0000000093100000|100%| E|CS|TAMS 0x0000000093000000, 0x0000000093000000| Complete 
| 305|0x0000000093100000, 0x0000000093200000, 0x0000000093200000|100%| E|CS|TAMS 0x0000000093100000, 0x0000000093100000| Complete 
| 306|0x0000000093200000, 0x0000000093300000, 0x0000000093300000|100%| E|CS|TAMS 0x0000000093200000, 0x0000000093200000| Complete 
| 307|0x0000000093300000, 0x0000000093400000, 0x0000000093400000|100%| E|CS|TAMS 0x0000000093300000, 0x0000000093300000| Complete 
| 308|0x0000000093400000, 0x0000000093500000, 0x0000000093500000|100%| E|CS|TAMS 0x0000000093400000, 0x0000000093400000| Complete 

Card table byte_map: [0x000001df63230000,0x000001df63630000] _byte_map_base: 0x000001df62e30000

Marking Bits (Prev, Next): (CMBitMap*) 0x000001df5037d090, (CMBitMap*) 0x000001df5037d0d0
 Prev Bits: [0x000001df63a30000, 0x000001df65a30000)
 Next Bits: [0x000001df65a30000, 0x000001df67a30000)

Polling page: 0x000001df4e930000

Metaspace:

Usage:
  Non-class:     90.85 MB used.
      Class:     14.02 MB used.
       Both:    104.87 MB used.

Virtual space:
  Non-class space:       96.00 MB reserved,      91.31 MB ( 95%) committed,  12 nodes.
      Class space:        1.00 GB reserved,      14.50 MB (  1%) committed,  1 nodes.
             Both:        1.09 GB reserved,     105.81 MB (  9%) committed. 

Chunk freelists:
   Non-Class:  3.78 MB
       Class:  1.54 MB
        Both:  5.32 MB

MaxMetaspaceSize: unlimited
CompressedClassSpaceSize: 1.00 GB
Initial GC threshold: 21.00 MB
Current GC threshold: 144.00 MB
CDS: off
MetaspaceReclaimPolicy: balanced
 - commit_granule_bytes: 65536.
 - commit_granule_words: 8192.
 - virtual_space_node_default_size: 1048576.
 - enlarge_chunks_in_place: 1.
 - new_chunks_are_fully_committed: 0.
 - uncommit_free_chunks: 1.
 - use_allocation_guard: 0.
 - handle_deallocations: 1.


Internal statistics:

num_allocs_failed_limit: 12.
num_arena_births: 1440.
num_arena_deaths: 0.
num_vsnodes_births: 13.
num_vsnodes_deaths: 0.
num_space_committed: 1692.
num_space_uncommitted: 0.
num_chunks_returned_to_freelist: 12.
num_chunks_taken_from_freelist: 5682.
num_chunk_merges: 12.
num_chunk_splits: 3655.
num_chunks_enlarged: 2265.
num_purges: 0.
num_inconsistent_stats: 0.

CodeHeap 'non-profiled nmethods': size=120000Kb used=7340Kb max_used=7340Kb free=112659Kb
 bounds [0x000001df5b2e0000, 0x000001df5ba10000, 0x000001df62810000]
CodeHeap 'profiled nmethods': size=120000Kb used=22348Kb max_used=22348Kb free=97651Kb
 bounds [0x000001df53810000, 0x000001df54df0000, 0x000001df5ad40000]
CodeHeap 'non-nmethods': size=5760Kb used=2434Kb max_used=2563Kb free=3325Kb
 bounds [0x000001df5ad40000, 0x000001df5afd0000, 0x000001df5b2e0000]
 total_blobs=12239 nmethods=11267 adapters=884
 compilation: enabled
              stopped_count=0, restarted_count=0
 full_count=0

Compilation events (20 events):
Event: 38.955 Thread 0x000001df6ac23e10 12832       1       org.gradle.api.internal.tasks.properties.AbstractPropertySpec::getPropertyName (5 bytes)
Event: 38.955 Thread 0x000001df6ac23e10 nmethod 12832 0x000001df5ba0a690 code [0x000001df5ba0a820, 0x000001df5ba0a8f8]
Event: 38.955 Thread 0x000001df6ac23e10 12833       1       org.gradle.internal.properties.StaticValue::call (5 bytes)
Event: 38.955 Thread 0x000001df6ac23e10 nmethod 12833 0x000001df5ba0a990 code [0x000001df5ba0ab20, 0x000001df5ba0abf8]
Event: 38.955 Thread 0x000001df6ac23e10 12834       2       org.gradle.api.internal.file.DefaultFileCollectionFactory::isEmptyArray (23 bytes)
Event: 38.956 Thread 0x000001df6ac23e10 nmethod 12834 0x000001df54ddfe10 code [0x000001df54ddffc0, 0x000001df54de0158]
Event: 38.956 Thread 0x000001df6ac23e10 12835       2       org.gradle.internal.properties.bean.AbstractNestedRuntimeBeanNode::<init> (14 bytes)
Event: 38.956 Thread 0x000001df6ac23e10 nmethod 12835 0x000001df54de0290 code [0x000001df54de0440, 0x000001df54de06e8]
Event: 38.956 Thread 0x000001df6ac23e10 12836   !   2       org.gradle.internal.properties.bean.AbstractNestedRuntimeBeanNode::visitProperties (199 bytes)
Event: 38.957 Thread 0x000001df6ac23e10 nmethod 12836 0x000001df54de0810 code [0x000001df54de0b40, 0x000001df54de1978]
Event: 38.958 Thread 0x000001df6ac23e10 12837       2       com.google.common.base.Converter::correctedDoForward (30 bytes)
Event: 38.958 Thread 0x000001df6ac23e10 nmethod 12837 0x000001df54de2410 code [0x000001df54de25e0, 0x000001df54de2828]
Event: 38.958 Thread 0x000001df6ac23e10 12838       2       org.gradle.internal.properties.PropertyVisitor::visitInputFileProperty (1 bytes)
Event: 38.958 Thread 0x000001df6ac23e10 nmethod 12838 0x000001df54de2990 code [0x000001df54de2b20, 0x000001df54de2c18]
Event: 38.958 Thread 0x000001df6ac23e10 12839       1       org.gradle.api.internal.AbstractTask::getDestroyables (5 bytes)
Event: 38.958 Thread 0x000001df6ac23e10 nmethod 12839 0x000001df5ba0ac90 code [0x000001df5ba0ae20, 0x000001df5ba0aef8]
Event: 38.958 Thread 0x000001df6ac23e10 12840       1       org.gradle.api.internal.AbstractTask::getLocalState (5 bytes)
Event: 38.959 Thread 0x000001df6ac23e10 nmethod 12840 0x000001df5ba0af90 code [0x000001df5ba0b120, 0x000001df5ba0b1f8]
Event: 38.960 Thread 0x000001df6ac23e10 12841       2       org.gradle.api.internal.file.CompositeFileCollection::<init> (6 bytes)
Event: 38.960 Thread 0x000001df6ac23e10 nmethod 12841 0x000001df54de2d10 code [0x000001df54de2ea0, 0x000001df54de3078]

GC Heap History (20 events):
Event: 12.120 GC heap before
{Heap before GC invocations=33 (full 0):
 garbage-first heap   total 271360K, used 199097K [0x0000000080000000, 0x0000000100000000)
  region size 1024K, 52 young (53248K), 3 survivors (3072K)
 Metaspace       used 87772K, committed 88512K, reserved 1130496K
  class space    used 12008K, committed 12352K, reserved 1048576K
}
Event: 12.124 GC heap after
{Heap after GC invocations=34 (full 0):
 garbage-first heap   total 271360K, used 151195K [0x0000000080000000, 0x0000000100000000)
  region size 1024K, 5 young (5120K), 5 survivors (5120K)
 Metaspace       used 87772K, committed 88512K, reserved 1130496K
  class space    used 12008K, committed 12352K, reserved 1048576K
}
Event: 12.561 GC heap before
{Heap before GC invocations=34 (full 0):
 garbage-first heap   total 271360K, used 159387K [0x0000000080000000, 0x0000000100000000)
  region size 1024K, 13 young (13312K), 5 survivors (5120K)
 Metaspace       used 87772K, committed 88512K, reserved 1130496K
  class space    used 12008K, committed 12352K, reserved 1048576K
}
Event: 12.564 GC heap after
{Heap after GC invocations=35 (full 0):
 garbage-first heap   total 271360K, used 151097K [0x0000000080000000, 0x0000000100000000)
  region size 1024K, 1 young (1024K), 1 survivors (1024K)
 Metaspace       used 87772K, committed 88512K, reserved 1130496K
  class space    used 12008K, committed 12352K, reserved 1048576K
}
Event: 15.452 GC heap before
{Heap before GC invocations=35 (full 0):
 garbage-first heap   total 271360K, used 219705K [0x0000000080000000, 0x0000000100000000)
  region size 1024K, 68 young (69632K), 1 survivors (1024K)
 Metaspace       used 87772K, committed 88512K, reserved 1130496K
  class space    used 12008K, committed 12352K, reserved 1048576K
}
Event: 15.455 GC heap after
{Heap after GC invocations=36 (full 0):
 garbage-first heap   total 271360K, used 154135K [0x0000000080000000, 0x0000000100000000)
  region size 1024K, 4 young (4096K), 4 survivors (4096K)
 Metaspace       used 87772K, committed 88512K, reserved 1130496K
  class space    used 12008K, committed 12352K, reserved 1048576K
}
Event: 17.709 GC heap before
{Heap before GC invocations=36 (full 0):
 garbage-first heap   total 271360K, used 222743K [0x0000000080000000, 0x0000000100000000)
  region size 1024K, 71 young (72704K), 4 survivors (4096K)
 Metaspace       used 87776K, committed 88576K, reserved 1130496K
  class space    used 12008K, committed 12352K, reserved 1048576K
}
Event: 17.714 GC heap after
{Heap after GC invocations=37 (full 0):
 garbage-first heap   total 271360K, used 157492K [0x0000000080000000, 0x0000000100000000)
  region size 1024K, 7 young (7168K), 7 survivors (7168K)
 Metaspace       used 87776K, committed 88576K, reserved 1130496K
  class space    used 12008K, committed 12352K, reserved 1048576K
}
Event: 18.252 GC heap before
{Heap before GC invocations=37 (full 0):
 garbage-first heap   total 271360K, used 177972K [0x0000000080000000, 0x0000000100000000)
  region size 1024K, 28 young (28672K), 7 survivors (7168K)
 Metaspace       used 87815K, committed 88576K, reserved 1130496K
  class space    used 12017K, committed 12352K, reserved 1048576K
}
Event: 18.258 GC heap after
{Heap after GC invocations=38 (full 0):
 garbage-first heap   total 271360K, used 158706K [0x0000000080000000, 0x0000000100000000)
  region size 1024K, 5 young (5120K), 5 survivors (5120K)
 Metaspace       used 87815K, committed 88576K, reserved 1130496K
  class space    used 12017K, committed 12352K, reserved 1048576K
}
Event: 19.460 GC heap before
{Heap before GC invocations=39 (full 0):
 garbage-first heap   total 316416K, used 238578K [0x0000000080000000, 0x0000000100000000)
  region size 1024K, 67 young (68608K), 5 survivors (5120K)
 Metaspace       used 95112K, committed 95872K, reserved 1138688K
  class space    used 12934K, committed 13312K, reserved 1048576K
}
Event: 19.473 GC heap after
{Heap after GC invocations=40 (full 0):
 garbage-first heap   total 316416K, used 167724K [0x0000000080000000, 0x0000000100000000)
  region size 1024K, 9 young (9216K), 9 survivors (9216K)
 Metaspace       used 95112K, committed 95872K, reserved 1138688K
  class space    used 12934K, committed 13312K, reserved 1048576K
}
Event: 19.622 GC heap before
{Heap before GC invocations=40 (full 0):
 garbage-first heap   total 316416K, used 173868K [0x0000000080000000, 0x0000000100000000)
  region size 1024K, 15 young (15360K), 9 survivors (9216K)
 Metaspace       used 95772K, committed 96512K, reserved 1138688K
  class space    used 13028K, committed 13376K, reserved 1048576K
}
Event: 19.632 GC heap after
{Heap after GC invocations=41 (full 0):
 garbage-first heap   total 316416K, used 169148K [0x0000000080000000, 0x0000000100000000)
  region size 1024K, 2 young (2048K), 2 survivors (2048K)
 Metaspace       used 95772K, committed 96512K, reserved 1138688K
  class space    used 13028K, committed 13376K, reserved 1048576K
}
Event: 22.088 GC heap before
{Heap before GC invocations=41 (full 0):
 garbage-first heap   total 316416K, used 251068K [0x0000000080000000, 0x0000000100000000)
  region size 1024K, 82 young (83968K), 2 survivors (2048K)
 Metaspace       used 100440K, committed 101184K, reserved 1138688K
  class space    used 13482K, committed 13824K, reserved 1048576K
}
Event: 22.096 GC heap after
{Heap after GC invocations=42 (full 0):
 garbage-first heap   total 316416K, used 174790K [0x0000000080000000, 0x0000000100000000)
  region size 1024K, 7 young (7168K), 7 survivors (7168K)
 Metaspace       used 100440K, committed 101184K, reserved 1138688K
  class space    used 13482K, committed 13824K, reserved 1048576K
}
Event: 37.993 GC heap before
{Heap before GC invocations=42 (full 0):
 garbage-first heap   total 316416K, used 254662K [0x0000000080000000, 0x0000000100000000)
  region size 1024K, 85 young (87040K), 7 survivors (7168K)
 Metaspace       used 105141K, committed 106048K, reserved 1146880K
  class space    used 14084K, committed 14528K, reserved 1048576K
}
Event: 38.019 GC heap after
{Heap after GC invocations=43 (full 0):
 garbage-first heap   total 316416K, used 180456K [0x0000000080000000, 0x0000000100000000)
  region size 1024K, 6 young (6144K), 6 survivors (6144K)
 Metaspace       used 105141K, committed 106048K, reserved 1146880K
  class space    used 14084K, committed 14528K, reserved 1048576K
}
Event: 38.768 GC heap before
{Heap before GC invocations=43 (full 0):
 garbage-first heap   total 316416K, used 257256K [0x0000000080000000, 0x0000000100000000)
  region size 1024K, 82 young (83968K), 6 survivors (6144K)
 Metaspace       used 107233K, committed 108224K, reserved 1146880K
  class space    used 14339K, committed 14848K, reserved 1048576K
}
Event: 38.778 GC heap after
{Heap after GC invocations=44 (full 0):
 garbage-first heap   total 316416K, used 188211K [0x0000000080000000, 0x0000000100000000)
  region size 1024K, 11 young (11264K), 11 survivors (11264K)
 Metaspace       used 107233K, committed 108224K, reserved 1146880K
  class space    used 14339K, committed 14848K, reserved 1048576K
}

Dll operation events (2 events):
Event: 0.012 Loaded shared library C:\Program Files\Android\Android Studio\jbr\bin\java.dll
Event: 0.483 Loaded shared library C:\Program Files\Android\Android Studio\jbr\bin\verify.dll

Deoptimization events (20 events):
Event: 38.589 Thread 0x000001df6d077030 Uncommon trap: trap_request=0xffffffd6 fr.pc=0x000001df5b9e9684 relative=0x00000000000009e4
Event: 38.589 Thread 0x000001df6d077030 Uncommon trap: reason=array_check action=maybe_recompile pc=0x000001df5b9e9684 method=java.util.TimSort.binarySort([Ljava/lang/Object;IIILjava/util/Comparator;)V @ 183 c2
Event: 38.589 Thread 0x000001df6d077030 DEOPT PACKING pc=0x000001df5b9e9684 sp=0x000000c66d6f9530
Event: 38.589 Thread 0x000001df6d077030 DEOPT UNPACKING pc=0x000001df5ad969a3 sp=0x000000c66d6f94d8 mode 2
Event: 38.667 Thread 0x000001df6d077030 DEOPT PACKING pc=0x000001df5477235e sp=0x000000c66d6f8a30
Event: 38.667 Thread 0x000001df6d077030 DEOPT UNPACKING pc=0x000001df5ad97143 sp=0x000000c66d6f7ee0 mode 0
Event: 38.744 Thread 0x000001df6d077030 Uncommon trap: trap_request=0xffffff45 fr.pc=0x000001df5b92b7f0 relative=0x0000000000001bf0
Event: 38.744 Thread 0x000001df6d077030 Uncommon trap: reason=unstable_if action=reinterpret pc=0x000001df5b92b7f0 method=groovy.lang.MetaClassImpl.filterPropertyMethod(Ljava/lang/Object;ZZ)Ljava/lang/Object; @ 60 c2
Event: 38.744 Thread 0x000001df6d077030 DEOPT PACKING pc=0x000001df5b92b7f0 sp=0x000000c66d6f7490
Event: 38.744 Thread 0x000001df6d077030 DEOPT UNPACKING pc=0x000001df5ad969a3 sp=0x000000c66d6f7480 mode 2
Event: 38.811 Thread 0x000001df6d077030 DEOPT PACKING pc=0x000001df540bd6ad sp=0x000000c66d6f7e30
Event: 38.811 Thread 0x000001df6d077030 DEOPT UNPACKING pc=0x000001df5ad97143 sp=0x000000c66d6f7290 mode 0
Event: 38.961 Thread 0x000001df6d077030 Uncommon trap: trap_request=0xfffffff4 fr.pc=0x000001df5b9f6270 relative=0x0000000000000a90
Event: 38.961 Thread 0x000001df6d077030 Uncommon trap: reason=null_check action=make_not_entrant pc=0x000001df5b9f6270 method=org.gradle.tooling.internal.provider.runner.ClientBuildEventGenerator$Enabled.accept(Lorg/gradle/internal/operations/BuildOperationDescriptor;)Lorg/gradle/tooling/intern
Event: 38.961 Thread 0x000001df6d077030 DEOPT PACKING pc=0x000001df5b9f6270 sp=0x000000c66d6fc2b0
Event: 38.961 Thread 0x000001df6d077030 DEOPT UNPACKING pc=0x000001df5ad969a3 sp=0x000000c66d6fc1e8 mode 2
Event: 38.961 Thread 0x000001df6d077030 Uncommon trap: trap_request=0xfffffff4 fr.pc=0x000001df5b9d8e7c relative=0x00000000000000dc
Event: 38.961 Thread 0x000001df6d077030 Uncommon trap: reason=null_check action=make_not_entrant pc=0x000001df5b9d8e7c method=org.gradle.tooling.internal.provider.runner.ClientBuildEventGenerator$Disabled.accept(Lorg/gradle/internal/operations/BuildOperationDescriptor;)Lorg/gradle/tooling/inter
Event: 38.961 Thread 0x000001df6d077030 DEOPT PACKING pc=0x000001df5b9d8e7c sp=0x000000c66d6fc250
Event: 38.961 Thread 0x000001df6d077030 DEOPT UNPACKING pc=0x000001df5ad969a3 sp=0x000000c66d6fc1e8 mode 2

Classes unloaded (0 events):
No events

Classes redefined (0 events):
No events

Internal exceptions (20 events):
Event: 38.905 Thread 0x000001df6d077030 Exception <a 'java/lang/ClassNotFoundException'{0x0000000092114fe8}: com/android/build/gradle/internal/tasks/AppMetadataTask_DecoratedBeanInfo> (0x0000000092114fe8) 
thrown [s\src\hotspot\share\classfile\systemDictionary.cpp, line 256]
Event: 38.905 Thread 0x000001df6d077030 Exception <a 'java/lang/ClassNotFoundException'{0x0000000092120b30}: com/android/build/gradle/internal/tasks/AppMetadataTaskBeanInfo> (0x0000000092120b30) 
thrown [s\src\hotspot\share\classfile\systemDictionary.cpp, line 256]
Event: 38.905 Thread 0x000001df6d077030 Exception <a 'java/lang/ClassNotFoundException'{0x000000009212c3e8}: com/android/build/gradle/internal/tasks/AppMetadataTaskCustomizer> (0x000000009212c3e8) 
thrown [s\src\hotspot\share\classfile\systemDictionary.cpp, line 256]
Event: 38.906 Thread 0x000001df6d077030 Exception <a 'java/lang/ClassNotFoundException'{0x000000009214d410}: com/android/build/gradle/internal/tasks/AppMetadataTask_DecoratedCustomizer> (0x000000009214d410) 
thrown [s\src\hotspot\share\classfile\systemDictionary.cpp, line 256]
Event: 38.909 Thread 0x000001df6d077030 Exception <a 'java/lang/ClassNotFoundException'{0x00000000921d94b0}: com/android/build/gradle/internal/tasks/SigningConfigVersionsWriterTask_DecoratedBeanInfo> (0x00000000921d94b0) 
thrown [s\src\hotspot\share\classfile\systemDictionary.cpp, line 256]
Event: 38.910 Thread 0x000001df6d077030 Exception <a 'java/lang/ClassNotFoundException'{0x00000000921e51d8}: com/android/build/gradle/internal/tasks/SigningConfigVersionsWriterTaskBeanInfo> (0x00000000921e51d8) 
thrown [s\src\hotspot\share\classfile\systemDictionary.cpp, line 256]
Event: 38.910 Thread 0x000001df6d077030 Exception <a 'java/lang/ClassNotFoundException'{0x00000000921f0c70}: com/android/build/gradle/internal/tasks/SigningConfigVersionsWriterTaskCustomizer> (0x00000000921f0c70) 
thrown [s\src\hotspot\share\classfile\systemDictionary.cpp, line 256]
Event: 38.911 Thread 0x000001df6d077030 Exception <a 'java/lang/ClassNotFoundException'{0x0000000092017940}: com/android/build/gradle/internal/tasks/SigningConfigVersionsWriterTask_DecoratedCustomizer> (0x0000000092017940) 
thrown [s\src\hotspot\share\classfile\systemDictionary.cpp, line 256]
Event: 38.915 Thread 0x000001df6d077030 Exception <a 'java/lang/ClassNotFoundException'{0x00000000920ef9c0}: com/android/build/gradle/tasks/PackageApplication_DecoratedBeanInfo> (0x00000000920ef9c0) 
thrown [s\src\hotspot\share\classfile\systemDictionary.cpp, line 256]
Event: 38.916 Thread 0x000001df6d077030 Exception <a 'java/lang/ClassNotFoundException'{0x00000000920fb360}: com/android/build/gradle/tasks/PackageApplicationBeanInfo> (0x00000000920fb360) 
thrown [s\src\hotspot\share\classfile\systemDictionary.cpp, line 256]
Event: 38.916 Thread 0x000001df6d077030 Exception <a 'java/lang/ClassNotFoundException'{0x0000000091f07f38}: com/android/build/gradle/tasks/PackageAndroidArtifactBeanInfo> (0x0000000091f07f38) 
thrown [s\src\hotspot\share\classfile\systemDictionary.cpp, line 256]
Event: 38.916 Thread 0x000001df6d077030 Exception <a 'java/lang/ClassNotFoundException'{0x0000000091f13930}: com/android/build/gradle/tasks/PackageAndroidArtifactCustomizer> (0x0000000091f13930) 
thrown [s\src\hotspot\share\classfile\systemDictionary.cpp, line 256]
Event: 38.919 Thread 0x000001df6d077030 Exception <a 'java/lang/ClassNotFoundException'{0x0000000091f6bcf0}: com/android/build/gradle/tasks/PackageApplicationCustomizer> (0x0000000091f6bcf0) 
thrown [s\src\hotspot\share\classfile\systemDictionary.cpp, line 256]
Event: 38.920 Thread 0x000001df6d077030 Exception <a 'java/lang/ClassNotFoundException'{0x0000000091f93070}: com/android/build/gradle/tasks/PackageApplication_DecoratedCustomizer> (0x0000000091f93070) 
thrown [s\src\hotspot\share\classfile\systemDictionary.cpp, line 256]
Event: 38.925 Thread 0x000001df6d077030 Exception <a 'java/lang/ClassNotFoundException'{0x0000000091e673e8}: com/android/build/gradle/internal/tasks/ListingFileRedirectTask_DecoratedBeanInfo> (0x0000000091e673e8) 
thrown [s\src\hotspot\share\classfile\systemDictionary.cpp, line 256]
Event: 38.925 Thread 0x000001df6d077030 Exception <a 'java/lang/ClassNotFoundException'{0x0000000091e73020}: com/android/build/gradle/internal/tasks/ListingFileRedirectTaskBeanInfo> (0x0000000091e73020) 
thrown [s\src\hotspot\share\classfile\systemDictionary.cpp, line 256]
Event: 38.925 Thread 0x000001df6d077030 Exception <a 'java/lang/ClassNotFoundException'{0x0000000091e7e9c8}: com/android/build/gradle/internal/tasks/ListingFileRedirectTaskCustomizer> (0x0000000091e7e9c8) 
thrown [s\src\hotspot\share\classfile\systemDictionary.cpp, line 256]
Event: 38.926 Thread 0x000001df6d077030 Exception <a 'java/lang/ClassNotFoundException'{0x0000000091e9b590}: com/android/build/gradle/internal/tasks/ListingFileRedirectTask_DecoratedCustomizer> (0x0000000091e9b590) 
thrown [s\src\hotspot\share\classfile\systemDictionary.cpp, line 256]
Event: 38.961 Thread 0x000001df6d077030 Implicit null exception at 0x000001df5b9f5c09 to 0x000001df5b9f6254
Event: 38.961 Thread 0x000001df6d077030 Implicit null exception at 0x000001df5b9d8de0 to 0x000001df5b9d8e70

VM Operations (20 events):
Event: 24.429 Executing VM operation: Cleanup done
Event: 25.435 Executing VM operation: Cleanup
Event: 25.435 Executing VM operation: Cleanup done
Event: 26.448 Executing VM operation: Cleanup
Event: 26.448 Executing VM operation: Cleanup done
Event: 32.491 Executing VM operation: Cleanup
Event: 32.491 Executing VM operation: Cleanup done
Event: 37.992 Executing VM operation: G1CollectForAllocation
Event: 38.019 Executing VM operation: G1CollectForAllocation done
Event: 38.199 Executing VM operation: HandshakeAllThreads
Event: 38.199 Executing VM operation: HandshakeAllThreads done
Event: 38.295 Executing VM operation: ICBufferFull
Event: 38.295 Executing VM operation: ICBufferFull done
Event: 38.542 Executing VM operation: ICBufferFull
Event: 38.542 Executing VM operation: ICBufferFull done
Event: 38.562 Executing VM operation: HandshakeAllThreads
Event: 38.562 Executing VM operation: HandshakeAllThreads done
Event: 38.768 Executing VM operation: G1CollectForAllocation
Event: 38.778 Executing VM operation: G1CollectForAllocation done
Event: 38.968 Executing VM operation: G1Concurrent

Events (20 events):
Event: 38.169 Thread 0x000001df6b1c0eb0 Thread added: 0x000001df6b1c0eb0
Event: 38.197 loading class java/util/stream/SortedOps
Event: 38.197 loading class java/util/stream/SortedOps done
Event: 38.197 loading class java/util/stream/SortedOps$OfRef
Event: 38.198 loading class java/util/stream/ReferencePipeline$StatefulOp
Event: 38.198 loading class java/util/stream/ReferencePipeline$StatefulOp done
Event: 38.198 loading class java/util/stream/SortedOps$OfRef done
Event: 38.200 loading class java/util/stream/SortedOps$RefSortingSink
Event: 38.200 loading class java/util/stream/SortedOps$AbstractRefSortingSink
Event: 38.200 loading class java/util/stream/SortedOps$AbstractRefSortingSink done
Event: 38.200 loading class java/util/stream/SortedOps$RefSortingSink done
Event: 38.205 loading class java/time/Ser
Event: 38.205 loading class java/time/Ser done
Event: 38.239 Thread 0x000001df6b1ba4d0 Thread added: 0x000001df6b1ba4d0
Event: 38.844 loading class java/io/FilterReader
Event: 38.844 loading class java/io/FilterReader done
Event: 38.961 Thread 0x000001df6b1c1380 Thread added: 0x000001df6b1c1380
Event: 38.962 Thread 0x000001df6b1b9b30 Thread added: 0x000001df6b1b9b30
Event: 38.962 Thread 0x000001df6b1bb810 Thread added: 0x000001df6b1bb810
Event: 38.963 Thread 0x000001df6b1bf6a0 Thread added: 0x000001df6b1bf6a0


Dynamic libraries:
0x00007ff7fdd90000 - 0x00007ff7fdd9a000 	C:\Program Files\Android\Android Studio\jbr\bin\java.exe
0x00007ffcbb0f0000 - 0x00007ffcbb2e8000 	C:\Windows\SYSTEM32\ntdll.dll
0x00007ffcba1e0000 - 0x00007ffcba29f000 	C:\Windows\System32\KERNEL32.DLL
0x00007ffcb89e0000 - 0x00007ffcb8cd6000 	C:\Windows\System32\KERNELBASE.dll
0x00007ffcb8fb0000 - 0x00007ffcb90b0000 	C:\Windows\System32\ucrtbase.dll
0x00007ffc9ad90000 - 0x00007ffc9ada7000 	C:\Program Files\Android\Android Studio\jbr\bin\jli.dll
0x00007ffc9e770000 - 0x00007ffc9e78b000 	C:\Program Files\Android\Android Studio\jbr\bin\VCRUNTIME140.dll
0x00007ffcbab90000 - 0x00007ffcbad2d000 	C:\Windows\System32\USER32.dll
0x00007ffcb8e00000 - 0x00007ffcb8e22000 	C:\Windows\System32\win32u.dll
0x00007ffca1390000 - 0x00007ffca162a000 	C:\Windows\WinSxS\amd64_microsoft.windows.common-controls_6595b64144ccf1df_6.0.19041.1110_none_60b5254171f9507e\COMCTL32.dll
0x00007ffcb9920000 - 0x00007ffcb994c000 	C:\Windows\System32\GDI32.dll
0x00007ffcb8ce0000 - 0x00007ffcb8df5000 	C:\Windows\System32\gdi32full.dll
0x00007ffcbae70000 - 0x00007ffcbaf0e000 	C:\Windows\System32\msvcrt.dll
0x00007ffcb90b0000 - 0x00007ffcb914d000 	C:\Windows\System32\msvcp_win.dll
0x00007ffcb9950000 - 0x00007ffcb9980000 	C:\Windows\System32\IMM32.DLL
0x000001df4e950000 - 0x000001df4e964000 	C:\Windows\System32\umppc17010.dll
0x00007ffcb42f0000 - 0x00007ffcb42fc000 	C:\Program Files\Android\Android Studio\jbr\bin\vcruntime140_1.dll
0x00007ffc959b0000 - 0x00007ffc95a3d000 	C:\Program Files\Android\Android Studio\jbr\bin\msvcp140.dll
0x00007ffc43090000 - 0x00007ffc43cfe000 	C:\Program Files\Android\Android Studio\jbr\bin\server\jvm.dll
0x00007ffcbb000000 - 0x00007ffcbb0af000 	C:\Windows\System32\ADVAPI32.dll
0x00007ffcb9ac0000 - 0x00007ffcb9b5c000 	C:\Windows\System32\sechost.dll
0x00007ffcb9b70000 - 0x00007ffcb9c96000 	C:\Windows\System32\RPCRT4.dll
0x00007ffcb4310000 - 0x00007ffcb4319000 	C:\Windows\SYSTEM32\WSOCK32.dll
0x00007ffcba320000 - 0x00007ffcba38b000 	C:\Windows\System32\WS2_32.dll
0x00007ffc9e940000 - 0x00007ffc9e967000 	C:\Windows\SYSTEM32\WINMM.dll
0x00007ffcb2200000 - 0x00007ffcb220a000 	C:\Windows\SYSTEM32\VERSION.dll
0x00007ffcb6450000 - 0x00007ffcb6462000 	C:\Windows\SYSTEM32\kernel.appcore.dll
0x00007ffcb4300000 - 0x00007ffcb430a000 	C:\Program Files\Android\Android Studio\jbr\bin\jimage.dll
0x00007ffca4a40000 - 0x00007ffca4c24000 	C:\Windows\SYSTEM32\DBGHELP.DLL
0x00007ffca1760000 - 0x00007ffca1794000 	C:\Windows\SYSTEM32\dbgcore.DLL
0x00007ffcb8ef0000 - 0x00007ffcb8f72000 	C:\Windows\System32\bcryptPrimitives.dll
0x00007ffcb4290000 - 0x00007ffcb42b5000 	C:\Program Files\Android\Android Studio\jbr\bin\java.dll
0x00007ffcb4270000 - 0x00007ffcb4288000 	C:\Program Files\Android\Android Studio\jbr\bin\zip.dll
0x00007ffcba390000 - 0x00007ffcbaad4000 	C:\Windows\System32\SHELL32.dll
0x00007ffcb6650000 - 0x00007ffcb6de3000 	C:\Windows\SYSTEM32\windows.storage.dll
0x00007ffcb95c0000 - 0x00007ffcb9914000 	C:\Windows\System32\combase.dll
0x00007ffcb8210000 - 0x00007ffcb823e000 	C:\Windows\SYSTEM32\Wldp.dll
0x00007ffcbaae0000 - 0x00007ffcbab8d000 	C:\Windows\System32\SHCORE.dll
0x00007ffcbaf10000 - 0x00007ffcbaf65000 	C:\Windows\System32\shlwapi.dll
0x00007ffcb8700000 - 0x00007ffcb8725000 	C:\Windows\SYSTEM32\profapi.dll
0x00007ffcb4250000 - 0x00007ffcb4269000 	C:\Program Files\Android\Android Studio\jbr\bin\net.dll
0x00007ffcb07f0000 - 0x00007ffcb08fa000 	C:\Windows\SYSTEM32\WINHTTP.dll
0x00007ffcb7f00000 - 0x00007ffcb7f6a000 	C:\Windows\system32\mswsock.dll
0x00007ffcb3550000 - 0x00007ffcb3566000 	C:\Program Files\Android\Android Studio\jbr\bin\nio.dll
0x00007ffcb4240000 - 0x00007ffcb4250000 	C:\Program Files\Android\Android Studio\jbr\bin\verify.dll
0x00007ffc9e680000 - 0x00007ffc9e6a7000 	C:\Users\profsl\.gradle\native\68d5fa5c4cc2d200863cafc0d521ce42e7d3e7ee720ec0a83991735586a16f82\windows-amd64\native-platform.dll
0x00007ffc8b7f0000 - 0x00007ffc8b934000 	C:\Users\profsl\.gradle\native\e376f236ea51e6404a007f0833ffe2c6e607c4080706a723a18a27aeea778392\windows-amd64\native-platform-file-events.dll
0x00007ffcb3540000 - 0x00007ffcb3549000 	C:\Program Files\Android\Android Studio\jbr\bin\management.dll
0x00007ffca8910000 - 0x00007ffca891b000 	C:\Program Files\Android\Android Studio\jbr\bin\management_ext.dll
0x00007ffcb9fe0000 - 0x00007ffcb9fe8000 	C:\Windows\System32\PSAPI.DLL
0x00007ffcb80f0000 - 0x00007ffcb8108000 	C:\Windows\SYSTEM32\CRYPTSP.dll
0x00007ffcb7810000 - 0x00007ffcb7844000 	C:\Windows\system32\rsaenh.dll
0x00007ffcb8f80000 - 0x00007ffcb8fa7000 	C:\Windows\System32\bcrypt.dll
0x00007ffcb8680000 - 0x00007ffcb86ae000 	C:\Windows\SYSTEM32\USERENV.dll
0x00007ffcb8110000 - 0x00007ffcb811c000 	C:\Windows\SYSTEM32\CRYPTBASE.dll
0x00007ffcb7bf0000 - 0x00007ffcb7c2b000 	C:\Windows\SYSTEM32\IPHLPAPI.DLL
0x00007ffcbae00000 - 0x00007ffcbae08000 	C:\Windows\System32\NSI.dll
0x00007ffcb1fe0000 - 0x00007ffcb1ff7000 	C:\Windows\SYSTEM32\dhcpcsvc6.DLL
0x00007ffcb1f70000 - 0x00007ffcb1f8d000 	C:\Windows\SYSTEM32\dhcpcsvc.DLL
0x00007ffcb7c30000 - 0x00007ffcb7cfa000 	C:\Windows\SYSTEM32\DNSAPI.dll
0x00007ffca8900000 - 0x00007ffca8907000 	C:\Windows\system32\wshunix.dll

dbghelp: loaded successfully - version: 4.0.5 - missing functions: none
symbol engine: initialized successfully - sym options: 0x614 - pdb path: .;C:\Program Files\Android\Android Studio\jbr\bin;C:\Windows\SYSTEM32;C:\Windows\WinSxS\amd64_microsoft.windows.common-controls_6595b64144ccf1df_6.0.19041.1110_none_60b5254171f9507e;C:\Program Files\Android\Android Studio\jbr\bin\server;C:\Users\profsl\.gradle\native\68d5fa5c4cc2d200863cafc0d521ce42e7d3e7ee720ec0a83991735586a16f82\windows-amd64;C:\Users\profsl\.gradle\native\e376f236ea51e6404a007f0833ffe2c6e607c4080706a723a18a27aeea778392\windows-amd64

VM Arguments:
jvm_args: --add-opens=java.base/java.util=ALL-UNNAMED --add-opens=java.base/java.lang=ALL-UNNAMED --add-opens=java.base/java.lang.invoke=ALL-UNNAMED --add-opens=java.prefs/java.util.prefs=ALL-UNNAMED --add-opens=java.base/java.nio.charset=ALL-UNNAMED --add-opens=java.base/java.net=ALL-UNNAMED --add-opens=java.base/java.util.concurrent.atomic=ALL-UNNAMED -Xmx2048m -Dfile.encoding=UTF-8 -Duser.country=BR -Duser.language=pt -Duser.variant 
java_command: org.gradle.launcher.daemon.bootstrap.GradleDaemon 8.0
java_class_path (initial): C:\Users\profsl\.gradle\wrapper\dists\gradle-8.0-bin\ca5e32bp14vu59qr306oxotwh\gradle-8.0\lib\gradle-launcher-8.0.jar
Launcher Type: SUN_STANDARD

[Global flags]
     intx CICompilerCount                          = 3                                         {product} {ergonomic}
     uint ConcGCThreads                            = 1                                         {product} {ergonomic}
     uint G1ConcRefinementThreads                  = 4                                         {product} {ergonomic}
   size_t G1HeapRegionSize                         = 1048576                                   {product} {ergonomic}
    uintx GCDrainStackTargetSize                   = 64                                        {product} {ergonomic}
   size_t InitialHeapSize                          = 134217728                                 {product} {ergonomic}
   size_t MarkStackSize                            = 4194304                                   {product} {ergonomic}
   size_t MaxHeapSize                              = 2147483648                                {product} {command line}
   size_t MaxNewSize                               = 1287651328                                {product} {ergonomic}
   size_t MinHeapDeltaBytes                        = 1048576                                   {product} {ergonomic}
   size_t MinHeapSize                              = 8388608                                   {product} {ergonomic}
    uintx NonNMethodCodeHeapSize                   = 5832780                                {pd product} {ergonomic}
    uintx NonProfiledCodeHeapSize                  = 122912730                              {pd product} {ergonomic}
    uintx ProfiledCodeHeapSize                     = 122912730                              {pd product} {ergonomic}
    uintx ReservedCodeCacheSize                    = 251658240                              {pd product} {ergonomic}
     bool SegmentedCodeCache                       = true                                      {product} {ergonomic}
   size_t SoftMaxHeapSize                          = 2147483648                             {manageable} {ergonomic}
     bool UseCompressedClassPointers               = true                           {product lp64_product} {ergonomic}
     bool UseCompressedOops                        = true                           {product lp64_product} {ergonomic}
     bool UseG1GC                                  = true                                      {product} {ergonomic}
     bool UseLargePagesIndividualAllocation        = false                                  {pd product} {ergonomic}

Logging:
Log output configuration:
 #0: stdout all=warning uptime,level,tags
 #1: stderr all=off uptime,level,tags

Environment Variables:
PATH=C:\Program Files (x86)\Common Files\Oracle\Java\javapath;C:\Windows\system32;C:\Windows;C:\Windows\System32\Wbem;C:\Windows\System32\WindowsPowerShell\v1.0\;C:\Windows\System32\OpenSSH\;C:\Program Files (x86)\Microsoft SQL Server\160\Tools\Binn\;C:\Program Files\Microsoft SQL Server\160\Tools\Binn\;C:\Program Files\Microsoft SQL Server\Client SDK\ODBC\170\Tools\Binn\;C:\Program Files\Microsoft SQL Server\160\DTS\Binn\;C:\Program Files (x86)\Microsoft SQL Server\160\DTS\Binn\;C:\Program Files\Azure Data Studio\bin;C:\Users\profsl\AppData\Local\Microsoft\WindowsApps;C:\Users\profsl\AppData\Local\Programs\Git\cmd
USERNAME=profsl
OS=Windows_NT
PROCESSOR_IDENTIFIER=Intel64 Family 6 Model 158 Stepping 9, GenuineIntel
TMP=C:\Users\profsl\AppData\Local\Temp
TEMP=C:\Users\profsl\AppData\Local\Temp


JNI global refs:
JNI global refs: 25, weak refs: 4

JNI global refs memory usage: 843, weak refs: 841


---------------  S Y S T E M  ---------------

OS:
 Windows 10 , 64 bit Build 19041 (10.0.19041.3155)
OS uptime: 0 days 1:17 hours

CPU: total 4 (initial active 4) (4 cores per cpu, 1 threads per core) family 6 model 158 stepping 9 microcode 0xb4, cx8, cmov, fxsr, mmx, 3dnowpref, sse, sse2, sse3, ssse3, sse4.1, sse4.2, popcnt, lzcnt, tsc, tscinvbit, avx, avx2, aes, erms, clmul, bmi1, bmi2, rtm, adx, fma, vzeroupper, clflush, clflushopt

Memory: 4k page, system-wide physical 8087M (411M free)
TotalPageFile size 8087M (AvailPageFile size 43M)
current process WorkingSet (physical memory assigned to process): 480M, peak: 605M
current process commit charge ("private bytes"): 623M, peak: 665M

vm_info: OpenJDK 64-Bit Server VM (17.0.6+0-b2043.56-10027231) for windows-amd64 JRE (17.0.6+0-b2043.56-10027231), built on Apr 28 2023 00:43:19 by "androidbuild" with MS VC++ 16.10 / 16.11 (VS2019)

END.
